20:28:57.767 [main] INFO  edu.gzhu.its.its.ItsApplicationTests - Starting ItsApplicationTests on USERCHI-RRDBCTT with PID 17952 (started by Administrator in H:\Intelligent Tutoring System\Intelligent-Tutoring-System)
20:28:57.768 [main] INFO  edu.gzhu.its.its.ItsApplicationTests - No active profile set, falling back to default profiles: default
20:28:57.842 [main] INFO  o.s.w.c.s.GenericWebApplicationContext - Refreshing org.springframework.web.context.support.GenericWebApplicationContext@1169afe1: startup date [Mon Mar 26 20:28:57 CST 2018]; root of context hierarchy
20:28:58.895 [background-preinit] INFO  o.h.validator.internal.util.Version - HV000001: Hibernate Validator 5.3.6.Final
20:28:59.543 [main] INFO  o.s.d.r.c.RepositoryConfigurationDelegate - Multiple Spring Data modules found, entering strict repository configuration mode!
20:28:59.626 [main] INFO  o.s.d.r.c.RepositoryConfigurationDelegate - Multiple Spring Data modules found, entering strict repository configuration mode!
20:29:01.047 [main] INFO  o.s.o.j.LocalContainerEntityManagerFactoryBean - Building JPA container EntityManagerFactory for persistence unit 'default'
20:29:01.065 [main] INFO  o.hibernate.jpa.internal.util.LogHelper - HHH000204: Processing PersistenceUnitInfo [
	name: default
	...]
20:29:01.160 [main] INFO  org.hibernate.Version - HHH000412: Hibernate Core {5.0.12.Final}
20:29:01.161 [main] INFO  org.hibernate.cfg.Environment - HHH000206: hibernate.properties not found
20:29:01.162 [main] INFO  org.hibernate.cfg.Environment - HHH000021: Bytecode provider name : javassist
20:29:01.301 [main] INFO  org.hibernate.annotations.common.Version - HCANN000001: Hibernate Commons Annotations {5.0.1.Final}
20:29:03.490 [main] INFO  com.alibaba.druid.pool.DruidDataSource - {dataSource-1} inited
20:29:03.552 [main] INFO  org.hibernate.dialect.Dialect - HHH000400: Using dialect: org.hibernate.dialect.MySQL5Dialect
20:29:04.222 [main] INFO  org.hibernate.tool.hbm2ddl.SchemaUpdate - HHH000228: Running hbm2ddl schema update
20:29:13.998 [main] INFO  o.s.o.j.LocalContainerEntityManagerFactoryBean - Initialized JPA EntityManagerFactory for persistence unit 'default'
20:29:14.197 [main] WARN  e.g.i.s.s.CtFilterSecurityInterceptor - Could not validate configuration attributes as the SecurityMetadataSource did not return any attributes from getAllConfigAttributes()
20:29:14.621 [main] INFO  o.s.c.ehcache.EhCacheManagerFactoryBean - Initializing EhCache CacheManager
20:29:15.069 [main] INFO  o.s.s.web.DefaultSecurityFilterChain - Creating filter chain: org.springframework.security.web.util.matcher.AnyRequestMatcher@1, [org.springframework.security.web.context.request.async.WebAsyncManagerIntegrationFilter@275902e1, org.springframework.security.web.context.SecurityContextPersistenceFilter@733fa95c, org.springframework.security.web.header.HeaderWriterFilter@7c47e077, org.springframework.security.web.csrf.CsrfFilter@2a661215, org.springframework.security.web.authentication.logout.LogoutFilter@19d3f6ad, org.springframework.security.web.authentication.UsernamePasswordAuthenticationFilter@4ff074a0, org.springframework.security.web.session.ConcurrentSessionFilter@72e75786, org.springframework.security.web.savedrequest.RequestCacheAwareFilter@688d619c, org.springframework.security.web.servletapi.SecurityContextHolderAwareRequestFilter@1b632442, org.springframework.security.web.authentication.rememberme.RememberMeAuthenticationFilter@459e120b, org.springframework.security.web.authentication.AnonymousAuthenticationFilter@1c788d08, org.springframework.security.web.session.SessionManagementFilter@1ae9d0e4, org.springframework.security.web.access.ExceptionTranslationFilter@b56c222, org.springframework.security.web.access.intercept.FilterSecurityInterceptor@4ae958b0]
20:29:15.589 [main] INFO  o.s.w.s.m.m.a.RequestMappingHandlerAdapter - Looking for @ControllerAdvice: org.springframework.web.context.support.GenericWebApplicationContext@1169afe1: startup date [Mon Mar 26 20:28:57 CST 2018]; root of context hierarchy
20:29:15.684 [main] INFO  o.s.w.s.m.m.a.RequestMappingHandlerMapping - Mapped "{[/saveRollCall],methods=[GET]}" onto public java.lang.String edu.gzhu.its.study.web.RollCallController.saveRollCall(org.springframework.ui.Model)
20:29:15.685 [main] INFO  o.s.w.s.m.m.a.RequestMappingHandlerMapping - Mapped "{[/rollCall],methods=[GET]}" onto public java.lang.String edu.gzhu.its.study.web.RollCallController.rollCall(org.springframework.ui.Model)
20:29:15.685 [main] INFO  o.s.w.s.m.m.a.RequestMappingHandlerMapping - Mapped "{[/showRollCall/{id}],methods=[GET]}" onto public java.lang.String edu.gzhu.its.study.web.RollCallController.showRollCall(int,org.springframework.ui.Model)
20:29:15.685 [main] INFO  o.s.w.s.m.m.a.RequestMappingHandlerMapping - Mapped "{[/rollCallList],methods=[GET]}" onto public java.lang.String edu.gzhu.its.study.web.RollCallController.rollCallList(java.lang.Integer,java.lang.Integer,org.springframework.ui.Model)
20:29:15.685 [main] INFO  o.s.w.s.m.m.a.RequestMappingHandlerMapping - Mapped "{[/submitRollCall],methods=[GET]}" onto public java.lang.String edu.gzhu.its.study.web.RollCallController.submitRollCall(org.springframework.ui.Model)
20:29:15.686 [main] INFO  o.s.w.s.m.m.a.RequestMappingHandlerMapping - Mapped "{[/admin],methods=[GET]}" onto public java.lang.String edu.gzhu.its.system.web.AdminController.admin(org.springframework.ui.Model)
20:29:15.686 [main] INFO  o.s.w.s.m.m.a.RequestMappingHandlerMapping - Mapped "{[/admin/userList],methods=[GET]}" onto public java.lang.String edu.gzhu.its.system.web.AdminController.userList()
20:29:15.687 [main] INFO  o.s.w.s.m.m.a.RequestMappingHandlerMapping - Mapped "{[ || / || /index]}" onto public java.lang.String edu.gzhu.its.system.web.IndexController.index()
20:29:15.688 [main] INFO  o.s.w.s.m.m.a.RequestMappingHandlerMapping - Mapped "{[/doLogin],methods=[POST]}" onto public java.lang.String edu.gzhu.its.system.web.LoginController.doLogin()
20:29:15.689 [main] INFO  o.s.w.s.m.m.a.RequestMappingHandlerMapping - Mapped "{[/login],methods=[GET]}" onto public java.lang.String edu.gzhu.its.system.web.LoginController.longin()
20:29:15.689 [main] INFO  o.s.w.s.m.m.a.RequestMappingHandlerMapping - Mapped "{[/userOnline],methods=[GET]}" onto public java.lang.String edu.gzhu.its.system.web.OnlineController.onLineUser(org.springframework.ui.Model)
20:29:15.690 [main] INFO  o.s.w.s.m.m.a.RequestMappingHandlerMapping - Mapped "{[/resource/list],methods=[GET]}" onto public java.lang.String edu.gzhu.its.system.web.ResourceController.list(java.lang.Integer,java.lang.Integer,org.springframework.ui.Model)
20:29:15.690 [main] INFO  o.s.w.s.m.m.a.RequestMappingHandlerMapping - Mapped "{[/resource/tree],methods=[GET]}" onto public java.lang.String edu.gzhu.its.system.web.ResourceController.tree()
20:29:15.691 [main] INFO  o.s.w.s.m.m.a.RequestMappingHandlerMapping - Mapped "{[/role/list],methods=[GET]}" onto public java.lang.String edu.gzhu.its.system.web.RoleController.list(java.lang.Integer,java.lang.Integer,org.springframework.ui.Model)
20:29:15.692 [main] INFO  o.s.w.s.m.m.a.RequestMappingHandlerMapping - Mapped "{[/user/list],methods=[GET]}" onto public java.lang.String edu.gzhu.its.system.web.UserController.list(java.lang.Integer,java.lang.Integer,org.springframework.ui.Model)
20:29:15.692 [main] INFO  o.s.w.s.m.m.a.RequestMappingHandlerMapping - Mapped "{[/user/user/userList1],methods=[GET]}" onto public edu.gzhu.its.base.model.TableSplitResult<edu.gzhu.its.system.entity.User> edu.gzhu.its.system.web.UserController.userList1(java.lang.Integer,java.lang.Integer)
20:29:15.693 [main] INFO  o.s.w.s.m.m.a.RequestMappingHandlerMapping - Mapped "{[/error]}" onto public org.springframework.http.ResponseEntity<java.util.Map<java.lang.String, java.lang.Object>> org.springframework.boot.autoconfigure.web.BasicErrorController.error(javax.servlet.http.HttpServletRequest)
20:29:15.694 [main] INFO  o.s.w.s.m.m.a.RequestMappingHandlerMapping - Mapped "{[/error],produces=[text/html]}" onto public org.springframework.web.servlet.ModelAndView org.springframework.boot.autoconfigure.web.BasicErrorController.errorHtml(javax.servlet.http.HttpServletRequest,javax.servlet.http.HttpServletResponse)
20:29:15.740 [main] INFO  o.s.w.s.handler.SimpleUrlHandlerMapping - Mapped URL path [/webjars/**] onto handler of type [class org.springframework.web.servlet.resource.ResourceHttpRequestHandler]
20:29:15.741 [main] INFO  o.s.w.s.handler.SimpleUrlHandlerMapping - Mapped URL path [/**] onto handler of type [class org.springframework.web.servlet.resource.ResourceHttpRequestHandler]
20:29:15.786 [main] INFO  o.s.w.s.handler.SimpleUrlHandlerMapping - Mapped URL path [/**/favicon.ico] onto handler of type [class org.springframework.web.servlet.resource.ResourceHttpRequestHandler]
20:29:16.298 [main] INFO  edu.gzhu.its.its.ItsApplicationTests - Started ItsApplicationTests in 19.065 seconds (JVM running for 20.025)
20:29:16.435 [main] INFO  o.s.t.c.transaction.TransactionContext - Began transaction (1) for test context [DefaultTestContext@52e6fdee testClass = ItsApplicationTests, testInstance = edu.gzhu.its.its.ItsApplicationTests@2f112ade, testMethod = addAdminUser@ItsApplicationTests, testException = [null], mergedContextConfiguration = [WebMergedContextConfiguration@6c80d78a testClass = ItsApplicationTests, locations = '{}', classes = '{class edu.gzhu.its.ITSApplication}', contextInitializerClasses = '[]', activeProfiles = '{}', propertySourceLocations = '{}', propertySourceProperties = '{org.springframework.boot.test.context.SpringBootTestContextBootstrapper=true}', contextCustomizers = set[[ImportsContextCustomizer@62150f9e key = [@org.junit.runner.RunWith(value=class org.springframework.test.context.junit4.SpringRunner), @org.springframework.test.context.BootstrapWith(value=class org.springframework.boot.test.context.SpringBootTestContextBootstrapper), @org.springframework.cache.annotation.EnableCaching(mode=PROXY, order=2147483647, proxyTargetClass=false), @org.springframework.boot.test.context.SpringBootTest(webEnvironment=MOCK, value=[], properties=[], classes=[]), @org.springframework.context.annotation.Import(value=[class org.springframework.cache.annotation.CachingConfigurationSelector])]], org.springframework.boot.test.context.SpringBootTestContextCustomizer@26a7b76d, org.springframework.boot.test.context.filter.ExcludeFilterContextCustomizer@1500955a, org.springframework.boot.test.json.DuplicateJsonObjectContextCustomizerFactory$DuplicateJsonObjectContextCustomizer@60285225, org.springframework.boot.test.mock.mockito.MockitoContextCustomizer@0, org.springframework.boot.test.autoconfigure.properties.PropertyMappingContextCustomizer@0, org.springframework.boot.test.autoconfigure.web.servlet.WebDriverContextCustomizerFactory$Customizer@74ad1f1f], resourceBasePath = 'src/main/webapp', contextLoader = 'org.springframework.boot.test.context.SpringBootContextLoader', parent = [null]]]; transaction manager [org.springframework.orm.jpa.JpaTransactionManager@4e6280de]; rollback [false]
20:29:16.941 [main] INFO  o.h.h.i.QueryTranslatorFactoryInitiator - HHH000397: Using ASTQueryTranslatorFactory
20:29:17.126 [main] WARN  o.h.hql.internal.ast.HqlSqlWalker - [DEPRECATION] Encountered positional parameter near line 1, column 73 in HQL: [select count(u) from edu.gzhu.its.system.entity.User u WHERE u.username=? ].  Positional parameter are considered deprecated; use named parameters or JPA-style positional parameters instead.
20:29:17.400 [main] INFO  o.s.t.c.transaction.TransactionContext - Committed transaction for test context [DefaultTestContext@52e6fdee testClass = ItsApplicationTests, testInstance = edu.gzhu.its.its.ItsApplicationTests@2f112ade, testMethod = addAdminUser@ItsApplicationTests, testException = [null], mergedContextConfiguration = [WebMergedContextConfiguration@6c80d78a testClass = ItsApplicationTests, locations = '{}', classes = '{class edu.gzhu.its.ITSApplication}', contextInitializerClasses = '[]', activeProfiles = '{}', propertySourceLocations = '{}', propertySourceProperties = '{org.springframework.boot.test.context.SpringBootTestContextBootstrapper=true}', contextCustomizers = set[[ImportsContextCustomizer@62150f9e key = [@org.junit.runner.RunWith(value=class org.springframework.test.context.junit4.SpringRunner), @org.springframework.test.context.BootstrapWith(value=class org.springframework.boot.test.context.SpringBootTestContextBootstrapper), @org.springframework.cache.annotation.EnableCaching(mode=PROXY, order=2147483647, proxyTargetClass=false), @org.springframework.boot.test.context.SpringBootTest(webEnvironment=MOCK, value=[], properties=[], classes=[]), @org.springframework.context.annotation.Import(value=[class org.springframework.cache.annotation.CachingConfigurationSelector])]], org.springframework.boot.test.context.SpringBootTestContextCustomizer@26a7b76d, org.springframework.boot.test.context.filter.ExcludeFilterContextCustomizer@1500955a, org.springframework.boot.test.json.DuplicateJsonObjectContextCustomizerFactory$DuplicateJsonObjectContextCustomizer@60285225, org.springframework.boot.test.mock.mockito.MockitoContextCustomizer@0, org.springframework.boot.test.autoconfigure.properties.PropertyMappingContextCustomizer@0, org.springframework.boot.test.autoconfigure.web.servlet.WebDriverContextCustomizerFactory$Customizer@74ad1f1f], resourceBasePath = 'src/main/webapp', contextLoader = 'org.springframework.boot.test.context.SpringBootContextLoader', parent = [null]]].
20:29:17.474 [main] INFO  o.s.b.t.c.SpringBootTestContextBootstrapper - Neither @ContextConfiguration nor @ContextHierarchy found for test class [edu.gzhu.its.StudentInfoTest], using SpringBootContextLoader
20:29:17.474 [main] INFO  o.s.t.c.support.AbstractContextLoader - Could not detect default resource locations for test class [edu.gzhu.its.StudentInfoTest]: no resource found for suffixes {-context.xml, Context.groovy}.
20:29:17.474 [main] INFO  o.s.t.c.s.AnnotationConfigContextLoaderUtils - Could not detect default configuration classes for test class [edu.gzhu.its.StudentInfoTest]: StudentInfoTest does not declare any static, non-private, non-final, nested classes annotated with @Configuration.
20:29:17.477 [main] INFO  o.s.b.t.c.SpringBootTestContextBootstrapper - Found @SpringBootConfiguration edu.gzhu.its.ITSApplication for test class edu.gzhu.its.StudentInfoTest
20:29:17.480 [main] INFO  o.s.b.t.c.SpringBootTestContextBootstrapper - Loaded default TestExecutionListener class names from location [META-INF/spring.factories]: [org.springframework.boot.test.mock.mockito.MockitoTestExecutionListener, org.springframework.boot.test.mock.mockito.ResetMocksTestExecutionListener, org.springframework.boot.test.autoconfigure.restdocs.RestDocsTestExecutionListener, org.springframework.boot.test.autoconfigure.web.client.MockRestServiceServerResetTestExecutionListener, org.springframework.boot.test.autoconfigure.web.servlet.MockMvcPrintOnlyOnFailureTestExecutionListener, org.springframework.boot.test.autoconfigure.web.servlet.WebDriverTestExecutionListener, org.springframework.test.context.web.ServletTestExecutionListener, org.springframework.test.context.support.DirtiesContextBeforeModesTestExecutionListener, org.springframework.test.context.support.DependencyInjectionTestExecutionListener, org.springframework.test.context.support.DirtiesContextTestExecutionListener, org.springframework.test.context.transaction.TransactionalTestExecutionListener, org.springframework.test.context.jdbc.SqlScriptsTestExecutionListener]
20:29:17.482 [main] INFO  o.s.b.t.c.SpringBootTestContextBootstrapper - Using TestExecutionListeners: [org.springframework.test.context.web.ServletTestExecutionListener@55574295, org.springframework.test.context.support.DirtiesContextBeforeModesTestExecutionListener@750457a5, org.springframework.boot.test.autoconfigure.SpringBootDependencyInjectionTestExecutionListener@6c4786af, org.springframework.test.context.support.DirtiesContextTestExecutionListener@65c689e7, org.springframework.test.context.transaction.TransactionalTestExecutionListener@a6a2c20, org.springframework.test.context.jdbc.SqlScriptsTestExecutionListener@5d04fbb7, org.springframework.boot.test.mock.mockito.ResetMocksTestExecutionListener@da67c46, org.springframework.boot.test.mock.mockito.MockitoTestExecutionListener@5c7e55a4, org.springframework.boot.test.autoconfigure.restdocs.RestDocsTestExecutionListener@7ae6927, org.springframework.boot.test.autoconfigure.web.servlet.MockMvcPrintOnlyOnFailureTestExecutionListener@7d0df326, org.springframework.boot.test.autoconfigure.web.servlet.WebDriverTestExecutionListener@43f7f48d, org.springframework.boot.test.autoconfigure.web.client.MockRestServiceServerResetTestExecutionListener@6d0a4a22]
20:29:17.530 [main] INFO  edu.gzhu.its.StudentInfoTest - Starting StudentInfoTest on USERCHI-RRDBCTT with PID 17952 (started by Administrator in H:\Intelligent Tutoring System\Intelligent-Tutoring-System)
20:29:17.530 [main] INFO  edu.gzhu.its.StudentInfoTest - No active profile set, falling back to default profiles: default
20:29:17.531 [main] INFO  o.s.w.c.s.GenericWebApplicationContext - Refreshing org.springframework.web.context.support.GenericWebApplicationContext@182fd26b: startup date [Mon Mar 26 20:29:17 CST 2018]; root of context hierarchy
20:29:17.795 [main] INFO  o.s.d.r.c.RepositoryConfigurationDelegate - Multiple Spring Data modules found, entering strict repository configuration mode!
20:29:17.830 [main] INFO  o.s.d.r.c.RepositoryConfigurationDelegate - Multiple Spring Data modules found, entering strict repository configuration mode!
20:29:18.202 [main] INFO  o.s.o.j.LocalContainerEntityManagerFactoryBean - Building JPA container EntityManagerFactory for persistence unit 'default'
20:29:18.202 [main] INFO  o.hibernate.jpa.internal.util.LogHelper - HHH000204: Processing PersistenceUnitInfo [
	name: default
	...]
20:29:19.468 [main] INFO  com.alibaba.druid.pool.DruidDataSource - {dataSource-2} inited
20:29:19.470 [main] INFO  org.hibernate.dialect.Dialect - HHH000400: Using dialect: org.hibernate.dialect.MySQL5Dialect
20:29:19.547 [main] INFO  org.hibernate.tool.hbm2ddl.SchemaUpdate - HHH000228: Running hbm2ddl schema update
20:29:28.968 [main] WARN  o.h.j.i.EntityManagerFactoryRegistry - HHH000436: Entity manager factory name (default) is already registered.  If entity manager will be clustered or passivated, specify a unique value for property 'hibernate.ejb.entitymanager_factory_name'
20:29:28.969 [main] INFO  o.s.o.j.LocalContainerEntityManagerFactoryBean - Initialized JPA EntityManagerFactory for persistence unit 'default'
20:29:29.046 [main] WARN  e.g.i.s.s.CtFilterSecurityInterceptor - Could not validate configuration attributes as the SecurityMetadataSource did not return any attributes from getAllConfigAttributes()
20:29:29.187 [main] INFO  o.s.c.ehcache.EhCacheManagerFactoryBean - Initializing EhCache CacheManager
20:29:29.304 [main] INFO  o.s.s.web.DefaultSecurityFilterChain - Creating filter chain: org.springframework.security.web.util.matcher.AnyRequestMatcher@1, [org.springframework.security.web.context.request.async.WebAsyncManagerIntegrationFilter@51e14cb6, org.springframework.security.web.context.SecurityContextPersistenceFilter@342a5b57, org.springframework.security.web.header.HeaderWriterFilter@110f66e3, org.springframework.security.web.csrf.CsrfFilter@4ebd0b52, org.springframework.security.web.authentication.logout.LogoutFilter@7305191e, org.springframework.security.web.authentication.UsernamePasswordAuthenticationFilter@1bf4a79b, org.springframework.security.web.session.ConcurrentSessionFilter@51a73873, org.springframework.security.web.savedrequest.RequestCacheAwareFilter@5e781b4f, org.springframework.security.web.servletapi.SecurityContextHolderAwareRequestFilter@1b89debc, org.springframework.security.web.authentication.rememberme.RememberMeAuthenticationFilter@a1be5cb, org.springframework.security.web.authentication.AnonymousAuthenticationFilter@715523b8, org.springframework.security.web.session.SessionManagementFilter@77e64a46, org.springframework.security.web.access.ExceptionTranslationFilter@65a01901, org.springframework.security.web.access.intercept.FilterSecurityInterceptor@57def953]
20:29:29.492 [main] INFO  o.s.w.s.m.m.a.RequestMappingHandlerAdapter - Looking for @ControllerAdvice: org.springframework.web.context.support.GenericWebApplicationContext@182fd26b: startup date [Mon Mar 26 20:29:17 CST 2018]; root of context hierarchy
20:29:29.515 [main] INFO  o.s.w.s.m.m.a.RequestMappingHandlerMapping - Mapped "{[/saveRollCall],methods=[GET]}" onto public java.lang.String edu.gzhu.its.study.web.RollCallController.saveRollCall(org.springframework.ui.Model)
20:29:29.515 [main] INFO  o.s.w.s.m.m.a.RequestMappingHandlerMapping - Mapped "{[/rollCall],methods=[GET]}" onto public java.lang.String edu.gzhu.its.study.web.RollCallController.rollCall(org.springframework.ui.Model)
20:29:29.515 [main] INFO  o.s.w.s.m.m.a.RequestMappingHandlerMapping - Mapped "{[/showRollCall/{id}],methods=[GET]}" onto public java.lang.String edu.gzhu.its.study.web.RollCallController.showRollCall(int,org.springframework.ui.Model)
20:29:29.515 [main] INFO  o.s.w.s.m.m.a.RequestMappingHandlerMapping - Mapped "{[/rollCallList],methods=[GET]}" onto public java.lang.String edu.gzhu.its.study.web.RollCallController.rollCallList(java.lang.Integer,java.lang.Integer,org.springframework.ui.Model)
20:29:29.516 [main] INFO  o.s.w.s.m.m.a.RequestMappingHandlerMapping - Mapped "{[/submitRollCall],methods=[GET]}" onto public java.lang.String edu.gzhu.its.study.web.RollCallController.submitRollCall(org.springframework.ui.Model)
20:29:29.516 [main] INFO  o.s.w.s.m.m.a.RequestMappingHandlerMapping - Mapped "{[/admin],methods=[GET]}" onto public java.lang.String edu.gzhu.its.system.web.AdminController.admin(org.springframework.ui.Model)
20:29:29.516 [main] INFO  o.s.w.s.m.m.a.RequestMappingHandlerMapping - Mapped "{[/admin/userList],methods=[GET]}" onto public java.lang.String edu.gzhu.its.system.web.AdminController.userList()
20:29:29.517 [main] INFO  o.s.w.s.m.m.a.RequestMappingHandlerMapping - Mapped "{[ || / || /index]}" onto public java.lang.String edu.gzhu.its.system.web.IndexController.index()
20:29:29.517 [main] INFO  o.s.w.s.m.m.a.RequestMappingHandlerMapping - Mapped "{[/doLogin],methods=[POST]}" onto public java.lang.String edu.gzhu.its.system.web.LoginController.doLogin()
20:29:29.518 [main] INFO  o.s.w.s.m.m.a.RequestMappingHandlerMapping - Mapped "{[/login],methods=[GET]}" onto public java.lang.String edu.gzhu.its.system.web.LoginController.longin()
20:29:29.518 [main] INFO  o.s.w.s.m.m.a.RequestMappingHandlerMapping - Mapped "{[/userOnline],methods=[GET]}" onto public java.lang.String edu.gzhu.its.system.web.OnlineController.onLineUser(org.springframework.ui.Model)
20:29:29.518 [main] INFO  o.s.w.s.m.m.a.RequestMappingHandlerMapping - Mapped "{[/resource/list],methods=[GET]}" onto public java.lang.String edu.gzhu.its.system.web.ResourceController.list(java.lang.Integer,java.lang.Integer,org.springframework.ui.Model)
20:29:29.519 [main] INFO  o.s.w.s.m.m.a.RequestMappingHandlerMapping - Mapped "{[/resource/tree],methods=[GET]}" onto public java.lang.String edu.gzhu.its.system.web.ResourceController.tree()
20:29:29.519 [main] INFO  o.s.w.s.m.m.a.RequestMappingHandlerMapping - Mapped "{[/role/list],methods=[GET]}" onto public java.lang.String edu.gzhu.its.system.web.RoleController.list(java.lang.Integer,java.lang.Integer,org.springframework.ui.Model)
20:29:29.520 [main] INFO  o.s.w.s.m.m.a.RequestMappingHandlerMapping - Mapped "{[/user/list],methods=[GET]}" onto public java.lang.String edu.gzhu.its.system.web.UserController.list(java.lang.Integer,java.lang.Integer,org.springframework.ui.Model)
20:29:29.520 [main] INFO  o.s.w.s.m.m.a.RequestMappingHandlerMapping - Mapped "{[/user/user/userList1],methods=[GET]}" onto public edu.gzhu.its.base.model.TableSplitResult<edu.gzhu.its.system.entity.User> edu.gzhu.its.system.web.UserController.userList1(java.lang.Integer,java.lang.Integer)
20:29:29.521 [main] INFO  o.s.w.s.m.m.a.RequestMappingHandlerMapping - Mapped "{[/error]}" onto public org.springframework.http.ResponseEntity<java.util.Map<java.lang.String, java.lang.Object>> org.springframework.boot.autoconfigure.web.BasicErrorController.error(javax.servlet.http.HttpServletRequest)
20:29:29.521 [main] INFO  o.s.w.s.m.m.a.RequestMappingHandlerMapping - Mapped "{[/error],produces=[text/html]}" onto public org.springframework.web.servlet.ModelAndView org.springframework.boot.autoconfigure.web.BasicErrorController.errorHtml(javax.servlet.http.HttpServletRequest,javax.servlet.http.HttpServletResponse)
20:29:29.554 [main] INFO  o.s.w.s.handler.SimpleUrlHandlerMapping - Mapped URL path [/webjars/**] onto handler of type [class org.springframework.web.servlet.resource.ResourceHttpRequestHandler]
20:29:29.554 [main] INFO  o.s.w.s.handler.SimpleUrlHandlerMapping - Mapped URL path [/**] onto handler of type [class org.springframework.web.servlet.resource.ResourceHttpRequestHandler]
20:29:29.579 [main] INFO  o.s.w.s.handler.SimpleUrlHandlerMapping - Mapped URL path [/**/favicon.ico] onto handler of type [class org.springframework.web.servlet.resource.ResourceHttpRequestHandler]
20:29:29.849 [main] INFO  edu.gzhu.its.StudentInfoTest - Started StudentInfoTest in 12.358 seconds (JVM running for 33.576)
20:29:29.880 [main] INFO  o.s.t.c.transaction.TransactionContext - Began transaction (1) for test context [DefaultTestContext@5e6ad84c testClass = StudentInfoTest, testInstance = edu.gzhu.its.StudentInfoTest@4117e0c9, testMethod = save161@StudentInfoTest, testException = [null], mergedContextConfiguration = [WebMergedContextConfiguration@74f9004c testClass = StudentInfoTest, locations = '{}', classes = '{class edu.gzhu.its.ITSApplication}', contextInitializerClasses = '[]', activeProfiles = '{}', propertySourceLocations = '{}', propertySourceProperties = '{org.springframework.boot.test.context.SpringBootTestContextBootstrapper=true}', contextCustomizers = set[org.springframework.boot.test.context.SpringBootTestContextCustomizer@26a7b76d, org.springframework.boot.test.context.filter.ExcludeFilterContextCustomizer@1500955a, org.springframework.boot.test.json.DuplicateJsonObjectContextCustomizerFactory$DuplicateJsonObjectContextCustomizer@60285225, org.springframework.boot.test.mock.mockito.MockitoContextCustomizer@0, org.springframework.boot.test.autoconfigure.properties.PropertyMappingContextCustomizer@0, org.springframework.boot.test.autoconfigure.web.servlet.WebDriverContextCustomizerFactory$Customizer@74ad1f1f], resourceBasePath = 'src/main/webapp', contextLoader = 'org.springframework.boot.test.context.SpringBootContextLoader', parent = [null]]]; transaction manager [org.springframework.orm.jpa.JpaTransactionManager@1a13b5c1]; rollback [false]
20:29:29.884 [main] INFO  o.h.h.i.QueryTranslatorFactoryInitiator - HHH000397: Using ASTQueryTranslatorFactory
20:29:29.886 [main] WARN  o.h.hql.internal.ast.HqlSqlWalker - [DEPRECATION] Encountered positional parameter near line 1, column 73 in HQL: [select count(u) from edu.gzhu.its.system.entity.User u WHERE u.username=? ].  Positional parameter are considered deprecated; use named parameters or JPA-style positional parameters instead.
20:29:29.915 [main] ERROR e.g.its.system.service.impl.UserService - 用户名：路丽诗已存在
20:29:29.966 [main] INFO  o.s.t.c.transaction.TransactionContext - Committed transaction for test context [DefaultTestContext@5e6ad84c testClass = StudentInfoTest, testInstance = edu.gzhu.its.StudentInfoTest@4117e0c9, testMethod = save161@StudentInfoTest, testException = [null], mergedContextConfiguration = [WebMergedContextConfiguration@74f9004c testClass = StudentInfoTest, locations = '{}', classes = '{class edu.gzhu.its.ITSApplication}', contextInitializerClasses = '[]', activeProfiles = '{}', propertySourceLocations = '{}', propertySourceProperties = '{org.springframework.boot.test.context.SpringBootTestContextBootstrapper=true}', contextCustomizers = set[org.springframework.boot.test.context.SpringBootTestContextCustomizer@26a7b76d, org.springframework.boot.test.context.filter.ExcludeFilterContextCustomizer@1500955a, org.springframework.boot.test.json.DuplicateJsonObjectContextCustomizerFactory$DuplicateJsonObjectContextCustomizer@60285225, org.springframework.boot.test.mock.mockito.MockitoContextCustomizer@0, org.springframework.boot.test.autoconfigure.properties.PropertyMappingContextCustomizer@0, org.springframework.boot.test.autoconfigure.web.servlet.WebDriverContextCustomizerFactory$Customizer@74ad1f1f], resourceBasePath = 'src/main/webapp', contextLoader = 'org.springframework.boot.test.context.SpringBootContextLoader', parent = [null]]].
20:29:29.967 [main] INFO  o.s.b.t.c.SpringBootTestContextBootstrapper - Neither @ContextConfiguration nor @ContextHierarchy found for test class [edu.gzhu.its.UserTest], using SpringBootContextLoader
20:29:29.968 [main] INFO  o.s.t.c.support.AbstractContextLoader - Could not detect default resource locations for test class [edu.gzhu.its.UserTest]: no resource found for suffixes {-context.xml, Context.groovy}.
20:29:29.968 [main] INFO  o.s.t.c.s.AnnotationConfigContextLoaderUtils - Could not detect default configuration classes for test class [edu.gzhu.its.UserTest]: UserTest does not declare any static, non-private, non-final, nested classes annotated with @Configuration.
20:29:29.970 [main] INFO  o.s.b.t.c.SpringBootTestContextBootstrapper - Found @SpringBootConfiguration edu.gzhu.its.ITSApplication for test class edu.gzhu.its.UserTest
20:29:29.972 [main] INFO  o.s.b.t.c.SpringBootTestContextBootstrapper - Loaded default TestExecutionListener class names from location [META-INF/spring.factories]: [org.springframework.boot.test.mock.mockito.MockitoTestExecutionListener, org.springframework.boot.test.mock.mockito.ResetMocksTestExecutionListener, org.springframework.boot.test.autoconfigure.restdocs.RestDocsTestExecutionListener, org.springframework.boot.test.autoconfigure.web.client.MockRestServiceServerResetTestExecutionListener, org.springframework.boot.test.autoconfigure.web.servlet.MockMvcPrintOnlyOnFailureTestExecutionListener, org.springframework.boot.test.autoconfigure.web.servlet.WebDriverTestExecutionListener, org.springframework.test.context.web.ServletTestExecutionListener, org.springframework.test.context.support.DirtiesContextBeforeModesTestExecutionListener, org.springframework.test.context.support.DependencyInjectionTestExecutionListener, org.springframework.test.context.support.DirtiesContextTestExecutionListener, org.springframework.test.context.transaction.TransactionalTestExecutionListener, org.springframework.test.context.jdbc.SqlScriptsTestExecutionListener]
20:29:29.973 [main] INFO  o.s.b.t.c.SpringBootTestContextBootstrapper - Using TestExecutionListeners: [org.springframework.test.context.web.ServletTestExecutionListener@6b3284, org.springframework.test.context.support.DirtiesContextBeforeModesTestExecutionListener@500beb9f, org.springframework.boot.test.autoconfigure.SpringBootDependencyInjectionTestExecutionListener@67e37d25, org.springframework.test.context.support.DirtiesContextTestExecutionListener@78d49939, org.springframework.test.context.transaction.TransactionalTestExecutionListener@21f27bb5, org.springframework.test.context.jdbc.SqlScriptsTestExecutionListener@2e2a2b07, org.springframework.boot.test.mock.mockito.ResetMocksTestExecutionListener@52dc71b2, org.springframework.boot.test.mock.mockito.MockitoTestExecutionListener@e1d2781, org.springframework.boot.test.autoconfigure.restdocs.RestDocsTestExecutionListener@3c00da24, org.springframework.boot.test.autoconfigure.web.servlet.MockMvcPrintOnlyOnFailureTestExecutionListener@430dbcb0, org.springframework.boot.test.autoconfigure.web.servlet.WebDriverTestExecutionListener@726d0482, org.springframework.boot.test.autoconfigure.web.client.MockRestServiceServerResetTestExecutionListener@15ab0461]
20:29:30.005 [main] INFO  edu.gzhu.its.UserTest - Starting UserTest on USERCHI-RRDBCTT with PID 17952 (started by Administrator in H:\Intelligent Tutoring System\Intelligent-Tutoring-System)
20:29:30.005 [main] INFO  edu.gzhu.its.UserTest - No active profile set, falling back to default profiles: default
20:29:30.007 [main] INFO  o.s.w.c.s.GenericWebApplicationContext - Refreshing org.springframework.web.context.support.GenericWebApplicationContext@36dbfa68: startup date [Mon Mar 26 20:29:30 CST 2018]; root of context hierarchy
20:29:30.272 [main] INFO  o.s.d.r.c.RepositoryConfigurationDelegate - Multiple Spring Data modules found, entering strict repository configuration mode!
20:29:30.300 [main] INFO  o.s.d.r.c.RepositoryConfigurationDelegate - Multiple Spring Data modules found, entering strict repository configuration mode!
20:29:30.617 [main] INFO  o.s.o.j.LocalContainerEntityManagerFactoryBean - Building JPA container EntityManagerFactory for persistence unit 'default'
20:29:30.617 [main] INFO  o.hibernate.jpa.internal.util.LogHelper - HHH000204: Processing PersistenceUnitInfo [
	name: default
	...]
20:29:31.987 [main] INFO  com.alibaba.druid.pool.DruidDataSource - {dataSource-3} inited
20:29:31.988 [main] INFO  org.hibernate.dialect.Dialect - HHH000400: Using dialect: org.hibernate.dialect.MySQL5Dialect
20:29:32.054 [main] INFO  org.hibernate.tool.hbm2ddl.SchemaUpdate - HHH000228: Running hbm2ddl schema update
20:29:40.663 [main] WARN  o.h.j.i.EntityManagerFactoryRegistry - HHH000436: Entity manager factory name (default) is already registered.  If entity manager will be clustered or passivated, specify a unique value for property 'hibernate.ejb.entitymanager_factory_name'
20:29:40.664 [main] INFO  o.s.o.j.LocalContainerEntityManagerFactoryBean - Initialized JPA EntityManagerFactory for persistence unit 'default'
20:29:40.768 [main] WARN  e.g.i.s.s.CtFilterSecurityInterceptor - Could not validate configuration attributes as the SecurityMetadataSource did not return any attributes from getAllConfigAttributes()
20:29:40.886 [main] INFO  o.s.c.ehcache.EhCacheManagerFactoryBean - Initializing EhCache CacheManager
20:29:40.972 [main] INFO  o.s.s.web.DefaultSecurityFilterChain - Creating filter chain: org.springframework.security.web.util.matcher.AnyRequestMatcher@1, [org.springframework.security.web.context.request.async.WebAsyncManagerIntegrationFilter@7acb0a44, org.springframework.security.web.context.SecurityContextPersistenceFilter@24484dfb, org.springframework.security.web.header.HeaderWriterFilter@943184c, org.springframework.security.web.csrf.CsrfFilter@1227862a, org.springframework.security.web.authentication.logout.LogoutFilter@5d3b0f8a, org.springframework.security.web.authentication.UsernamePasswordAuthenticationFilter@6089c1e3, org.springframework.security.web.session.ConcurrentSessionFilter@1aac520e, org.springframework.security.web.savedrequest.RequestCacheAwareFilter@35d8a046, org.springframework.security.web.servletapi.SecurityContextHolderAwareRequestFilter@257f1509, org.springframework.security.web.authentication.rememberme.RememberMeAuthenticationFilter@67231d8d, org.springframework.security.web.authentication.AnonymousAuthenticationFilter@63088bbd, org.springframework.security.web.session.SessionManagementFilter@34949460, org.springframework.security.web.access.ExceptionTranslationFilter@55ed76e6, org.springframework.security.web.access.intercept.FilterSecurityInterceptor@5679e464]
20:29:41.144 [main] INFO  o.s.w.s.m.m.a.RequestMappingHandlerAdapter - Looking for @ControllerAdvice: org.springframework.web.context.support.GenericWebApplicationContext@36dbfa68: startup date [Mon Mar 26 20:29:30 CST 2018]; root of context hierarchy
20:29:41.167 [main] INFO  o.s.w.s.m.m.a.RequestMappingHandlerMapping - Mapped "{[/saveRollCall],methods=[GET]}" onto public java.lang.String edu.gzhu.its.study.web.RollCallController.saveRollCall(org.springframework.ui.Model)
20:29:41.167 [main] INFO  o.s.w.s.m.m.a.RequestMappingHandlerMapping - Mapped "{[/rollCall],methods=[GET]}" onto public java.lang.String edu.gzhu.its.study.web.RollCallController.rollCall(org.springframework.ui.Model)
20:29:41.167 [main] INFO  o.s.w.s.m.m.a.RequestMappingHandlerMapping - Mapped "{[/showRollCall/{id}],methods=[GET]}" onto public java.lang.String edu.gzhu.its.study.web.RollCallController.showRollCall(int,org.springframework.ui.Model)
20:29:41.168 [main] INFO  o.s.w.s.m.m.a.RequestMappingHandlerMapping - Mapped "{[/rollCallList],methods=[GET]}" onto public java.lang.String edu.gzhu.its.study.web.RollCallController.rollCallList(java.lang.Integer,java.lang.Integer,org.springframework.ui.Model)
20:29:41.168 [main] INFO  o.s.w.s.m.m.a.RequestMappingHandlerMapping - Mapped "{[/submitRollCall],methods=[GET]}" onto public java.lang.String edu.gzhu.its.study.web.RollCallController.submitRollCall(org.springframework.ui.Model)
20:29:41.168 [main] INFO  o.s.w.s.m.m.a.RequestMappingHandlerMapping - Mapped "{[/admin],methods=[GET]}" onto public java.lang.String edu.gzhu.its.system.web.AdminController.admin(org.springframework.ui.Model)
20:29:41.169 [main] INFO  o.s.w.s.m.m.a.RequestMappingHandlerMapping - Mapped "{[/admin/userList],methods=[GET]}" onto public java.lang.String edu.gzhu.its.system.web.AdminController.userList()
20:29:41.169 [main] INFO  o.s.w.s.m.m.a.RequestMappingHandlerMapping - Mapped "{[ || / || /index]}" onto public java.lang.String edu.gzhu.its.system.web.IndexController.index()
20:29:41.169 [main] INFO  o.s.w.s.m.m.a.RequestMappingHandlerMapping - Mapped "{[/doLogin],methods=[POST]}" onto public java.lang.String edu.gzhu.its.system.web.LoginController.doLogin()
20:29:41.169 [main] INFO  o.s.w.s.m.m.a.RequestMappingHandlerMapping - Mapped "{[/login],methods=[GET]}" onto public java.lang.String edu.gzhu.its.system.web.LoginController.longin()
20:29:41.170 [main] INFO  o.s.w.s.m.m.a.RequestMappingHandlerMapping - Mapped "{[/userOnline],methods=[GET]}" onto public java.lang.String edu.gzhu.its.system.web.OnlineController.onLineUser(org.springframework.ui.Model)
20:29:41.170 [main] INFO  o.s.w.s.m.m.a.RequestMappingHandlerMapping - Mapped "{[/resource/list],methods=[GET]}" onto public java.lang.String edu.gzhu.its.system.web.ResourceController.list(java.lang.Integer,java.lang.Integer,org.springframework.ui.Model)
20:29:41.170 [main] INFO  o.s.w.s.m.m.a.RequestMappingHandlerMapping - Mapped "{[/resource/tree],methods=[GET]}" onto public java.lang.String edu.gzhu.its.system.web.ResourceController.tree()
20:29:41.171 [main] INFO  o.s.w.s.m.m.a.RequestMappingHandlerMapping - Mapped "{[/role/list],methods=[GET]}" onto public java.lang.String edu.gzhu.its.system.web.RoleController.list(java.lang.Integer,java.lang.Integer,org.springframework.ui.Model)
20:29:41.171 [main] INFO  o.s.w.s.m.m.a.RequestMappingHandlerMapping - Mapped "{[/user/list],methods=[GET]}" onto public java.lang.String edu.gzhu.its.system.web.UserController.list(java.lang.Integer,java.lang.Integer,org.springframework.ui.Model)
20:29:41.171 [main] INFO  o.s.w.s.m.m.a.RequestMappingHandlerMapping - Mapped "{[/user/user/userList1],methods=[GET]}" onto public edu.gzhu.its.base.model.TableSplitResult<edu.gzhu.its.system.entity.User> edu.gzhu.its.system.web.UserController.userList1(java.lang.Integer,java.lang.Integer)
20:29:41.172 [main] INFO  o.s.w.s.m.m.a.RequestMappingHandlerMapping - Mapped "{[/error]}" onto public org.springframework.http.ResponseEntity<java.util.Map<java.lang.String, java.lang.Object>> org.springframework.boot.autoconfigure.web.BasicErrorController.error(javax.servlet.http.HttpServletRequest)
20:29:41.172 [main] INFO  o.s.w.s.m.m.a.RequestMappingHandlerMapping - Mapped "{[/error],produces=[text/html]}" onto public org.springframework.web.servlet.ModelAndView org.springframework.boot.autoconfigure.web.BasicErrorController.errorHtml(javax.servlet.http.HttpServletRequest,javax.servlet.http.HttpServletResponse)
20:29:41.203 [main] INFO  o.s.w.s.handler.SimpleUrlHandlerMapping - Mapped URL path [/webjars/**] onto handler of type [class org.springframework.web.servlet.resource.ResourceHttpRequestHandler]
20:29:41.203 [main] INFO  o.s.w.s.handler.SimpleUrlHandlerMapping - Mapped URL path [/**] onto handler of type [class org.springframework.web.servlet.resource.ResourceHttpRequestHandler]
20:29:41.232 [main] INFO  o.s.w.s.handler.SimpleUrlHandlerMapping - Mapped URL path [/**/favicon.ico] onto handler of type [class org.springframework.web.servlet.resource.ResourceHttpRequestHandler]
20:29:41.475 [main] INFO  edu.gzhu.its.UserTest - Started UserTest in 11.498 seconds (JVM running for 45.203)
20:29:41.514 [main] INFO  o.s.t.c.transaction.TransactionContext - Began transaction (1) for test context [DefaultTestContext@511e0453 testClass = UserTest, testInstance = edu.gzhu.its.UserTest@60ee6f76, testMethod = addUser@UserTest, testException = [null], mergedContextConfiguration = [WebMergedContextConfiguration@67aedd28 testClass = UserTest, locations = '{}', classes = '{class edu.gzhu.its.ITSApplication}', contextInitializerClasses = '[]', activeProfiles = '{}', propertySourceLocations = '{}', propertySourceProperties = '{org.springframework.boot.test.context.SpringBootTestContextBootstrapper=true}', contextCustomizers = set[[ImportsContextCustomizer@6c524a7f key = [@org.junit.runner.RunWith(value=class org.springframework.test.context.junit4.SpringRunner), @org.springframework.test.context.BootstrapWith(value=class org.springframework.boot.test.context.SpringBootTestContextBootstrapper), @org.springframework.transaction.annotation.EnableTransactionManagement(mode=PROXY, order=2147483647, proxyTargetClass=false), @org.springframework.test.annotation.Rollback(value=false), @org.springframework.boot.test.context.SpringBootTest(webEnvironment=MOCK, value=[], properties=[], classes=[]), @org.springframework.context.annotation.Import(value=[class org.springframework.transaction.annotation.TransactionManagementConfigurationSelector]), @org.springframework.transaction.annotation.Transactional(propagation=REQUIRED, rollbackForClassName=[], readOnly=false, transactionManager=, isolation=DEFAULT, noRollbackForClassName=[], noRollbackFor=[], value=, timeout=-1, rollbackFor=[])]], org.springframework.boot.test.context.SpringBootTestContextCustomizer@26a7b76d, org.springframework.boot.test.context.filter.ExcludeFilterContextCustomizer@1500955a, org.springframework.boot.test.json.DuplicateJsonObjectContextCustomizerFactory$DuplicateJsonObjectContextCustomizer@60285225, org.springframework.boot.test.mock.mockito.MockitoContextCustomizer@0, org.springframework.boot.test.autoconfigure.properties.PropertyMappingContextCustomizer@0, org.springframework.boot.test.autoconfigure.web.servlet.WebDriverContextCustomizerFactory$Customizer@74ad1f1f], resourceBasePath = 'src/main/webapp', contextLoader = 'org.springframework.boot.test.context.SpringBootContextLoader', parent = [null]]]; transaction manager [org.springframework.orm.jpa.JpaTransactionManager@45e6f47a]; rollback [false]
20:29:41.517 [main] INFO  o.h.h.i.QueryTranslatorFactoryInitiator - HHH000397: Using ASTQueryTranslatorFactory
20:29:41.518 [main] WARN  o.h.hql.internal.ast.HqlSqlWalker - [DEPRECATION] Encountered positional parameter near line 1, column 73 in HQL: [select count(u) from edu.gzhu.its.system.entity.User u WHERE u.username=? ].  Positional parameter are considered deprecated; use named parameters or JPA-style positional parameters instead.
20:29:41.539 [main] ERROR e.g.its.system.service.impl.UserService - 用户名：丁国柱已存在
20:29:41.594 [main] INFO  o.s.t.c.transaction.TransactionContext - Committed transaction for test context [DefaultTestContext@511e0453 testClass = UserTest, testInstance = edu.gzhu.its.UserTest@60ee6f76, testMethod = addUser@UserTest, testException = java.lang.Exception: 用户名：丁国柱已存在!, mergedContextConfiguration = [WebMergedContextConfiguration@67aedd28 testClass = UserTest, locations = '{}', classes = '{class edu.gzhu.its.ITSApplication}', contextInitializerClasses = '[]', activeProfiles = '{}', propertySourceLocations = '{}', propertySourceProperties = '{org.springframework.boot.test.context.SpringBootTestContextBootstrapper=true}', contextCustomizers = set[[ImportsContextCustomizer@6c524a7f key = [@org.junit.runner.RunWith(value=class org.springframework.test.context.junit4.SpringRunner), @org.springframework.test.context.BootstrapWith(value=class org.springframework.boot.test.context.SpringBootTestContextBootstrapper), @org.springframework.transaction.annotation.EnableTransactionManagement(mode=PROXY, order=2147483647, proxyTargetClass=false), @org.springframework.test.annotation.Rollback(value=false), @org.springframework.boot.test.context.SpringBootTest(webEnvironment=MOCK, value=[], properties=[], classes=[]), @org.springframework.context.annotation.Import(value=[class org.springframework.transaction.annotation.TransactionManagementConfigurationSelector]), @org.springframework.transaction.annotation.Transactional(propagation=REQUIRED, rollbackForClassName=[], readOnly=false, transactionManager=, isolation=DEFAULT, noRollbackForClassName=[], noRollbackFor=[], value=, timeout=-1, rollbackFor=[])]], org.springframework.boot.test.context.SpringBootTestContextCustomizer@26a7b76d, org.springframework.boot.test.context.filter.ExcludeFilterContextCustomizer@1500955a, org.springframework.boot.test.json.DuplicateJsonObjectContextCustomizerFactory$DuplicateJsonObjectContextCustomizer@60285225, org.springframework.boot.test.mock.mockito.MockitoContextCustomizer@0, org.springframework.boot.test.autoconfigure.properties.PropertyMappingContextCustomizer@0, org.springframework.boot.test.autoconfigure.web.servlet.WebDriverContextCustomizerFactory$Customizer@74ad1f1f], resourceBasePath = 'src/main/webapp', contextLoader = 'org.springframework.boot.test.context.SpringBootContextLoader', parent = [null]]].
20:29:41.639 [main] INFO  o.s.t.c.transaction.TransactionContext - Began transaction (1) for test context [DefaultTestContext@511e0453 testClass = UserTest, testInstance = edu.gzhu.its.UserTest@745e1fb7, testMethod = addAdminUser@UserTest, testException = [null], mergedContextConfiguration = [WebMergedContextConfiguration@67aedd28 testClass = UserTest, locations = '{}', classes = '{class edu.gzhu.its.ITSApplication}', contextInitializerClasses = '[]', activeProfiles = '{}', propertySourceLocations = '{}', propertySourceProperties = '{org.springframework.boot.test.context.SpringBootTestContextBootstrapper=true}', contextCustomizers = set[[ImportsContextCustomizer@6c524a7f key = [@org.junit.runner.RunWith(value=class org.springframework.test.context.junit4.SpringRunner), @org.springframework.test.context.BootstrapWith(value=class org.springframework.boot.test.context.SpringBootTestContextBootstrapper), @org.springframework.transaction.annotation.EnableTransactionManagement(mode=PROXY, order=2147483647, proxyTargetClass=false), @org.springframework.test.annotation.Rollback(value=false), @org.springframework.boot.test.context.SpringBootTest(webEnvironment=MOCK, value=[], properties=[], classes=[]), @org.springframework.context.annotation.Import(value=[class org.springframework.transaction.annotation.TransactionManagementConfigurationSelector]), @org.springframework.transaction.annotation.Transactional(propagation=REQUIRED, rollbackForClassName=[], readOnly=false, transactionManager=, isolation=DEFAULT, noRollbackForClassName=[], noRollbackFor=[], value=, timeout=-1, rollbackFor=[])]], org.springframework.boot.test.context.SpringBootTestContextCustomizer@26a7b76d, org.springframework.boot.test.context.filter.ExcludeFilterContextCustomizer@1500955a, org.springframework.boot.test.json.DuplicateJsonObjectContextCustomizerFactory$DuplicateJsonObjectContextCustomizer@60285225, org.springframework.boot.test.mock.mockito.MockitoContextCustomizer@0, org.springframework.boot.test.autoconfigure.properties.PropertyMappingContextCustomizer@0, org.springframework.boot.test.autoconfigure.web.servlet.WebDriverContextCustomizerFactory$Customizer@74ad1f1f], resourceBasePath = 'src/main/webapp', contextLoader = 'org.springframework.boot.test.context.SpringBootContextLoader', parent = [null]]]; transaction manager [org.springframework.orm.jpa.JpaTransactionManager@45e6f47a]; rollback [false]
20:29:41.721 [main] ERROR e.g.its.system.service.impl.UserService - 用户名：丁国柱已存在
20:29:41.804 [main] INFO  o.s.t.c.transaction.TransactionContext - Committed transaction for test context [DefaultTestContext@511e0453 testClass = UserTest, testInstance = edu.gzhu.its.UserTest@745e1fb7, testMethod = addAdminUser@UserTest, testException = java.lang.Exception: 用户名：丁国柱已存在!, mergedContextConfiguration = [WebMergedContextConfiguration@67aedd28 testClass = UserTest, locations = '{}', classes = '{class edu.gzhu.its.ITSApplication}', contextInitializerClasses = '[]', activeProfiles = '{}', propertySourceLocations = '{}', propertySourceProperties = '{org.springframework.boot.test.context.SpringBootTestContextBootstrapper=true}', contextCustomizers = set[[ImportsContextCustomizer@6c524a7f key = [@org.junit.runner.RunWith(value=class org.springframework.test.context.junit4.SpringRunner), @org.springframework.test.context.BootstrapWith(value=class org.springframework.boot.test.context.SpringBootTestContextBootstrapper), @org.springframework.transaction.annotation.EnableTransactionManagement(mode=PROXY, order=2147483647, proxyTargetClass=false), @org.springframework.test.annotation.Rollback(value=false), @org.springframework.boot.test.context.SpringBootTest(webEnvironment=MOCK, value=[], properties=[], classes=[]), @org.springframework.context.annotation.Import(value=[class org.springframework.transaction.annotation.TransactionManagementConfigurationSelector]), @org.springframework.transaction.annotation.Transactional(propagation=REQUIRED, rollbackForClassName=[], readOnly=false, transactionManager=, isolation=DEFAULT, noRollbackForClassName=[], noRollbackFor=[], value=, timeout=-1, rollbackFor=[])]], org.springframework.boot.test.context.SpringBootTestContextCustomizer@26a7b76d, org.springframework.boot.test.context.filter.ExcludeFilterContextCustomizer@1500955a, org.springframework.boot.test.json.DuplicateJsonObjectContextCustomizerFactory$DuplicateJsonObjectContextCustomizer@60285225, org.springframework.boot.test.mock.mockito.MockitoContextCustomizer@0, org.springframework.boot.test.autoconfigure.properties.PropertyMappingContextCustomizer@0, org.springframework.boot.test.autoconfigure.web.servlet.WebDriverContextCustomizerFactory$Customizer@74ad1f1f], resourceBasePath = 'src/main/webapp', contextLoader = 'org.springframework.boot.test.context.SpringBootContextLoader', parent = [null]]].
20:29:41.826 [main] INFO  o.s.t.c.transaction.TransactionContext - Began transaction (1) for test context [DefaultTestContext@511e0453 testClass = UserTest, testInstance = edu.gzhu.its.UserTest@730e663a, testMethod = addRoleByUser@UserTest, testException = [null], mergedContextConfiguration = [WebMergedContextConfiguration@67aedd28 testClass = UserTest, locations = '{}', classes = '{class edu.gzhu.its.ITSApplication}', contextInitializerClasses = '[]', activeProfiles = '{}', propertySourceLocations = '{}', propertySourceProperties = '{org.springframework.boot.test.context.SpringBootTestContextBootstrapper=true}', contextCustomizers = set[[ImportsContextCustomizer@6c524a7f key = [@org.junit.runner.RunWith(value=class org.springframework.test.context.junit4.SpringRunner), @org.springframework.test.context.BootstrapWith(value=class org.springframework.boot.test.context.SpringBootTestContextBootstrapper), @org.springframework.transaction.annotation.EnableTransactionManagement(mode=PROXY, order=2147483647, proxyTargetClass=false), @org.springframework.test.annotation.Rollback(value=false), @org.springframework.boot.test.context.SpringBootTest(webEnvironment=MOCK, value=[], properties=[], classes=[]), @org.springframework.context.annotation.Import(value=[class org.springframework.transaction.annotation.TransactionManagementConfigurationSelector]), @org.springframework.transaction.annotation.Transactional(propagation=REQUIRED, rollbackForClassName=[], readOnly=false, transactionManager=, isolation=DEFAULT, noRollbackForClassName=[], noRollbackFor=[], value=, timeout=-1, rollbackFor=[])]], org.springframework.boot.test.context.SpringBootTestContextCustomizer@26a7b76d, org.springframework.boot.test.context.filter.ExcludeFilterContextCustomizer@1500955a, org.springframework.boot.test.json.DuplicateJsonObjectContextCustomizerFactory$DuplicateJsonObjectContextCustomizer@60285225, org.springframework.boot.test.mock.mockito.MockitoContextCustomizer@0, org.springframework.boot.test.autoconfigure.properties.PropertyMappingContextCustomizer@0, org.springframework.boot.test.autoconfigure.web.servlet.WebDriverContextCustomizerFactory$Customizer@74ad1f1f], resourceBasePath = 'src/main/webapp', contextLoader = 'org.springframework.boot.test.context.SpringBootContextLoader', parent = [null]]]; transaction manager [org.springframework.orm.jpa.JpaTransactionManager@45e6f47a]; rollback [false]
20:29:42.547 [main] INFO  o.s.t.c.transaction.TransactionContext - Committed transaction for test context [DefaultTestContext@511e0453 testClass = UserTest, testInstance = edu.gzhu.its.UserTest@730e663a, testMethod = addRoleByUser@UserTest, testException = [null], mergedContextConfiguration = [WebMergedContextConfiguration@67aedd28 testClass = UserTest, locations = '{}', classes = '{class edu.gzhu.its.ITSApplication}', contextInitializerClasses = '[]', activeProfiles = '{}', propertySourceLocations = '{}', propertySourceProperties = '{org.springframework.boot.test.context.SpringBootTestContextBootstrapper=true}', contextCustomizers = set[[ImportsContextCustomizer@6c524a7f key = [@org.junit.runner.RunWith(value=class org.springframework.test.context.junit4.SpringRunner), @org.springframework.test.context.BootstrapWith(value=class org.springframework.boot.test.context.SpringBootTestContextBootstrapper), @org.springframework.transaction.annotation.EnableTransactionManagement(mode=PROXY, order=2147483647, proxyTargetClass=false), @org.springframework.test.annotation.Rollback(value=false), @org.springframework.boot.test.context.SpringBootTest(webEnvironment=MOCK, value=[], properties=[], classes=[]), @org.springframework.context.annotation.Import(value=[class org.springframework.transaction.annotation.TransactionManagementConfigurationSelector]), @org.springframework.transaction.annotation.Transactional(propagation=REQUIRED, rollbackForClassName=[], readOnly=false, transactionManager=, isolation=DEFAULT, noRollbackForClassName=[], noRollbackFor=[], value=, timeout=-1, rollbackFor=[])]], org.springframework.boot.test.context.SpringBootTestContextCustomizer@26a7b76d, org.springframework.boot.test.context.filter.ExcludeFilterContextCustomizer@1500955a, org.springframework.boot.test.json.DuplicateJsonObjectContextCustomizerFactory$DuplicateJsonObjectContextCustomizer@60285225, org.springframework.boot.test.mock.mockito.MockitoContextCustomizer@0, org.springframework.boot.test.autoconfigure.properties.PropertyMappingContextCustomizer@0, org.springframework.boot.test.autoconfigure.web.servlet.WebDriverContextCustomizerFactory$Customizer@74ad1f1f], resourceBasePath = 'src/main/webapp', contextLoader = 'org.springframework.boot.test.context.SpringBootContextLoader', parent = [null]]].
20:29:42.571 [main] INFO  o.s.t.c.transaction.TransactionContext - Began transaction (1) for test context [DefaultTestContext@511e0453 testClass = UserTest, testInstance = edu.gzhu.its.UserTest@216a3aba, testMethod = getPageDataTest@UserTest, testException = [null], mergedContextConfiguration = [WebMergedContextConfiguration@67aedd28 testClass = UserTest, locations = '{}', classes = '{class edu.gzhu.its.ITSApplication}', contextInitializerClasses = '[]', activeProfiles = '{}', propertySourceLocations = '{}', propertySourceProperties = '{org.springframework.boot.test.context.SpringBootTestContextBootstrapper=true}', contextCustomizers = set[[ImportsContextCustomizer@6c524a7f key = [@org.junit.runner.RunWith(value=class org.springframework.test.context.junit4.SpringRunner), @org.springframework.test.context.BootstrapWith(value=class org.springframework.boot.test.context.SpringBootTestContextBootstrapper), @org.springframework.transaction.annotation.EnableTransactionManagement(mode=PROXY, order=2147483647, proxyTargetClass=false), @org.springframework.test.annotation.Rollback(value=false), @org.springframework.boot.test.context.SpringBootTest(webEnvironment=MOCK, value=[], properties=[], classes=[]), @org.springframework.context.annotation.Import(value=[class org.springframework.transaction.annotation.TransactionManagementConfigurationSelector]), @org.springframework.transaction.annotation.Transactional(propagation=REQUIRED, rollbackForClassName=[], readOnly=false, transactionManager=, isolation=DEFAULT, noRollbackForClassName=[], noRollbackFor=[], value=, timeout=-1, rollbackFor=[])]], org.springframework.boot.test.context.SpringBootTestContextCustomizer@26a7b76d, org.springframework.boot.test.context.filter.ExcludeFilterContextCustomizer@1500955a, org.springframework.boot.test.json.DuplicateJsonObjectContextCustomizerFactory$DuplicateJsonObjectContextCustomizer@60285225, org.springframework.boot.test.mock.mockito.MockitoContextCustomizer@0, org.springframework.boot.test.autoconfigure.properties.PropertyMappingContextCustomizer@0, org.springframework.boot.test.autoconfigure.web.servlet.WebDriverContextCustomizerFactory$Customizer@74ad1f1f], resourceBasePath = 'src/main/webapp', contextLoader = 'org.springframework.boot.test.context.SpringBootContextLoader', parent = [null]]]; transaction manager [org.springframework.orm.jpa.JpaTransactionManager@45e6f47a]; rollback [false]
20:29:43.643 [main] INFO  o.s.t.c.transaction.TransactionContext - Committed transaction for test context [DefaultTestContext@511e0453 testClass = UserTest, testInstance = edu.gzhu.its.UserTest@216a3aba, testMethod = getPageDataTest@UserTest, testException = [null], mergedContextConfiguration = [WebMergedContextConfiguration@67aedd28 testClass = UserTest, locations = '{}', classes = '{class edu.gzhu.its.ITSApplication}', contextInitializerClasses = '[]', activeProfiles = '{}', propertySourceLocations = '{}', propertySourceProperties = '{org.springframework.boot.test.context.SpringBootTestContextBootstrapper=true}', contextCustomizers = set[[ImportsContextCustomizer@6c524a7f key = [@org.junit.runner.RunWith(value=class org.springframework.test.context.junit4.SpringRunner), @org.springframework.test.context.BootstrapWith(value=class org.springframework.boot.test.context.SpringBootTestContextBootstrapper), @org.springframework.transaction.annotation.EnableTransactionManagement(mode=PROXY, order=2147483647, proxyTargetClass=false), @org.springframework.test.annotation.Rollback(value=false), @org.springframework.boot.test.context.SpringBootTest(webEnvironment=MOCK, value=[], properties=[], classes=[]), @org.springframework.context.annotation.Import(value=[class org.springframework.transaction.annotation.TransactionManagementConfigurationSelector]), @org.springframework.transaction.annotation.Transactional(propagation=REQUIRED, rollbackForClassName=[], readOnly=false, transactionManager=, isolation=DEFAULT, noRollbackForClassName=[], noRollbackFor=[], value=, timeout=-1, rollbackFor=[])]], org.springframework.boot.test.context.SpringBootTestContextCustomizer@26a7b76d, org.springframework.boot.test.context.filter.ExcludeFilterContextCustomizer@1500955a, org.springframework.boot.test.json.DuplicateJsonObjectContextCustomizerFactory$DuplicateJsonObjectContextCustomizer@60285225, org.springframework.boot.test.mock.mockito.MockitoContextCustomizer@0, org.springframework.boot.test.autoconfigure.properties.PropertyMappingContextCustomizer@0, org.springframework.boot.test.autoconfigure.web.servlet.WebDriverContextCustomizerFactory$Customizer@74ad1f1f], resourceBasePath = 'src/main/webapp', contextLoader = 'org.springframework.boot.test.context.SpringBootContextLoader', parent = [null]]].
20:29:43.645 [Thread-5] INFO  o.s.w.c.s.GenericWebApplicationContext - Closing org.springframework.web.context.support.GenericWebApplicationContext@1169afe1: startup date [Mon Mar 26 20:28:57 CST 2018]; root of context hierarchy
20:29:43.645 [Thread-7] INFO  o.s.w.c.s.GenericWebApplicationContext - Closing org.springframework.web.context.support.GenericWebApplicationContext@182fd26b: startup date [Mon Mar 26 20:29:17 CST 2018]; root of context hierarchy
20:29:43.645 [Thread-9] INFO  o.s.w.c.s.GenericWebApplicationContext - Closing org.springframework.web.context.support.GenericWebApplicationContext@36dbfa68: startup date [Mon Mar 26 20:29:30 CST 2018]; root of context hierarchy
20:29:43.648 [Thread-5] INFO  o.s.c.ehcache.EhCacheManagerFactoryBean - Shutting down EhCache CacheManager
20:29:43.651 [Thread-7] INFO  o.s.c.ehcache.EhCacheManagerFactoryBean - Shutting down EhCache CacheManager
20:29:43.654 [Thread-9] INFO  o.s.c.ehcache.EhCacheManagerFactoryBean - Shutting down EhCache CacheManager
20:29:43.656 [Thread-5] INFO  o.s.o.j.LocalContainerEntityManagerFactoryBean - Closing JPA EntityManagerFactory for persistence unit 'default'
20:29:43.656 [Thread-7] INFO  o.s.o.j.LocalContainerEntityManagerFactoryBean - Closing JPA EntityManagerFactory for persistence unit 'default'
20:29:43.658 [Thread-9] INFO  o.s.o.j.LocalContainerEntityManagerFactoryBean - Closing JPA EntityManagerFactory for persistence unit 'default'
20:29:43.664 [Thread-7] INFO  com.alibaba.druid.pool.DruidDataSource - {dataSource-2} closed
20:29:43.664 [Thread-5] INFO  com.alibaba.druid.pool.DruidDataSource - {dataSource-1} closed
20:29:43.664 [Thread-9] INFO  com.alibaba.druid.pool.DruidDataSource - {dataSource-3} closed
20:30:17.106 [restartedMain] INFO  edu.gzhu.its.ITSApplication - Starting ITSApplication on USERCHI-RRDBCTT with PID 4072 (started by Administrator in H:\Intelligent Tutoring System\Intelligent-Tutoring-System)
20:30:17.106 [restartedMain] INFO  edu.gzhu.its.ITSApplication - No active profile set, falling back to default profiles: default
20:30:17.130 [restartedMain] INFO  o.s.b.c.e.AnnotationConfigEmbeddedWebApplicationContext - Refreshing org.springframework.boot.context.embedded.AnnotationConfigEmbeddedWebApplicationContext@c2c6e00: startup date [Mon Mar 26 20:30:17 CST 2018]; root of context hierarchy
20:30:17.186 [background-preinit] INFO  o.h.validator.internal.util.Version - HV000001: Hibernate Validator 5.3.6.Final
20:30:17.728 [restartedMain] INFO  o.s.d.r.c.RepositoryConfigurationDelegate - Multiple Spring Data modules found, entering strict repository configuration mode!
20:30:17.767 [restartedMain] INFO  o.s.d.r.c.RepositoryConfigurationDelegate - Multiple Spring Data modules found, entering strict repository configuration mode!
20:30:18.433 [restartedMain] INFO  o.s.b.c.e.t.TomcatEmbeddedServletContainer - Tomcat initialized with port(s): 9090 (http)
20:30:18.460 [restartedMain] INFO  org.apache.catalina.core.StandardService - Starting service [Tomcat]
20:30:18.461 [restartedMain] INFO  org.apache.catalina.core.StandardEngine - Starting Servlet Engine: Apache Tomcat/8.5.23
20:30:18.700 [localhost-startStop-1] INFO  org.apache.jasper.servlet.TldScanner - At least one JAR was scanned for TLDs yet contained no TLDs. Enable debug logging for this logger for a complete list of JARs that were scanned but no TLDs were found in them. Skipping unneeded JARs during scanning can improve startup time and JSP compilation time.
20:30:18.703 [localhost-startStop-1] INFO  o.a.c.c.C.[Tomcat].[localhost].[/] - Initializing Spring embedded WebApplicationContext
20:30:18.704 [localhost-startStop-1] INFO  o.s.web.context.ContextLoader - Root WebApplicationContext: initialization completed in 1574 ms
20:30:19.236 [localhost-startStop-1] INFO  o.s.o.j.LocalContainerEntityManagerFactoryBean - Building JPA container EntityManagerFactory for persistence unit 'default'
20:30:19.249 [localhost-startStop-1] INFO  o.hibernate.jpa.internal.util.LogHelper - HHH000204: Processing PersistenceUnitInfo [
	name: default
	...]
20:30:19.292 [localhost-startStop-1] INFO  org.hibernate.Version - HHH000412: Hibernate Core {5.0.12.Final}
20:30:19.293 [localhost-startStop-1] INFO  org.hibernate.cfg.Environment - HHH000206: hibernate.properties not found
20:30:19.293 [localhost-startStop-1] INFO  org.hibernate.cfg.Environment - HHH000021: Bytecode provider name : javassist
20:30:19.319 [localhost-startStop-1] INFO  org.hibernate.annotations.common.Version - HCANN000001: Hibernate Commons Annotations {5.0.1.Final}
20:30:21.047 [localhost-startStop-1] INFO  com.alibaba.druid.pool.DruidDataSource - {dataSource-1} inited
20:30:21.061 [localhost-startStop-1] INFO  org.hibernate.dialect.Dialect - HHH000400: Using dialect: org.hibernate.dialect.MySQL5Dialect
20:30:21.345 [localhost-startStop-1] INFO  org.hibernate.tool.hbm2ddl.SchemaUpdate - HHH000228: Running hbm2ddl schema update
20:30:30.059 [localhost-startStop-1] INFO  o.s.o.j.LocalContainerEntityManagerFactoryBean - Initialized JPA EntityManagerFactory for persistence unit 'default'
20:30:30.095 [localhost-startStop-1] WARN  e.g.i.s.s.CtFilterSecurityInterceptor - Could not validate configuration attributes as the SecurityMetadataSource did not return any attributes from getAllConfigAttributes()
20:30:30.135 [localhost-startStop-1] INFO  o.s.b.web.servlet.FilterRegistrationBean - Mapping filter: 'characterEncodingFilter' to: [/*]
20:30:30.135 [localhost-startStop-1] INFO  o.s.b.web.servlet.FilterRegistrationBean - Mapping filter: 'hiddenHttpMethodFilter' to: [/*]
20:30:30.135 [localhost-startStop-1] INFO  o.s.b.web.servlet.FilterRegistrationBean - Mapping filter: 'httpPutFormContentFilter' to: [/*]
20:30:30.135 [localhost-startStop-1] INFO  o.s.b.web.servlet.FilterRegistrationBean - Mapping filter: 'requestContextFilter' to: [/*]
20:30:30.136 [localhost-startStop-1] INFO  o.s.b.w.s.DelegatingFilterProxyRegistrationBean - Mapping filter: 'springSecurityFilterChain' to: [/*]
20:30:30.136 [localhost-startStop-1] INFO  o.s.b.web.servlet.FilterRegistrationBean - Mapping filter: 'ctFilterSecurityInterceptor' to: [/*]
20:30:30.136 [localhost-startStop-1] INFO  o.s.b.w.servlet.ServletRegistrationBean - Mapping servlet: 'dispatcherServlet' to [/]
20:30:30.429 [restartedMain] INFO  o.s.c.ehcache.EhCacheManagerFactoryBean - Initializing EhCache CacheManager
20:30:30.665 [restartedMain] INFO  o.s.s.web.DefaultSecurityFilterChain - Creating filter chain: org.springframework.security.web.util.matcher.AnyRequestMatcher@1, [org.springframework.security.web.context.request.async.WebAsyncManagerIntegrationFilter@1fe81339, org.springframework.security.web.context.SecurityContextPersistenceFilter@7e7b3570, org.springframework.security.web.header.HeaderWriterFilter@2bec8927, org.springframework.security.web.csrf.CsrfFilter@503272f2, org.springframework.security.web.authentication.logout.LogoutFilter@18d77c50, org.springframework.security.web.authentication.UsernamePasswordAuthenticationFilter@6fd58662, org.springframework.security.web.session.ConcurrentSessionFilter@34a0c3b8, org.springframework.security.web.savedrequest.RequestCacheAwareFilter@5b17e8dd, org.springframework.security.web.servletapi.SecurityContextHolderAwareRequestFilter@3d6122c6, org.springframework.security.web.authentication.rememberme.RememberMeAuthenticationFilter@17d0dbf0, org.springframework.security.web.authentication.AnonymousAuthenticationFilter@70f5ca19, org.springframework.security.web.session.SessionManagementFilter@60b45bc0, org.springframework.security.web.access.ExceptionTranslationFilter@382fabe0, org.springframework.security.web.access.intercept.FilterSecurityInterceptor@40cda73f]
20:30:30.873 [restartedMain] INFO  o.s.w.s.m.m.a.RequestMappingHandlerAdapter - Looking for @ControllerAdvice: org.springframework.boot.context.embedded.AnnotationConfigEmbeddedWebApplicationContext@c2c6e00: startup date [Mon Mar 26 20:30:17 CST 2018]; root of context hierarchy
20:30:30.922 [restartedMain] INFO  o.s.w.s.m.m.a.RequestMappingHandlerMapping - Mapped "{[/saveRollCall],methods=[GET]}" onto public java.lang.String edu.gzhu.its.study.web.RollCallController.saveRollCall(org.springframework.ui.Model)
20:30:30.922 [restartedMain] INFO  o.s.w.s.m.m.a.RequestMappingHandlerMapping - Mapped "{[/rollCallList],methods=[GET]}" onto public java.lang.String edu.gzhu.its.study.web.RollCallController.rollCallList(java.lang.Integer,java.lang.Integer,org.springframework.ui.Model)
20:30:30.923 [restartedMain] INFO  o.s.w.s.m.m.a.RequestMappingHandlerMapping - Mapped "{[/rollCall],methods=[GET]}" onto public java.lang.String edu.gzhu.its.study.web.RollCallController.rollCall(org.springframework.ui.Model)
20:30:30.923 [restartedMain] INFO  o.s.w.s.m.m.a.RequestMappingHandlerMapping - Mapped "{[/showRollCall/{id}],methods=[GET]}" onto public java.lang.String edu.gzhu.its.study.web.RollCallController.showRollCall(int,org.springframework.ui.Model)
20:30:30.923 [restartedMain] INFO  o.s.w.s.m.m.a.RequestMappingHandlerMapping - Mapped "{[/submitRollCall],methods=[GET]}" onto public java.lang.String edu.gzhu.its.study.web.RollCallController.submitRollCall(org.springframework.ui.Model)
20:30:30.923 [restartedMain] INFO  o.s.w.s.m.m.a.RequestMappingHandlerMapping - Mapped "{[/admin/userList],methods=[GET]}" onto public java.lang.String edu.gzhu.its.system.web.AdminController.userList()
20:30:30.923 [restartedMain] INFO  o.s.w.s.m.m.a.RequestMappingHandlerMapping - Mapped "{[/admin],methods=[GET]}" onto public java.lang.String edu.gzhu.its.system.web.AdminController.admin(org.springframework.ui.Model)
20:30:30.924 [restartedMain] INFO  o.s.w.s.m.m.a.RequestMappingHandlerMapping - Mapped "{[ || / || /index]}" onto public java.lang.String edu.gzhu.its.system.web.IndexController.index()
20:30:30.924 [restartedMain] INFO  o.s.w.s.m.m.a.RequestMappingHandlerMapping - Mapped "{[/login],methods=[GET]}" onto public java.lang.String edu.gzhu.its.system.web.LoginController.longin()
20:30:30.924 [restartedMain] INFO  o.s.w.s.m.m.a.RequestMappingHandlerMapping - Mapped "{[/doLogin],methods=[POST]}" onto public java.lang.String edu.gzhu.its.system.web.LoginController.doLogin()
20:30:30.925 [restartedMain] INFO  o.s.w.s.m.m.a.RequestMappingHandlerMapping - Mapped "{[/userOnline],methods=[GET]}" onto public java.lang.String edu.gzhu.its.system.web.OnlineController.onLineUser(org.springframework.ui.Model)
20:30:30.925 [restartedMain] INFO  o.s.w.s.m.m.a.RequestMappingHandlerMapping - Mapped "{[/resource/list],methods=[GET]}" onto public java.lang.String edu.gzhu.its.system.web.ResourceController.list(java.lang.Integer,java.lang.Integer,org.springframework.ui.Model)
20:30:30.925 [restartedMain] INFO  o.s.w.s.m.m.a.RequestMappingHandlerMapping - Mapped "{[/resource/tree],methods=[GET]}" onto public java.lang.String edu.gzhu.its.system.web.ResourceController.tree()
20:30:30.926 [restartedMain] INFO  o.s.w.s.m.m.a.RequestMappingHandlerMapping - Mapped "{[/role/list],methods=[GET]}" onto public java.lang.String edu.gzhu.its.system.web.RoleController.list(java.lang.Integer,java.lang.Integer,org.springframework.ui.Model)
20:30:30.926 [restartedMain] INFO  o.s.w.s.m.m.a.RequestMappingHandlerMapping - Mapped "{[/user/list],methods=[GET]}" onto public java.lang.String edu.gzhu.its.system.web.UserController.list(java.lang.Integer,java.lang.Integer,org.springframework.ui.Model)
20:30:30.926 [restartedMain] INFO  o.s.w.s.m.m.a.RequestMappingHandlerMapping - Mapped "{[/user/user/userList1],methods=[GET]}" onto public edu.gzhu.its.base.model.TableSplitResult<edu.gzhu.its.system.entity.User> edu.gzhu.its.system.web.UserController.userList1(java.lang.Integer,java.lang.Integer)
20:30:30.927 [restartedMain] INFO  o.s.w.s.m.m.a.RequestMappingHandlerMapping - Mapped "{[/error]}" onto public org.springframework.http.ResponseEntity<java.util.Map<java.lang.String, java.lang.Object>> org.springframework.boot.autoconfigure.web.BasicErrorController.error(javax.servlet.http.HttpServletRequest)
20:30:30.927 [restartedMain] INFO  o.s.w.s.m.m.a.RequestMappingHandlerMapping - Mapped "{[/error],produces=[text/html]}" onto public org.springframework.web.servlet.ModelAndView org.springframework.boot.autoconfigure.web.BasicErrorController.errorHtml(javax.servlet.http.HttpServletRequest,javax.servlet.http.HttpServletResponse)
20:30:30.960 [restartedMain] INFO  o.s.w.s.handler.SimpleUrlHandlerMapping - Mapped URL path [/webjars/**] onto handler of type [class org.springframework.web.servlet.resource.ResourceHttpRequestHandler]
20:30:30.960 [restartedMain] INFO  o.s.w.s.handler.SimpleUrlHandlerMapping - Mapped URL path [/**] onto handler of type [class org.springframework.web.servlet.resource.ResourceHttpRequestHandler]
20:30:30.993 [restartedMain] INFO  o.s.w.s.handler.SimpleUrlHandlerMapping - Mapped URL path [/**/favicon.ico] onto handler of type [class org.springframework.web.servlet.resource.ResourceHttpRequestHandler]
20:30:31.664 [restartedMain] INFO  o.s.b.d.a.OptionalLiveReloadServer - LiveReload server is running on port 35729
20:30:31.708 [restartedMain] INFO  o.s.j.e.a.AnnotationMBeanExporter - Registering beans for JMX exposure on startup
20:30:31.709 [restartedMain] INFO  o.s.j.e.a.AnnotationMBeanExporter - Bean with name 'dataSource' has been autodetected for JMX exposure
20:30:31.712 [restartedMain] INFO  o.s.j.e.a.AnnotationMBeanExporter - Located MBean 'dataSource': registering with JMX server as MBean [com.alibaba.druid.pool:name=dataSource,type=DruidDataSource]
20:30:31.722 [restartedMain] INFO  o.apache.coyote.http11.Http11NioProtocol - Initializing ProtocolHandler ["http-nio-9090"]
20:30:31.728 [restartedMain] INFO  o.apache.coyote.http11.Http11NioProtocol - Starting ProtocolHandler ["http-nio-9090"]
20:30:31.822 [restartedMain] INFO  o.apache.tomcat.util.net.NioSelectorPool - Using a shared selector for servlet write/read
20:30:31.839 [restartedMain] INFO  o.s.b.c.e.t.TomcatEmbeddedServletContainer - Tomcat started on port(s): 9090 (http)
20:30:31.842 [restartedMain] INFO  edu.gzhu.its.ITSApplication - Started ITSApplication in 14.909 seconds (JVM running for 15.584)
20:30:35.611 [http-nio-9090-exec-1] INFO  o.apache.tomcat.util.http.parser.Cookie - A cookie header was received [1517237732,1517326477; Hm_lvt_4e222d0f68f7343ea619ae6920621f50=1522040453] that contained an invalid cookie. That cookie will be ignored.Note: further occurrences of this error will be logged at DEBUG level.
20:30:35.620 [http-nio-9090-exec-1] INFO  o.a.c.c.C.[Tomcat].[localhost].[/] - Initializing Spring FrameworkServlet 'dispatcherServlet'
20:30:35.621 [http-nio-9090-exec-1] INFO  o.s.web.servlet.DispatcherServlet - FrameworkServlet 'dispatcherServlet': initialization started
20:30:35.643 [http-nio-9090-exec-1] INFO  o.s.web.servlet.DispatcherServlet - FrameworkServlet 'dispatcherServlet': initialization completed in 22 ms
20:30:35.726 [http-nio-9090-exec-1] INFO  o.h.h.i.QueryTranslatorFactoryInitiator - HHH000397: Using ASTQueryTranslatorFactory
20:30:37.916 [http-nio-9090-exec-5] WARN  o.h.hql.internal.ast.HqlSqlWalker - [DEPRECATION] Encountered positional parameter near line 1, column 57 in HQL: [from edu.gzhu.its.system.entity.User u WHERE u.username=?].  Positional parameter are considered deprecated; use named parameters or JPA-style positional parameters instead.
20:30:46.950 [http-nio-9090-exec-1] WARN  o.h.hql.internal.ast.HqlSqlWalker - [DEPRECATION] Encountered positional parameter near line 1, column 67 in HQL: [from edu.gzhu.its.study.entity.RollCallInfo u WHERE u.rollCall.id=?].  Positional parameter are considered deprecated; use named parameters or JPA-style positional parameters instead.
20:34:27.253 [Thread-8] INFO  o.s.b.c.e.AnnotationConfigEmbeddedWebApplicationContext - Closing org.springframework.boot.context.embedded.AnnotationConfigEmbeddedWebApplicationContext@c2c6e00: startup date [Mon Mar 26 20:30:17 CST 2018]; root of context hierarchy
20:34:27.254 [Thread-8] INFO  o.s.j.e.a.AnnotationMBeanExporter - Unregistering JMX-exposed beans on shutdown
20:34:27.255 [Thread-8] INFO  o.s.j.e.a.AnnotationMBeanExporter - Unregistering JMX-exposed beans
20:34:27.255 [Thread-8] INFO  o.s.c.ehcache.EhCacheManagerFactoryBean - Shutting down EhCache CacheManager
20:34:27.258 [Thread-8] INFO  o.s.o.j.LocalContainerEntityManagerFactoryBean - Closing JPA EntityManagerFactory for persistence unit 'default'
20:34:27.260 [Thread-8] INFO  com.alibaba.druid.pool.DruidDataSource - {dataSource-1} closed
20:34:27.687 [restartedMain] INFO  edu.gzhu.its.ITSApplication - Starting ITSApplication on USERCHI-RRDBCTT with PID 4072 (started by Administrator in H:\Intelligent Tutoring System\Intelligent-Tutoring-System)
20:34:27.687 [restartedMain] INFO  edu.gzhu.its.ITSApplication - No active profile set, falling back to default profiles: default
20:34:27.689 [restartedMain] INFO  o.s.b.c.e.AnnotationConfigEmbeddedWebApplicationContext - Refreshing org.springframework.boot.context.embedded.AnnotationConfigEmbeddedWebApplicationContext@52e0b38a: startup date [Mon Mar 26 20:34:27 CST 2018]; root of context hierarchy
20:34:28.023 [restartedMain] INFO  o.s.d.r.c.RepositoryConfigurationDelegate - Multiple Spring Data modules found, entering strict repository configuration mode!
20:34:28.058 [restartedMain] INFO  o.s.d.r.c.RepositoryConfigurationDelegate - Multiple Spring Data modules found, entering strict repository configuration mode!
20:34:28.231 [restartedMain] INFO  o.s.b.c.e.t.TomcatEmbeddedServletContainer - Tomcat initialized with port(s): 9090 (http)
20:34:28.231 [restartedMain] INFO  org.apache.catalina.core.StandardService - Starting service [Tomcat]
20:34:28.232 [restartedMain] INFO  org.apache.catalina.core.StandardEngine - Starting Servlet Engine: Apache Tomcat/8.5.23
20:34:28.327 [localhost-startStop-1] INFO  org.apache.jasper.servlet.TldScanner - At least one JAR was scanned for TLDs yet contained no TLDs. Enable debug logging for this logger for a complete list of JARs that were scanned but no TLDs were found in them. Skipping unneeded JARs during scanning can improve startup time and JSP compilation time.
20:34:28.329 [localhost-startStop-1] INFO  o.a.c.c.C.[Tomcat].[localhost].[/] - Initializing Spring embedded WebApplicationContext
20:34:28.329 [localhost-startStop-1] INFO  o.s.web.context.ContextLoader - Root WebApplicationContext: initialization completed in 641 ms
20:34:28.644 [localhost-startStop-1] INFO  o.s.o.j.LocalContainerEntityManagerFactoryBean - Building JPA container EntityManagerFactory for persistence unit 'default'
20:34:28.644 [localhost-startStop-1] INFO  o.hibernate.jpa.internal.util.LogHelper - HHH000204: Processing PersistenceUnitInfo [
	name: default
	...]
20:37:18.047 [restartedMain] INFO  edu.gzhu.its.ITSApplication - Starting ITSApplication on USERCHI-RRDBCTT with PID 13364 (started by Administrator in H:\Intelligent Tutoring System\Intelligent-Tutoring-System)
20:37:18.048 [restartedMain] INFO  edu.gzhu.its.ITSApplication - No active profile set, falling back to default profiles: default
20:37:18.075 [restartedMain] INFO  o.s.b.c.e.AnnotationConfigEmbeddedWebApplicationContext - Refreshing org.springframework.boot.context.embedded.AnnotationConfigEmbeddedWebApplicationContext@515b8186: startup date [Mon Mar 26 20:37:18 CST 2018]; root of context hierarchy
20:37:18.138 [background-preinit] INFO  o.h.validator.internal.util.Version - HV000001: Hibernate Validator 5.3.6.Final
20:37:18.902 [restartedMain] INFO  o.s.d.r.c.RepositoryConfigurationDelegate - Multiple Spring Data modules found, entering strict repository configuration mode!
20:37:18.947 [restartedMain] INFO  o.s.d.r.c.RepositoryConfigurationDelegate - Multiple Spring Data modules found, entering strict repository configuration mode!
20:37:19.701 [restartedMain] INFO  o.s.b.c.e.t.TomcatEmbeddedServletContainer - Tomcat initialized with port(s): 9090 (http)
20:37:19.707 [restartedMain] INFO  org.apache.catalina.core.StandardService - Starting service [Tomcat]
20:37:19.708 [restartedMain] INFO  org.apache.catalina.core.StandardEngine - Starting Servlet Engine: Apache Tomcat/8.5.23
20:37:19.879 [localhost-startStop-1] INFO  org.apache.jasper.servlet.TldScanner - At least one JAR was scanned for TLDs yet contained no TLDs. Enable debug logging for this logger for a complete list of JARs that were scanned but no TLDs were found in them. Skipping unneeded JARs during scanning can improve startup time and JSP compilation time.
20:37:19.884 [localhost-startStop-1] INFO  o.a.c.c.C.[Tomcat].[localhost].[/] - Initializing Spring embedded WebApplicationContext
20:37:19.884 [localhost-startStop-1] INFO  o.s.web.context.ContextLoader - Root WebApplicationContext: initialization completed in 1809 ms
20:37:20.567 [localhost-startStop-1] INFO  o.s.o.j.LocalContainerEntityManagerFactoryBean - Building JPA container EntityManagerFactory for persistence unit 'default'
20:37:20.575 [localhost-startStop-1] INFO  o.hibernate.jpa.internal.util.LogHelper - HHH000204: Processing PersistenceUnitInfo [
	name: default
	...]
20:37:20.617 [localhost-startStop-1] INFO  org.hibernate.Version - HHH000412: Hibernate Core {5.0.12.Final}
20:37:20.618 [localhost-startStop-1] INFO  org.hibernate.cfg.Environment - HHH000206: hibernate.properties not found
20:37:20.619 [localhost-startStop-1] INFO  org.hibernate.cfg.Environment - HHH000021: Bytecode provider name : javassist
20:37:20.648 [localhost-startStop-1] INFO  org.hibernate.annotations.common.Version - HCANN000001: Hibernate Commons Annotations {5.0.1.Final}
20:37:21.243 [localhost-startStop-1] INFO  com.alibaba.druid.pool.DruidDataSource - {dataSource-1} inited
20:37:21.264 [localhost-startStop-1] INFO  org.hibernate.dialect.Dialect - HHH000400: Using dialect: org.hibernate.dialect.MySQL5Dialect
20:37:21.674 [localhost-startStop-1] INFO  org.hibernate.tool.hbm2ddl.SchemaUpdate - HHH000228: Running hbm2ddl schema update
20:37:23.124 [localhost-startStop-1] INFO  o.s.o.j.LocalContainerEntityManagerFactoryBean - Initialized JPA EntityManagerFactory for persistence unit 'default'
20:37:23.170 [localhost-startStop-1] WARN  e.g.i.s.s.CtFilterSecurityInterceptor - Could not validate configuration attributes as the SecurityMetadataSource did not return any attributes from getAllConfigAttributes()
20:37:23.238 [localhost-startStop-1] INFO  o.s.b.web.servlet.FilterRegistrationBean - Mapping filter: 'characterEncodingFilter' to: [/*]
20:37:23.238 [localhost-startStop-1] INFO  o.s.b.web.servlet.FilterRegistrationBean - Mapping filter: 'hiddenHttpMethodFilter' to: [/*]
20:37:23.238 [localhost-startStop-1] INFO  o.s.b.web.servlet.FilterRegistrationBean - Mapping filter: 'httpPutFormContentFilter' to: [/*]
20:37:23.238 [localhost-startStop-1] INFO  o.s.b.web.servlet.FilterRegistrationBean - Mapping filter: 'requestContextFilter' to: [/*]
20:37:23.239 [localhost-startStop-1] INFO  o.s.b.w.s.DelegatingFilterProxyRegistrationBean - Mapping filter: 'springSecurityFilterChain' to: [/*]
20:37:23.239 [localhost-startStop-1] INFO  o.s.b.web.servlet.FilterRegistrationBean - Mapping filter: 'ctFilterSecurityInterceptor' to: [/*]
20:37:23.239 [localhost-startStop-1] INFO  o.s.b.w.servlet.ServletRegistrationBean - Mapping servlet: 'dispatcherServlet' to [/]
20:37:23.263 [localhost-startStop-1] WARN  o.a.c.c.C.[Tomcat].[localhost].[/] - Cannot deserialize session attribute [currentUser] for session [E7CE6D846904DCFBF5DBC3B9AE5E34B1]
20:37:23.268 [localhost-startStop-1] ERROR o.a.catalina.session.StandardManager - Exception loading sessions from persistent storage
java.lang.ClassCastException: java.io.NotSerializableException cannot be cast to java.lang.String
	at java.io.ObjectInputStream.readTypeString(ObjectInputStream.java:1421)
	at java.io.ObjectStreamClass.readNonProxy(ObjectStreamClass.java:719)
	at java.io.ObjectInputStream.readClassDescriptor(ObjectInputStream.java:833)
	at java.io.ObjectInputStream.readNonProxyDesc(ObjectInputStream.java:1609)
	at java.io.ObjectInputStream.readClassDesc(ObjectInputStream.java:1521)
	at java.io.ObjectInputStream.readNonProxyDesc(ObjectInputStream.java:1630)
	at java.io.ObjectInputStream.readClassDesc(ObjectInputStream.java:1521)
	at java.io.ObjectInputStream.readOrdinaryObject(ObjectInputStream.java:1781)
	at java.io.ObjectInputStream.readObject0(ObjectInputStream.java:1353)
	at java.io.ObjectInputStream.defaultReadFields(ObjectInputStream.java:2018)
	at java.io.ObjectInputStream.readSerialData(ObjectInputStream.java:1942)
	at java.io.ObjectInputStream.readOrdinaryObject(ObjectInputStream.java:1808)
	at java.io.ObjectInputStream.readObject0(ObjectInputStream.java:1353)
	at java.io.ObjectInputStream.defaultReadFields(ObjectInputStream.java:2018)
	at java.io.ObjectInputStream.readSerialData(ObjectInputStream.java:1942)
	at java.io.ObjectInputStream.readOrdinaryObject(ObjectInputStream.java:1808)
	at java.io.ObjectInputStream.readObject0(ObjectInputStream.java:1353)
	at java.io.ObjectInputStream.readObject(ObjectInputStream.java:373)
	at org.apache.catalina.session.StandardSession.doReadObject(StandardSession.java:1611)
	at org.apache.catalina.session.StandardSession.readObjectData(StandardSession.java:1077)
	at org.apache.catalina.session.StandardManager.doLoad(StandardManager.java:218)
	at org.apache.catalina.session.StandardManager.load(StandardManager.java:162)
	at org.apache.catalina.session.StandardManager.startInternal(StandardManager.java:356)
	at org.apache.catalina.util.LifecycleBase.start(LifecycleBase.java:150)
	at org.apache.catalina.core.StandardContext.startInternal(StandardContext.java:5224)
	at org.apache.catalina.util.LifecycleBase.start(LifecycleBase.java:150)
	at org.apache.catalina.core.ContainerBase$StartChild.call(ContainerBase.java:1419)
	at org.apache.catalina.core.ContainerBase$StartChild.call(ContainerBase.java:1409)
	at java.util.concurrent.FutureTask.run(FutureTask.java:266)
	at java.util.concurrent.ThreadPoolExecutor.runWorker(ThreadPoolExecutor.java:1142)
	at java.util.concurrent.ThreadPoolExecutor$Worker.run(ThreadPoolExecutor.java:617)
	at java.lang.Thread.run(Thread.java:745)
20:37:23.789 [restartedMain] INFO  o.s.c.ehcache.EhCacheManagerFactoryBean - Initializing EhCache CacheManager
20:37:24.172 [restartedMain] INFO  o.s.s.web.DefaultSecurityFilterChain - Creating filter chain: org.springframework.security.web.util.matcher.AnyRequestMatcher@1, [org.springframework.security.web.context.request.async.WebAsyncManagerIntegrationFilter@5eed064c, org.springframework.security.web.context.SecurityContextPersistenceFilter@1d9682cf, org.springframework.security.web.header.HeaderWriterFilter@7e6b954b, org.springframework.security.web.csrf.CsrfFilter@253c3206, org.springframework.security.web.authentication.logout.LogoutFilter@41e26ff0, org.springframework.security.web.authentication.UsernamePasswordAuthenticationFilter@5e1301e7, org.springframework.security.web.session.ConcurrentSessionFilter@263f6aa1, org.springframework.security.web.savedrequest.RequestCacheAwareFilter@2ceeeee6, org.springframework.security.web.servletapi.SecurityContextHolderAwareRequestFilter@4b46b920, org.springframework.security.web.authentication.rememberme.RememberMeAuthenticationFilter@8db2272, org.springframework.security.web.authentication.AnonymousAuthenticationFilter@36a73444, org.springframework.security.web.session.SessionManagementFilter@99de2d5, org.springframework.security.web.access.ExceptionTranslationFilter@48b931cd, org.springframework.security.web.access.intercept.FilterSecurityInterceptor@28dbc46e]
20:37:24.579 [restartedMain] INFO  o.s.w.s.m.m.a.RequestMappingHandlerAdapter - Looking for @ControllerAdvice: org.springframework.boot.context.embedded.AnnotationConfigEmbeddedWebApplicationContext@515b8186: startup date [Mon Mar 26 20:37:18 CST 2018]; root of context hierarchy
20:37:24.662 [restartedMain] INFO  o.s.w.s.m.m.a.RequestMappingHandlerMapping - Mapped "{[/saveRollCall],methods=[GET]}" onto public java.lang.String edu.gzhu.its.study.web.RollCallController.saveRollCall(org.springframework.ui.Model)
20:37:24.662 [restartedMain] INFO  o.s.w.s.m.m.a.RequestMappingHandlerMapping - Mapped "{[/rollCall],methods=[GET]}" onto public java.lang.String edu.gzhu.its.study.web.RollCallController.rollCall(org.springframework.ui.Model)
20:37:24.663 [restartedMain] INFO  o.s.w.s.m.m.a.RequestMappingHandlerMapping - Mapped "{[/rollCallList],methods=[GET]}" onto public java.lang.String edu.gzhu.its.study.web.RollCallController.rollCallList(java.lang.Integer,java.lang.Integer,org.springframework.ui.Model)
20:37:24.663 [restartedMain] INFO  o.s.w.s.m.m.a.RequestMappingHandlerMapping - Mapped "{[/showRollCall/{id}],methods=[GET]}" onto public java.lang.String edu.gzhu.its.study.web.RollCallController.showRollCall(int,org.springframework.ui.Model)
20:37:24.663 [restartedMain] INFO  o.s.w.s.m.m.a.RequestMappingHandlerMapping - Mapped "{[/submitRollCall],methods=[GET]}" onto public java.lang.String edu.gzhu.its.study.web.RollCallController.submitRollCall(org.springframework.ui.Model)
20:37:24.663 [restartedMain] INFO  o.s.w.s.m.m.a.RequestMappingHandlerMapping - Mapped "{[/admin/userList],methods=[GET]}" onto public java.lang.String edu.gzhu.its.system.web.AdminController.userList()
20:37:24.663 [restartedMain] INFO  o.s.w.s.m.m.a.RequestMappingHandlerMapping - Mapped "{[/admin],methods=[GET]}" onto public java.lang.String edu.gzhu.its.system.web.AdminController.admin(org.springframework.ui.Model)
20:37:24.664 [restartedMain] INFO  o.s.w.s.m.m.a.RequestMappingHandlerMapping - Mapped "{[ || / || /index]}" onto public java.lang.String edu.gzhu.its.system.web.IndexController.index()
20:37:24.664 [restartedMain] INFO  o.s.w.s.m.m.a.RequestMappingHandlerMapping - Mapped "{[/doLogin],methods=[POST]}" onto public java.lang.String edu.gzhu.its.system.web.LoginController.doLogin()
20:37:24.665 [restartedMain] INFO  o.s.w.s.m.m.a.RequestMappingHandlerMapping - Mapped "{[/login],methods=[GET]}" onto public java.lang.String edu.gzhu.its.system.web.LoginController.longin()
20:37:24.665 [restartedMain] INFO  o.s.w.s.m.m.a.RequestMappingHandlerMapping - Mapped "{[/userOnline],methods=[GET]}" onto public java.lang.String edu.gzhu.its.system.web.OnlineController.onLineUser(org.springframework.ui.Model)
20:37:24.665 [restartedMain] INFO  o.s.w.s.m.m.a.RequestMappingHandlerMapping - Mapped "{[/resource/list],methods=[GET]}" onto public java.lang.String edu.gzhu.its.system.web.ResourceController.list(java.lang.Integer,java.lang.Integer,org.springframework.ui.Model)
20:37:24.665 [restartedMain] INFO  o.s.w.s.m.m.a.RequestMappingHandlerMapping - Mapped "{[/resource/tree],methods=[GET]}" onto public java.lang.String edu.gzhu.its.system.web.ResourceController.tree()
20:37:24.666 [restartedMain] INFO  o.s.w.s.m.m.a.RequestMappingHandlerMapping - Mapped "{[/role/list],methods=[GET]}" onto public java.lang.String edu.gzhu.its.system.web.RoleController.list(java.lang.Integer,java.lang.Integer,org.springframework.ui.Model)
20:37:24.666 [restartedMain] INFO  o.s.w.s.m.m.a.RequestMappingHandlerMapping - Mapped "{[/user/list],methods=[GET]}" onto public java.lang.String edu.gzhu.its.system.web.UserController.list(java.lang.Integer,java.lang.Integer,org.springframework.ui.Model)
20:37:24.667 [restartedMain] INFO  o.s.w.s.m.m.a.RequestMappingHandlerMapping - Mapped "{[/user/user/userList1],methods=[GET]}" onto public edu.gzhu.its.base.model.TableSplitResult<edu.gzhu.its.system.entity.User> edu.gzhu.its.system.web.UserController.userList1(java.lang.Integer,java.lang.Integer)
20:37:24.668 [restartedMain] INFO  o.s.w.s.m.m.a.RequestMappingHandlerMapping - Mapped "{[/error]}" onto public org.springframework.http.ResponseEntity<java.util.Map<java.lang.String, java.lang.Object>> org.springframework.boot.autoconfigure.web.BasicErrorController.error(javax.servlet.http.HttpServletRequest)
20:37:24.668 [restartedMain] INFO  o.s.w.s.m.m.a.RequestMappingHandlerMapping - Mapped "{[/error],produces=[text/html]}" onto public org.springframework.web.servlet.ModelAndView org.springframework.boot.autoconfigure.web.BasicErrorController.errorHtml(javax.servlet.http.HttpServletRequest,javax.servlet.http.HttpServletResponse)
20:37:24.770 [restartedMain] INFO  o.s.w.s.handler.SimpleUrlHandlerMapping - Mapped URL path [/webjars/**] onto handler of type [class org.springframework.web.servlet.resource.ResourceHttpRequestHandler]
20:37:24.771 [restartedMain] INFO  o.s.w.s.handler.SimpleUrlHandlerMapping - Mapped URL path [/**] onto handler of type [class org.springframework.web.servlet.resource.ResourceHttpRequestHandler]
20:37:24.837 [restartedMain] INFO  o.s.w.s.handler.SimpleUrlHandlerMapping - Mapped URL path [/**/favicon.ico] onto handler of type [class org.springframework.web.servlet.resource.ResourceHttpRequestHandler]
20:37:25.819 [restartedMain] INFO  o.s.b.d.a.OptionalLiveReloadServer - LiveReload server is running on port 35729
20:37:26.032 [restartedMain] INFO  o.s.j.e.a.AnnotationMBeanExporter - Registering beans for JMX exposure on startup
20:37:26.034 [restartedMain] INFO  o.s.j.e.a.AnnotationMBeanExporter - Bean with name 'dataSource' has been autodetected for JMX exposure
20:37:26.040 [restartedMain] INFO  o.s.j.e.a.AnnotationMBeanExporter - Located MBean 'dataSource': registering with JMX server as MBean [com.alibaba.druid.pool:name=dataSource,type=DruidDataSource]
20:37:26.053 [restartedMain] INFO  o.apache.coyote.http11.Http11NioProtocol - Initializing ProtocolHandler ["http-nio-9090"]
20:37:26.062 [restartedMain] INFO  o.apache.coyote.http11.Http11NioProtocol - Starting ProtocolHandler ["http-nio-9090"]
20:37:26.070 [restartedMain] INFO  o.apache.tomcat.util.net.NioSelectorPool - Using a shared selector for servlet write/read
20:37:26.089 [restartedMain] INFO  o.s.b.c.e.t.TomcatEmbeddedServletContainer - Tomcat started on port(s): 9090 (http)
20:37:26.093 [restartedMain] INFO  edu.gzhu.its.ITSApplication - Started ITSApplication in 8.249 seconds (JVM running for 9.364)
20:37:28.244 [http-nio-9090-exec-1] INFO  o.apache.tomcat.util.http.parser.Cookie - A cookie header was received [1517237732,1517326477; Hm_lvt_4e222d0f68f7343ea619ae6920621f50=1522040453; JSESSIONID=E7CE6D846904DCFBF5DBC3B9AE5E34B1] that contained an invalid cookie. That cookie will be ignored.Note: further occurrences of this error will be logged at DEBUG level.
20:37:28.249 [http-nio-9090-exec-1] INFO  o.a.c.c.C.[Tomcat].[localhost].[/] - Initializing Spring FrameworkServlet 'dispatcherServlet'
20:37:28.249 [http-nio-9090-exec-1] INFO  o.s.web.servlet.DispatcherServlet - FrameworkServlet 'dispatcherServlet': initialization started
20:37:28.266 [http-nio-9090-exec-1] INFO  o.s.web.servlet.DispatcherServlet - FrameworkServlet 'dispatcherServlet': initialization completed in 16 ms
20:37:28.327 [http-nio-9090-exec-1] INFO  o.h.h.i.QueryTranslatorFactoryInitiator - HHH000397: Using ASTQueryTranslatorFactory
20:37:30.332 [http-nio-9090-exec-5] WARN  o.h.hql.internal.ast.HqlSqlWalker - [DEPRECATION] Encountered positional parameter near line 1, column 57 in HQL: [from edu.gzhu.its.system.entity.User u WHERE u.username=?].  Positional parameter are considered deprecated; use named parameters or JPA-style positional parameters instead.
20:39:02.601 [http-nio-9090-exec-4] WARN  o.h.hql.internal.ast.HqlSqlWalker - [DEPRECATION] Encountered positional parameter near line 1, column 67 in HQL: [from edu.gzhu.its.study.entity.RollCallInfo u WHERE u.rollCall.id=?].  Positional parameter are considered deprecated; use named parameters or JPA-style positional parameters instead.
