00:27:54.784 [restartedMain] INFO  edu.gzhu.its.ITSApplication - Starting ITSApplication on USERCHI-RRDBCTT with PID 5404 (started by Administrator in H:\Intelligent Tutoring System\Intelligent-Tutoring-System)
00:27:54.785 [restartedMain] INFO  edu.gzhu.its.ITSApplication - No active profile set, falling back to default profiles: default
00:27:54.818 [restartedMain] INFO  o.s.b.c.e.AnnotationConfigEmbeddedWebApplicationContext - Refreshing org.springframework.boot.context.embedded.AnnotationConfigEmbeddedWebApplicationContext@11d76b26: startup date [Tue Mar 13 00:27:54 CST 2018]; root of context hierarchy
00:27:54.957 [background-preinit] INFO  o.h.validator.internal.util.Version - HV000001: Hibernate Validator 5.3.6.Final
00:27:55.611 [restartedMain] INFO  o.s.d.r.c.RepositoryConfigurationDelegate - Multiple Spring Data modules found, entering strict repository configuration mode!
00:27:55.661 [restartedMain] INFO  o.s.d.r.c.RepositoryConfigurationDelegate - Multiple Spring Data modules found, entering strict repository configuration mode!
00:27:56.401 [restartedMain] INFO  o.s.b.c.e.t.TomcatEmbeddedServletContainer - Tomcat initialized with port(s): 9090 (http)
00:27:56.409 [restartedMain] INFO  org.apache.catalina.core.StandardService - Starting service [Tomcat]
00:27:56.410 [restartedMain] INFO  org.apache.catalina.core.StandardEngine - Starting Servlet Engine: Apache Tomcat/8.5.23
00:27:56.626 [localhost-startStop-1] INFO  org.apache.jasper.servlet.TldScanner - At least one JAR was scanned for TLDs yet contained no TLDs. Enable debug logging for this logger for a complete list of JARs that were scanned but no TLDs were found in them. Skipping unneeded JARs during scanning can improve startup time and JSP compilation time.
00:27:56.631 [localhost-startStop-1] INFO  o.a.c.c.C.[Tomcat].[localhost].[/] - Initializing Spring embedded WebApplicationContext
00:27:56.632 [localhost-startStop-1] INFO  o.s.web.context.ContextLoader - Root WebApplicationContext: initialization completed in 1814 ms
00:27:57.233 [localhost-startStop-1] INFO  o.s.o.j.LocalContainerEntityManagerFactoryBean - Building JPA container EntityManagerFactory for persistence unit 'default'
00:27:57.245 [localhost-startStop-1] INFO  o.hibernate.jpa.internal.util.LogHelper - HHH000204: Processing PersistenceUnitInfo [
	name: default
	...]
00:27:57.337 [localhost-startStop-1] INFO  org.hibernate.Version - HHH000412: Hibernate Core {5.0.12.Final}
00:27:57.339 [localhost-startStop-1] INFO  org.hibernate.cfg.Environment - HHH000206: hibernate.properties not found
00:27:57.339 [localhost-startStop-1] INFO  org.hibernate.cfg.Environment - HHH000021: Bytecode provider name : javassist
00:27:57.388 [localhost-startStop-1] INFO  org.hibernate.annotations.common.Version - HCANN000001: Hibernate Commons Annotations {5.0.1.Final}
00:27:58.235 [localhost-startStop-1] INFO  com.alibaba.druid.pool.DruidDataSource - {dataSource-1} inited
00:27:58.246 [localhost-startStop-1] INFO  org.hibernate.dialect.Dialect - HHH000400: Using dialect: org.hibernate.dialect.MySQL5Dialect
00:27:58.651 [localhost-startStop-1] INFO  org.hibernate.tool.hbm2ddl.SchemaUpdate - HHH000228: Running hbm2ddl schema update
00:28:03.332 [localhost-startStop-1] INFO  o.s.o.j.LocalContainerEntityManagerFactoryBean - Initialized JPA EntityManagerFactory for persistence unit 'default'
00:28:03.374 [localhost-startStop-1] WARN  e.g.i.s.s.CtFilterSecurityInterceptor - Could not validate configuration attributes as the SecurityMetadataSource did not return any attributes from getAllConfigAttributes()
00:28:03.418 [localhost-startStop-1] INFO  o.s.b.web.servlet.FilterRegistrationBean - Mapping filter: 'characterEncodingFilter' to: [/*]
00:28:03.418 [localhost-startStop-1] INFO  o.s.b.web.servlet.FilterRegistrationBean - Mapping filter: 'hiddenHttpMethodFilter' to: [/*]
00:28:03.418 [localhost-startStop-1] INFO  o.s.b.web.servlet.FilterRegistrationBean - Mapping filter: 'httpPutFormContentFilter' to: [/*]
00:28:03.418 [localhost-startStop-1] INFO  o.s.b.web.servlet.FilterRegistrationBean - Mapping filter: 'requestContextFilter' to: [/*]
00:28:03.419 [localhost-startStop-1] INFO  o.s.b.w.s.DelegatingFilterProxyRegistrationBean - Mapping filter: 'springSecurityFilterChain' to: [/*]
00:28:03.419 [localhost-startStop-1] INFO  o.s.b.web.servlet.FilterRegistrationBean - Mapping filter: 'ctFilterSecurityInterceptor' to: [/*]
00:28:03.419 [localhost-startStop-1] INFO  o.s.b.w.servlet.ServletRegistrationBean - Mapping servlet: 'dispatcherServlet' to [/]
00:28:03.759 [restartedMain] INFO  o.s.c.ehcache.EhCacheManagerFactoryBean - Initializing EhCache CacheManager
00:28:04.130 [restartedMain] INFO  o.s.s.web.DefaultSecurityFilterChain - Creating filter chain: org.springframework.security.web.util.matcher.AnyRequestMatcher@1, [org.springframework.security.web.context.request.async.WebAsyncManagerIntegrationFilter@21e80229, org.springframework.security.web.context.SecurityContextPersistenceFilter@2899294, org.springframework.security.web.header.HeaderWriterFilter@29657e6e, org.springframework.security.web.csrf.CsrfFilter@448576ae, org.springframework.security.web.authentication.logout.LogoutFilter@3f6ec67d, org.springframework.security.web.authentication.UsernamePasswordAuthenticationFilter@53581ed0, org.springframework.security.web.session.ConcurrentSessionFilter@505cf9d0, org.springframework.security.web.savedrequest.RequestCacheAwareFilter@5c9df456, org.springframework.security.web.servletapi.SecurityContextHolderAwareRequestFilter@9d98554, org.springframework.security.web.authentication.rememberme.RememberMeAuthenticationFilter@603fc7cc, org.springframework.security.web.authentication.AnonymousAuthenticationFilter@2eaaaee9, org.springframework.security.web.session.SessionManagementFilter@6e97f8f0, org.springframework.security.web.access.ExceptionTranslationFilter@512c723d, org.springframework.security.web.access.intercept.FilterSecurityInterceptor@1d10e7dc]
00:28:04.340 [restartedMain] INFO  o.s.w.s.m.m.a.RequestMappingHandlerAdapter - Looking for @ControllerAdvice: org.springframework.boot.context.embedded.AnnotationConfigEmbeddedWebApplicationContext@11d76b26: startup date [Tue Mar 13 00:27:54 CST 2018]; root of context hierarchy
00:28:04.402 [restartedMain] INFO  o.s.w.s.m.m.a.RequestMappingHandlerMapping - Mapped "{[/rollCall],methods=[GET]}" onto public java.lang.String edu.gzhu.its.study.web.RollCallController.rollCall(org.springframework.ui.Model)
00:28:04.402 [restartedMain] INFO  o.s.w.s.m.m.a.RequestMappingHandlerMapping - Mapped "{[/submitRollCall],methods=[GET]}" onto public java.lang.String edu.gzhu.its.study.web.RollCallController.submitRollCall(org.springframework.ui.Model)
00:28:04.402 [restartedMain] INFO  o.s.w.s.m.m.a.RequestMappingHandlerMapping - Mapped "{[/saveRollCall],methods=[GET]}" onto public java.lang.String edu.gzhu.its.study.web.RollCallController.saveRollCall(org.springframework.ui.Model)
00:28:04.403 [restartedMain] INFO  o.s.w.s.m.m.a.RequestMappingHandlerMapping - Mapped "{[/admin/userList],methods=[GET]}" onto public java.lang.String edu.gzhu.its.system.web.AdminController.userList()
00:28:04.403 [restartedMain] INFO  o.s.w.s.m.m.a.RequestMappingHandlerMapping - Mapped "{[/admin],methods=[GET]}" onto public java.lang.String edu.gzhu.its.system.web.AdminController.admin(org.springframework.ui.Model)
00:28:04.403 [restartedMain] INFO  o.s.w.s.m.m.a.RequestMappingHandlerMapping - Mapped "{[ || / || /index]}" onto public java.lang.String edu.gzhu.its.system.web.IndexController.index()
00:28:04.404 [restartedMain] INFO  o.s.w.s.m.m.a.RequestMappingHandlerMapping - Mapped "{[/login],methods=[GET]}" onto public java.lang.String edu.gzhu.its.system.web.LoginController.longin()
00:28:04.404 [restartedMain] INFO  o.s.w.s.m.m.a.RequestMappingHandlerMapping - Mapped "{[/doLogin],methods=[POST]}" onto public java.lang.String edu.gzhu.its.system.web.LoginController.doLogin()
00:28:04.405 [restartedMain] INFO  o.s.w.s.m.m.a.RequestMappingHandlerMapping - Mapped "{[/userOnline],methods=[GET]}" onto public java.lang.String edu.gzhu.its.system.web.OnlineController.onLineUser(org.springframework.ui.Model)
00:28:04.405 [restartedMain] INFO  o.s.w.s.m.m.a.RequestMappingHandlerMapping - Mapped "{[/resource/list],methods=[GET]}" onto public java.lang.String edu.gzhu.its.system.web.ResourceController.list(java.lang.Integer,java.lang.Integer,org.springframework.ui.Model)
00:28:04.405 [restartedMain] INFO  o.s.w.s.m.m.a.RequestMappingHandlerMapping - Mapped "{[/resource/tree],methods=[GET]}" onto public java.lang.String edu.gzhu.its.system.web.ResourceController.tree()
00:28:04.406 [restartedMain] INFO  o.s.w.s.m.m.a.RequestMappingHandlerMapping - Mapped "{[/role/list],methods=[GET]}" onto public java.lang.String edu.gzhu.its.system.web.RoleController.list(java.lang.Integer,java.lang.Integer,org.springframework.ui.Model)
00:28:04.406 [restartedMain] INFO  o.s.w.s.m.m.a.RequestMappingHandlerMapping - Mapped "{[/user/list],methods=[GET]}" onto public java.lang.String edu.gzhu.its.system.web.UserController.list(java.lang.Integer,java.lang.Integer,org.springframework.ui.Model)
00:28:04.406 [restartedMain] INFO  o.s.w.s.m.m.a.RequestMappingHandlerMapping - Mapped "{[/user/user/userList1],methods=[GET]}" onto public edu.gzhu.its.base.model.TableSplitResult<edu.gzhu.its.system.entity.User> edu.gzhu.its.system.web.UserController.userList1(java.lang.Integer,java.lang.Integer)
00:28:04.407 [restartedMain] INFO  o.s.w.s.m.m.a.RequestMappingHandlerMapping - Mapped "{[/error]}" onto public org.springframework.http.ResponseEntity<java.util.Map<java.lang.String, java.lang.Object>> org.springframework.boot.autoconfigure.web.BasicErrorController.error(javax.servlet.http.HttpServletRequest)
00:28:04.408 [restartedMain] INFO  o.s.w.s.m.m.a.RequestMappingHandlerMapping - Mapped "{[/error],produces=[text/html]}" onto public org.springframework.web.servlet.ModelAndView org.springframework.boot.autoconfigure.web.BasicErrorController.errorHtml(javax.servlet.http.HttpServletRequest,javax.servlet.http.HttpServletResponse)
00:28:04.459 [restartedMain] INFO  o.s.w.s.handler.SimpleUrlHandlerMapping - Mapped URL path [/webjars/**] onto handler of type [class org.springframework.web.servlet.resource.ResourceHttpRequestHandler]
00:28:04.459 [restartedMain] INFO  o.s.w.s.handler.SimpleUrlHandlerMapping - Mapped URL path [/**] onto handler of type [class org.springframework.web.servlet.resource.ResourceHttpRequestHandler]
00:28:04.496 [restartedMain] INFO  o.s.w.s.handler.SimpleUrlHandlerMapping - Mapped URL path [/**/favicon.ico] onto handler of type [class org.springframework.web.servlet.resource.ResourceHttpRequestHandler]
00:28:05.280 [restartedMain] INFO  o.s.b.d.a.OptionalLiveReloadServer - LiveReload server is running on port 35729
00:28:05.325 [restartedMain] INFO  o.s.j.e.a.AnnotationMBeanExporter - Registering beans for JMX exposure on startup
00:28:05.326 [restartedMain] INFO  o.s.j.e.a.AnnotationMBeanExporter - Bean with name 'dataSource' has been autodetected for JMX exposure
00:28:05.330 [restartedMain] INFO  o.s.j.e.a.AnnotationMBeanExporter - Located MBean 'dataSource': registering with JMX server as MBean [com.alibaba.druid.pool:name=dataSource,type=DruidDataSource]
00:28:05.343 [restartedMain] INFO  o.apache.coyote.http11.Http11NioProtocol - Initializing ProtocolHandler ["http-nio-9090"]
00:28:05.353 [restartedMain] INFO  o.apache.coyote.http11.Http11NioProtocol - Starting ProtocolHandler ["http-nio-9090"]
00:28:05.364 [restartedMain] INFO  o.apache.tomcat.util.net.NioSelectorPool - Using a shared selector for servlet write/read
00:28:05.387 [restartedMain] INFO  o.s.b.c.e.t.TomcatEmbeddedServletContainer - Tomcat started on port(s): 9090 (http)
00:28:05.391 [restartedMain] INFO  edu.gzhu.its.ITSApplication - Started ITSApplication in 10.882 seconds (JVM running for 11.506)
00:28:23.466 [http-nio-9090-exec-1] INFO  o.apache.tomcat.util.http.parser.Cookie - A cookie header was received [1517237732,1517326477; Hm_lvt_4e222d0f68f7343ea619ae6920621f50=1520264010,1520293947,1520609791,1520612890; JSESSIONID=A28C4C7E2802CF904FB59456289A4C17] that contained an invalid cookie. That cookie will be ignored.Note: further occurrences of this error will be logged at DEBUG level.
00:28:23.472 [http-nio-9090-exec-1] INFO  o.a.c.c.C.[Tomcat].[localhost].[/] - Initializing Spring FrameworkServlet 'dispatcherServlet'
00:28:23.472 [http-nio-9090-exec-1] INFO  o.s.web.servlet.DispatcherServlet - FrameworkServlet 'dispatcherServlet': initialization started
00:28:23.486 [http-nio-9090-exec-1] INFO  o.s.web.servlet.DispatcherServlet - FrameworkServlet 'dispatcherServlet': initialization completed in 14 ms
00:28:23.686 [http-nio-9090-exec-1] INFO  o.h.h.i.QueryTranslatorFactoryInitiator - HHH000397: Using ASTQueryTranslatorFactory
00:28:25.950 [http-nio-9090-exec-9] WARN  o.h.hql.internal.ast.HqlSqlWalker - [DEPRECATION] Encountered positional parameter near line 1, column 57 in HQL: [from edu.gzhu.its.system.entity.User u WHERE u.username=?].  Positional parameter are considered deprecated; use named parameters or JPA-style positional parameters instead.
00:29:27.516 [http-nio-9090-exec-9] ERROR o.a.c.c.C.[.[.[/].[dispatcherServlet] - Servlet.service() for servlet [dispatcherServlet] in context with path [] threw exception [Request processing failed; nested exception is java.lang.NullPointerException] with root cause
java.lang.NullPointerException: null
	at edu.gzhu.its.study.web.RollCallController.saveRollCall(RollCallController.java:94)
	at sun.reflect.NativeMethodAccessorImpl.invoke0(Native Method)
	at sun.reflect.NativeMethodAccessorImpl.invoke(NativeMethodAccessorImpl.java:62)
	at sun.reflect.DelegatingMethodAccessorImpl.invoke(DelegatingMethodAccessorImpl.java:43)
	at java.lang.reflect.Method.invoke(Method.java:498)
	at org.springframework.web.method.support.InvocableHandlerMethod.doInvoke(InvocableHandlerMethod.java:205)
	at org.springframework.web.method.support.InvocableHandlerMethod.invokeForRequest(InvocableHandlerMethod.java:133)
	at org.springframework.web.servlet.mvc.method.annotation.ServletInvocableHandlerMethod.invokeAndHandle(ServletInvocableHandlerMethod.java:97)
	at org.springframework.web.servlet.mvc.method.annotation.RequestMappingHandlerAdapter.invokeHandlerMethod(RequestMappingHandlerAdapter.java:827)
	at org.springframework.web.servlet.mvc.method.annotation.RequestMappingHandlerAdapter.handleInternal(RequestMappingHandlerAdapter.java:738)
	at org.springframework.web.servlet.mvc.method.AbstractHandlerMethodAdapter.handle(AbstractHandlerMethodAdapter.java:85)
	at org.springframework.web.servlet.DispatcherServlet.doDispatch(DispatcherServlet.java:967)
	at org.springframework.web.servlet.DispatcherServlet.doService(DispatcherServlet.java:901)
	at org.springframework.web.servlet.FrameworkServlet.processRequest(FrameworkServlet.java:970)
	at org.springframework.web.servlet.FrameworkServlet.doGet(FrameworkServlet.java:861)
	at javax.servlet.http.HttpServlet.service(HttpServlet.java:635)
	at org.springframework.web.servlet.FrameworkServlet.service(FrameworkServlet.java:846)
	at javax.servlet.http.HttpServlet.service(HttpServlet.java:742)
	at org.apache.catalina.core.ApplicationFilterChain.internalDoFilter(ApplicationFilterChain.java:231)
	at org.apache.catalina.core.ApplicationFilterChain.doFilter(ApplicationFilterChain.java:166)
	at org.apache.tomcat.websocket.server.WsFilter.doFilter(WsFilter.java:52)
	at org.apache.catalina.core.ApplicationFilterChain.internalDoFilter(ApplicationFilterChain.java:193)
	at org.apache.catalina.core.ApplicationFilterChain.doFilter(ApplicationFilterChain.java:166)
	at edu.gzhu.its.system.security.CtFilterSecurityInterceptor.invoke(CtFilterSecurityInterceptor.java:46)
	at edu.gzhu.its.system.security.CtFilterSecurityInterceptor.doFilter(CtFilterSecurityInterceptor.java:33)
	at org.apache.catalina.core.ApplicationFilterChain.internalDoFilter(ApplicationFilterChain.java:193)
	at org.apache.catalina.core.ApplicationFilterChain.doFilter(ApplicationFilterChain.java:166)
	at org.springframework.security.web.FilterChainProxy$VirtualFilterChain.doFilter(FilterChainProxy.java:317)
	at org.springframework.security.web.access.intercept.FilterSecurityInterceptor.invoke(FilterSecurityInterceptor.java:127)
	at org.springframework.security.web.access.intercept.FilterSecurityInterceptor.doFilter(FilterSecurityInterceptor.java:91)
	at org.springframework.security.web.FilterChainProxy$VirtualFilterChain.doFilter(FilterChainProxy.java:331)
	at org.springframework.security.web.access.ExceptionTranslationFilter.doFilter(ExceptionTranslationFilter.java:114)
	at org.springframework.security.web.FilterChainProxy$VirtualFilterChain.doFilter(FilterChainProxy.java:331)
	at org.springframework.security.web.session.SessionManagementFilter.doFilter(SessionManagementFilter.java:137)
	at org.springframework.security.web.FilterChainProxy$VirtualFilterChain.doFilter(FilterChainProxy.java:331)
	at org.springframework.security.web.authentication.AnonymousAuthenticationFilter.doFilter(AnonymousAuthenticationFilter.java:111)
	at org.springframework.security.web.FilterChainProxy$VirtualFilterChain.doFilter(FilterChainProxy.java:331)
	at org.springframework.security.web.authentication.rememberme.RememberMeAuthenticationFilter.doFilter(RememberMeAuthenticationFilter.java:158)
	at org.springframework.security.web.FilterChainProxy$VirtualFilterChain.doFilter(FilterChainProxy.java:331)
	at org.springframework.security.web.servletapi.SecurityContextHolderAwareRequestFilter.doFilter(SecurityContextHolderAwareRequestFilter.java:170)
	at org.springframework.security.web.FilterChainProxy$VirtualFilterChain.doFilter(FilterChainProxy.java:331)
	at org.springframework.security.web.savedrequest.RequestCacheAwareFilter.doFilter(RequestCacheAwareFilter.java:63)
	at org.springframework.security.web.FilterChainProxy$VirtualFilterChain.doFilter(FilterChainProxy.java:331)
	at org.springframework.security.web.session.ConcurrentSessionFilter.doFilter(ConcurrentSessionFilter.java:155)
	at org.springframework.security.web.FilterChainProxy$VirtualFilterChain.doFilter(FilterChainProxy.java:331)
	at org.springframework.security.web.authentication.AbstractAuthenticationProcessingFilter.doFilter(AbstractAuthenticationProcessingFilter.java:200)
	at org.springframework.security.web.FilterChainProxy$VirtualFilterChain.doFilter(FilterChainProxy.java:331)
	at org.springframework.security.web.authentication.logout.LogoutFilter.doFilter(LogoutFilter.java:116)
	at org.springframework.security.web.FilterChainProxy$VirtualFilterChain.doFilter(FilterChainProxy.java:331)
	at org.springframework.security.web.csrf.CsrfFilter.doFilterInternal(CsrfFilter.java:100)
	at org.springframework.web.filter.OncePerRequestFilter.doFilter(OncePerRequestFilter.java:107)
	at org.springframework.security.web.FilterChainProxy$VirtualFilterChain.doFilter(FilterChainProxy.java:331)
	at org.springframework.security.web.header.HeaderWriterFilter.doFilterInternal(HeaderWriterFilter.java:64)
	at org.springframework.web.filter.OncePerRequestFilter.doFilter(OncePerRequestFilter.java:107)
	at org.springframework.security.web.FilterChainProxy$VirtualFilterChain.doFilter(FilterChainProxy.java:331)
	at org.springframework.security.web.context.SecurityContextPersistenceFilter.doFilter(SecurityContextPersistenceFilter.java:105)
	at org.springframework.security.web.FilterChainProxy$VirtualFilterChain.doFilter(FilterChainProxy.java:331)
	at org.springframework.security.web.context.request.async.WebAsyncManagerIntegrationFilter.doFilterInternal(WebAsyncManagerIntegrationFilter.java:56)
	at org.springframework.web.filter.OncePerRequestFilter.doFilter(OncePerRequestFilter.java:107)
	at org.springframework.security.web.FilterChainProxy$VirtualFilterChain.doFilter(FilterChainProxy.java:331)
	at org.springframework.security.web.FilterChainProxy.doFilterInternal(FilterChainProxy.java:214)
	at org.springframework.security.web.FilterChainProxy.doFilter(FilterChainProxy.java:177)
	at org.springframework.web.filter.DelegatingFilterProxy.invokeDelegate(DelegatingFilterProxy.java:347)
	at org.springframework.web.filter.DelegatingFilterProxy.doFilter(DelegatingFilterProxy.java:263)
	at org.apache.catalina.core.ApplicationFilterChain.internalDoFilter(ApplicationFilterChain.java:193)
	at org.apache.catalina.core.ApplicationFilterChain.doFilter(ApplicationFilterChain.java:166)
	at org.springframework.web.filter.RequestContextFilter.doFilterInternal(RequestContextFilter.java:99)
	at org.springframework.web.filter.OncePerRequestFilter.doFilter(OncePerRequestFilter.java:107)
	at org.apache.catalina.core.ApplicationFilterChain.internalDoFilter(ApplicationFilterChain.java:193)
	at org.apache.catalina.core.ApplicationFilterChain.doFilter(ApplicationFilterChain.java:166)
	at org.springframework.web.filter.HttpPutFormContentFilter.doFilterInternal(HttpPutFormContentFilter.java:108)
	at org.springframework.web.filter.OncePerRequestFilter.doFilter(OncePerRequestFilter.java:107)
	at org.apache.catalina.core.ApplicationFilterChain.internalDoFilter(ApplicationFilterChain.java:193)
	at org.apache.catalina.core.ApplicationFilterChain.doFilter(ApplicationFilterChain.java:166)
	at org.springframework.web.filter.HiddenHttpMethodFilter.doFilterInternal(HiddenHttpMethodFilter.java:81)
	at org.springframework.web.filter.OncePerRequestFilter.doFilter(OncePerRequestFilter.java:107)
	at org.apache.catalina.core.ApplicationFilterChain.internalDoFilter(ApplicationFilterChain.java:193)
	at org.apache.catalina.core.ApplicationFilterChain.doFilter(ApplicationFilterChain.java:166)
	at org.springframework.web.filter.CharacterEncodingFilter.doFilterInternal(CharacterEncodingFilter.java:197)
	at org.springframework.web.filter.OncePerRequestFilter.doFilter(OncePerRequestFilter.java:107)
	at org.apache.catalina.core.ApplicationFilterChain.internalDoFilter(ApplicationFilterChain.java:193)
	at org.apache.catalina.core.ApplicationFilterChain.doFilter(ApplicationFilterChain.java:166)
	at org.apache.catalina.core.StandardWrapperValve.invoke(StandardWrapperValve.java:199)
	at org.apache.catalina.core.StandardContextValve.invoke(StandardContextValve.java:96)
	at org.apache.catalina.authenticator.AuthenticatorBase.invoke(AuthenticatorBase.java:478)
	at org.apache.catalina.core.StandardHostValve.invoke(StandardHostValve.java:140)
	at org.apache.catalina.valves.ErrorReportValve.invoke(ErrorReportValve.java:81)
	at org.apache.catalina.core.StandardEngineValve.invoke(StandardEngineValve.java:87)
	at org.apache.catalina.connector.CoyoteAdapter.service(CoyoteAdapter.java:342)
	at org.apache.coyote.http11.Http11Processor.service(Http11Processor.java:803)
	at org.apache.coyote.AbstractProcessorLight.process(AbstractProcessorLight.java:66)
	at org.apache.coyote.AbstractProtocol$ConnectionHandler.process(AbstractProtocol.java:868)
	at org.apache.tomcat.util.net.NioEndpoint$SocketProcessor.doRun(NioEndpoint.java:1459)
	at org.apache.tomcat.util.net.SocketProcessorBase.run(SocketProcessorBase.java:49)
	at java.util.concurrent.ThreadPoolExecutor.runWorker(ThreadPoolExecutor.java:1142)
	at java.util.concurrent.ThreadPoolExecutor$Worker.run(ThreadPoolExecutor.java:617)
	at org.apache.tomcat.util.threads.TaskThread$WrappingRunnable.run(TaskThread.java:61)
	at java.lang.Thread.run(Thread.java:745)
00:40:10.866 [Thread-8] INFO  o.s.b.c.e.AnnotationConfigEmbeddedWebApplicationContext - Closing org.springframework.boot.context.embedded.AnnotationConfigEmbeddedWebApplicationContext@11d76b26: startup date [Tue Mar 13 00:27:54 CST 2018]; root of context hierarchy
00:40:10.872 [Thread-8] INFO  o.s.j.e.a.AnnotationMBeanExporter - Unregistering JMX-exposed beans on shutdown
00:40:10.874 [Thread-8] INFO  o.s.j.e.a.AnnotationMBeanExporter - Unregistering JMX-exposed beans
00:40:10.876 [Thread-8] INFO  o.s.c.ehcache.EhCacheManagerFactoryBean - Shutting down EhCache CacheManager
00:40:10.910 [Thread-8] INFO  o.s.o.j.LocalContainerEntityManagerFactoryBean - Closing JPA EntityManagerFactory for persistence unit 'default'
00:40:10.921 [Thread-8] INFO  com.alibaba.druid.pool.DruidDataSource - {dataSource-1} closed
00:40:11.415 [restartedMain] INFO  edu.gzhu.its.ITSApplication - Starting ITSApplication on USERCHI-RRDBCTT with PID 5404 (started by Administrator in H:\Intelligent Tutoring System\Intelligent-Tutoring-System)
00:40:11.415 [restartedMain] INFO  edu.gzhu.its.ITSApplication - No active profile set, falling back to default profiles: default
00:40:11.417 [restartedMain] INFO  o.s.b.c.e.AnnotationConfigEmbeddedWebApplicationContext - Refreshing org.springframework.boot.context.embedded.AnnotationConfigEmbeddedWebApplicationContext@3b349076: startup date [Tue Mar 13 00:40:11 CST 2018]; root of context hierarchy
00:40:11.772 [restartedMain] INFO  o.s.d.r.c.RepositoryConfigurationDelegate - Multiple Spring Data modules found, entering strict repository configuration mode!
00:40:11.806 [restartedMain] INFO  o.s.d.r.c.RepositoryConfigurationDelegate - Multiple Spring Data modules found, entering strict repository configuration mode!
00:40:11.972 [restartedMain] INFO  o.s.b.c.e.t.TomcatEmbeddedServletContainer - Tomcat initialized with port(s): 9090 (http)
00:40:11.973 [restartedMain] INFO  org.apache.catalina.core.StandardService - Starting service [Tomcat]
00:40:11.973 [restartedMain] INFO  org.apache.catalina.core.StandardEngine - Starting Servlet Engine: Apache Tomcat/8.5.23
00:40:12.055 [localhost-startStop-1] INFO  org.apache.jasper.servlet.TldScanner - At least one JAR was scanned for TLDs yet contained no TLDs. Enable debug logging for this logger for a complete list of JARs that were scanned but no TLDs were found in them. Skipping unneeded JARs during scanning can improve startup time and JSP compilation time.
00:40:12.058 [localhost-startStop-1] INFO  o.a.c.c.C.[Tomcat].[localhost].[/] - Initializing Spring embedded WebApplicationContext
00:40:12.058 [localhost-startStop-1] INFO  o.s.web.context.ContextLoader - Root WebApplicationContext: initialization completed in 641 ms
00:40:12.305 [localhost-startStop-1] INFO  o.s.o.j.LocalContainerEntityManagerFactoryBean - Building JPA container EntityManagerFactory for persistence unit 'default'
00:40:12.305 [localhost-startStop-1] INFO  o.hibernate.jpa.internal.util.LogHelper - HHH000204: Processing PersistenceUnitInfo [
	name: default
	...]
00:40:12.595 [localhost-startStop-1] INFO  com.alibaba.druid.pool.DruidDataSource - {dataSource-2} inited
00:40:12.595 [localhost-startStop-1] INFO  org.hibernate.dialect.Dialect - HHH000400: Using dialect: org.hibernate.dialect.MySQL5Dialect
00:40:12.660 [localhost-startStop-1] INFO  org.hibernate.tool.hbm2ddl.SchemaUpdate - HHH000228: Running hbm2ddl schema update
00:45:07.310 [restartedMain] INFO  edu.gzhu.its.ITSApplication - Starting ITSApplication on USERCHI-RRDBCTT with PID 872 (started by Administrator in H:\Intelligent Tutoring System\Intelligent-Tutoring-System)
00:45:07.310 [restartedMain] INFO  edu.gzhu.its.ITSApplication - No active profile set, falling back to default profiles: default
00:45:07.351 [restartedMain] INFO  o.s.b.c.e.AnnotationConfigEmbeddedWebApplicationContext - Refreshing org.springframework.boot.context.embedded.AnnotationConfigEmbeddedWebApplicationContext@73d429c7: startup date [Tue Mar 13 00:45:07 CST 2018]; root of context hierarchy
00:45:07.496 [background-preinit] INFO  o.h.validator.internal.util.Version - HV000001: Hibernate Validator 5.3.6.Final
00:45:08.130 [restartedMain] INFO  o.s.d.r.c.RepositoryConfigurationDelegate - Multiple Spring Data modules found, entering strict repository configuration mode!
00:45:08.183 [restartedMain] INFO  o.s.d.r.c.RepositoryConfigurationDelegate - Multiple Spring Data modules found, entering strict repository configuration mode!
00:45:08.953 [restartedMain] INFO  o.s.b.c.e.t.TomcatEmbeddedServletContainer - Tomcat initialized with port(s): 9090 (http)
00:45:08.962 [restartedMain] INFO  org.apache.catalina.core.StandardService - Starting service [Tomcat]
00:45:08.963 [restartedMain] INFO  org.apache.catalina.core.StandardEngine - Starting Servlet Engine: Apache Tomcat/8.5.23
00:45:09.178 [localhost-startStop-1] INFO  org.apache.jasper.servlet.TldScanner - At least one JAR was scanned for TLDs yet contained no TLDs. Enable debug logging for this logger for a complete list of JARs that were scanned but no TLDs were found in them. Skipping unneeded JARs during scanning can improve startup time and JSP compilation time.
00:45:09.183 [localhost-startStop-1] INFO  o.a.c.c.C.[Tomcat].[localhost].[/] - Initializing Spring embedded WebApplicationContext
00:45:09.183 [localhost-startStop-1] INFO  o.s.web.context.ContextLoader - Root WebApplicationContext: initialization completed in 1832 ms
00:45:09.763 [localhost-startStop-1] INFO  o.s.o.j.LocalContainerEntityManagerFactoryBean - Building JPA container EntityManagerFactory for persistence unit 'default'
00:45:09.777 [localhost-startStop-1] INFO  o.hibernate.jpa.internal.util.LogHelper - HHH000204: Processing PersistenceUnitInfo [
	name: default
	...]
00:45:09.891 [localhost-startStop-1] INFO  org.hibernate.Version - HHH000412: Hibernate Core {5.0.12.Final}
00:45:09.893 [localhost-startStop-1] INFO  org.hibernate.cfg.Environment - HHH000206: hibernate.properties not found
00:45:09.895 [localhost-startStop-1] INFO  org.hibernate.cfg.Environment - HHH000021: Bytecode provider name : javassist
00:45:09.925 [localhost-startStop-1] INFO  org.hibernate.annotations.common.Version - HCANN000001: Hibernate Commons Annotations {5.0.1.Final}
00:45:10.437 [localhost-startStop-1] INFO  com.alibaba.druid.pool.DruidDataSource - {dataSource-1} inited
00:45:10.447 [localhost-startStop-1] INFO  org.hibernate.dialect.Dialect - HHH000400: Using dialect: org.hibernate.dialect.MySQL5Dialect
00:45:10.820 [localhost-startStop-1] INFO  org.hibernate.tool.hbm2ddl.SchemaUpdate - HHH000228: Running hbm2ddl schema update
00:45:11.569 [localhost-startStop-1] INFO  o.s.o.j.LocalContainerEntityManagerFactoryBean - Initialized JPA EntityManagerFactory for persistence unit 'default'
00:45:11.607 [localhost-startStop-1] WARN  e.g.i.s.s.CtFilterSecurityInterceptor - Could not validate configuration attributes as the SecurityMetadataSource did not return any attributes from getAllConfigAttributes()
00:45:11.647 [localhost-startStop-1] INFO  o.s.b.web.servlet.FilterRegistrationBean - Mapping filter: 'characterEncodingFilter' to: [/*]
00:45:11.647 [localhost-startStop-1] INFO  o.s.b.web.servlet.FilterRegistrationBean - Mapping filter: 'hiddenHttpMethodFilter' to: [/*]
00:45:11.647 [localhost-startStop-1] INFO  o.s.b.web.servlet.FilterRegistrationBean - Mapping filter: 'httpPutFormContentFilter' to: [/*]
00:45:11.647 [localhost-startStop-1] INFO  o.s.b.web.servlet.FilterRegistrationBean - Mapping filter: 'requestContextFilter' to: [/*]
00:45:11.648 [localhost-startStop-1] INFO  o.s.b.w.s.DelegatingFilterProxyRegistrationBean - Mapping filter: 'springSecurityFilterChain' to: [/*]
00:45:11.648 [localhost-startStop-1] INFO  o.s.b.web.servlet.FilterRegistrationBean - Mapping filter: 'ctFilterSecurityInterceptor' to: [/*]
00:45:11.648 [localhost-startStop-1] INFO  o.s.b.w.servlet.ServletRegistrationBean - Mapping servlet: 'dispatcherServlet' to [/]
00:45:11.679 [localhost-startStop-1] WARN  o.a.c.c.C.[Tomcat].[localhost].[/] - Cannot deserialize session attribute [currentUser] for session [0CFB4E60DE03B97D234C612D42BF8568]
00:45:11.685 [localhost-startStop-1] ERROR o.a.catalina.session.StandardManager - Exception loading sessions from persistent storage
java.lang.ClassCastException: cannot assign instance of java.lang.StackTraceElement to field java.util.Collections$UnmodifiableList.list of type java.util.List in instance of java.util.Collections$UnmodifiableList
	at java.io.ObjectStreamClass$FieldReflector.setObjFieldValues(ObjectStreamClass.java:2133)
	at java.io.ObjectStreamClass.setObjFieldValues(ObjectStreamClass.java:1305)
	at java.io.ObjectInputStream.defaultReadFields(ObjectInputStream.java:2024)
	at java.io.ObjectInputStream.readSerialData(ObjectInputStream.java:1942)
	at java.io.ObjectInputStream.readOrdinaryObject(ObjectInputStream.java:1808)
	at java.io.ObjectInputStream.readObject0(ObjectInputStream.java:1353)
	at java.io.ObjectInputStream.defaultReadFields(ObjectInputStream.java:2018)
	at java.io.ObjectInputStream.readSerialData(ObjectInputStream.java:1942)
	at java.io.ObjectInputStream.readOrdinaryObject(ObjectInputStream.java:1808)
	at java.io.ObjectInputStream.readObject0(ObjectInputStream.java:1353)
	at java.io.ObjectInputStream.defaultReadFields(ObjectInputStream.java:2018)
	at java.io.ObjectInputStream.readSerialData(ObjectInputStream.java:1942)
	at java.io.ObjectInputStream.readOrdinaryObject(ObjectInputStream.java:1808)
	at java.io.ObjectInputStream.readObject0(ObjectInputStream.java:1353)
	at java.io.ObjectInputStream.readObject(ObjectInputStream.java:373)
	at org.apache.catalina.session.StandardSession.doReadObject(StandardSession.java:1611)
	at org.apache.catalina.session.StandardSession.readObjectData(StandardSession.java:1077)
	at org.apache.catalina.session.StandardManager.doLoad(StandardManager.java:218)
	at org.apache.catalina.session.StandardManager.load(StandardManager.java:162)
	at org.apache.catalina.session.StandardManager.startInternal(StandardManager.java:356)
	at org.apache.catalina.util.LifecycleBase.start(LifecycleBase.java:150)
	at org.apache.catalina.core.StandardContext.startInternal(StandardContext.java:5224)
	at org.apache.catalina.util.LifecycleBase.start(LifecycleBase.java:150)
	at org.apache.catalina.core.ContainerBase$StartChild.call(ContainerBase.java:1419)
	at org.apache.catalina.core.ContainerBase$StartChild.call(ContainerBase.java:1409)
	at java.util.concurrent.FutureTask.run(FutureTask.java:266)
	at java.util.concurrent.ThreadPoolExecutor.runWorker(ThreadPoolExecutor.java:1142)
	at java.util.concurrent.ThreadPoolExecutor$Worker.run(ThreadPoolExecutor.java:617)
	at java.lang.Thread.run(Thread.java:745)
00:45:12.056 [restartedMain] INFO  o.s.c.ehcache.EhCacheManagerFactoryBean - Initializing EhCache CacheManager
00:45:12.365 [restartedMain] INFO  o.s.s.web.DefaultSecurityFilterChain - Creating filter chain: org.springframework.security.web.util.matcher.AnyRequestMatcher@1, [org.springframework.security.web.context.request.async.WebAsyncManagerIntegrationFilter@46e0ce37, org.springframework.security.web.context.SecurityContextPersistenceFilter@15f018ab, org.springframework.security.web.header.HeaderWriterFilter@33b43ac0, org.springframework.security.web.csrf.CsrfFilter@333a6e8, org.springframework.security.web.authentication.logout.LogoutFilter@a626596, org.springframework.security.web.authentication.UsernamePasswordAuthenticationFilter@645ebb6e, org.springframework.security.web.session.ConcurrentSessionFilter@358fb4ee, org.springframework.security.web.savedrequest.RequestCacheAwareFilter@6be89f61, org.springframework.security.web.servletapi.SecurityContextHolderAwareRequestFilter@68417219, org.springframework.security.web.authentication.rememberme.RememberMeAuthenticationFilter@3d6938db, org.springframework.security.web.authentication.AnonymousAuthenticationFilter@49ac093a, org.springframework.security.web.session.SessionManagementFilter@23046167, org.springframework.security.web.access.ExceptionTranslationFilter@1c00569, org.springframework.security.web.access.intercept.FilterSecurityInterceptor@312065a5]
00:45:12.581 [restartedMain] INFO  o.s.w.s.m.m.a.RequestMappingHandlerAdapter - Looking for @ControllerAdvice: org.springframework.boot.context.embedded.AnnotationConfigEmbeddedWebApplicationContext@73d429c7: startup date [Tue Mar 13 00:45:07 CST 2018]; root of context hierarchy
00:45:12.652 [restartedMain] INFO  o.s.w.s.m.m.a.RequestMappingHandlerMapping - Mapped "{[/submitRollCall],methods=[GET]}" onto public java.lang.String edu.gzhu.its.study.web.RollCallController.submitRollCall(org.springframework.ui.Model)
00:45:12.653 [restartedMain] INFO  o.s.w.s.m.m.a.RequestMappingHandlerMapping - Mapped "{[/rollCallList],methods=[GET]}" onto public java.lang.String edu.gzhu.its.study.web.RollCallController.rollCallList(java.lang.Integer,java.lang.Integer,org.springframework.ui.Model)
00:45:12.653 [restartedMain] INFO  o.s.w.s.m.m.a.RequestMappingHandlerMapping - Mapped "{[/saveRollCall],methods=[GET]}" onto public java.lang.String edu.gzhu.its.study.web.RollCallController.saveRollCall(org.springframework.ui.Model)
00:45:12.653 [restartedMain] INFO  o.s.w.s.m.m.a.RequestMappingHandlerMapping - Mapped "{[/rollCall],methods=[GET]}" onto public java.lang.String edu.gzhu.its.study.web.RollCallController.rollCall(org.springframework.ui.Model)
00:45:12.654 [restartedMain] INFO  o.s.w.s.m.m.a.RequestMappingHandlerMapping - Mapped "{[/admin/userList],methods=[GET]}" onto public java.lang.String edu.gzhu.its.system.web.AdminController.userList()
00:45:12.654 [restartedMain] INFO  o.s.w.s.m.m.a.RequestMappingHandlerMapping - Mapped "{[/admin],methods=[GET]}" onto public java.lang.String edu.gzhu.its.system.web.AdminController.admin(org.springframework.ui.Model)
00:45:12.655 [restartedMain] INFO  o.s.w.s.m.m.a.RequestMappingHandlerMapping - Mapped "{[ || / || /index]}" onto public java.lang.String edu.gzhu.its.system.web.IndexController.index()
00:45:12.656 [restartedMain] INFO  o.s.w.s.m.m.a.RequestMappingHandlerMapping - Mapped "{[/doLogin],methods=[POST]}" onto public java.lang.String edu.gzhu.its.system.web.LoginController.doLogin()
00:45:12.657 [restartedMain] INFO  o.s.w.s.m.m.a.RequestMappingHandlerMapping - Mapped "{[/login],methods=[GET]}" onto public java.lang.String edu.gzhu.its.system.web.LoginController.longin()
00:45:12.657 [restartedMain] INFO  o.s.w.s.m.m.a.RequestMappingHandlerMapping - Mapped "{[/userOnline],methods=[GET]}" onto public java.lang.String edu.gzhu.its.system.web.OnlineController.onLineUser(org.springframework.ui.Model)
00:45:12.658 [restartedMain] INFO  o.s.w.s.m.m.a.RequestMappingHandlerMapping - Mapped "{[/resource/list],methods=[GET]}" onto public java.lang.String edu.gzhu.its.system.web.ResourceController.list(java.lang.Integer,java.lang.Integer,org.springframework.ui.Model)
00:45:12.658 [restartedMain] INFO  o.s.w.s.m.m.a.RequestMappingHandlerMapping - Mapped "{[/resource/tree],methods=[GET]}" onto public java.lang.String edu.gzhu.its.system.web.ResourceController.tree()
00:45:12.659 [restartedMain] INFO  o.s.w.s.m.m.a.RequestMappingHandlerMapping - Mapped "{[/role/list],methods=[GET]}" onto public java.lang.String edu.gzhu.its.system.web.RoleController.list(java.lang.Integer,java.lang.Integer,org.springframework.ui.Model)
00:45:12.660 [restartedMain] INFO  o.s.w.s.m.m.a.RequestMappingHandlerMapping - Mapped "{[/user/list],methods=[GET]}" onto public java.lang.String edu.gzhu.its.system.web.UserController.list(java.lang.Integer,java.lang.Integer,org.springframework.ui.Model)
00:45:12.660 [restartedMain] INFO  o.s.w.s.m.m.a.RequestMappingHandlerMapping - Mapped "{[/user/user/userList1],methods=[GET]}" onto public edu.gzhu.its.base.model.TableSplitResult<edu.gzhu.its.system.entity.User> edu.gzhu.its.system.web.UserController.userList1(java.lang.Integer,java.lang.Integer)
00:45:12.662 [restartedMain] INFO  o.s.w.s.m.m.a.RequestMappingHandlerMapping - Mapped "{[/error]}" onto public org.springframework.http.ResponseEntity<java.util.Map<java.lang.String, java.lang.Object>> org.springframework.boot.autoconfigure.web.BasicErrorController.error(javax.servlet.http.HttpServletRequest)
00:45:12.662 [restartedMain] INFO  o.s.w.s.m.m.a.RequestMappingHandlerMapping - Mapped "{[/error],produces=[text/html]}" onto public org.springframework.web.servlet.ModelAndView org.springframework.boot.autoconfigure.web.BasicErrorController.errorHtml(javax.servlet.http.HttpServletRequest,javax.servlet.http.HttpServletResponse)
00:45:12.700 [restartedMain] INFO  o.s.w.s.handler.SimpleUrlHandlerMapping - Mapped URL path [/webjars/**] onto handler of type [class org.springframework.web.servlet.resource.ResourceHttpRequestHandler]
00:45:12.701 [restartedMain] INFO  o.s.w.s.handler.SimpleUrlHandlerMapping - Mapped URL path [/**] onto handler of type [class org.springframework.web.servlet.resource.ResourceHttpRequestHandler]
00:45:12.735 [restartedMain] INFO  o.s.w.s.handler.SimpleUrlHandlerMapping - Mapped URL path [/**/favicon.ico] onto handler of type [class org.springframework.web.servlet.resource.ResourceHttpRequestHandler]
00:45:13.521 [restartedMain] INFO  o.s.b.d.a.OptionalLiveReloadServer - LiveReload server is running on port 35729
00:45:13.559 [restartedMain] INFO  o.s.j.e.a.AnnotationMBeanExporter - Registering beans for JMX exposure on startup
00:45:13.560 [restartedMain] INFO  o.s.j.e.a.AnnotationMBeanExporter - Bean with name 'dataSource' has been autodetected for JMX exposure
00:45:13.565 [restartedMain] INFO  o.s.j.e.a.AnnotationMBeanExporter - Located MBean 'dataSource': registering with JMX server as MBean [com.alibaba.druid.pool:name=dataSource,type=DruidDataSource]
00:45:13.577 [restartedMain] INFO  o.apache.coyote.http11.Http11NioProtocol - Initializing ProtocolHandler ["http-nio-9090"]
00:45:13.587 [restartedMain] INFO  o.apache.coyote.http11.Http11NioProtocol - Starting ProtocolHandler ["http-nio-9090"]
00:45:13.595 [restartedMain] INFO  o.apache.tomcat.util.net.NioSelectorPool - Using a shared selector for servlet write/read
00:45:13.621 [restartedMain] INFO  o.s.b.c.e.t.TomcatEmbeddedServletContainer - Tomcat started on port(s): 9090 (http)
00:45:13.626 [restartedMain] INFO  edu.gzhu.its.ITSApplication - Started ITSApplication in 6.542 seconds (JVM running for 7.149)
00:45:13.998 [http-nio-9090-exec-1] INFO  o.apache.tomcat.util.http.parser.Cookie - A cookie header was received [1517237732,1517326477; Hm_lvt_4e222d0f68f7343ea619ae6920621f50=1520264010,1520293947,1520609791,1520612890; JSESSIONID=0CFB4E60DE03B97D234C612D42BF8568] that contained an invalid cookie. That cookie will be ignored.Note: further occurrences of this error will be logged at DEBUG level.
00:45:14.004 [http-nio-9090-exec-1] INFO  o.a.c.c.C.[Tomcat].[localhost].[/] - Initializing Spring FrameworkServlet 'dispatcherServlet'
00:45:14.005 [http-nio-9090-exec-1] INFO  o.s.web.servlet.DispatcherServlet - FrameworkServlet 'dispatcherServlet': initialization started
00:45:14.019 [http-nio-9090-exec-1] INFO  o.s.web.servlet.DispatcherServlet - FrameworkServlet 'dispatcherServlet': initialization completed in 14 ms
00:45:14.133 [http-nio-9090-exec-2] INFO  o.h.h.i.QueryTranslatorFactoryInitiator - HHH000397: Using ASTQueryTranslatorFactory
00:45:16.207 [http-nio-9090-exec-3] WARN  o.h.hql.internal.ast.HqlSqlWalker - [DEPRECATION] Encountered positional parameter near line 1, column 57 in HQL: [from edu.gzhu.its.system.entity.User u WHERE u.username=?].  Positional parameter are considered deprecated; use named parameters or JPA-style positional parameters instead.
00:46:31.294 [RMI TCP Connection(2)-192.168.111.1] INFO  o.s.b.a.SpringApplicationAdminMXBeanRegistrar$SpringApplicationAdmin - Application shutdown requested.
00:46:31.294 [RMI TCP Connection(2)-192.168.111.1] INFO  o.s.b.c.e.AnnotationConfigEmbeddedWebApplicationContext - Closing org.springframework.boot.context.embedded.AnnotationConfigEmbeddedWebApplicationContext@73d429c7: startup date [Tue Mar 13 00:45:07 CST 2018]; root of context hierarchy
00:46:31.296 [RMI TCP Connection(2)-192.168.111.1] INFO  o.s.j.e.a.AnnotationMBeanExporter - Unregistering JMX-exposed beans on shutdown
00:46:31.296 [RMI TCP Connection(2)-192.168.111.1] INFO  o.s.j.e.a.AnnotationMBeanExporter - Unregistering JMX-exposed beans
00:46:31.296 [RMI TCP Connection(2)-192.168.111.1] INFO  o.s.c.ehcache.EhCacheManagerFactoryBean - Shutting down EhCache CacheManager
00:46:31.300 [RMI TCP Connection(2)-192.168.111.1] INFO  o.s.o.j.LocalContainerEntityManagerFactoryBean - Closing JPA EntityManagerFactory for persistence unit 'default'
00:46:31.303 [RMI TCP Connection(2)-192.168.111.1] INFO  com.alibaba.druid.pool.DruidDataSource - {dataSource-1} closed
