20:18:26.843 [main] WARN  o.s.b.t.j.DuplicateJsonObjectContextCustomizerFactory$DuplicateJsonObjectContextCustomizer - 

Found multiple occurrences of org.json.JSONObject on the class path:

	jar:file:/G:/maven_repository/com/vaadin/external/google/android-json/0.0.20131108.vaadin1/android-json-0.0.20131108.vaadin1.jar!/org/json/JSONObject.class
	jar:file:/G:/maven_repository/org/json/json/20140107/json-20140107.jar!/org/json/JSONObject.class

You may wish to exclude one of them to ensure predictable runtime behaviour

20:18:26.878 [main] INFO  edu.gzhu.its.emotion.ItemTest - Starting ItemTest on O4L55N85900JS3T with PID 7244 (started by dingguozhu in E:\Intelligent Tutoring System\Intelligent-Tutoring-System)
20:18:26.879 [main] INFO  edu.gzhu.its.emotion.ItemTest - No active profile set, falling back to default profiles: default
20:18:27.028 [main] INFO  o.s.w.c.s.GenericWebApplicationContext - Refreshing org.springframework.web.context.support.GenericWebApplicationContext@2e385cce: startup date [Tue Dec 04 20:18:27 CST 2018]; root of context hierarchy
20:18:37.320 [main] WARN  o.s.b.t.j.DuplicateJsonObjectContextCustomizerFactory$DuplicateJsonObjectContextCustomizer - 

Found multiple occurrences of org.json.JSONObject on the class path:

	jar:file:/G:/maven_repository/com/vaadin/external/google/android-json/0.0.20131108.vaadin1/android-json-0.0.20131108.vaadin1.jar!/org/json/JSONObject.class
	jar:file:/G:/maven_repository/org/json/json/20140107/json-20140107.jar!/org/json/JSONObject.class

You may wish to exclude one of them to ensure predictable runtime behaviour

20:18:37.329 [main] INFO  edu.gzhu.its.emotion.ItemTest - Starting ItemTest on O4L55N85900JS3T with PID 3948 (started by dingguozhu in E:\Intelligent Tutoring System\Intelligent-Tutoring-System)
20:18:37.329 [main] INFO  edu.gzhu.its.emotion.ItemTest - No active profile set, falling back to default profiles: default
20:18:37.352 [main] INFO  o.s.w.c.s.GenericWebApplicationContext - Refreshing org.springframework.web.context.support.GenericWebApplicationContext@2e385cce: startup date [Tue Dec 04 20:18:37 CST 2018]; root of context hierarchy
20:18:38.163 [background-preinit] INFO  o.h.validator.internal.util.Version - HV000001: Hibernate Validator 5.3.6.Final
20:18:39.194 [main] INFO  o.s.d.r.c.RepositoryConfigurationDelegate - Multiple Spring Data modules found, entering strict repository configuration mode!
20:18:39.310 [main] INFO  o.s.d.r.c.RepositoryConfigurationDelegate - Multiple Spring Data modules found, entering strict repository configuration mode!
20:18:39.418 [main] INFO  o.s.d.r.c.RepositoryConfigurationExtensionSupport - Spring Data Redis - Could not safely identify store assignment for repository candidate interface edu.gzhu.its.emotion.dao.EmotionDao.
20:18:40.776 [main] INFO  o.s.o.j.LocalContainerEntityManagerFactoryBean - Building JPA container EntityManagerFactory for persistence unit 'default'
20:18:40.793 [main] INFO  o.hibernate.jpa.internal.util.LogHelper - HHH000204: Processing PersistenceUnitInfo [
	name: default
	...]
20:18:40.895 [main] INFO  org.hibernate.Version - HHH000412: Hibernate Core {5.0.12.Final}
20:18:40.896 [main] INFO  org.hibernate.cfg.Environment - HHH000206: hibernate.properties not found
20:18:40.897 [main] INFO  org.hibernate.cfg.Environment - HHH000021: Bytecode provider name : javassist
20:18:40.999 [main] INFO  org.hibernate.annotations.common.Version - HCANN000001: Hibernate Commons Annotations {5.0.1.Final}
20:18:41.762 [main] INFO  com.alibaba.druid.pool.DruidDataSource - {dataSource-1} inited
20:18:41.782 [main] INFO  org.hibernate.dialect.Dialect - HHH000400: Using dialect: org.hibernate.dialect.MySQL5Dialect
20:18:42.692 [main] INFO  org.hibernate.tool.hbm2ddl.SchemaUpdate - HHH000228: Running hbm2ddl schema update
20:18:43.478 [main] INFO  o.h.t.s.e.i.InformationExtractorJdbcDatabaseMetaDataImpl - HHH000262: Table not found: its_user_comment_emotion
20:18:43.479 [main] INFO  o.h.t.s.e.i.InformationExtractorJdbcDatabaseMetaDataImpl - HHH000262: Table not found: its_user_comment_emotion
20:18:47.658 [main] INFO  o.s.o.j.LocalContainerEntityManagerFactoryBean - Initialized JPA EntityManagerFactory for persistence unit 'default'
20:18:47.963 [main] WARN  e.g.i.s.s.CtFilterSecurityInterceptor - Could not validate configuration attributes as the SecurityMetadataSource did not return any attributes from getAllConfigAttributes()
20:18:48.160 [main] INFO  o.s.c.ehcache.EhCacheManagerFactoryBean - Initializing EhCache CacheManager
20:18:48.846 [main] INFO  o.s.s.web.DefaultSecurityFilterChain - Creating filter chain: org.springframework.security.web.util.matcher.AnyRequestMatcher@1, [org.springframework.security.web.context.request.async.WebAsyncManagerIntegrationFilter@becb93a, org.springframework.security.web.context.SecurityContextPersistenceFilter@188ae8d2, org.springframework.security.web.header.HeaderWriterFilter@372841d2, org.springframework.security.web.csrf.CsrfFilter@77e1dacd, org.springframework.security.web.authentication.logout.LogoutFilter@25c548d1, org.springframework.security.web.authentication.UsernamePasswordAuthenticationFilter@15ce261, org.springframework.security.web.session.ConcurrentSessionFilter@cbdc0f4, org.springframework.security.web.savedrequest.RequestCacheAwareFilter@706c062e, org.springframework.security.web.servletapi.SecurityContextHolderAwareRequestFilter@3ec62141, org.springframework.security.web.authentication.rememberme.RememberMeAuthenticationFilter@723b8eff, org.springframework.security.web.authentication.AnonymousAuthenticationFilter@f60c14e, org.springframework.security.web.session.SessionManagementFilter@117069f2, org.springframework.security.web.access.ExceptionTranslationFilter@34ede267, org.springframework.security.web.access.intercept.FilterSecurityInterceptor@4a14f7d7]
20:18:49.650 [main] INFO  o.h.h.i.QueryTranslatorFactoryInitiator - HHH000397: Using ASTQueryTranslatorFactory
20:18:49.824 [main] INFO  o.s.w.s.m.m.a.RequestMappingHandlerAdapter - Looking for @ControllerAdvice: org.springframework.web.context.support.GenericWebApplicationContext@2e385cce: startup date [Tue Dec 04 20:18:37 CST 2018]; root of context hierarchy
20:18:49.900 [main] INFO  o.s.w.s.m.m.a.RequestMappingHandlerMapping - Mapped "{[/corpus/apply],methods=[GET]}" onto public java.lang.String edu.gzhu.its.corpus.web.UserCommentController.apply(org.springframework.ui.Model)
20:18:49.901 [main] INFO  o.s.w.s.m.m.a.RequestMappingHandlerMapping - Mapped "{[/corpus/create],methods=[GET]}" onto public java.lang.String edu.gzhu.its.corpus.web.UserCommentController.create(org.springframework.ui.Model) throws java.sql.SQLException
20:18:49.902 [main] INFO  o.s.w.s.m.m.a.RequestMappingHandlerMapping - Mapped "{[/corpus/progress],methods=[GET]}" onto public java.lang.String edu.gzhu.its.corpus.web.UserCommentController.progress(org.springframework.ui.Model)
20:18:49.902 [main] INFO  o.s.w.s.m.m.a.RequestMappingHandlerMapping - Mapped "{[/corpus/userComment],methods=[GET]}" onto public java.lang.String edu.gzhu.its.corpus.web.UserCommentController.userComment()
20:18:49.902 [main] INFO  o.s.w.s.m.m.a.RequestMappingHandlerMapping - Mapped "{[/corpus/saveApply],methods=[GET]}" onto public java.lang.String edu.gzhu.its.corpus.web.UserCommentController.saveApply(int)
20:18:49.902 [main] INFO  o.s.w.s.m.m.a.RequestMappingHandlerMapping - Mapped "{[/corpus/otherAnnotations],methods=[GET]}" onto public java.lang.String edu.gzhu.its.corpus.web.UserCommentController.otherAnnotations()
20:18:49.902 [main] INFO  o.s.w.s.m.m.a.RequestMappingHandlerMapping - Mapped "{[/corpus/myAnnotations],methods=[GET]}" onto public java.lang.String edu.gzhu.its.corpus.web.UserCommentController.myAnnotations()
20:18:49.903 [main] INFO  o.s.w.s.m.m.a.RequestMappingHandlerMapping - Mapped "{[/corpus/create2],methods=[GET]}" onto public java.lang.String edu.gzhu.its.corpus.web.UserCommentController.create2(org.springframework.ui.Model) throws java.sql.SQLException
20:18:49.903 [main] INFO  o.s.w.s.m.m.a.RequestMappingHandlerMapping - Mapped "{[/corpus/detail/{userId}],methods=[GET]}" onto public java.lang.String edu.gzhu.its.corpus.web.UserCommentController.detail(org.springframework.ui.Model,long,java.lang.Integer,java.lang.Integer)
20:18:49.903 [main] INFO  o.s.w.s.m.m.a.RequestMappingHandlerMapping - Mapped "{[/corpus/saveUserComment],methods=[GET]}" onto public java.lang.String edu.gzhu.its.corpus.web.UserCommentController.saveUserComment(java.lang.String,java.lang.Long,java.lang.Long,java.lang.String[],java.lang.String[],java.lang.String[])
20:18:49.903 [main] INFO  o.s.w.s.m.m.a.RequestMappingHandlerMapping - Mapped "{[/corpus/myJob],methods=[GET]}" onto public java.lang.String edu.gzhu.its.corpus.web.UserCommentController.myJob(org.springframework.ui.Model)
20:18:49.903 [main] INFO  o.s.w.s.m.m.a.RequestMappingHandlerMapping - Mapped "{[/corpus/myRemark],methods=[GET]}" onto public java.lang.String edu.gzhu.its.corpus.web.UserCommentController.myRemark(java.lang.Integer,java.lang.Integer,org.springframework.ui.Model)
20:18:49.904 [main] INFO  o.s.w.s.m.m.a.RequestMappingHandlerMapping - Mapped "{[/humanism/index],methods=[GET]}" onto public java.lang.String edu.gzhu.its.humanism.web.HumanismController.index()
20:18:49.906 [main] INFO  o.s.w.s.m.m.a.RequestMappingHandlerMapping - Mapped "{[/submitRollCall],methods=[GET]}" onto public java.lang.String edu.gzhu.its.study.web.RollCallController.submitRollCall(org.springframework.ui.Model)
20:18:49.907 [main] INFO  o.s.w.s.m.m.a.RequestMappingHandlerMapping - Mapped "{[/saveRollCall],methods=[GET]}" onto public java.lang.String edu.gzhu.its.study.web.RollCallController.saveRollCall(org.springframework.ui.Model)
20:18:49.907 [main] INFO  o.s.w.s.m.m.a.RequestMappingHandlerMapping - Mapped "{[/rollCall],methods=[GET]}" onto public java.lang.String edu.gzhu.its.study.web.RollCallController.rollCall(org.springframework.ui.Model,java.lang.String)
20:18:49.907 [main] INFO  o.s.w.s.m.m.a.RequestMappingHandlerMapping - Mapped "{[/rollCallList],methods=[GET]}" onto public java.lang.String edu.gzhu.its.study.web.RollCallController.rollCallList(java.lang.Integer,java.lang.Integer,org.springframework.ui.Model)
20:18:49.907 [main] INFO  o.s.w.s.m.m.a.RequestMappingHandlerMapping - Mapped "{[/showRollCall/{id}],methods=[GET]}" onto public java.lang.String edu.gzhu.its.study.web.RollCallController.showRollCall(int,org.springframework.ui.Model)
20:18:49.907 [main] INFO  o.s.w.s.m.m.a.RequestMappingHandlerMapping - Mapped "{[/admin],methods=[GET]}" onto public java.lang.String edu.gzhu.its.system.web.AdminController.admin(org.springframework.ui.Model)
20:18:49.908 [main] INFO  o.s.w.s.m.m.a.RequestMappingHandlerMapping - Mapped "{[/admin/userList],methods=[GET]}" onto public java.lang.String edu.gzhu.its.system.web.AdminController.userList()
20:18:49.908 [main] INFO  o.s.w.s.m.m.a.RequestMappingHandlerMapping - Mapped "{[ || / || /index]}" onto public java.lang.String edu.gzhu.its.system.web.IndexController.index()
20:18:49.909 [main] INFO  o.s.w.s.m.m.a.RequestMappingHandlerMapping - Mapped "{[/logout],methods=[GET]}" onto public java.lang.String edu.gzhu.its.system.web.LoginController.logout(javax.servlet.http.HttpServletRequest,javax.servlet.http.HttpServletResponse,org.springframework.security.core.Authentication)
20:18:49.909 [main] INFO  o.s.w.s.m.m.a.RequestMappingHandlerMapping - Mapped "{[/login],methods=[GET]}" onto public java.lang.String edu.gzhu.its.system.web.LoginController.longin()
20:18:49.909 [main] INFO  o.s.w.s.m.m.a.RequestMappingHandlerMapping - Mapped "{[/doLogin],methods=[POST]}" onto public java.lang.String edu.gzhu.its.system.web.LoginController.doLogin()
20:18:49.910 [main] INFO  o.s.w.s.m.m.a.RequestMappingHandlerMapping - Mapped "{[/userOnline],methods=[GET]}" onto public java.lang.String edu.gzhu.its.system.web.OnlineController.onLineUser(org.springframework.ui.Model)
20:18:49.910 [main] INFO  o.s.w.s.m.m.a.RequestMappingHandlerMapping - Mapped "{[/resource/list],methods=[GET]}" onto public java.lang.String edu.gzhu.its.system.web.ResourceController.list(java.lang.Integer,java.lang.Integer,org.springframework.ui.Model)
20:18:49.910 [main] INFO  o.s.w.s.m.m.a.RequestMappingHandlerMapping - Mapped "{[/resource/tree],methods=[GET]}" onto public java.lang.String edu.gzhu.its.system.web.ResourceController.tree()
20:18:49.910 [main] INFO  o.s.w.s.m.m.a.RequestMappingHandlerMapping - Mapped "{[/role/list],methods=[GET]}" onto public java.lang.String edu.gzhu.its.system.web.RoleController.list(java.lang.Integer,java.lang.Integer,org.springframework.ui.Model)
20:18:49.911 [main] INFO  o.s.w.s.m.m.a.RequestMappingHandlerMapping - Mapped "{[/user/list],methods=[GET]}" onto public java.lang.String edu.gzhu.its.system.web.UserController.list(java.lang.Integer,java.lang.Integer,org.springframework.ui.Model)
20:18:49.911 [main] INFO  o.s.w.s.m.m.a.RequestMappingHandlerMapping - Mapped "{[/user/user/userList1],methods=[GET]}" onto public edu.gzhu.its.base.model.TableSplitResult<edu.gzhu.its.system.entity.User> edu.gzhu.its.system.web.UserController.userList1(java.lang.Integer,java.lang.Integer)
20:18:49.912 [main] INFO  o.s.w.s.m.m.a.RequestMappingHandlerMapping - Mapped "{[/error]}" onto public org.springframework.http.ResponseEntity<java.util.Map<java.lang.String, java.lang.Object>> org.springframework.boot.autoconfigure.web.BasicErrorController.error(javax.servlet.http.HttpServletRequest)
20:18:49.912 [main] INFO  o.s.w.s.m.m.a.RequestMappingHandlerMapping - Mapped "{[/error],produces=[text/html]}" onto public org.springframework.web.servlet.ModelAndView org.springframework.boot.autoconfigure.web.BasicErrorController.errorHtml(javax.servlet.http.HttpServletRequest,javax.servlet.http.HttpServletResponse)
20:18:49.960 [main] INFO  o.s.w.s.handler.SimpleUrlHandlerMapping - Mapped URL path [/webjars/**] onto handler of type [class org.springframework.web.servlet.resource.ResourceHttpRequestHandler]
20:18:49.960 [main] INFO  o.s.w.s.handler.SimpleUrlHandlerMapping - Mapped URL path [/**] onto handler of type [class org.springframework.web.servlet.resource.ResourceHttpRequestHandler]
20:18:50.014 [main] INFO  o.s.w.s.handler.SimpleUrlHandlerMapping - Mapped URL path [/**/favicon.ico] onto handler of type [class org.springframework.web.servlet.resource.ResourceHttpRequestHandler]
20:18:50.751 [main] INFO  edu.gzhu.its.emotion.ItemTest - Started ItemTest in 13.734 seconds (JVM running for 14.266)
20:18:50.787 [main] INFO  o.s.t.c.transaction.TransactionContext - Began transaction (1) for test context [DefaultTestContext@c8e4bb0 testClass = ItemTest, testInstance = edu.gzhu.its.emotion.ItemTest@3cd89c72, testMethod = test@ItemTest, testException = [null], mergedContextConfiguration = [WebMergedContextConfiguration@6279cee3 testClass = ItemTest, locations = '{}', classes = '{class edu.gzhu.its.ITSApplication}', contextInitializerClasses = '[]', activeProfiles = '{}', propertySourceLocations = '{}', propertySourceProperties = '{org.springframework.boot.test.context.SpringBootTestContextBootstrapper=true}', contextCustomizers = set[org.springframework.boot.test.context.SpringBootTestContextCustomizer@6f1fba17, org.springframework.boot.test.context.filter.ExcludeFilterContextCustomizer@335eadca, org.springframework.boot.test.json.DuplicateJsonObjectContextCustomizerFactory$DuplicateJsonObjectContextCustomizer@2b2948e2, org.springframework.boot.test.mock.mockito.MockitoContextCustomizer@0, org.springframework.boot.test.autoconfigure.properties.PropertyMappingContextCustomizer@0, org.springframework.boot.test.autoconfigure.web.servlet.WebDriverContextCustomizerFactory$Customizer@32709393], resourceBasePath = 'src/main/webapp', contextLoader = 'org.springframework.boot.test.context.SpringBootContextLoader', parent = [null]]]; transaction manager [org.springframework.orm.jpa.JpaTransactionManager@7c751692]; rollback [false]
20:18:51.580 [main] INFO  org.ansj.util.MyStaticValue - init version.number to env value is : 2.11.0
20:18:51.580 [main] INFO  org.ansj.util.MyStaticValue - init copyright.string to env value is : Copyright 2002-2013, LAMP/EPFL
20:18:51.580 [main] INFO  org.ansj.util.MyStaticValue - init osgi.version.number to env value is : 2.11.0.v20140415-163722-cac6383e66
20:18:51.580 [main] INFO  org.ansj.util.MyStaticValue - init maven.version.number to env value is : 2.11.0
20:18:51.599 [main] INFO  org.ansj.dic.impl.File2Stream - path to stream library/ambiguity.dic
20:18:51.599 [main] ERROR org.ansj.library.AmbiguityLibrary - Init ambiguity library error :org.ansj.exception.LibraryException:  path :library/ambiguity.dic file:E:\Intelligent Tutoring System\Intelligent-Tutoring-System\library\ambiguity.dic not found or can not to read, path: library/ambiguity.dic
20:18:51.600 [main] INFO  org.ansj.dic.impl.File2Stream - path to stream library/default.dic
20:18:51.600 [main] ERROR org.ansj.library.DicLibrary - Init dic library error :org.ansj.exception.LibraryException:  path :library/default.dic file:E:\Intelligent Tutoring System\Intelligent-Tutoring-System\library\default.dic not found or can not to read, path: library/default.dic
20:18:52.195 [main] INFO  org.ansj.app.crf.Model - load crf model ok ! use time :583
20:18:52.195 [main] INFO  org.ansj.library.CrfLibrary - load crf use time:595 path is : jar://crf.model
20:18:52.669 [main] INFO  org.ansj.library.DATDictionary - init core library ok use time : 416
20:18:52.866 [main] INFO  org.ansj.library.NgramLibrary - init ngram ok use time :195
20:35:01.255 [main] WARN  o.a.r.arrimpl.UserDefineRecognition - 1000 不是一个数字
java.lang.NumberFormatException: For input string: "1000 "
	at java.lang.NumberFormatException.forInputString(NumberFormatException.java:65)
	at java.lang.Integer.parseInt(Integer.java:580)
	at java.lang.Integer.parseInt(Integer.java:615)
	at org.ansj.recognition.arrimpl.UserDefineRecognition.getInt(UserDefineRecognition.java:114)
	at org.ansj.recognition.arrimpl.UserDefineRecognition.recognition(UserDefineRecognition.java:81)
	at org.ansj.splitWord.analysis.NlpAnalysis$1.merger(NlpAnalysis.java:137)
	at org.ansj.splitWord.analysis.NlpAnalysis.getResult(NlpAnalysis.java:182)
	at org.ansj.splitWord.Analysis.analysisStr(Analysis.java:157)
	at org.ansj.splitWord.Analysis.parseStr(Analysis.java:306)
	at org.ansj.splitWord.analysis.NlpAnalysis.parse(NlpAnalysis.java:270)
	at edu.gzhu.its.emotion.ItemTest.test(ItemTest.java:64)
	at sun.reflect.NativeMethodAccessorImpl.invoke0(Native Method)
	at sun.reflect.NativeMethodAccessorImpl.invoke(NativeMethodAccessorImpl.java:62)
	at sun.reflect.DelegatingMethodAccessorImpl.invoke(DelegatingMethodAccessorImpl.java:43)
	at java.lang.reflect.Method.invoke(Method.java:498)
	at org.junit.runners.model.FrameworkMethod$1.runReflectiveCall(FrameworkMethod.java:50)
	at org.junit.internal.runners.model.ReflectiveCallable.run(ReflectiveCallable.java:12)
	at org.junit.runners.model.FrameworkMethod.invokeExplosively(FrameworkMethod.java:47)
	at org.junit.internal.runners.statements.InvokeMethod.evaluate(InvokeMethod.java:17)
	at org.springframework.test.context.junit4.statements.RunBeforeTestMethodCallbacks.evaluate(RunBeforeTestMethodCallbacks.java:75)
	at org.springframework.test.context.junit4.statements.RunAfterTestMethodCallbacks.evaluate(RunAfterTestMethodCallbacks.java:86)
	at org.springframework.test.context.junit4.statements.SpringRepeat.evaluate(SpringRepeat.java:84)
	at org.junit.runners.ParentRunner.runLeaf(ParentRunner.java:325)
	at org.springframework.test.context.junit4.SpringJUnit4ClassRunner.runChild(SpringJUnit4ClassRunner.java:252)
	at org.springframework.test.context.junit4.SpringJUnit4ClassRunner.runChild(SpringJUnit4ClassRunner.java:94)
	at org.junit.runners.ParentRunner$3.run(ParentRunner.java:290)
	at org.junit.runners.ParentRunner$1.schedule(ParentRunner.java:71)
	at org.junit.runners.ParentRunner.runChildren(ParentRunner.java:288)
	at org.junit.runners.ParentRunner.access$000(ParentRunner.java:58)
	at org.junit.runners.ParentRunner$2.evaluate(ParentRunner.java:268)
	at org.springframework.test.context.junit4.statements.RunBeforeTestClassCallbacks.evaluate(RunBeforeTestClassCallbacks.java:61)
	at org.springframework.test.context.junit4.statements.RunAfterTestClassCallbacks.evaluate(RunAfterTestClassCallbacks.java:70)
	at org.junit.runners.ParentRunner.run(ParentRunner.java:363)
	at org.springframework.test.context.junit4.SpringJUnit4ClassRunner.run(SpringJUnit4ClassRunner.java:191)
	at org.eclipse.jdt.internal.junit4.runner.JUnit4TestReference.run(JUnit4TestReference.java:86)
	at org.eclipse.jdt.internal.junit.runner.TestExecution.run(TestExecution.java:38)
	at org.eclipse.jdt.internal.junit.runner.RemoteTestRunner.runTests(RemoteTestRunner.java:459)
	at org.eclipse.jdt.internal.junit.runner.RemoteTestRunner.runTests(RemoteTestRunner.java:675)
	at org.eclipse.jdt.internal.junit.runner.RemoteTestRunner.run(RemoteTestRunner.java:382)
	at org.eclipse.jdt.internal.junit.runner.RemoteTestRunner.main(RemoteTestRunner.java:192)
20:35:01.255 [main] WARN  o.a.r.arrimpl.UserDefineRecognition - 1000 不是一个数字
java.lang.NumberFormatException: For input string: "1000 "
	at java.lang.NumberFormatException.forInputString(NumberFormatException.java:65)
	at java.lang.Integer.parseInt(Integer.java:580)
	at java.lang.Integer.parseInt(Integer.java:615)
	at org.ansj.recognition.arrimpl.UserDefineRecognition.getInt(UserDefineRecognition.java:114)
	at org.ansj.recognition.arrimpl.UserDefineRecognition.recognition(UserDefineRecognition.java:81)
	at org.ansj.splitWord.analysis.NlpAnalysis$1.merger(NlpAnalysis.java:137)
	at org.ansj.splitWord.analysis.NlpAnalysis.getResult(NlpAnalysis.java:182)
	at org.ansj.splitWord.Analysis.analysisStr(Analysis.java:157)
	at org.ansj.splitWord.Analysis.parseStr(Analysis.java:306)
	at org.ansj.splitWord.analysis.NlpAnalysis.parse(NlpAnalysis.java:270)
	at edu.gzhu.its.emotion.ItemTest.test(ItemTest.java:64)
	at sun.reflect.NativeMethodAccessorImpl.invoke0(Native Method)
	at sun.reflect.NativeMethodAccessorImpl.invoke(NativeMethodAccessorImpl.java:62)
	at sun.reflect.DelegatingMethodAccessorImpl.invoke(DelegatingMethodAccessorImpl.java:43)
	at java.lang.reflect.Method.invoke(Method.java:498)
	at org.junit.runners.model.FrameworkMethod$1.runReflectiveCall(FrameworkMethod.java:50)
	at org.junit.internal.runners.model.ReflectiveCallable.run(ReflectiveCallable.java:12)
	at org.junit.runners.model.FrameworkMethod.invokeExplosively(FrameworkMethod.java:47)
	at org.junit.internal.runners.statements.InvokeMethod.evaluate(InvokeMethod.java:17)
	at org.springframework.test.context.junit4.statements.RunBeforeTestMethodCallbacks.evaluate(RunBeforeTestMethodCallbacks.java:75)
	at org.springframework.test.context.junit4.statements.RunAfterTestMethodCallbacks.evaluate(RunAfterTestMethodCallbacks.java:86)
	at org.springframework.test.context.junit4.statements.SpringRepeat.evaluate(SpringRepeat.java:84)
	at org.junit.runners.ParentRunner.runLeaf(ParentRunner.java:325)
	at org.springframework.test.context.junit4.SpringJUnit4ClassRunner.runChild(SpringJUnit4ClassRunner.java:252)
	at org.springframework.test.context.junit4.SpringJUnit4ClassRunner.runChild(SpringJUnit4ClassRunner.java:94)
	at org.junit.runners.ParentRunner$3.run(ParentRunner.java:290)
	at org.junit.runners.ParentRunner$1.schedule(ParentRunner.java:71)
	at org.junit.runners.ParentRunner.runChildren(ParentRunner.java:288)
	at org.junit.runners.ParentRunner.access$000(ParentRunner.java:58)
	at org.junit.runners.ParentRunner$2.evaluate(ParentRunner.java:268)
	at org.springframework.test.context.junit4.statements.RunBeforeTestClassCallbacks.evaluate(RunBeforeTestClassCallbacks.java:61)
	at org.springframework.test.context.junit4.statements.RunAfterTestClassCallbacks.evaluate(RunAfterTestClassCallbacks.java:70)
	at org.junit.runners.ParentRunner.run(ParentRunner.java:363)
	at org.springframework.test.context.junit4.SpringJUnit4ClassRunner.run(SpringJUnit4ClassRunner.java:191)
	at org.eclipse.jdt.internal.junit4.runner.JUnit4TestReference.run(JUnit4TestReference.java:86)
	at org.eclipse.jdt.internal.junit.runner.TestExecution.run(TestExecution.java:38)
	at org.eclipse.jdt.internal.junit.runner.RemoteTestRunner.runTests(RemoteTestRunner.java:459)
	at org.eclipse.jdt.internal.junit.runner.RemoteTestRunner.runTests(RemoteTestRunner.java:675)
	at org.eclipse.jdt.internal.junit.runner.RemoteTestRunner.run(RemoteTestRunner.java:382)
	at org.eclipse.jdt.internal.junit.runner.RemoteTestRunner.main(RemoteTestRunner.java:192)
20:35:01.256 [main] WARN  o.a.r.arrimpl.UserDefineRecognition - 1000 不是一个数字
java.lang.NumberFormatException: For input string: "1000 "
	at java.lang.NumberFormatException.forInputString(NumberFormatException.java:65)
	at java.lang.Integer.parseInt(Integer.java:580)
	at java.lang.Integer.parseInt(Integer.java:615)
	at org.ansj.recognition.arrimpl.UserDefineRecognition.getInt(UserDefineRecognition.java:114)
	at org.ansj.recognition.arrimpl.UserDefineRecognition.recognition(UserDefineRecognition.java:81)
	at org.ansj.splitWord.analysis.NlpAnalysis$1.merger(NlpAnalysis.java:137)
	at org.ansj.splitWord.analysis.NlpAnalysis.getResult(NlpAnalysis.java:182)
	at org.ansj.splitWord.Analysis.analysisStr(Analysis.java:157)
	at org.ansj.splitWord.Analysis.parseStr(Analysis.java:306)
	at org.ansj.splitWord.analysis.NlpAnalysis.parse(NlpAnalysis.java:270)
	at edu.gzhu.its.emotion.ItemTest.test(ItemTest.java:64)
	at sun.reflect.NativeMethodAccessorImpl.invoke0(Native Method)
	at sun.reflect.NativeMethodAccessorImpl.invoke(NativeMethodAccessorImpl.java:62)
	at sun.reflect.DelegatingMethodAccessorImpl.invoke(DelegatingMethodAccessorImpl.java:43)
	at java.lang.reflect.Method.invoke(Method.java:498)
	at org.junit.runners.model.FrameworkMethod$1.runReflectiveCall(FrameworkMethod.java:50)
	at org.junit.internal.runners.model.ReflectiveCallable.run(ReflectiveCallable.java:12)
	at org.junit.runners.model.FrameworkMethod.invokeExplosively(FrameworkMethod.java:47)
	at org.junit.internal.runners.statements.InvokeMethod.evaluate(InvokeMethod.java:17)
	at org.springframework.test.context.junit4.statements.RunBeforeTestMethodCallbacks.evaluate(RunBeforeTestMethodCallbacks.java:75)
	at org.springframework.test.context.junit4.statements.RunAfterTestMethodCallbacks.evaluate(RunAfterTestMethodCallbacks.java:86)
	at org.springframework.test.context.junit4.statements.SpringRepeat.evaluate(SpringRepeat.java:84)
	at org.junit.runners.ParentRunner.runLeaf(ParentRunner.java:325)
	at org.springframework.test.context.junit4.SpringJUnit4ClassRunner.runChild(SpringJUnit4ClassRunner.java:252)
	at org.springframework.test.context.junit4.SpringJUnit4ClassRunner.runChild(SpringJUnit4ClassRunner.java:94)
	at org.junit.runners.ParentRunner$3.run(ParentRunner.java:290)
	at org.junit.runners.ParentRunner$1.schedule(ParentRunner.java:71)
	at org.junit.runners.ParentRunner.runChildren(ParentRunner.java:288)
	at org.junit.runners.ParentRunner.access$000(ParentRunner.java:58)
	at org.junit.runners.ParentRunner$2.evaluate(ParentRunner.java:268)
	at org.springframework.test.context.junit4.statements.RunBeforeTestClassCallbacks.evaluate(RunBeforeTestClassCallbacks.java:61)
	at org.springframework.test.context.junit4.statements.RunAfterTestClassCallbacks.evaluate(RunAfterTestClassCallbacks.java:70)
	at org.junit.runners.ParentRunner.run(ParentRunner.java:363)
	at org.springframework.test.context.junit4.SpringJUnit4ClassRunner.run(SpringJUnit4ClassRunner.java:191)
	at org.eclipse.jdt.internal.junit4.runner.JUnit4TestReference.run(JUnit4TestReference.java:86)
	at org.eclipse.jdt.internal.junit.runner.TestExecution.run(TestExecution.java:38)
	at org.eclipse.jdt.internal.junit.runner.RemoteTestRunner.runTests(RemoteTestRunner.java:459)
	at org.eclipse.jdt.internal.junit.runner.RemoteTestRunner.runTests(RemoteTestRunner.java:675)
	at org.eclipse.jdt.internal.junit.runner.RemoteTestRunner.run(RemoteTestRunner.java:382)
	at org.eclipse.jdt.internal.junit.runner.RemoteTestRunner.main(RemoteTestRunner.java:192)
20:49:10.193 [main] WARN  o.a.r.arrimpl.UserDefineRecognition - 1000 不是一个数字
java.lang.NumberFormatException: For input string: "1000 "
	at java.lang.NumberFormatException.forInputString(NumberFormatException.java:65)
	at java.lang.Integer.parseInt(Integer.java:580)
	at java.lang.Integer.parseInt(Integer.java:615)
	at org.ansj.recognition.arrimpl.UserDefineRecognition.getInt(UserDefineRecognition.java:114)
	at org.ansj.recognition.arrimpl.UserDefineRecognition.recognition(UserDefineRecognition.java:81)
	at org.ansj.splitWord.analysis.NlpAnalysis$1.merger(NlpAnalysis.java:137)
	at org.ansj.splitWord.analysis.NlpAnalysis.getResult(NlpAnalysis.java:182)
	at org.ansj.splitWord.Analysis.analysisStr(Analysis.java:157)
	at org.ansj.splitWord.Analysis.parseStr(Analysis.java:306)
	at org.ansj.splitWord.analysis.NlpAnalysis.parse(NlpAnalysis.java:270)
	at edu.gzhu.its.emotion.ItemTest.test(ItemTest.java:64)
	at sun.reflect.NativeMethodAccessorImpl.invoke0(Native Method)
	at sun.reflect.NativeMethodAccessorImpl.invoke(NativeMethodAccessorImpl.java:62)
	at sun.reflect.DelegatingMethodAccessorImpl.invoke(DelegatingMethodAccessorImpl.java:43)
	at java.lang.reflect.Method.invoke(Method.java:498)
	at org.junit.runners.model.FrameworkMethod$1.runReflectiveCall(FrameworkMethod.java:50)
	at org.junit.internal.runners.model.ReflectiveCallable.run(ReflectiveCallable.java:12)
	at org.junit.runners.model.FrameworkMethod.invokeExplosively(FrameworkMethod.java:47)
	at org.junit.internal.runners.statements.InvokeMethod.evaluate(InvokeMethod.java:17)
	at org.springframework.test.context.junit4.statements.RunBeforeTestMethodCallbacks.evaluate(RunBeforeTestMethodCallbacks.java:75)
	at org.springframework.test.context.junit4.statements.RunAfterTestMethodCallbacks.evaluate(RunAfterTestMethodCallbacks.java:86)
	at org.springframework.test.context.junit4.statements.SpringRepeat.evaluate(SpringRepeat.java:84)
	at org.junit.runners.ParentRunner.runLeaf(ParentRunner.java:325)
	at org.springframework.test.context.junit4.SpringJUnit4ClassRunner.runChild(SpringJUnit4ClassRunner.java:252)
	at org.springframework.test.context.junit4.SpringJUnit4ClassRunner.runChild(SpringJUnit4ClassRunner.java:94)
	at org.junit.runners.ParentRunner$3.run(ParentRunner.java:290)
	at org.junit.runners.ParentRunner$1.schedule(ParentRunner.java:71)
	at org.junit.runners.ParentRunner.runChildren(ParentRunner.java:288)
	at org.junit.runners.ParentRunner.access$000(ParentRunner.java:58)
	at org.junit.runners.ParentRunner$2.evaluate(ParentRunner.java:268)
	at org.springframework.test.context.junit4.statements.RunBeforeTestClassCallbacks.evaluate(RunBeforeTestClassCallbacks.java:61)
	at org.springframework.test.context.junit4.statements.RunAfterTestClassCallbacks.evaluate(RunAfterTestClassCallbacks.java:70)
	at org.junit.runners.ParentRunner.run(ParentRunner.java:363)
	at org.springframework.test.context.junit4.SpringJUnit4ClassRunner.run(SpringJUnit4ClassRunner.java:191)
	at org.eclipse.jdt.internal.junit4.runner.JUnit4TestReference.run(JUnit4TestReference.java:86)
	at org.eclipse.jdt.internal.junit.runner.TestExecution.run(TestExecution.java:38)
	at org.eclipse.jdt.internal.junit.runner.RemoteTestRunner.runTests(RemoteTestRunner.java:459)
	at org.eclipse.jdt.internal.junit.runner.RemoteTestRunner.runTests(RemoteTestRunner.java:675)
	at org.eclipse.jdt.internal.junit.runner.RemoteTestRunner.run(RemoteTestRunner.java:382)
	at org.eclipse.jdt.internal.junit.runner.RemoteTestRunner.main(RemoteTestRunner.java:192)
21:19:27.517 [main] INFO  o.s.t.c.transaction.TransactionContext - Committed transaction for test context [DefaultTestContext@c8e4bb0 testClass = ItemTest, testInstance = edu.gzhu.its.emotion.ItemTest@3cd89c72, testMethod = test@ItemTest, testException = [null], mergedContextConfiguration = [WebMergedContextConfiguration@6279cee3 testClass = ItemTest, locations = '{}', classes = '{class edu.gzhu.its.ITSApplication}', contextInitializerClasses = '[]', activeProfiles = '{}', propertySourceLocations = '{}', propertySourceProperties = '{org.springframework.boot.test.context.SpringBootTestContextBootstrapper=true}', contextCustomizers = set[org.springframework.boot.test.context.SpringBootTestContextCustomizer@6f1fba17, org.springframework.boot.test.context.filter.ExcludeFilterContextCustomizer@335eadca, org.springframework.boot.test.json.DuplicateJsonObjectContextCustomizerFactory$DuplicateJsonObjectContextCustomizer@2b2948e2, org.springframework.boot.test.mock.mockito.MockitoContextCustomizer@0, org.springframework.boot.test.autoconfigure.properties.PropertyMappingContextCustomizer@0, org.springframework.boot.test.autoconfigure.web.servlet.WebDriverContextCustomizerFactory$Customizer@32709393], resourceBasePath = 'src/main/webapp', contextLoader = 'org.springframework.boot.test.context.SpringBootContextLoader', parent = [null]]].
21:19:27.543 [Thread-5] INFO  o.s.w.c.s.GenericWebApplicationContext - Closing org.springframework.web.context.support.GenericWebApplicationContext@2e385cce: startup date [Tue Dec 04 20:18:37 CST 2018]; root of context hierarchy
21:19:27.581 [Thread-5] INFO  o.s.c.ehcache.EhCacheManagerFactoryBean - Shutting down EhCache CacheManager
21:19:27.592 [Thread-5] INFO  o.s.o.j.LocalContainerEntityManagerFactoryBean - Closing JPA EntityManagerFactory for persistence unit 'default'
21:19:27.596 [Thread-5] INFO  com.alibaba.druid.pool.DruidDataSource - {dataSource-1} closed
