18:37:14.735 [restartedMain] INFO  edu.gzhu.its.ITSApplication - Starting ITSApplication on O4L55N85900JS3T with PID 10796 (started by dingguozhu in E:\Intelligent Tutoring System\Intelligent-Tutoring-System)
18:37:14.735 [restartedMain] INFO  edu.gzhu.its.ITSApplication - No active profile set, falling back to default profiles: default
18:37:14.782 [restartedMain] INFO  o.s.b.c.e.AnnotationConfigEmbeddedWebApplicationContext - Refreshing org.springframework.boot.context.embedded.AnnotationConfigEmbeddedWebApplicationContext@172ca74d: startup date [Sat Jun 01 18:37:14 CST 2019]; root of context hierarchy
18:37:14.922 [background-preinit] INFO  o.h.validator.internal.util.Version - HV000001: Hibernate Validator 5.3.6.Final
18:37:15.703 [restartedMain] INFO  o.s.d.r.c.RepositoryConfigurationDelegate - Multiple Spring Data modules found, entering strict repository configuration mode!
18:37:15.788 [restartedMain] INFO  o.s.d.r.c.RepositoryConfigurationDelegate - Multiple Spring Data modules found, entering strict repository configuration mode!
18:37:15.866 [restartedMain] INFO  o.s.d.r.c.RepositoryConfigurationExtensionSupport - Spring Data Redis - Could not safely identify store assignment for repository candidate interface edu.gzhu.its.emotion.dao.EmotionDao.
18:37:16.585 [restartedMain] INFO  o.s.b.c.e.t.TomcatEmbeddedServletContainer - Tomcat initialized with port(s): 9090 (http)
18:37:16.600 [restartedMain] INFO  org.apache.catalina.core.StandardService - Starting service [Tomcat]
18:37:16.600 [restartedMain] INFO  org.apache.catalina.core.StandardEngine - Starting Servlet Engine: Apache Tomcat/8.5.23
18:37:16.835 [localhost-startStop-1] INFO  org.apache.jasper.servlet.TldScanner - At least one JAR was scanned for TLDs yet contained no TLDs. Enable debug logging for this logger for a complete list of JARs that were scanned but no TLDs were found in them. Skipping unneeded JARs during scanning can improve startup time and JSP compilation time.
18:37:16.839 [localhost-startStop-1] INFO  o.a.c.c.C.[Tomcat].[localhost].[/] - Initializing Spring embedded WebApplicationContext
18:37:16.839 [localhost-startStop-1] INFO  o.s.web.context.ContextLoader - Root WebApplicationContext: initialization completed in 2057 ms
18:37:17.745 [localhost-startStop-1] INFO  o.s.o.j.LocalContainerEntityManagerFactoryBean - Building JPA container EntityManagerFactory for persistence unit 'default'
18:37:17.823 [localhost-startStop-1] INFO  o.hibernate.jpa.internal.util.LogHelper - HHH000204: Processing PersistenceUnitInfo [
	name: default
	...]
18:37:17.917 [localhost-startStop-1] INFO  org.hibernate.Version - HHH000412: Hibernate Core {5.0.12.Final}
18:37:17.920 [localhost-startStop-1] INFO  org.hibernate.cfg.Environment - HHH000206: hibernate.properties not found
18:37:17.921 [localhost-startStop-1] INFO  org.hibernate.cfg.Environment - HHH000021: Bytecode provider name : javassist
18:37:18.045 [localhost-startStop-1] INFO  org.hibernate.annotations.common.Version - HCANN000001: Hibernate Commons Annotations {5.0.1.Final}
18:37:19.592 [localhost-startStop-1] INFO  com.alibaba.druid.pool.DruidDataSource - {dataSource-1} inited
18:37:19.745 [localhost-startStop-1] INFO  org.hibernate.dialect.Dialect - HHH000400: Using dialect: org.hibernate.dialect.MySQL5InnoDBDialect
18:37:20.636 [localhost-startStop-1] INFO  org.hibernate.tool.hbm2ddl.SchemaUpdate - HHH000228: Running hbm2ddl schema update
18:37:25.738 [localhost-startStop-1] INFO  o.s.o.j.LocalContainerEntityManagerFactoryBean - Initialized JPA EntityManagerFactory for persistence unit 'default'
18:37:25.807 [localhost-startStop-1] WARN  e.g.i.s.s.CtFilterSecurityInterceptor - Could not validate configuration attributes as the SecurityMetadataSource did not return any attributes from getAllConfigAttributes()
18:37:25.886 [localhost-startStop-1] INFO  o.s.b.web.servlet.FilterRegistrationBean - Mapping filter: 'characterEncodingFilter' to: [/*]
18:37:25.886 [localhost-startStop-1] INFO  o.s.b.web.servlet.FilterRegistrationBean - Mapping filter: 'hiddenHttpMethodFilter' to: [/*]
18:37:25.886 [localhost-startStop-1] INFO  o.s.b.web.servlet.FilterRegistrationBean - Mapping filter: 'httpPutFormContentFilter' to: [/*]
18:37:25.886 [localhost-startStop-1] INFO  o.s.b.web.servlet.FilterRegistrationBean - Mapping filter: 'requestContextFilter' to: [/*]
18:37:25.901 [localhost-startStop-1] INFO  o.s.b.w.s.DelegatingFilterProxyRegistrationBean - Mapping filter: 'springSecurityFilterChain' to: [/*]
18:37:25.901 [localhost-startStop-1] INFO  o.s.b.web.servlet.FilterRegistrationBean - Mapping filter: 'ctFilterSecurityInterceptor' to: [/*]
18:37:25.901 [localhost-startStop-1] INFO  o.s.b.w.servlet.ServletRegistrationBean - Mapping servlet: 'dispatcherServlet' to [/]
18:37:26.568 [restartedMain] INFO  o.s.c.ehcache.EhCacheManagerFactoryBean - Initializing EhCache CacheManager
18:37:27.402 [restartedMain] INFO  o.s.s.web.DefaultSecurityFilterChain - Creating filter chain: org.springframework.security.web.util.matcher.AnyRequestMatcher@1, [org.springframework.security.web.context.request.async.WebAsyncManagerIntegrationFilter@7ab4cb68, org.springframework.security.web.context.SecurityContextPersistenceFilter@1eeec441, org.springframework.security.web.header.HeaderWriterFilter@1023edf2, org.springframework.security.web.csrf.CsrfFilter@1aebc851, org.springframework.security.web.authentication.logout.LogoutFilter@8349ab2, org.springframework.security.web.authentication.UsernamePasswordAuthenticationFilter@717935bd, org.springframework.security.web.session.ConcurrentSessionFilter@60b463e4, org.springframework.security.web.savedrequest.RequestCacheAwareFilter@658d2d15, org.springframework.security.web.servletapi.SecurityContextHolderAwareRequestFilter@1b83f460, org.springframework.security.web.authentication.rememberme.RememberMeAuthenticationFilter@255e1aaf, org.springframework.security.web.authentication.AnonymousAuthenticationFilter@1f64ecad, org.springframework.security.web.session.SessionManagementFilter@41f88e28, org.springframework.security.web.access.ExceptionTranslationFilter@7c76ffa6, org.springframework.security.web.access.intercept.FilterSecurityInterceptor@7e75dff7]
18:37:28.630 [restartedMain] INFO  o.h.h.i.QueryTranslatorFactoryInitiator - HHH000397: Using ASTQueryTranslatorFactory
18:37:28.833 [restartedMain] INFO  o.s.w.s.m.m.a.RequestMappingHandlerAdapter - Looking for @ControllerAdvice: org.springframework.boot.context.embedded.AnnotationConfigEmbeddedWebApplicationContext@172ca74d: startup date [Sat Jun 01 18:37:14 CST 2019]; root of context hierarchy
18:37:29.202 [restartedMain] INFO  o.s.w.s.m.m.a.RequestMappingHandlerMapping - Mapped "{[/corpus/apply],methods=[GET]}" onto public java.lang.String edu.gzhu.its.corpus.web.UserCommentController.apply(org.springframework.ui.Model)
18:37:29.203 [restartedMain] INFO  o.s.w.s.m.m.a.RequestMappingHandlerMapping - Mapped "{[/corpus/create],methods=[GET]}" onto public java.lang.String edu.gzhu.its.corpus.web.UserCommentController.create(org.springframework.ui.Model) throws java.sql.SQLException
18:37:29.204 [restartedMain] INFO  o.s.w.s.m.m.a.RequestMappingHandlerMapping - Mapped "{[/corpus/progress],methods=[GET]}" onto public java.lang.String edu.gzhu.its.corpus.web.UserCommentController.progress(org.springframework.ui.Model)
18:37:29.204 [restartedMain] INFO  o.s.w.s.m.m.a.RequestMappingHandlerMapping - Mapped "{[/corpus/detail/{userId}],methods=[GET]}" onto public java.lang.String edu.gzhu.its.corpus.web.UserCommentController.detail(org.springframework.ui.Model,long,java.lang.Integer,java.lang.Integer)
18:37:29.204 [restartedMain] INFO  o.s.w.s.m.m.a.RequestMappingHandlerMapping - Mapped "{[/corpus/myRemark],methods=[GET]}" onto public java.lang.String edu.gzhu.its.corpus.web.UserCommentController.myRemark(java.lang.Integer,java.lang.Integer,org.springframework.ui.Model)
18:37:29.205 [restartedMain] INFO  o.s.w.s.m.m.a.RequestMappingHandlerMapping - Mapped "{[/corpus/userComment],methods=[GET]}" onto public java.lang.String edu.gzhu.its.corpus.web.UserCommentController.userComment()
18:37:29.205 [restartedMain] INFO  o.s.w.s.m.m.a.RequestMappingHandlerMapping - Mapped "{[/corpus/myJob],methods=[GET]}" onto public java.lang.String edu.gzhu.its.corpus.web.UserCommentController.myJob(org.springframework.ui.Model)
18:37:29.205 [restartedMain] INFO  o.s.w.s.m.m.a.RequestMappingHandlerMapping - Mapped "{[/corpus/otherAnnotations],methods=[GET]}" onto public java.lang.String edu.gzhu.its.corpus.web.UserCommentController.otherAnnotations()
18:37:29.205 [restartedMain] INFO  o.s.w.s.m.m.a.RequestMappingHandlerMapping - Mapped "{[/corpus/create2],methods=[GET]}" onto public java.lang.String edu.gzhu.its.corpus.web.UserCommentController.create2(org.springframework.ui.Model) throws java.sql.SQLException
18:37:29.206 [restartedMain] INFO  o.s.w.s.m.m.a.RequestMappingHandlerMapping - Mapped "{[/corpus/saveApply],methods=[GET]}" onto public java.lang.String edu.gzhu.its.corpus.web.UserCommentController.saveApply(int)
18:37:29.206 [restartedMain] INFO  o.s.w.s.m.m.a.RequestMappingHandlerMapping - Mapped "{[/corpus/saveUserComment],methods=[GET]}" onto public java.lang.String edu.gzhu.its.corpus.web.UserCommentController.saveUserComment(java.lang.String,java.lang.Long,java.lang.Long,java.lang.String[],java.lang.String[],java.lang.String[])
18:37:29.206 [restartedMain] INFO  o.s.w.s.m.m.a.RequestMappingHandlerMapping - Mapped "{[/corpus/myAnnotations],methods=[GET]}" onto public java.lang.String edu.gzhu.its.corpus.web.UserCommentController.myAnnotations()
18:37:29.207 [restartedMain] INFO  o.s.w.s.m.m.a.RequestMappingHandlerMapping - Mapped "{[/tagView],methods=[GET]}" onto public java.lang.String edu.gzhu.its.experiment.web.TagViewController.tagView(org.springframework.ui.Model) throws java.sql.SQLException
18:37:29.211 [restartedMain] INFO  o.s.w.s.m.m.a.RequestMappingHandlerMapping - Mapped "{[/homeWork || /homeWork/ || /homeWork/index],methods=[GET]}" onto public java.lang.String edu.gzhu.its.homework.web.HomeWorkController.index(org.springframework.ui.Model)
18:37:29.211 [restartedMain] INFO  o.s.w.s.m.m.a.RequestMappingHandlerMapping - Mapped "{[/homeWork/add],methods=[GET]}" onto public java.lang.String edu.gzhu.its.homework.web.HomeWorkController.add(org.springframework.ui.Model)
18:37:29.211 [restartedMain] INFO  o.s.w.s.m.m.a.RequestMappingHandlerMapping - Mapped "{[/homeWork/home],methods=[GET]}" onto public java.lang.String edu.gzhu.its.homework.web.HomeWorkController.home(org.springframework.ui.Model)
18:37:29.212 [restartedMain] INFO  o.s.w.s.m.m.a.RequestMappingHandlerMapping - Mapped "{[/humanism/index],methods=[GET]}" onto public java.lang.String edu.gzhu.its.humanism.web.HumanismController.index()
18:37:29.213 [restartedMain] INFO  o.s.w.s.m.m.a.RequestMappingHandlerMapping - Mapped "{[/class/list],methods=[GET]}" onto public java.lang.String edu.gzhu.its.profile.web.ClassController.list(java.lang.Integer,java.lang.Integer,org.springframework.ui.Model)
18:37:29.214 [restartedMain] INFO  o.s.w.s.m.m.a.RequestMappingHandlerMapping - Mapped "{[/course/list],methods=[GET]}" onto public java.lang.String edu.gzhu.its.profile.web.CourseController.list(java.lang.Integer,java.lang.Integer,org.springframework.ui.Model)
18:37:29.214 [restartedMain] INFO  o.s.w.s.m.m.a.RequestMappingHandlerMapping - Mapped "{[/course/add],methods=[GET]}" onto public java.lang.String edu.gzhu.its.profile.web.CourseController.addCourse()
18:37:29.215 [restartedMain] INFO  o.s.w.s.m.m.a.RequestMappingHandlerMapping - Mapped "{[/institute/add],methods=[GET]}" onto public java.lang.String edu.gzhu.its.profile.web.InstituteController.add(org.springframework.ui.Model)
18:37:29.215 [restartedMain] INFO  o.s.w.s.m.m.a.RequestMappingHandlerMapping - Mapped "{[/institute/list],methods=[GET]}" onto public java.lang.String edu.gzhu.its.profile.web.InstituteController.list(java.lang.Integer,java.lang.Integer,org.springframework.ui.Model)
18:37:29.217 [restartedMain] INFO  o.s.w.s.m.m.a.RequestMappingHandlerMapping - Mapped "{[/school/add],methods=[GET]}" onto public java.lang.String edu.gzhu.its.profile.web.SchoolController.add()
18:37:29.217 [restartedMain] INFO  o.s.w.s.m.m.a.RequestMappingHandlerMapping - Mapped "{[/school/list],methods=[GET]}" onto public java.lang.String edu.gzhu.its.profile.web.SchoolController.list(java.lang.Integer,java.lang.Integer,org.springframework.ui.Model)
18:37:29.217 [restartedMain] INFO  o.s.w.s.m.m.a.RequestMappingHandlerMapping - Mapped "{[/school/save],methods=[POST]}" onto public java.lang.String edu.gzhu.its.profile.web.SchoolController.save(edu.gzhu.its.profile.entity.School)
18:37:29.218 [restartedMain] INFO  o.s.w.s.m.m.a.RequestMappingHandlerMapping - Mapped "{[/saveRollCall],methods=[GET]}" onto public java.lang.String edu.gzhu.its.study.web.RollCallController.saveRollCall(org.springframework.ui.Model)
18:37:29.219 [restartedMain] INFO  o.s.w.s.m.m.a.RequestMappingHandlerMapping - Mapped "{[/rollCall],methods=[GET]}" onto public java.lang.String edu.gzhu.its.study.web.RollCallController.rollCall(org.springframework.ui.Model,java.lang.String)
18:37:29.219 [restartedMain] INFO  o.s.w.s.m.m.a.RequestMappingHandlerMapping - Mapped "{[/submitRollCall],methods=[GET]}" onto public java.lang.String edu.gzhu.its.study.web.RollCallController.submitRollCall(org.springframework.ui.Model)
18:37:29.219 [restartedMain] INFO  o.s.w.s.m.m.a.RequestMappingHandlerMapping - Mapped "{[/showRollCall/{id}],methods=[GET]}" onto public java.lang.String edu.gzhu.its.study.web.RollCallController.showRollCall(int,org.springframework.ui.Model)
18:37:29.219 [restartedMain] INFO  o.s.w.s.m.m.a.RequestMappingHandlerMapping - Mapped "{[/rollCallList],methods=[GET]}" onto public java.lang.String edu.gzhu.its.study.web.RollCallController.rollCallList(java.lang.Integer,java.lang.Integer,org.springframework.ui.Model)
18:37:29.220 [restartedMain] INFO  o.s.w.s.m.m.a.RequestMappingHandlerMapping - Mapped "{[/admin/userList],methods=[GET]}" onto public java.lang.String edu.gzhu.its.system.web.AdminController.userList()
18:37:29.221 [restartedMain] INFO  o.s.w.s.m.m.a.RequestMappingHandlerMapping - Mapped "{[/admin],methods=[GET]}" onto public java.lang.String edu.gzhu.its.system.web.AdminController.admin(org.springframework.ui.Model)
18:37:29.221 [restartedMain] INFO  o.s.w.s.m.m.a.RequestMappingHandlerMapping - Mapped "{[ || / || /index]}" onto public java.lang.String edu.gzhu.its.system.web.IndexController.index()
18:37:29.222 [restartedMain] INFO  o.s.w.s.m.m.a.RequestMappingHandlerMapping - Mapped "{[/logout],methods=[GET]}" onto public java.lang.String edu.gzhu.its.system.web.LoginController.logout(javax.servlet.http.HttpServletRequest,javax.servlet.http.HttpServletResponse,org.springframework.security.core.Authentication)
18:37:29.222 [restartedMain] INFO  o.s.w.s.m.m.a.RequestMappingHandlerMapping - Mapped "{[/login],methods=[GET]}" onto public java.lang.String edu.gzhu.its.system.web.LoginController.longin()
18:37:29.222 [restartedMain] INFO  o.s.w.s.m.m.a.RequestMappingHandlerMapping - Mapped "{[/doLogin],methods=[POST]}" onto public java.lang.String edu.gzhu.its.system.web.LoginController.doLogin()
18:37:29.222 [restartedMain] INFO  o.s.w.s.m.m.a.RequestMappingHandlerMapping - Mapped "{[/userOnline],methods=[GET]}" onto public java.lang.String edu.gzhu.its.system.web.OnlineController.onLineUser(org.springframework.ui.Model)
18:37:29.223 [restartedMain] INFO  o.s.w.s.m.m.a.RequestMappingHandlerMapping - Mapped "{[/resource/list],methods=[GET]}" onto public java.lang.String edu.gzhu.its.system.web.ResourceController.list(java.lang.Integer,java.lang.Integer,org.springframework.ui.Model)
18:37:29.224 [restartedMain] INFO  o.s.w.s.m.m.a.RequestMappingHandlerMapping - Mapped "{[/resource/tree],methods=[GET]}" onto public java.lang.String edu.gzhu.its.system.web.ResourceController.tree()
18:37:29.224 [restartedMain] INFO  o.s.w.s.m.m.a.RequestMappingHandlerMapping - Mapped "{[/role/list],methods=[GET]}" onto public java.lang.String edu.gzhu.its.system.web.RoleController.list(java.lang.Integer,java.lang.Integer,org.springframework.ui.Model)
18:37:29.225 [restartedMain] INFO  o.s.w.s.m.m.a.RequestMappingHandlerMapping - Mapped "{[/user/list],methods=[GET]}" onto public java.lang.String edu.gzhu.its.system.web.UserController.list(java.lang.Integer,java.lang.Integer,org.springframework.ui.Model)
18:37:29.225 [restartedMain] INFO  o.s.w.s.m.m.a.RequestMappingHandlerMapping - Mapped "{[/user/user/userList1],methods=[GET]}" onto public edu.gzhu.its.base.model.TableSplitResult<edu.gzhu.its.system.entity.User> edu.gzhu.its.system.web.UserController.userList1(java.lang.Integer,java.lang.Integer)
18:37:29.226 [restartedMain] INFO  o.s.w.s.m.m.a.RequestMappingHandlerMapping - Mapped "{[/teacher/list],methods=[GET]}" onto public java.lang.String edu.gzhu.its.teacher.TeacherContoller.list(java.lang.Integer,java.lang.Integer,org.springframework.ui.Model)
18:37:29.228 [restartedMain] INFO  o.s.w.s.m.m.a.RequestMappingHandlerMapping - Mapped "{[/error]}" onto public org.springframework.http.ResponseEntity<java.util.Map<java.lang.String, java.lang.Object>> org.springframework.boot.autoconfigure.web.BasicErrorController.error(javax.servlet.http.HttpServletRequest)
18:37:29.229 [restartedMain] INFO  o.s.w.s.m.m.a.RequestMappingHandlerMapping - Mapped "{[/error],produces=[text/html]}" onto public org.springframework.web.servlet.ModelAndView org.springframework.boot.autoconfigure.web.BasicErrorController.errorHtml(javax.servlet.http.HttpServletRequest,javax.servlet.http.HttpServletResponse)
18:37:29.290 [restartedMain] INFO  o.s.w.s.handler.SimpleUrlHandlerMapping - Mapped URL path [/webjars/**] onto handler of type [class org.springframework.web.servlet.resource.ResourceHttpRequestHandler]
18:37:29.290 [restartedMain] INFO  o.s.w.s.handler.SimpleUrlHandlerMapping - Mapped URL path [/**] onto handler of type [class org.springframework.web.servlet.resource.ResourceHttpRequestHandler]
18:37:29.375 [restartedMain] INFO  o.s.w.s.handler.SimpleUrlHandlerMapping - Mapped URL path [/**/favicon.ico] onto handler of type [class org.springframework.web.servlet.resource.ResourceHttpRequestHandler]
18:37:31.221 [restartedMain] INFO  o.s.b.d.a.OptionalLiveReloadServer - LiveReload server is running on port 35729
18:37:31.272 [restartedMain] INFO  o.s.j.e.a.AnnotationMBeanExporter - Registering beans for JMX exposure on startup
18:37:31.272 [restartedMain] INFO  o.s.j.e.a.AnnotationMBeanExporter - Bean with name 'dataSource' has been autodetected for JMX exposure
18:37:31.272 [restartedMain] INFO  o.s.j.e.a.AnnotationMBeanExporter - Located MBean 'dataSource': registering with JMX server as MBean [com.alibaba.druid.pool:name=dataSource,type=DruidDataSource]
18:37:31.303 [restartedMain] INFO  o.apache.coyote.http11.Http11NioProtocol - Initializing ProtocolHandler ["http-nio-9090"]
18:37:31.318 [restartedMain] INFO  o.apache.coyote.http11.Http11NioProtocol - Starting ProtocolHandler ["http-nio-9090"]
18:37:31.443 [restartedMain] INFO  o.apache.tomcat.util.net.NioSelectorPool - Using a shared selector for servlet write/read
18:37:31.517 [restartedMain] INFO  o.s.b.c.e.t.TomcatEmbeddedServletContainer - Tomcat started on port(s): 9090 (http)
18:37:31.522 [restartedMain] INFO  edu.gzhu.its.ITSApplication - Started ITSApplication in 17.162 seconds (JVM running for 17.909)
18:37:31.664 [http-nio-9090-exec-1] INFO  o.apache.tomcat.util.http.parser.Cookie - A cookie header was received [1555838919,1557142947] that contained an invalid cookie. That cookie will be ignored.Note: further occurrences of this error will be logged at DEBUG level.
18:37:31.675 [http-nio-9090-exec-1] INFO  o.a.c.c.C.[Tomcat].[localhost].[/] - Initializing Spring FrameworkServlet 'dispatcherServlet'
18:37:31.675 [http-nio-9090-exec-1] INFO  o.s.web.servlet.DispatcherServlet - FrameworkServlet 'dispatcherServlet': initialization started
18:37:31.690 [http-nio-9090-exec-1] INFO  o.s.web.servlet.DispatcherServlet - FrameworkServlet 'dispatcherServlet': initialization completed in 15 ms
18:37:38.134 [http-nio-9090-exec-4] WARN  o.h.hql.internal.ast.HqlSqlWalker - [DEPRECATION] Encountered positional parameter near line 1, column 57 in HQL: [from edu.gzhu.its.system.entity.User u WHERE u.username=?].  Positional parameter are considered deprecated; use named parameters or JPA-style positional parameters instead.
19:22:15.923 [RMI TCP Connection(2)-192.168.3.179] INFO  o.s.b.a.SpringApplicationAdminMXBeanRegistrar$SpringApplicationAdmin - Application shutdown requested.
19:22:15.923 [RMI TCP Connection(2)-192.168.3.179] INFO  o.s.b.c.e.AnnotationConfigEmbeddedWebApplicationContext - Closing org.springframework.boot.context.embedded.AnnotationConfigEmbeddedWebApplicationContext@172ca74d: startup date [Sat Jun 01 18:37:14 CST 2019]; root of context hierarchy
19:22:15.932 [RMI TCP Connection(2)-192.168.3.179] INFO  o.s.j.e.a.AnnotationMBeanExporter - Unregistering JMX-exposed beans on shutdown
19:22:15.932 [RMI TCP Connection(2)-192.168.3.179] INFO  o.s.j.e.a.AnnotationMBeanExporter - Unregistering JMX-exposed beans
19:22:15.932 [RMI TCP Connection(2)-192.168.3.179] INFO  o.s.c.ehcache.EhCacheManagerFactoryBean - Shutting down EhCache CacheManager
19:22:15.947 [RMI TCP Connection(2)-192.168.3.179] INFO  o.s.o.j.LocalContainerEntityManagerFactoryBean - Closing JPA EntityManagerFactory for persistence unit 'default'
19:22:15.963 [RMI TCP Connection(2)-192.168.3.179] INFO  com.alibaba.druid.pool.DruidDataSource - {dataSource-1} closed
19:29:40.039 [restartedMain] INFO  edu.gzhu.its.ITSApplication - Starting ITSApplication on O4L55N85900JS3T with PID 3260 (started by dingguozhu in E:\Intelligent Tutoring System\Intelligent-Tutoring-System)
19:29:40.044 [restartedMain] INFO  edu.gzhu.its.ITSApplication - No active profile set, falling back to default profiles: default
19:29:40.077 [restartedMain] INFO  o.s.b.c.e.AnnotationConfigEmbeddedWebApplicationContext - Refreshing org.springframework.boot.context.embedded.AnnotationConfigEmbeddedWebApplicationContext@172ca74d: startup date [Sat Jun 01 19:29:40 CST 2019]; root of context hierarchy
19:29:40.233 [background-preinit] INFO  o.h.validator.internal.util.Version - HV000001: Hibernate Validator 5.3.6.Final
19:29:41.045 [restartedMain] INFO  o.s.d.r.c.RepositoryConfigurationDelegate - Multiple Spring Data modules found, entering strict repository configuration mode!
19:29:41.167 [restartedMain] INFO  o.s.d.r.c.RepositoryConfigurationDelegate - Multiple Spring Data modules found, entering strict repository configuration mode!
19:29:41.245 [restartedMain] INFO  o.s.d.r.c.RepositoryConfigurationExtensionSupport - Spring Data Redis - Could not safely identify store assignment for repository candidate interface edu.gzhu.its.emotion.dao.EmotionDao.
19:29:41.995 [restartedMain] INFO  o.s.b.c.e.t.TomcatEmbeddedServletContainer - Tomcat initialized with port(s): 9090 (http)
19:29:41.995 [restartedMain] INFO  org.apache.catalina.core.StandardService - Starting service [Tomcat]
19:29:42.011 [restartedMain] INFO  org.apache.catalina.core.StandardEngine - Starting Servlet Engine: Apache Tomcat/8.5.23
19:29:42.245 [localhost-startStop-1] INFO  org.apache.jasper.servlet.TldScanner - At least one JAR was scanned for TLDs yet contained no TLDs. Enable debug logging for this logger for a complete list of JARs that were scanned but no TLDs were found in them. Skipping unneeded JARs during scanning can improve startup time and JSP compilation time.
19:29:42.250 [localhost-startStop-1] INFO  o.a.c.c.C.[Tomcat].[localhost].[/] - Initializing Spring embedded WebApplicationContext
19:29:42.250 [localhost-startStop-1] INFO  o.s.web.context.ContextLoader - Root WebApplicationContext: initialization completed in 2173 ms
19:29:42.891 [localhost-startStop-1] INFO  o.s.o.j.LocalContainerEntityManagerFactoryBean - Building JPA container EntityManagerFactory for persistence unit 'default'
19:29:42.969 [localhost-startStop-1] INFO  o.hibernate.jpa.internal.util.LogHelper - HHH000204: Processing PersistenceUnitInfo [
	name: default
	...]
19:29:43.031 [localhost-startStop-1] INFO  org.hibernate.Version - HHH000412: Hibernate Core {5.0.12.Final}
19:29:43.031 [localhost-startStop-1] INFO  org.hibernate.cfg.Environment - HHH000206: hibernate.properties not found
19:29:43.031 [localhost-startStop-1] INFO  org.hibernate.cfg.Environment - HHH000021: Bytecode provider name : javassist
19:29:43.078 [localhost-startStop-1] INFO  org.hibernate.annotations.common.Version - HCANN000001: Hibernate Commons Annotations {5.0.1.Final}
19:29:43.781 [localhost-startStop-1] INFO  com.alibaba.druid.pool.DruidDataSource - {dataSource-1} inited
19:29:43.785 [localhost-startStop-1] INFO  org.hibernate.dialect.Dialect - HHH000400: Using dialect: org.hibernate.dialect.MySQL5InnoDBDialect
19:29:44.300 [localhost-startStop-1] INFO  org.hibernate.tool.hbm2ddl.SchemaUpdate - HHH000228: Running hbm2ddl schema update
19:29:48.674 [localhost-startStop-1] INFO  o.s.o.j.LocalContainerEntityManagerFactoryBean - Initialized JPA EntityManagerFactory for persistence unit 'default'
19:29:48.706 [localhost-startStop-1] WARN  e.g.i.s.s.CtFilterSecurityInterceptor - Could not validate configuration attributes as the SecurityMetadataSource did not return any attributes from getAllConfigAttributes()
19:29:48.784 [localhost-startStop-1] INFO  o.s.b.web.servlet.FilterRegistrationBean - Mapping filter: 'characterEncodingFilter' to: [/*]
19:29:48.784 [localhost-startStop-1] INFO  o.s.b.web.servlet.FilterRegistrationBean - Mapping filter: 'hiddenHttpMethodFilter' to: [/*]
19:29:48.784 [localhost-startStop-1] INFO  o.s.b.web.servlet.FilterRegistrationBean - Mapping filter: 'httpPutFormContentFilter' to: [/*]
19:29:48.784 [localhost-startStop-1] INFO  o.s.b.web.servlet.FilterRegistrationBean - Mapping filter: 'requestContextFilter' to: [/*]
19:29:48.784 [localhost-startStop-1] INFO  o.s.b.w.s.DelegatingFilterProxyRegistrationBean - Mapping filter: 'springSecurityFilterChain' to: [/*]
19:29:48.784 [localhost-startStop-1] INFO  o.s.b.web.servlet.FilterRegistrationBean - Mapping filter: 'ctFilterSecurityInterceptor' to: [/*]
19:29:48.784 [localhost-startStop-1] INFO  o.s.b.w.servlet.ServletRegistrationBean - Mapping servlet: 'dispatcherServlet' to [/]
19:29:48.816 [localhost-startStop-1] WARN  o.a.c.c.C.[Tomcat].[localhost].[/] - Cannot deserialize session attribute [currentUser] for session [99310CC6F24800FBC79FCE79982A176A]
19:29:48.831 [localhost-startStop-1] ERROR o.a.catalina.session.StandardManager - Exception loading sessions from persistent storage
java.lang.ClassCastException: java.lang.String cannot be cast to java.io.ObjectStreamClass
	at java.io.ObjectInputStream.readClassDesc(ObjectInputStream.java:1515)
	at java.io.ObjectInputStream.readOrdinaryObject(ObjectInputStream.java:1781)
	at java.io.ObjectInputStream.readObject0(ObjectInputStream.java:1353)
	at java.io.ObjectInputStream.readObject(ObjectInputStream.java:373)
	at java.util.ArrayList.readObject(ArrayList.java:791)
	at sun.reflect.NativeMethodAccessorImpl.invoke0(Native Method)
	at sun.reflect.NativeMethodAccessorImpl.invoke(NativeMethodAccessorImpl.java:62)
	at sun.reflect.DelegatingMethodAccessorImpl.invoke(DelegatingMethodAccessorImpl.java:43)
	at java.lang.reflect.Method.invoke(Method.java:498)
	at java.io.ObjectStreamClass.invokeReadObject(ObjectStreamClass.java:1058)
	at java.io.ObjectInputStream.readSerialData(ObjectInputStream.java:1909)
	at java.io.ObjectInputStream.readOrdinaryObject(ObjectInputStream.java:1808)
	at java.io.ObjectInputStream.readObject0(ObjectInputStream.java:1353)
	at java.io.ObjectInputStream.defaultReadFields(ObjectInputStream.java:2018)
	at java.io.ObjectInputStream.readSerialData(ObjectInputStream.java:1942)
	at java.io.ObjectInputStream.readOrdinaryObject(ObjectInputStream.java:1808)
	at java.io.ObjectInputStream.readObject0(ObjectInputStream.java:1353)
	at java.io.ObjectInputStream.defaultReadFields(ObjectInputStream.java:2018)
	at java.io.ObjectInputStream.readSerialData(ObjectInputStream.java:1942)
	at java.io.ObjectInputStream.readOrdinaryObject(ObjectInputStream.java:1808)
	at java.io.ObjectInputStream.readObject0(ObjectInputStream.java:1353)
	at java.io.ObjectInputStream.defaultReadFields(ObjectInputStream.java:2018)
	at java.io.ObjectInputStream.readSerialData(ObjectInputStream.java:1942)
	at java.io.ObjectInputStream.readOrdinaryObject(ObjectInputStream.java:1808)
	at java.io.ObjectInputStream.readObject0(ObjectInputStream.java:1353)
	at java.io.ObjectInputStream.readObject(ObjectInputStream.java:373)
	at org.apache.catalina.session.StandardSession.doReadObject(StandardSession.java:1611)
	at org.apache.catalina.session.StandardSession.readObjectData(StandardSession.java:1077)
	at org.apache.catalina.session.StandardManager.doLoad(StandardManager.java:218)
	at org.apache.catalina.session.StandardManager.load(StandardManager.java:162)
	at org.apache.catalina.session.StandardManager.startInternal(StandardManager.java:356)
	at org.apache.catalina.util.LifecycleBase.start(LifecycleBase.java:150)
	at org.apache.catalina.core.StandardContext.startInternal(StandardContext.java:5224)
	at org.apache.catalina.util.LifecycleBase.start(LifecycleBase.java:150)
	at org.apache.catalina.core.ContainerBase$StartChild.call(ContainerBase.java:1419)
	at org.apache.catalina.core.ContainerBase$StartChild.call(ContainerBase.java:1409)
	at java.util.concurrent.FutureTask.run(FutureTask.java:266)
	at java.util.concurrent.ThreadPoolExecutor.runWorker(ThreadPoolExecutor.java:1142)
	at java.util.concurrent.ThreadPoolExecutor$Worker.run(ThreadPoolExecutor.java:617)
	at java.lang.Thread.run(Thread.java:745)
19:29:49.284 [restartedMain] INFO  o.s.c.ehcache.EhCacheManagerFactoryBean - Initializing EhCache CacheManager
19:29:49.612 [restartedMain] INFO  o.s.s.web.DefaultSecurityFilterChain - Creating filter chain: org.springframework.security.web.util.matcher.AnyRequestMatcher@1, [org.springframework.security.web.context.request.async.WebAsyncManagerIntegrationFilter@69e8a9e7, org.springframework.security.web.context.SecurityContextPersistenceFilter@7da2339d, org.springframework.security.web.header.HeaderWriterFilter@2ed7193d, org.springframework.security.web.csrf.CsrfFilter@7e77063a, org.springframework.security.web.authentication.logout.LogoutFilter@6288f1e8, org.springframework.security.web.authentication.UsernamePasswordAuthenticationFilter@75d2c3cf, org.springframework.security.web.session.ConcurrentSessionFilter@311427d5, org.springframework.security.web.savedrequest.RequestCacheAwareFilter@6b4a0078, org.springframework.security.web.servletapi.SecurityContextHolderAwareRequestFilter@221c6e77, org.springframework.security.web.authentication.rememberme.RememberMeAuthenticationFilter@7e75dff7, org.springframework.security.web.authentication.AnonymousAuthenticationFilter@1db20079, org.springframework.security.web.session.SessionManagementFilter@4193fb30, org.springframework.security.web.access.ExceptionTranslationFilter@240b13ca, org.springframework.security.web.access.intercept.FilterSecurityInterceptor@36cdc1fe]
19:29:50.050 [restartedMain] INFO  o.h.h.i.QueryTranslatorFactoryInitiator - HHH000397: Using ASTQueryTranslatorFactory
19:29:50.160 [restartedMain] INFO  o.s.w.s.m.m.a.RequestMappingHandlerAdapter - Looking for @ControllerAdvice: org.springframework.boot.context.embedded.AnnotationConfigEmbeddedWebApplicationContext@172ca74d: startup date [Sat Jun 01 19:29:40 CST 2019]; root of context hierarchy
19:29:50.441 [restartedMain] INFO  o.s.w.s.m.m.a.RequestMappingHandlerMapping - Mapped "{[/corpus/apply],methods=[GET]}" onto public java.lang.String edu.gzhu.its.corpus.web.UserCommentController.apply(org.springframework.ui.Model)
19:29:50.441 [restartedMain] INFO  o.s.w.s.m.m.a.RequestMappingHandlerMapping - Mapped "{[/corpus/create],methods=[GET]}" onto public java.lang.String edu.gzhu.its.corpus.web.UserCommentController.create(org.springframework.ui.Model) throws java.sql.SQLException
19:29:50.441 [restartedMain] INFO  o.s.w.s.m.m.a.RequestMappingHandlerMapping - Mapped "{[/corpus/list],methods=[GET]}" onto public java.lang.String edu.gzhu.its.corpus.web.UserCommentController.list(java.lang.Integer,java.lang.Integer,org.springframework.ui.Model)
19:29:50.441 [restartedMain] INFO  o.s.w.s.m.m.a.RequestMappingHandlerMapping - Mapped "{[/corpus/progress],methods=[GET]}" onto public java.lang.String edu.gzhu.its.corpus.web.UserCommentController.progress(org.springframework.ui.Model)
19:29:50.441 [restartedMain] INFO  o.s.w.s.m.m.a.RequestMappingHandlerMapping - Mapped "{[/corpus/detail/{userId}],methods=[GET]}" onto public java.lang.String edu.gzhu.its.corpus.web.UserCommentController.detail(org.springframework.ui.Model,long,java.lang.Integer,java.lang.Integer)
19:29:50.441 [restartedMain] INFO  o.s.w.s.m.m.a.RequestMappingHandlerMapping - Mapped "{[/corpus/create2],methods=[GET]}" onto public java.lang.String edu.gzhu.its.corpus.web.UserCommentController.create2(org.springframework.ui.Model) throws java.sql.SQLException
19:29:50.441 [restartedMain] INFO  o.s.w.s.m.m.a.RequestMappingHandlerMapping - Mapped "{[/corpus/otherAnnotations],methods=[GET]}" onto public java.lang.String edu.gzhu.its.corpus.web.UserCommentController.otherAnnotations()
19:29:50.441 [restartedMain] INFO  o.s.w.s.m.m.a.RequestMappingHandlerMapping - Mapped "{[/corpus/saveApply],methods=[GET]}" onto public java.lang.String edu.gzhu.its.corpus.web.UserCommentController.saveApply(int)
19:29:50.441 [restartedMain] INFO  o.s.w.s.m.m.a.RequestMappingHandlerMapping - Mapped "{[/corpus/myJob],methods=[GET]}" onto public java.lang.String edu.gzhu.its.corpus.web.UserCommentController.myJob(org.springframework.ui.Model)
19:29:50.441 [restartedMain] INFO  o.s.w.s.m.m.a.RequestMappingHandlerMapping - Mapped "{[/corpus/myRemark],methods=[GET]}" onto public java.lang.String edu.gzhu.its.corpus.web.UserCommentController.myRemark(java.lang.Integer,java.lang.Integer,org.springframework.ui.Model)
19:29:50.441 [restartedMain] INFO  o.s.w.s.m.m.a.RequestMappingHandlerMapping - Mapped "{[/corpus/myAnnotations],methods=[GET]}" onto public java.lang.String edu.gzhu.its.corpus.web.UserCommentController.myAnnotations()
19:29:50.441 [restartedMain] INFO  o.s.w.s.m.m.a.RequestMappingHandlerMapping - Mapped "{[/corpus/saveUserComment],methods=[GET]}" onto public java.lang.String edu.gzhu.its.corpus.web.UserCommentController.saveUserComment(java.lang.String,java.lang.Long,java.lang.Long,java.lang.String[],java.lang.String[],java.lang.String[])
19:29:50.441 [restartedMain] INFO  o.s.w.s.m.m.a.RequestMappingHandlerMapping - Mapped "{[/corpus/userComment],methods=[GET]}" onto public java.lang.String edu.gzhu.its.corpus.web.UserCommentController.userComment()
19:29:50.441 [restartedMain] INFO  o.s.w.s.m.m.a.RequestMappingHandlerMapping - Mapped "{[/tagView],methods=[GET]}" onto public java.lang.String edu.gzhu.its.experiment.web.TagViewController.tagView(org.springframework.ui.Model) throws java.sql.SQLException
19:29:50.441 [restartedMain] INFO  o.s.w.s.m.m.a.RequestMappingHandlerMapping - Mapped "{[/homeWork || /homeWork/ || /homeWork/index],methods=[GET]}" onto public java.lang.String edu.gzhu.its.homework.web.HomeWorkController.index(org.springframework.ui.Model)
19:29:50.441 [restartedMain] INFO  o.s.w.s.m.m.a.RequestMappingHandlerMapping - Mapped "{[/homeWork/add],methods=[GET]}" onto public java.lang.String edu.gzhu.its.homework.web.HomeWorkController.add(org.springframework.ui.Model)
19:29:50.441 [restartedMain] INFO  o.s.w.s.m.m.a.RequestMappingHandlerMapping - Mapped "{[/homeWork/home],methods=[GET]}" onto public java.lang.String edu.gzhu.its.homework.web.HomeWorkController.home(org.springframework.ui.Model)
19:29:50.441 [restartedMain] INFO  o.s.w.s.m.m.a.RequestMappingHandlerMapping - Mapped "{[/humanism/index],methods=[GET]}" onto public java.lang.String edu.gzhu.its.humanism.web.HumanismController.index()
19:29:50.441 [restartedMain] INFO  o.s.w.s.m.m.a.RequestMappingHandlerMapping - Mapped "{[/class/list],methods=[GET]}" onto public java.lang.String edu.gzhu.its.profile.web.ClassController.list(java.lang.Integer,java.lang.Integer,org.springframework.ui.Model)
19:29:50.457 [restartedMain] INFO  o.s.w.s.m.m.a.RequestMappingHandlerMapping - Mapped "{[/course/list],methods=[GET]}" onto public java.lang.String edu.gzhu.its.profile.web.CourseController.list(java.lang.Integer,java.lang.Integer,org.springframework.ui.Model)
19:29:50.457 [restartedMain] INFO  o.s.w.s.m.m.a.RequestMappingHandlerMapping - Mapped "{[/course/add],methods=[GET]}" onto public java.lang.String edu.gzhu.its.profile.web.CourseController.addCourse()
19:29:50.457 [restartedMain] INFO  o.s.w.s.m.m.a.RequestMappingHandlerMapping - Mapped "{[/institute/add],methods=[GET]}" onto public java.lang.String edu.gzhu.its.profile.web.InstituteController.add(org.springframework.ui.Model)
19:29:50.457 [restartedMain] INFO  o.s.w.s.m.m.a.RequestMappingHandlerMapping - Mapped "{[/institute/list],methods=[GET]}" onto public java.lang.String edu.gzhu.its.profile.web.InstituteController.list(java.lang.Integer,java.lang.Integer,org.springframework.ui.Model)
19:29:50.457 [restartedMain] INFO  o.s.w.s.m.m.a.RequestMappingHandlerMapping - Mapped "{[/school/add],methods=[GET]}" onto public java.lang.String edu.gzhu.its.profile.web.SchoolController.add()
19:29:50.457 [restartedMain] INFO  o.s.w.s.m.m.a.RequestMappingHandlerMapping - Mapped "{[/school/list],methods=[GET]}" onto public java.lang.String edu.gzhu.its.profile.web.SchoolController.list(java.lang.Integer,java.lang.Integer,org.springframework.ui.Model)
19:29:50.457 [restartedMain] INFO  o.s.w.s.m.m.a.RequestMappingHandlerMapping - Mapped "{[/school/save],methods=[POST]}" onto public java.lang.String edu.gzhu.its.profile.web.SchoolController.save(edu.gzhu.its.profile.entity.School)
19:29:50.457 [restartedMain] INFO  o.s.w.s.m.m.a.RequestMappingHandlerMapping - Mapped "{[/rollCall],methods=[GET]}" onto public java.lang.String edu.gzhu.its.study.web.RollCallController.rollCall(org.springframework.ui.Model,java.lang.String)
19:29:50.457 [restartedMain] INFO  o.s.w.s.m.m.a.RequestMappingHandlerMapping - Mapped "{[/saveRollCall],methods=[GET]}" onto public java.lang.String edu.gzhu.its.study.web.RollCallController.saveRollCall(org.springframework.ui.Model)
19:29:50.457 [restartedMain] INFO  o.s.w.s.m.m.a.RequestMappingHandlerMapping - Mapped "{[/rollCallList],methods=[GET]}" onto public java.lang.String edu.gzhu.its.study.web.RollCallController.rollCallList(java.lang.Integer,java.lang.Integer,org.springframework.ui.Model)
19:29:50.457 [restartedMain] INFO  o.s.w.s.m.m.a.RequestMappingHandlerMapping - Mapped "{[/submitRollCall],methods=[GET]}" onto public java.lang.String edu.gzhu.its.study.web.RollCallController.submitRollCall(org.springframework.ui.Model)
19:29:50.457 [restartedMain] INFO  o.s.w.s.m.m.a.RequestMappingHandlerMapping - Mapped "{[/showRollCall/{id}],methods=[GET]}" onto public java.lang.String edu.gzhu.its.study.web.RollCallController.showRollCall(int,org.springframework.ui.Model)
19:29:50.457 [restartedMain] INFO  o.s.w.s.m.m.a.RequestMappingHandlerMapping - Mapped "{[/admin/userList],methods=[GET]}" onto public java.lang.String edu.gzhu.its.system.web.AdminController.userList()
19:29:50.457 [restartedMain] INFO  o.s.w.s.m.m.a.RequestMappingHandlerMapping - Mapped "{[/admin],methods=[GET]}" onto public java.lang.String edu.gzhu.its.system.web.AdminController.admin(org.springframework.ui.Model)
19:29:50.457 [restartedMain] INFO  o.s.w.s.m.m.a.RequestMappingHandlerMapping - Mapped "{[ || / || /index]}" onto public java.lang.String edu.gzhu.its.system.web.IndexController.index()
19:29:50.457 [restartedMain] INFO  o.s.w.s.m.m.a.RequestMappingHandlerMapping - Mapped "{[/logout],methods=[GET]}" onto public java.lang.String edu.gzhu.its.system.web.LoginController.logout(javax.servlet.http.HttpServletRequest,javax.servlet.http.HttpServletResponse,org.springframework.security.core.Authentication)
19:29:50.457 [restartedMain] INFO  o.s.w.s.m.m.a.RequestMappingHandlerMapping - Mapped "{[/doLogin],methods=[POST]}" onto public java.lang.String edu.gzhu.its.system.web.LoginController.doLogin()
19:29:50.457 [restartedMain] INFO  o.s.w.s.m.m.a.RequestMappingHandlerMapping - Mapped "{[/login],methods=[GET]}" onto public java.lang.String edu.gzhu.its.system.web.LoginController.longin()
19:29:50.457 [restartedMain] INFO  o.s.w.s.m.m.a.RequestMappingHandlerMapping - Mapped "{[/userOnline],methods=[GET]}" onto public java.lang.String edu.gzhu.its.system.web.OnlineController.onLineUser(org.springframework.ui.Model)
19:29:50.457 [restartedMain] INFO  o.s.w.s.m.m.a.RequestMappingHandlerMapping - Mapped "{[/resource/list],methods=[GET]}" onto public java.lang.String edu.gzhu.its.system.web.ResourceController.list(java.lang.Integer,java.lang.Integer,org.springframework.ui.Model)
19:29:50.457 [restartedMain] INFO  o.s.w.s.m.m.a.RequestMappingHandlerMapping - Mapped "{[/resource/tree],methods=[GET]}" onto public java.lang.String edu.gzhu.its.system.web.ResourceController.tree()
19:29:50.457 [restartedMain] INFO  o.s.w.s.m.m.a.RequestMappingHandlerMapping - Mapped "{[/role/list],methods=[GET]}" onto public java.lang.String edu.gzhu.its.system.web.RoleController.list(java.lang.Integer,java.lang.Integer,org.springframework.ui.Model)
19:29:50.457 [restartedMain] INFO  o.s.w.s.m.m.a.RequestMappingHandlerMapping - Mapped "{[/user/list],methods=[GET]}" onto public java.lang.String edu.gzhu.its.system.web.UserController.list(java.lang.Integer,java.lang.Integer,org.springframework.ui.Model)
19:29:50.457 [restartedMain] INFO  o.s.w.s.m.m.a.RequestMappingHandlerMapping - Mapped "{[/user/user/userList1],methods=[GET]}" onto public edu.gzhu.its.base.model.TableSplitResult<edu.gzhu.its.system.entity.User> edu.gzhu.its.system.web.UserController.userList1(java.lang.Integer,java.lang.Integer)
19:29:50.457 [restartedMain] INFO  o.s.w.s.m.m.a.RequestMappingHandlerMapping - Mapped "{[/teacher/list],methods=[GET]}" onto public java.lang.String edu.gzhu.its.teacher.TeacherContoller.list(java.lang.Integer,java.lang.Integer,org.springframework.ui.Model)
19:29:50.457 [restartedMain] INFO  o.s.w.s.m.m.a.RequestMappingHandlerMapping - Mapped "{[/error]}" onto public org.springframework.http.ResponseEntity<java.util.Map<java.lang.String, java.lang.Object>> org.springframework.boot.autoconfigure.web.BasicErrorController.error(javax.servlet.http.HttpServletRequest)
19:29:50.457 [restartedMain] INFO  o.s.w.s.m.m.a.RequestMappingHandlerMapping - Mapped "{[/error],produces=[text/html]}" onto public org.springframework.web.servlet.ModelAndView org.springframework.boot.autoconfigure.web.BasicErrorController.errorHtml(javax.servlet.http.HttpServletRequest,javax.servlet.http.HttpServletResponse)
19:29:50.488 [restartedMain] INFO  o.s.w.s.handler.SimpleUrlHandlerMapping - Mapped URL path [/webjars/**] onto handler of type [class org.springframework.web.servlet.resource.ResourceHttpRequestHandler]
19:29:50.488 [restartedMain] INFO  o.s.w.s.handler.SimpleUrlHandlerMapping - Mapped URL path [/**] onto handler of type [class org.springframework.web.servlet.resource.ResourceHttpRequestHandler]
19:29:50.535 [restartedMain] INFO  o.s.w.s.handler.SimpleUrlHandlerMapping - Mapped URL path [/**/favicon.ico] onto handler of type [class org.springframework.web.servlet.resource.ResourceHttpRequestHandler]
19:29:51.696 [restartedMain] INFO  o.s.b.d.a.OptionalLiveReloadServer - LiveReload server is running on port 35729
19:29:51.731 [restartedMain] INFO  o.s.j.e.a.AnnotationMBeanExporter - Registering beans for JMX exposure on startup
19:29:51.731 [restartedMain] INFO  o.s.j.e.a.AnnotationMBeanExporter - Bean with name 'dataSource' has been autodetected for JMX exposure
19:29:51.731 [restartedMain] INFO  o.s.j.e.a.AnnotationMBeanExporter - Located MBean 'dataSource': registering with JMX server as MBean [com.alibaba.druid.pool:name=dataSource,type=DruidDataSource]
19:29:51.747 [restartedMain] INFO  o.apache.coyote.http11.Http11NioProtocol - Initializing ProtocolHandler ["http-nio-9090"]
19:29:51.762 [restartedMain] INFO  o.apache.coyote.http11.Http11NioProtocol - Starting ProtocolHandler ["http-nio-9090"]
19:29:51.778 [restartedMain] INFO  o.apache.tomcat.util.net.NioSelectorPool - Using a shared selector for servlet write/read
19:29:51.794 [restartedMain] INFO  o.s.b.c.e.t.TomcatEmbeddedServletContainer - Tomcat started on port(s): 9090 (http)
19:29:51.794 [restartedMain] INFO  edu.gzhu.its.ITSApplication - Started ITSApplication in 12.005 seconds (JVM running for 12.734)
19:29:57.750 [http-nio-9090-exec-1] INFO  o.apache.tomcat.util.http.parser.Cookie - A cookie header was received [1555838919,1557142947; JSESSIONID=99310CC6F24800FBC79FCE79982A176A] that contained an invalid cookie. That cookie will be ignored.Note: further occurrences of this error will be logged at DEBUG level.
19:29:57.759 [http-nio-9090-exec-1] INFO  o.a.c.c.C.[Tomcat].[localhost].[/] - Initializing Spring FrameworkServlet 'dispatcherServlet'
19:29:57.759 [http-nio-9090-exec-1] INFO  o.s.web.servlet.DispatcherServlet - FrameworkServlet 'dispatcherServlet': initialization started
19:29:57.778 [http-nio-9090-exec-1] INFO  o.s.web.servlet.DispatcherServlet - FrameworkServlet 'dispatcherServlet': initialization completed in 19 ms
19:29:59.791 [http-nio-9090-exec-4] WARN  o.h.hql.internal.ast.HqlSqlWalker - [DEPRECATION] Encountered positional parameter near line 1, column 57 in HQL: [from edu.gzhu.its.system.entity.User u WHERE u.username=?].  Positional parameter are considered deprecated; use named parameters or JPA-style positional parameters instead.
20:05:49.731 [RMI TCP Connection(2)-192.168.3.179] INFO  o.s.b.a.SpringApplicationAdminMXBeanRegistrar$SpringApplicationAdmin - Application shutdown requested.
20:05:49.732 [RMI TCP Connection(2)-192.168.3.179] INFO  o.s.b.c.e.AnnotationConfigEmbeddedWebApplicationContext - Closing org.springframework.boot.context.embedded.AnnotationConfigEmbeddedWebApplicationContext@172ca74d: startup date [Sat Jun 01 19:29:40 CST 2019]; root of context hierarchy
20:05:49.735 [RMI TCP Connection(2)-192.168.3.179] INFO  o.s.j.e.a.AnnotationMBeanExporter - Unregistering JMX-exposed beans on shutdown
20:05:49.735 [RMI TCP Connection(2)-192.168.3.179] INFO  o.s.j.e.a.AnnotationMBeanExporter - Unregistering JMX-exposed beans
20:05:49.736 [RMI TCP Connection(2)-192.168.3.179] INFO  o.s.c.ehcache.EhCacheManagerFactoryBean - Shutting down EhCache CacheManager
20:05:49.740 [RMI TCP Connection(2)-192.168.3.179] INFO  o.s.o.j.LocalContainerEntityManagerFactoryBean - Closing JPA EntityManagerFactory for persistence unit 'default'
20:05:49.745 [RMI TCP Connection(2)-192.168.3.179] INFO  com.alibaba.druid.pool.DruidDataSource - {dataSource-1} closed
