07:53:24.570 [restartedMain] INFO  edu.gzhu.its.ITSApplication - Starting ITSApplication on O4L55N85900JS3T with PID 13048 (started by dingguozhu in E:\Intelligent Tutoring System\Intelligent-Tutoring-System)
07:53:24.570 [restartedMain] INFO  edu.gzhu.its.ITSApplication - No active profile set, falling back to default profiles: default
07:53:24.606 [restartedMain] INFO  o.s.b.c.e.AnnotationConfigEmbeddedWebApplicationContext - Refreshing org.springframework.boot.context.embedded.AnnotationConfigEmbeddedWebApplicationContext@172ca74d: startup date [Thu May 23 07:53:24 CST 2019]; root of context hierarchy
07:53:24.763 [background-preinit] INFO  o.h.validator.internal.util.Version - HV000001: Hibernate Validator 5.3.6.Final
07:53:25.601 [restartedMain] INFO  o.s.d.r.c.RepositoryConfigurationDelegate - Multiple Spring Data modules found, entering strict repository configuration mode!
07:53:25.697 [restartedMain] INFO  o.s.d.r.c.RepositoryConfigurationDelegate - Multiple Spring Data modules found, entering strict repository configuration mode!
07:53:25.778 [restartedMain] INFO  o.s.d.r.c.RepositoryConfigurationExtensionSupport - Spring Data Redis - Could not safely identify store assignment for repository candidate interface edu.gzhu.its.emotion.dao.EmotionDao.
07:53:26.495 [restartedMain] INFO  o.s.b.c.e.t.TomcatEmbeddedServletContainer - Tomcat initialized with port(s): 9090 (http)
07:53:26.507 [restartedMain] INFO  org.apache.catalina.core.StandardService - Starting service [Tomcat]
07:53:26.508 [restartedMain] INFO  org.apache.catalina.core.StandardEngine - Starting Servlet Engine: Apache Tomcat/8.5.23
07:53:26.756 [localhost-startStop-1] INFO  org.apache.jasper.servlet.TldScanner - At least one JAR was scanned for TLDs yet contained no TLDs. Enable debug logging for this logger for a complete list of JARs that were scanned but no TLDs were found in them. Skipping unneeded JARs during scanning can improve startup time and JSP compilation time.
07:53:26.763 [localhost-startStop-1] INFO  o.a.c.c.C.[Tomcat].[localhost].[/] - Initializing Spring embedded WebApplicationContext
07:53:26.763 [localhost-startStop-1] INFO  o.s.web.context.ContextLoader - Root WebApplicationContext: initialization completed in 2157 ms
07:53:27.650 [localhost-startStop-1] INFO  o.s.o.j.LocalContainerEntityManagerFactoryBean - Building JPA container EntityManagerFactory for persistence unit 'default'
07:53:27.730 [localhost-startStop-1] INFO  o.hibernate.jpa.internal.util.LogHelper - HHH000204: Processing PersistenceUnitInfo [
	name: default
	...]
07:53:27.870 [localhost-startStop-1] INFO  org.hibernate.Version - HHH000412: Hibernate Core {5.0.12.Final}
07:53:27.871 [localhost-startStop-1] INFO  org.hibernate.cfg.Environment - HHH000206: hibernate.properties not found
07:53:27.872 [localhost-startStop-1] INFO  org.hibernate.cfg.Environment - HHH000021: Bytecode provider name : javassist
07:53:27.974 [localhost-startStop-1] INFO  org.hibernate.annotations.common.Version - HCANN000001: Hibernate Commons Annotations {5.0.1.Final}
07:53:29.253 [localhost-startStop-1] INFO  com.alibaba.druid.pool.DruidDataSource - {dataSource-1} inited
07:53:29.315 [localhost-startStop-1] INFO  org.hibernate.dialect.Dialect - HHH000400: Using dialect: org.hibernate.dialect.MySQL5InnoDBDialect
07:53:30.286 [localhost-startStop-1] INFO  org.hibernate.tool.hbm2ddl.SchemaUpdate - HHH000228: Running hbm2ddl schema update
07:53:35.575 [localhost-startStop-1] INFO  o.s.o.j.LocalContainerEntityManagerFactoryBean - Initialized JPA EntityManagerFactory for persistence unit 'default'
07:53:35.632 [localhost-startStop-1] WARN  e.g.i.s.s.CtFilterSecurityInterceptor - Could not validate configuration attributes as the SecurityMetadataSource did not return any attributes from getAllConfigAttributes()
07:53:35.705 [localhost-startStop-1] INFO  o.s.b.web.servlet.FilterRegistrationBean - Mapping filter: 'characterEncodingFilter' to: [/*]
07:53:35.706 [localhost-startStop-1] INFO  o.s.b.web.servlet.FilterRegistrationBean - Mapping filter: 'hiddenHttpMethodFilter' to: [/*]
07:53:35.706 [localhost-startStop-1] INFO  o.s.b.web.servlet.FilterRegistrationBean - Mapping filter: 'httpPutFormContentFilter' to: [/*]
07:53:35.706 [localhost-startStop-1] INFO  o.s.b.web.servlet.FilterRegistrationBean - Mapping filter: 'requestContextFilter' to: [/*]
07:53:35.723 [localhost-startStop-1] INFO  o.s.b.w.s.DelegatingFilterProxyRegistrationBean - Mapping filter: 'springSecurityFilterChain' to: [/*]
07:53:35.723 [localhost-startStop-1] INFO  o.s.b.web.servlet.FilterRegistrationBean - Mapping filter: 'ctFilterSecurityInterceptor' to: [/*]
07:53:35.723 [localhost-startStop-1] INFO  o.s.b.w.servlet.ServletRegistrationBean - Mapping servlet: 'dispatcherServlet' to [/]
07:53:36.310 [restartedMain] INFO  o.s.c.ehcache.EhCacheManagerFactoryBean - Initializing EhCache CacheManager
07:53:37.008 [restartedMain] INFO  o.s.s.web.DefaultSecurityFilterChain - Creating filter chain: org.springframework.security.web.util.matcher.AnyRequestMatcher@1, [org.springframework.security.web.context.request.async.WebAsyncManagerIntegrationFilter@f77bea0, org.springframework.security.web.context.SecurityContextPersistenceFilter@658d2d15, org.springframework.security.web.header.HeaderWriterFilter@41f88e28, org.springframework.security.web.csrf.CsrfFilter@580517d5, org.springframework.security.web.authentication.logout.LogoutFilter@383bbdbd, org.springframework.security.web.authentication.UsernamePasswordAuthenticationFilter@69e8a9e7, org.springframework.security.web.session.ConcurrentSessionFilter@251c595a, org.springframework.security.web.savedrequest.RequestCacheAwareFilter@4ab87ab9, org.springframework.security.web.servletapi.SecurityContextHolderAwareRequestFilter@2f7e4e2d, org.springframework.security.web.authentication.rememberme.RememberMeAuthenticationFilter@22d65aa3, org.springframework.security.web.authentication.AnonymousAuthenticationFilter@71590871, org.springframework.security.web.session.SessionManagementFilter@3ed71078, org.springframework.security.web.access.ExceptionTranslationFilter@4eb7d56f, org.springframework.security.web.access.intercept.FilterSecurityInterceptor@717935bd]
07:53:37.768 [restartedMain] INFO  o.h.h.i.QueryTranslatorFactoryInitiator - HHH000397: Using ASTQueryTranslatorFactory
07:53:37.883 [restartedMain] INFO  o.s.w.s.m.m.a.RequestMappingHandlerAdapter - Looking for @ControllerAdvice: org.springframework.boot.context.embedded.AnnotationConfigEmbeddedWebApplicationContext@172ca74d: startup date [Thu May 23 07:53:24 CST 2019]; root of context hierarchy
07:53:38.175 [restartedMain] INFO  o.s.w.s.m.m.a.RequestMappingHandlerMapping - Mapped "{[/corpus/apply],methods=[GET]}" onto public java.lang.String edu.gzhu.its.corpus.web.UserCommentController.apply(org.springframework.ui.Model)
07:53:38.176 [restartedMain] INFO  o.s.w.s.m.m.a.RequestMappingHandlerMapping - Mapped "{[/corpus/create],methods=[GET]}" onto public java.lang.String edu.gzhu.its.corpus.web.UserCommentController.create(org.springframework.ui.Model) throws java.sql.SQLException
07:53:38.176 [restartedMain] INFO  o.s.w.s.m.m.a.RequestMappingHandlerMapping - Mapped "{[/corpus/progress],methods=[GET]}" onto public java.lang.String edu.gzhu.its.corpus.web.UserCommentController.progress(org.springframework.ui.Model)
07:53:38.176 [restartedMain] INFO  o.s.w.s.m.m.a.RequestMappingHandlerMapping - Mapped "{[/corpus/detail/{userId}],methods=[GET]}" onto public java.lang.String edu.gzhu.its.corpus.web.UserCommentController.detail(org.springframework.ui.Model,long,java.lang.Integer,java.lang.Integer)
07:53:38.177 [restartedMain] INFO  o.s.w.s.m.m.a.RequestMappingHandlerMapping - Mapped "{[/corpus/myRemark],methods=[GET]}" onto public java.lang.String edu.gzhu.its.corpus.web.UserCommentController.myRemark(java.lang.Integer,java.lang.Integer,org.springframework.ui.Model)
07:53:38.177 [restartedMain] INFO  o.s.w.s.m.m.a.RequestMappingHandlerMapping - Mapped "{[/corpus/otherAnnotations],methods=[GET]}" onto public java.lang.String edu.gzhu.its.corpus.web.UserCommentController.otherAnnotations()
07:53:38.177 [restartedMain] INFO  o.s.w.s.m.m.a.RequestMappingHandlerMapping - Mapped "{[/corpus/myJob],methods=[GET]}" onto public java.lang.String edu.gzhu.its.corpus.web.UserCommentController.myJob(org.springframework.ui.Model)
07:53:38.177 [restartedMain] INFO  o.s.w.s.m.m.a.RequestMappingHandlerMapping - Mapped "{[/corpus/saveUserComment],methods=[GET]}" onto public java.lang.String edu.gzhu.its.corpus.web.UserCommentController.saveUserComment(java.lang.String,java.lang.Long,java.lang.Long,java.lang.String[],java.lang.String[],java.lang.String[])
07:53:38.177 [restartedMain] INFO  o.s.w.s.m.m.a.RequestMappingHandlerMapping - Mapped "{[/corpus/userComment],methods=[GET]}" onto public java.lang.String edu.gzhu.its.corpus.web.UserCommentController.userComment()
07:53:38.177 [restartedMain] INFO  o.s.w.s.m.m.a.RequestMappingHandlerMapping - Mapped "{[/corpus/myAnnotations],methods=[GET]}" onto public java.lang.String edu.gzhu.its.corpus.web.UserCommentController.myAnnotations()
07:53:38.177 [restartedMain] INFO  o.s.w.s.m.m.a.RequestMappingHandlerMapping - Mapped "{[/corpus/create2],methods=[GET]}" onto public java.lang.String edu.gzhu.its.corpus.web.UserCommentController.create2(org.springframework.ui.Model) throws java.sql.SQLException
07:53:38.178 [restartedMain] INFO  o.s.w.s.m.m.a.RequestMappingHandlerMapping - Mapped "{[/corpus/saveApply],methods=[GET]}" onto public java.lang.String edu.gzhu.its.corpus.web.UserCommentController.saveApply(int)
07:53:38.178 [restartedMain] INFO  o.s.w.s.m.m.a.RequestMappingHandlerMapping - Mapped "{[/tagView],methods=[GET]}" onto public java.lang.String edu.gzhu.its.experiment.web.TagViewController.tagView(org.springframework.ui.Model) throws java.sql.SQLException
07:53:38.180 [restartedMain] INFO  o.s.w.s.m.m.a.RequestMappingHandlerMapping - Mapped "{[/homeWork || /homeWork/ || /homeWork/index],methods=[GET]}" onto public java.lang.String edu.gzhu.its.homework.web.HomeWorkController.index(org.springframework.ui.Model)
07:53:38.181 [restartedMain] INFO  o.s.w.s.m.m.a.RequestMappingHandlerMapping - Mapped "{[/homeWork/add],methods=[GET]}" onto public java.lang.String edu.gzhu.its.homework.web.HomeWorkController.add(org.springframework.ui.Model)
07:53:38.181 [restartedMain] INFO  o.s.w.s.m.m.a.RequestMappingHandlerMapping - Mapped "{[/homeWork/home],methods=[GET]}" onto public java.lang.String edu.gzhu.its.homework.web.HomeWorkController.home(org.springframework.ui.Model)
07:53:38.181 [restartedMain] INFO  o.s.w.s.m.m.a.RequestMappingHandlerMapping - Mapped "{[/humanism/index],methods=[GET]}" onto public java.lang.String edu.gzhu.its.humanism.web.HumanismController.index()
07:53:38.182 [restartedMain] INFO  o.s.w.s.m.m.a.RequestMappingHandlerMapping - Mapped "{[/class/list],methods=[GET]}" onto public java.lang.String edu.gzhu.its.profile.web.ClassController.list(java.lang.Integer,java.lang.Integer,org.springframework.ui.Model)
07:53:38.182 [restartedMain] INFO  o.s.w.s.m.m.a.RequestMappingHandlerMapping - Mapped "{[/course/list],methods=[GET]}" onto public java.lang.String edu.gzhu.its.profile.web.CourseController.list(java.lang.Integer,java.lang.Integer,org.springframework.ui.Model)
07:53:38.182 [restartedMain] INFO  o.s.w.s.m.m.a.RequestMappingHandlerMapping - Mapped "{[/course/add],methods=[GET]}" onto public java.lang.String edu.gzhu.its.profile.web.CourseController.addCourse()
07:53:38.183 [restartedMain] INFO  o.s.w.s.m.m.a.RequestMappingHandlerMapping - Mapped "{[/institute/add],methods=[GET]}" onto public java.lang.String edu.gzhu.its.profile.web.InstituteController.add(org.springframework.ui.Model)
07:53:38.183 [restartedMain] INFO  o.s.w.s.m.m.a.RequestMappingHandlerMapping - Mapped "{[/institute/list],methods=[GET]}" onto public java.lang.String edu.gzhu.its.profile.web.InstituteController.list(java.lang.Integer,java.lang.Integer,org.springframework.ui.Model)
07:53:38.184 [restartedMain] INFO  o.s.w.s.m.m.a.RequestMappingHandlerMapping - Mapped "{[/school/add],methods=[GET]}" onto public java.lang.String edu.gzhu.its.profile.web.SchoolController.add()
07:53:38.184 [restartedMain] INFO  o.s.w.s.m.m.a.RequestMappingHandlerMapping - Mapped "{[/school/list],methods=[GET]}" onto public java.lang.String edu.gzhu.its.profile.web.SchoolController.list(java.lang.Integer,java.lang.Integer,org.springframework.ui.Model)
07:53:38.184 [restartedMain] INFO  o.s.w.s.m.m.a.RequestMappingHandlerMapping - Mapped "{[/school/save],methods=[POST]}" onto public java.lang.String edu.gzhu.its.profile.web.SchoolController.save(edu.gzhu.its.profile.entity.School)
07:53:38.185 [restartedMain] INFO  o.s.w.s.m.m.a.RequestMappingHandlerMapping - Mapped "{[/submitRollCall],methods=[GET]}" onto public java.lang.String edu.gzhu.its.study.web.RollCallController.submitRollCall(org.springframework.ui.Model)
07:53:38.185 [restartedMain] INFO  o.s.w.s.m.m.a.RequestMappingHandlerMapping - Mapped "{[/saveRollCall],methods=[GET]}" onto public java.lang.String edu.gzhu.its.study.web.RollCallController.saveRollCall(org.springframework.ui.Model)
07:53:38.186 [restartedMain] INFO  o.s.w.s.m.m.a.RequestMappingHandlerMapping - Mapped "{[/showRollCall/{id}],methods=[GET]}" onto public java.lang.String edu.gzhu.its.study.web.RollCallController.showRollCall(int,org.springframework.ui.Model)
07:53:38.186 [restartedMain] INFO  o.s.w.s.m.m.a.RequestMappingHandlerMapping - Mapped "{[/rollCall],methods=[GET]}" onto public java.lang.String edu.gzhu.its.study.web.RollCallController.rollCall(org.springframework.ui.Model,java.lang.String)
07:53:38.186 [restartedMain] INFO  o.s.w.s.m.m.a.RequestMappingHandlerMapping - Mapped "{[/rollCallList],methods=[GET]}" onto public java.lang.String edu.gzhu.its.study.web.RollCallController.rollCallList(java.lang.Integer,java.lang.Integer,org.springframework.ui.Model)
07:53:38.187 [restartedMain] INFO  o.s.w.s.m.m.a.RequestMappingHandlerMapping - Mapped "{[/admin/userList],methods=[GET]}" onto public java.lang.String edu.gzhu.its.system.web.AdminController.userList()
07:53:38.187 [restartedMain] INFO  o.s.w.s.m.m.a.RequestMappingHandlerMapping - Mapped "{[/admin],methods=[GET]}" onto public java.lang.String edu.gzhu.its.system.web.AdminController.admin(org.springframework.ui.Model)
07:53:38.187 [restartedMain] INFO  o.s.w.s.m.m.a.RequestMappingHandlerMapping - Mapped "{[ || / || /index]}" onto public java.lang.String edu.gzhu.its.system.web.IndexController.index()
07:53:38.188 [restartedMain] INFO  o.s.w.s.m.m.a.RequestMappingHandlerMapping - Mapped "{[/logout],methods=[GET]}" onto public java.lang.String edu.gzhu.its.system.web.LoginController.logout(javax.servlet.http.HttpServletRequest,javax.servlet.http.HttpServletResponse,org.springframework.security.core.Authentication)
07:53:38.188 [restartedMain] INFO  o.s.w.s.m.m.a.RequestMappingHandlerMapping - Mapped "{[/doLogin],methods=[POST]}" onto public java.lang.String edu.gzhu.its.system.web.LoginController.doLogin()
07:53:38.188 [restartedMain] INFO  o.s.w.s.m.m.a.RequestMappingHandlerMapping - Mapped "{[/login],methods=[GET]}" onto public java.lang.String edu.gzhu.its.system.web.LoginController.longin()
07:53:38.188 [restartedMain] INFO  o.s.w.s.m.m.a.RequestMappingHandlerMapping - Mapped "{[/userOnline],methods=[GET]}" onto public java.lang.String edu.gzhu.its.system.web.OnlineController.onLineUser(org.springframework.ui.Model)
07:53:38.189 [restartedMain] INFO  o.s.w.s.m.m.a.RequestMappingHandlerMapping - Mapped "{[/resource/list],methods=[GET]}" onto public java.lang.String edu.gzhu.its.system.web.ResourceController.list(java.lang.Integer,java.lang.Integer,org.springframework.ui.Model)
07:53:38.189 [restartedMain] INFO  o.s.w.s.m.m.a.RequestMappingHandlerMapping - Mapped "{[/resource/tree],methods=[GET]}" onto public java.lang.String edu.gzhu.its.system.web.ResourceController.tree()
07:53:38.189 [restartedMain] INFO  o.s.w.s.m.m.a.RequestMappingHandlerMapping - Mapped "{[/role/list],methods=[GET]}" onto public java.lang.String edu.gzhu.its.system.web.RoleController.list(java.lang.Integer,java.lang.Integer,org.springframework.ui.Model)
07:53:38.190 [restartedMain] INFO  o.s.w.s.m.m.a.RequestMappingHandlerMapping - Mapped "{[/user/list],methods=[GET]}" onto public java.lang.String edu.gzhu.its.system.web.UserController.list(java.lang.Integer,java.lang.Integer,org.springframework.ui.Model)
07:53:38.190 [restartedMain] INFO  o.s.w.s.m.m.a.RequestMappingHandlerMapping - Mapped "{[/user/user/userList1],methods=[GET]}" onto public edu.gzhu.its.base.model.TableSplitResult<edu.gzhu.its.system.entity.User> edu.gzhu.its.system.web.UserController.userList1(java.lang.Integer,java.lang.Integer)
07:53:38.191 [restartedMain] INFO  o.s.w.s.m.m.a.RequestMappingHandlerMapping - Mapped "{[/teacher/list],methods=[GET]}" onto public java.lang.String edu.gzhu.its.teacher.TeacherContoller.list(java.lang.Integer,java.lang.Integer,org.springframework.ui.Model)
07:53:38.192 [restartedMain] INFO  o.s.w.s.m.m.a.RequestMappingHandlerMapping - Mapped "{[/error]}" onto public org.springframework.http.ResponseEntity<java.util.Map<java.lang.String, java.lang.Object>> org.springframework.boot.autoconfigure.web.BasicErrorController.error(javax.servlet.http.HttpServletRequest)
07:53:38.192 [restartedMain] INFO  o.s.w.s.m.m.a.RequestMappingHandlerMapping - Mapped "{[/error],produces=[text/html]}" onto public org.springframework.web.servlet.ModelAndView org.springframework.boot.autoconfigure.web.BasicErrorController.errorHtml(javax.servlet.http.HttpServletRequest,javax.servlet.http.HttpServletResponse)
07:53:38.241 [restartedMain] INFO  o.s.w.s.handler.SimpleUrlHandlerMapping - Mapped URL path [/webjars/**] onto handler of type [class org.springframework.web.servlet.resource.ResourceHttpRequestHandler]
07:53:38.241 [restartedMain] INFO  o.s.w.s.handler.SimpleUrlHandlerMapping - Mapped URL path [/**] onto handler of type [class org.springframework.web.servlet.resource.ResourceHttpRequestHandler]
07:53:38.318 [restartedMain] INFO  o.s.w.s.handler.SimpleUrlHandlerMapping - Mapped URL path [/**/favicon.ico] onto handler of type [class org.springframework.web.servlet.resource.ResourceHttpRequestHandler]
07:53:39.738 [restartedMain] INFO  o.s.b.d.a.OptionalLiveReloadServer - LiveReload server is running on port 35729
07:53:39.784 [restartedMain] INFO  o.s.j.e.a.AnnotationMBeanExporter - Registering beans for JMX exposure on startup
07:53:39.785 [restartedMain] INFO  o.s.j.e.a.AnnotationMBeanExporter - Bean with name 'dataSource' has been autodetected for JMX exposure
07:53:39.789 [restartedMain] INFO  o.s.j.e.a.AnnotationMBeanExporter - Located MBean 'dataSource': registering with JMX server as MBean [com.alibaba.druid.pool:name=dataSource,type=DruidDataSource]
07:53:39.832 [restartedMain] INFO  o.apache.coyote.http11.Http11NioProtocol - Initializing ProtocolHandler ["http-nio-9090"]
07:53:39.872 [restartedMain] INFO  o.apache.coyote.http11.Http11NioProtocol - Starting ProtocolHandler ["http-nio-9090"]
07:53:39.952 [restartedMain] INFO  o.apache.tomcat.util.net.NioSelectorPool - Using a shared selector for servlet write/read
07:53:40.017 [restartedMain] INFO  o.s.b.c.e.t.TomcatEmbeddedServletContainer - Tomcat started on port(s): 9090 (http)
07:53:40.022 [restartedMain] INFO  edu.gzhu.its.ITSApplication - Started ITSApplication in 15.718 seconds (JVM running for 16.444)
07:54:34.178 [http-nio-9090-exec-1] INFO  o.apache.tomcat.util.http.parser.Cookie - A cookie header was received [1555838919,1557142947] that contained an invalid cookie. That cookie will be ignored.Note: further occurrences of this error will be logged at DEBUG level.
07:54:34.185 [http-nio-9090-exec-1] INFO  o.a.c.c.C.[Tomcat].[localhost].[/] - Initializing Spring FrameworkServlet 'dispatcherServlet'
07:54:34.185 [http-nio-9090-exec-1] INFO  o.s.web.servlet.DispatcherServlet - FrameworkServlet 'dispatcherServlet': initialization started
07:54:34.201 [http-nio-9090-exec-1] INFO  o.s.web.servlet.DispatcherServlet - FrameworkServlet 'dispatcherServlet': initialization completed in 16 ms
07:54:36.939 [http-nio-9090-exec-3] WARN  o.h.hql.internal.ast.HqlSqlWalker - [DEPRECATION] Encountered positional parameter near line 1, column 57 in HQL: [from edu.gzhu.its.system.entity.User u WHERE u.username=?].  Positional parameter are considered deprecated; use named parameters or JPA-style positional parameters instead.
13:19:09.543 [RMI TCP Connection(2)-192.168.3.179] INFO  o.s.b.a.SpringApplicationAdminMXBeanRegistrar$SpringApplicationAdmin - Application shutdown requested.
13:19:09.543 [RMI TCP Connection(2)-192.168.3.179] INFO  o.s.b.c.e.AnnotationConfigEmbeddedWebApplicationContext - Closing org.springframework.boot.context.embedded.AnnotationConfigEmbeddedWebApplicationContext@172ca74d: startup date [Thu May 23 07:53:24 CST 2019]; root of context hierarchy
13:19:09.592 [RMI TCP Connection(2)-192.168.3.179] INFO  o.s.j.e.a.AnnotationMBeanExporter - Unregistering JMX-exposed beans on shutdown
13:19:09.593 [RMI TCP Connection(2)-192.168.3.179] INFO  o.s.j.e.a.AnnotationMBeanExporter - Unregistering JMX-exposed beans
13:19:09.594 [RMI TCP Connection(2)-192.168.3.179] INFO  o.s.c.ehcache.EhCacheManagerFactoryBean - Shutting down EhCache CacheManager
13:19:09.636 [RMI TCP Connection(2)-192.168.3.179] INFO  o.s.o.j.LocalContainerEntityManagerFactoryBean - Closing JPA EntityManagerFactory for persistence unit 'default'
13:19:09.696 [RMI TCP Connection(2)-192.168.3.179] INFO  com.alibaba.druid.pool.DruidDataSource - {dataSource-1} closed
