23:27:44.994 [restartedMain] INFO  edu.gzhu.its.ITSApplication - Starting ITSApplication on O4L55N85900JS3T with PID 896 (started by dingguozhu in E:\Intelligent Tutoring System\Intelligent-Tutoring-System)
23:27:44.995 [restartedMain] INFO  edu.gzhu.its.ITSApplication - No active profile set, falling back to default profiles: default
23:27:45.035 [restartedMain] INFO  o.s.b.c.e.AnnotationConfigEmbeddedWebApplicationContext - Refreshing org.springframework.boot.context.embedded.AnnotationConfigEmbeddedWebApplicationContext@6c9ff954: startup date [Tue Jun 04 23:27:45 CST 2019]; root of context hierarchy
23:27:45.197 [background-preinit] INFO  o.h.validator.internal.util.Version - HV000001: Hibernate Validator 5.3.6.Final
23:27:46.068 [restartedMain] INFO  o.s.d.r.c.RepositoryConfigurationDelegate - Multiple Spring Data modules found, entering strict repository configuration mode!
23:27:46.186 [restartedMain] INFO  o.s.d.r.c.RepositoryConfigurationDelegate - Multiple Spring Data modules found, entering strict repository configuration mode!
23:27:46.267 [restartedMain] INFO  o.s.d.r.c.RepositoryConfigurationExtensionSupport - Spring Data Redis - Could not safely identify store assignment for repository candidate interface edu.gzhu.its.emotion.dao.EmotionDao.
23:27:47.055 [restartedMain] INFO  o.s.b.c.e.t.TomcatEmbeddedServletContainer - Tomcat initialized with port(s): 9090 (http)
23:27:47.073 [restartedMain] INFO  org.apache.catalina.core.StandardService - Starting service [Tomcat]
23:27:47.073 [restartedMain] INFO  org.apache.catalina.core.StandardEngine - Starting Servlet Engine: Apache Tomcat/8.5.23
23:27:47.377 [localhost-startStop-1] INFO  org.apache.jasper.servlet.TldScanner - At least one JAR was scanned for TLDs yet contained no TLDs. Enable debug logging for this logger for a complete list of JARs that were scanned but no TLDs were found in them. Skipping unneeded JARs during scanning can improve startup time and JSP compilation time.
23:27:47.419 [localhost-startStop-1] INFO  o.a.c.c.C.[Tomcat].[localhost].[/] - Initializing Spring embedded WebApplicationContext
23:27:47.419 [localhost-startStop-1] INFO  o.s.web.context.ContextLoader - Root WebApplicationContext: initialization completed in 2385 ms
23:27:48.530 [localhost-startStop-1] INFO  o.s.o.j.LocalContainerEntityManagerFactoryBean - Building JPA container EntityManagerFactory for persistence unit 'default'
23:27:48.618 [localhost-startStop-1] INFO  o.hibernate.jpa.internal.util.LogHelper - HHH000204: Processing PersistenceUnitInfo [
	name: default
	...]
23:27:48.729 [localhost-startStop-1] INFO  org.hibernate.Version - HHH000412: Hibernate Core {5.0.12.Final}
23:27:48.731 [localhost-startStop-1] INFO  org.hibernate.cfg.Environment - HHH000206: hibernate.properties not found
23:27:48.732 [localhost-startStop-1] INFO  org.hibernate.cfg.Environment - HHH000021: Bytecode provider name : javassist
23:27:48.856 [localhost-startStop-1] INFO  org.hibernate.annotations.common.Version - HCANN000001: Hibernate Commons Annotations {5.0.1.Final}
23:27:50.275 [localhost-startStop-1] INFO  com.alibaba.druid.pool.DruidDataSource - {dataSource-1} inited
23:27:50.341 [localhost-startStop-1] INFO  org.hibernate.dialect.Dialect - HHH000400: Using dialect: org.hibernate.dialect.MySQL5InnoDBDialect
23:27:51.261 [localhost-startStop-1] INFO  org.hibernate.tool.hbm2ddl.SchemaUpdate - HHH000228: Running hbm2ddl schema update
23:27:57.446 [localhost-startStop-1] INFO  o.s.o.j.LocalContainerEntityManagerFactoryBean - Initialized JPA EntityManagerFactory for persistence unit 'default'
23:27:57.488 [localhost-startStop-1] WARN  e.g.i.s.s.CtFilterSecurityInterceptor - Could not validate configuration attributes as the SecurityMetadataSource did not return any attributes from getAllConfigAttributes()
23:27:57.595 [localhost-startStop-1] INFO  o.s.b.web.servlet.FilterRegistrationBean - Mapping filter: 'characterEncodingFilter' to: [/*]
23:27:57.595 [localhost-startStop-1] INFO  o.s.b.web.servlet.FilterRegistrationBean - Mapping filter: 'hiddenHttpMethodFilter' to: [/*]
23:27:57.595 [localhost-startStop-1] INFO  o.s.b.web.servlet.FilterRegistrationBean - Mapping filter: 'httpPutFormContentFilter' to: [/*]
23:27:57.595 [localhost-startStop-1] INFO  o.s.b.web.servlet.FilterRegistrationBean - Mapping filter: 'requestContextFilter' to: [/*]
23:27:57.604 [localhost-startStop-1] INFO  o.s.b.w.s.DelegatingFilterProxyRegistrationBean - Mapping filter: 'springSecurityFilterChain' to: [/*]
23:27:57.604 [localhost-startStop-1] INFO  o.s.b.web.servlet.FilterRegistrationBean - Mapping filter: 'ctFilterSecurityInterceptor' to: [/*]
23:27:57.604 [localhost-startStop-1] INFO  o.s.b.w.servlet.ServletRegistrationBean - Mapping servlet: 'dispatcherServlet' to [/]
23:27:57.761 [localhost-startStop-1] WARN  o.a.c.c.C.[Tomcat].[localhost].[/] - Cannot deserialize session attribute [currentUser] for session [4C4683416CC233F0A7565BBF0377A02A]
23:27:57.775 [localhost-startStop-1] ERROR o.a.catalina.session.StandardManager - Exception loading sessions from persistent storage
java.lang.ClassCastException: java.io.ObjectStreamClass cannot be cast to java.lang.String
	at java.io.ObjectInputStream.readTypeString(ObjectInputStream.java:1421)
	at java.io.ObjectStreamClass.readNonProxy(ObjectStreamClass.java:719)
	at java.io.ObjectInputStream.readClassDescriptor(ObjectInputStream.java:833)
	at java.io.ObjectInputStream.readNonProxyDesc(ObjectInputStream.java:1609)
	at java.io.ObjectInputStream.readClassDesc(ObjectInputStream.java:1521)
	at java.io.ObjectInputStream.readOrdinaryObject(ObjectInputStream.java:1781)
	at java.io.ObjectInputStream.readObject0(ObjectInputStream.java:1353)
	at java.io.ObjectInputStream.readObject(ObjectInputStream.java:373)
	at org.apache.catalina.session.StandardSession.doReadObject(StandardSession.java:1611)
	at org.apache.catalina.session.StandardSession.readObjectData(StandardSession.java:1077)
	at org.apache.catalina.session.StandardManager.doLoad(StandardManager.java:218)
	at org.apache.catalina.session.StandardManager.load(StandardManager.java:162)
	at org.apache.catalina.session.StandardManager.startInternal(StandardManager.java:356)
	at org.apache.catalina.util.LifecycleBase.start(LifecycleBase.java:150)
	at org.apache.catalina.core.StandardContext.startInternal(StandardContext.java:5224)
	at org.apache.catalina.util.LifecycleBase.start(LifecycleBase.java:150)
	at org.apache.catalina.core.ContainerBase$StartChild.call(ContainerBase.java:1419)
	at org.apache.catalina.core.ContainerBase$StartChild.call(ContainerBase.java:1409)
	at java.util.concurrent.FutureTask.run(FutureTask.java:266)
	at java.util.concurrent.ThreadPoolExecutor.runWorker(ThreadPoolExecutor.java:1142)
	at java.util.concurrent.ThreadPoolExecutor$Worker.run(ThreadPoolExecutor.java:617)
	at java.lang.Thread.run(Thread.java:745)
23:27:58.270 [restartedMain] INFO  o.s.c.ehcache.EhCacheManagerFactoryBean - Initializing EhCache CacheManager
23:27:59.089 [restartedMain] INFO  o.s.s.web.DefaultSecurityFilterChain - Creating filter chain: org.springframework.security.web.util.matcher.AnyRequestMatcher@1, [org.springframework.security.web.context.request.async.WebAsyncManagerIntegrationFilter@4ef155ba, org.springframework.security.web.context.SecurityContextPersistenceFilter@2f203ffc, org.springframework.security.web.header.HeaderWriterFilter@32977894, org.springframework.security.web.csrf.CsrfFilter@1dcdaee, org.springframework.security.web.authentication.logout.LogoutFilter@5d563d3a, org.springframework.security.web.authentication.UsernamePasswordAuthenticationFilter@5e03424, org.springframework.security.web.session.ConcurrentSessionFilter@cbf1af6, org.springframework.security.web.savedrequest.RequestCacheAwareFilter@22e4b629, org.springframework.security.web.servletapi.SecurityContextHolderAwareRequestFilter@6d12993c, org.springframework.security.web.authentication.rememberme.RememberMeAuthenticationFilter@586bb3ee, org.springframework.security.web.authentication.AnonymousAuthenticationFilter@34e03520, org.springframework.security.web.session.SessionManagementFilter@550d09f8, org.springframework.security.web.access.ExceptionTranslationFilter@569c7694, org.springframework.security.web.access.intercept.FilterSecurityInterceptor@284af5bd]
23:27:59.810 [restartedMain] INFO  o.h.h.i.QueryTranslatorFactoryInitiator - HHH000397: Using ASTQueryTranslatorFactory
23:27:59.932 [restartedMain] INFO  o.s.w.s.m.m.a.RequestMappingHandlerAdapter - Looking for @ControllerAdvice: org.springframework.boot.context.embedded.AnnotationConfigEmbeddedWebApplicationContext@6c9ff954: startup date [Tue Jun 04 23:27:45 CST 2019]; root of context hierarchy
23:28:00.289 [restartedMain] INFO  o.s.w.s.m.m.a.RequestMappingHandlerMapping - Mapped "{[/corpus/apply],methods=[GET]}" onto public java.lang.String edu.gzhu.its.corpus.web.UserCommentController.apply(org.springframework.ui.Model)
23:28:00.290 [restartedMain] INFO  o.s.w.s.m.m.a.RequestMappingHandlerMapping - Mapped "{[/corpus/create],methods=[GET]}" onto public java.lang.String edu.gzhu.its.corpus.web.UserCommentController.create(org.springframework.ui.Model) throws java.sql.SQLException
23:28:00.291 [restartedMain] INFO  o.s.w.s.m.m.a.RequestMappingHandlerMapping - Mapped "{[/corpus/list],methods=[GET]}" onto public java.lang.String edu.gzhu.its.corpus.web.UserCommentController.list(java.lang.Integer,java.lang.Integer,org.springframework.ui.Model)
23:28:00.291 [restartedMain] INFO  o.s.w.s.m.m.a.RequestMappingHandlerMapping - Mapped "{[/corpus/progress],methods=[GET]}" onto public java.lang.String edu.gzhu.its.corpus.web.UserCommentController.progress(org.springframework.ui.Model)
23:28:00.291 [restartedMain] INFO  o.s.w.s.m.m.a.RequestMappingHandlerMapping - Mapped "{[/corpus/detail/{userId}],methods=[GET]}" onto public java.lang.String edu.gzhu.its.corpus.web.UserCommentController.detail(org.springframework.ui.Model,long,java.lang.Integer,java.lang.Integer)
23:28:00.291 [restartedMain] INFO  o.s.w.s.m.m.a.RequestMappingHandlerMapping - Mapped "{[/corpus/myJob],methods=[GET]}" onto public java.lang.String edu.gzhu.its.corpus.web.UserCommentController.myJob(org.springframework.ui.Model)
23:28:00.291 [restartedMain] INFO  o.s.w.s.m.m.a.RequestMappingHandlerMapping - Mapped "{[/corpus/myAnnotations],methods=[GET]}" onto public java.lang.String edu.gzhu.its.corpus.web.UserCommentController.myAnnotations()
23:28:00.291 [restartedMain] INFO  o.s.w.s.m.m.a.RequestMappingHandlerMapping - Mapped "{[/corpus/userComment],methods=[GET]}" onto public java.lang.String edu.gzhu.its.corpus.web.UserCommentController.userComment()
23:28:00.292 [restartedMain] INFO  o.s.w.s.m.m.a.RequestMappingHandlerMapping - Mapped "{[/corpus/saveApply],methods=[GET]}" onto public java.lang.String edu.gzhu.its.corpus.web.UserCommentController.saveApply(int)
23:28:00.292 [restartedMain] INFO  o.s.w.s.m.m.a.RequestMappingHandlerMapping - Mapped "{[/corpus/create2],methods=[GET]}" onto public java.lang.String edu.gzhu.its.corpus.web.UserCommentController.create2(org.springframework.ui.Model) throws java.sql.SQLException
23:28:00.292 [restartedMain] INFO  o.s.w.s.m.m.a.RequestMappingHandlerMapping - Mapped "{[/corpus/otherAnnotations],methods=[GET]}" onto public java.lang.String edu.gzhu.its.corpus.web.UserCommentController.otherAnnotations()
23:28:00.292 [restartedMain] INFO  o.s.w.s.m.m.a.RequestMappingHandlerMapping - Mapped "{[/corpus/myRemark],methods=[GET]}" onto public java.lang.String edu.gzhu.its.corpus.web.UserCommentController.myRemark(java.lang.Integer,java.lang.Integer,org.springframework.ui.Model)
23:28:00.292 [restartedMain] INFO  o.s.w.s.m.m.a.RequestMappingHandlerMapping - Mapped "{[/corpus/saveUserComment],methods=[GET]}" onto public java.lang.String edu.gzhu.its.corpus.web.UserCommentController.saveUserComment(java.lang.String,java.lang.Long,java.lang.Long,java.lang.String[],java.lang.String[],java.lang.String[])
23:28:00.293 [restartedMain] INFO  o.s.w.s.m.m.a.RequestMappingHandlerMapping - Mapped "{[/tagView],methods=[GET]}" onto public java.lang.String edu.gzhu.its.experiment.web.TagViewController.tagView(org.springframework.ui.Model) throws java.sql.SQLException
23:28:00.295 [restartedMain] INFO  o.s.w.s.m.m.a.RequestMappingHandlerMapping - Mapped "{[/homeWork || /homeWork/ || /homeWork/index],methods=[GET]}" onto public java.lang.String edu.gzhu.its.homework.web.HomeWorkController.index(org.springframework.ui.Model)
23:28:00.296 [restartedMain] INFO  o.s.w.s.m.m.a.RequestMappingHandlerMapping - Mapped "{[/homeWork/add],methods=[GET]}" onto public java.lang.String edu.gzhu.its.homework.web.HomeWorkController.add(org.springframework.ui.Model)
23:28:00.296 [restartedMain] INFO  o.s.w.s.m.m.a.RequestMappingHandlerMapping - Mapped "{[/homeWork/home],methods=[GET]}" onto public java.lang.String edu.gzhu.its.homework.web.HomeWorkController.home(org.springframework.ui.Model)
23:28:00.297 [restartedMain] INFO  o.s.w.s.m.m.a.RequestMappingHandlerMapping - Mapped "{[/humanism/index],methods=[GET]}" onto public java.lang.String edu.gzhu.its.humanism.web.HumanismController.index()
23:28:00.297 [restartedMain] INFO  o.s.w.s.m.m.a.RequestMappingHandlerMapping - Mapped "{[/class/list],methods=[GET]}" onto public java.lang.String edu.gzhu.its.profile.web.ClassController.list(java.lang.Integer,java.lang.Integer,org.springframework.ui.Model)
23:28:00.298 [restartedMain] INFO  o.s.w.s.m.m.a.RequestMappingHandlerMapping - Mapped "{[/course/list],methods=[GET]}" onto public java.lang.String edu.gzhu.its.profile.web.CourseController.list(java.lang.Integer,java.lang.Integer,org.springframework.ui.Model)
23:28:00.298 [restartedMain] INFO  o.s.w.s.m.m.a.RequestMappingHandlerMapping - Mapped "{[/course/add],methods=[GET]}" onto public java.lang.String edu.gzhu.its.profile.web.CourseController.addCourse()
23:28:00.298 [restartedMain] INFO  o.s.w.s.m.m.a.RequestMappingHandlerMapping - Mapped "{[/institute/add],methods=[GET]}" onto public java.lang.String edu.gzhu.its.profile.web.InstituteController.add(org.springframework.ui.Model)
23:28:00.299 [restartedMain] INFO  o.s.w.s.m.m.a.RequestMappingHandlerMapping - Mapped "{[/institute/list],methods=[GET]}" onto public java.lang.String edu.gzhu.its.profile.web.InstituteController.list(java.lang.Integer,java.lang.Integer,org.springframework.ui.Model)
23:28:00.300 [restartedMain] INFO  o.s.w.s.m.m.a.RequestMappingHandlerMapping - Mapped "{[/school/add],methods=[GET]}" onto public java.lang.String edu.gzhu.its.profile.web.SchoolController.add()
23:28:00.301 [restartedMain] INFO  o.s.w.s.m.m.a.RequestMappingHandlerMapping - Mapped "{[/school/list],methods=[GET]}" onto public java.lang.String edu.gzhu.its.profile.web.SchoolController.list(java.lang.Integer,java.lang.Integer,org.springframework.ui.Model)
23:28:00.301 [restartedMain] INFO  o.s.w.s.m.m.a.RequestMappingHandlerMapping - Mapped "{[/school/save],methods=[POST]}" onto public java.lang.String edu.gzhu.its.profile.web.SchoolController.save(edu.gzhu.its.profile.entity.School)
23:28:00.302 [restartedMain] INFO  o.s.w.s.m.m.a.RequestMappingHandlerMapping - Mapped "{[/qa/group],methods=[GET]}" onto public java.lang.String edu.gzhu.its.qa.web.QaController.group()
23:28:00.302 [restartedMain] INFO  o.s.w.s.m.m.a.RequestMappingHandlerMapping - Mapped "{[/qa/groups],methods=[GET]}" onto public java.lang.String edu.gzhu.its.qa.web.QaController.groups()
23:28:00.302 [restartedMain] INFO  o.s.w.s.m.m.a.RequestMappingHandlerMapping - Mapped "{[/qa/chatlog],methods=[GET]}" onto public java.lang.String edu.gzhu.its.qa.web.QaController.chatlog()
23:28:00.302 [restartedMain] INFO  o.s.w.s.m.m.a.RequestMappingHandlerMapping - Mapped "{[/qa],methods=[GET]}" onto public java.lang.String edu.gzhu.its.qa.web.QaController.qa()
23:28:00.302 [restartedMain] INFO  o.s.w.s.m.m.a.RequestMappingHandlerMapping - Mapped "{[/qa/friend],methods=[GET]}" onto public java.lang.String edu.gzhu.its.qa.web.QaController.friend()
23:28:00.302 [restartedMain] INFO  o.s.w.s.m.m.a.RequestMappingHandlerMapping - Mapped "{[/qa/init],methods=[GET]}" onto public java.util.Map edu.gzhu.its.qa.web.QaController.inti()
23:28:00.303 [restartedMain] INFO  o.s.w.s.m.m.a.RequestMappingHandlerMapping - Mapped "{[/submitRollCall],methods=[GET]}" onto public java.lang.String edu.gzhu.its.study.web.RollCallController.submitRollCall(org.springframework.ui.Model)
23:28:00.303 [restartedMain] INFO  o.s.w.s.m.m.a.RequestMappingHandlerMapping - Mapped "{[/rollCallList],methods=[GET]}" onto public java.lang.String edu.gzhu.its.study.web.RollCallController.rollCallList(java.lang.Integer,java.lang.Integer,org.springframework.ui.Model)
23:28:00.303 [restartedMain] INFO  o.s.w.s.m.m.a.RequestMappingHandlerMapping - Mapped "{[/saveRollCall],methods=[GET]}" onto public java.lang.String edu.gzhu.its.study.web.RollCallController.saveRollCall(org.springframework.ui.Model)
23:28:00.303 [restartedMain] INFO  o.s.w.s.m.m.a.RequestMappingHandlerMapping - Mapped "{[/rollCall],methods=[GET]}" onto public java.lang.String edu.gzhu.its.study.web.RollCallController.rollCall(org.springframework.ui.Model,java.lang.String)
23:28:00.303 [restartedMain] INFO  o.s.w.s.m.m.a.RequestMappingHandlerMapping - Mapped "{[/showRollCall/{id}],methods=[GET]}" onto public java.lang.String edu.gzhu.its.study.web.RollCallController.showRollCall(int,org.springframework.ui.Model)
23:28:00.304 [restartedMain] INFO  o.s.w.s.m.m.a.RequestMappingHandlerMapping - Mapped "{[/admin/userList],methods=[GET]}" onto public java.lang.String edu.gzhu.its.system.web.AdminController.userList()
23:28:00.304 [restartedMain] INFO  o.s.w.s.m.m.a.RequestMappingHandlerMapping - Mapped "{[/admin],methods=[GET]}" onto public java.lang.String edu.gzhu.its.system.web.AdminController.admin(org.springframework.ui.Model)
23:28:00.304 [restartedMain] INFO  o.s.w.s.m.m.a.RequestMappingHandlerMapping - Mapped "{[ || / || /index]}" onto public java.lang.String edu.gzhu.its.system.web.IndexController.index()
23:28:00.304 [restartedMain] INFO  o.s.w.s.m.m.a.RequestMappingHandlerMapping - Mapped "{[/logout],methods=[GET]}" onto public java.lang.String edu.gzhu.its.system.web.LoginController.logout(javax.servlet.http.HttpServletRequest,javax.servlet.http.HttpServletResponse,org.springframework.security.core.Authentication)
23:28:00.305 [restartedMain] INFO  o.s.w.s.m.m.a.RequestMappingHandlerMapping - Mapped "{[/doLogin],methods=[POST]}" onto public java.lang.String edu.gzhu.its.system.web.LoginController.doLogin()
23:28:00.305 [restartedMain] INFO  o.s.w.s.m.m.a.RequestMappingHandlerMapping - Mapped "{[/login],methods=[GET]}" onto public java.lang.String edu.gzhu.its.system.web.LoginController.longin()
23:28:00.305 [restartedMain] INFO  o.s.w.s.m.m.a.RequestMappingHandlerMapping - Mapped "{[/userOnline],methods=[GET]}" onto public java.lang.String edu.gzhu.its.system.web.OnlineController.onLineUser(org.springframework.ui.Model)
23:28:00.305 [restartedMain] INFO  o.s.w.s.m.m.a.RequestMappingHandlerMapping - Mapped "{[/resource/list],methods=[GET]}" onto public java.lang.String edu.gzhu.its.system.web.ResourceController.list(java.lang.Integer,java.lang.Integer,org.springframework.ui.Model)
23:28:00.306 [restartedMain] INFO  o.s.w.s.m.m.a.RequestMappingHandlerMapping - Mapped "{[/resource/tree],methods=[GET]}" onto public java.lang.String edu.gzhu.its.system.web.ResourceController.tree()
23:28:00.306 [restartedMain] INFO  o.s.w.s.m.m.a.RequestMappingHandlerMapping - Mapped "{[/role/list],methods=[GET]}" onto public java.lang.String edu.gzhu.its.system.web.RoleController.list(java.lang.Integer,java.lang.Integer,org.springframework.ui.Model)
23:28:00.307 [restartedMain] INFO  o.s.w.s.m.m.a.RequestMappingHandlerMapping - Mapped "{[/user/list],methods=[GET]}" onto public java.lang.String edu.gzhu.its.system.web.UserController.list(java.lang.Integer,java.lang.Integer,org.springframework.ui.Model)
23:28:00.307 [restartedMain] INFO  o.s.w.s.m.m.a.RequestMappingHandlerMapping - Mapped "{[/user/user/userList1],methods=[GET]}" onto public edu.gzhu.its.base.model.TableSplitResult<edu.gzhu.its.system.entity.User> edu.gzhu.its.system.web.UserController.userList1(java.lang.Integer,java.lang.Integer)
23:28:00.307 [restartedMain] INFO  o.s.w.s.m.m.a.RequestMappingHandlerMapping - Mapped "{[/teacher/list],methods=[GET]}" onto public java.lang.String edu.gzhu.its.teacher.TeacherContoller.list(java.lang.Integer,java.lang.Integer,org.springframework.ui.Model)
23:28:00.309 [restartedMain] INFO  o.s.w.s.m.m.a.RequestMappingHandlerMapping - Mapped "{[/error]}" onto public org.springframework.http.ResponseEntity<java.util.Map<java.lang.String, java.lang.Object>> org.springframework.boot.autoconfigure.web.BasicErrorController.error(javax.servlet.http.HttpServletRequest)
23:28:00.310 [restartedMain] INFO  o.s.w.s.m.m.a.RequestMappingHandlerMapping - Mapped "{[/error],produces=[text/html]}" onto public org.springframework.web.servlet.ModelAndView org.springframework.boot.autoconfigure.web.BasicErrorController.errorHtml(javax.servlet.http.HttpServletRequest,javax.servlet.http.HttpServletResponse)
23:28:00.381 [restartedMain] INFO  o.s.w.s.handler.SimpleUrlHandlerMapping - Mapped URL path [/webjars/**] onto handler of type [class org.springframework.web.servlet.resource.ResourceHttpRequestHandler]
23:28:00.381 [restartedMain] INFO  o.s.w.s.handler.SimpleUrlHandlerMapping - Mapped URL path [/**] onto handler of type [class org.springframework.web.servlet.resource.ResourceHttpRequestHandler]
23:28:00.440 [restartedMain] INFO  o.s.w.s.handler.SimpleUrlHandlerMapping - Mapped URL path [/**/favicon.ico] onto handler of type [class org.springframework.web.servlet.resource.ResourceHttpRequestHandler]
23:28:01.913 [restartedMain] INFO  o.s.b.d.a.OptionalLiveReloadServer - LiveReload server is running on port 35729
23:28:01.979 [restartedMain] INFO  o.s.j.e.a.AnnotationMBeanExporter - Registering beans for JMX exposure on startup
23:28:01.980 [restartedMain] INFO  o.s.j.e.a.AnnotationMBeanExporter - Bean with name 'dataSource' has been autodetected for JMX exposure
23:28:01.985 [restartedMain] INFO  o.s.j.e.a.AnnotationMBeanExporter - Located MBean 'dataSource': registering with JMX server as MBean [com.alibaba.druid.pool:name=dataSource,type=DruidDataSource]
23:28:02.047 [restartedMain] INFO  o.apache.coyote.http11.Http11NioProtocol - Initializing ProtocolHandler ["http-nio-9090"]
23:28:02.097 [restartedMain] INFO  o.apache.coyote.http11.Http11NioProtocol - Starting ProtocolHandler ["http-nio-9090"]
23:28:02.192 [restartedMain] INFO  o.apache.tomcat.util.net.NioSelectorPool - Using a shared selector for servlet write/read
23:28:02.272 [restartedMain] INFO  o.s.b.c.e.t.TomcatEmbeddedServletContainer - Tomcat started on port(s): 9090 (http)
23:28:02.276 [restartedMain] INFO  edu.gzhu.its.ITSApplication - Started ITSApplication in 17.588 seconds (JVM running for 18.329)
23:28:04.216 [http-nio-9090-exec-2] INFO  o.apache.tomcat.util.http.parser.Cookie - A cookie header was received [1555838919,1557142947] that contained an invalid cookie. That cookie will be ignored.Note: further occurrences of this error will be logged at DEBUG level.
23:28:04.241 [http-nio-9090-exec-2] INFO  o.a.c.c.C.[Tomcat].[localhost].[/] - Initializing Spring FrameworkServlet 'dispatcherServlet'
23:28:04.241 [http-nio-9090-exec-2] INFO  o.s.web.servlet.DispatcherServlet - FrameworkServlet 'dispatcherServlet': initialization started
23:28:04.257 [http-nio-9090-exec-2] INFO  o.s.web.servlet.DispatcherServlet - FrameworkServlet 'dispatcherServlet': initialization completed in 16 ms
23:28:09.355 [http-nio-9090-exec-2] WARN  o.h.hql.internal.ast.HqlSqlWalker - [DEPRECATION] Encountered positional parameter near line 1, column 57 in HQL: [from edu.gzhu.its.system.entity.User u WHERE u.username=?].  Positional parameter are considered deprecated; use named parameters or JPA-style positional parameters instead.
23:31:33.306 [Thread-8] INFO  o.s.b.c.e.AnnotationConfigEmbeddedWebApplicationContext - Closing org.springframework.boot.context.embedded.AnnotationConfigEmbeddedWebApplicationContext@6c9ff954: startup date [Tue Jun 04 23:27:45 CST 2019]; root of context hierarchy
23:31:33.309 [Thread-8] INFO  o.s.j.e.a.AnnotationMBeanExporter - Unregistering JMX-exposed beans on shutdown
23:31:33.309 [Thread-8] INFO  o.s.j.e.a.AnnotationMBeanExporter - Unregistering JMX-exposed beans
23:31:33.310 [Thread-8] INFO  o.s.c.ehcache.EhCacheManagerFactoryBean - Shutting down EhCache CacheManager
23:31:33.351 [Thread-8] INFO  o.s.o.j.LocalContainerEntityManagerFactoryBean - Closing JPA EntityManagerFactory for persistence unit 'default'
23:31:33.400 [Thread-8] INFO  com.alibaba.druid.pool.DruidDataSource - {dataSource-1} closed
23:31:33.987 [restartedMain] INFO  edu.gzhu.its.ITSApplication - Starting ITSApplication on O4L55N85900JS3T with PID 896 (started by dingguozhu in E:\Intelligent Tutoring System\Intelligent-Tutoring-System)
23:31:33.987 [restartedMain] INFO  edu.gzhu.its.ITSApplication - No active profile set, falling back to default profiles: default
23:31:33.988 [restartedMain] INFO  o.s.b.c.e.AnnotationConfigEmbeddedWebApplicationContext - Refreshing org.springframework.boot.context.embedded.AnnotationConfigEmbeddedWebApplicationContext@15082b99: startup date [Tue Jun 04 23:31:33 CST 2019]; root of context hierarchy
23:31:34.494 [restartedMain] INFO  o.s.d.r.c.RepositoryConfigurationDelegate - Multiple Spring Data modules found, entering strict repository configuration mode!
23:31:34.577 [restartedMain] INFO  o.s.d.r.c.RepositoryConfigurationDelegate - Multiple Spring Data modules found, entering strict repository configuration mode!
23:31:34.647 [restartedMain] INFO  o.s.d.r.c.RepositoryConfigurationExtensionSupport - Spring Data Redis - Could not safely identify store assignment for repository candidate interface edu.gzhu.its.emotion.dao.EmotionDao.
23:31:34.820 [restartedMain] INFO  o.s.b.c.e.t.TomcatEmbeddedServletContainer - Tomcat initialized with port(s): 9090 (http)
23:31:34.820 [restartedMain] INFO  org.apache.catalina.core.StandardService - Starting service [Tomcat]
23:31:34.821 [restartedMain] INFO  org.apache.catalina.core.StandardEngine - Starting Servlet Engine: Apache Tomcat/8.5.23
23:31:34.935 [localhost-startStop-1] INFO  org.apache.jasper.servlet.TldScanner - At least one JAR was scanned for TLDs yet contained no TLDs. Enable debug logging for this logger for a complete list of JARs that were scanned but no TLDs were found in them. Skipping unneeded JARs during scanning can improve startup time and JSP compilation time.
23:31:34.939 [localhost-startStop-1] INFO  o.a.c.c.C.[Tomcat].[localhost].[/] - Initializing Spring embedded WebApplicationContext
23:31:34.939 [localhost-startStop-1] INFO  o.s.web.context.ContextLoader - Root WebApplicationContext: initialization completed in 951 ms
23:31:35.211 [localhost-startStop-1] INFO  o.s.o.j.LocalContainerEntityManagerFactoryBean - Building JPA container EntityManagerFactory for persistence unit 'default'
23:31:35.211 [localhost-startStop-1] INFO  o.hibernate.jpa.internal.util.LogHelper - HHH000204: Processing PersistenceUnitInfo [
	name: default
	...]
23:39:04.726 [restartedMain] INFO  edu.gzhu.its.ITSApplication - Starting ITSApplication on O4L55N85900JS3T with PID 4020 (started by dingguozhu in E:\Intelligent Tutoring System\Intelligent-Tutoring-System)
23:39:04.727 [restartedMain] INFO  edu.gzhu.its.ITSApplication - No active profile set, falling back to default profiles: default
23:39:04.763 [restartedMain] INFO  o.s.b.c.e.AnnotationConfigEmbeddedWebApplicationContext - Refreshing org.springframework.boot.context.embedded.AnnotationConfigEmbeddedWebApplicationContext@172ca74d: startup date [Tue Jun 04 23:39:04 CST 2019]; root of context hierarchy
23:39:04.925 [background-preinit] INFO  o.h.validator.internal.util.Version - HV000001: Hibernate Validator 5.3.6.Final
23:39:05.734 [restartedMain] INFO  o.s.d.r.c.RepositoryConfigurationDelegate - Multiple Spring Data modules found, entering strict repository configuration mode!
23:39:05.841 [restartedMain] INFO  o.s.d.r.c.RepositoryConfigurationDelegate - Multiple Spring Data modules found, entering strict repository configuration mode!
23:39:05.934 [restartedMain] INFO  o.s.d.r.c.RepositoryConfigurationExtensionSupport - Spring Data Redis - Could not safely identify store assignment for repository candidate interface edu.gzhu.its.emotion.dao.EmotionDao.
23:39:06.666 [restartedMain] INFO  o.s.b.c.e.t.TomcatEmbeddedServletContainer - Tomcat initialized with port(s): 9090 (http)
23:39:06.682 [restartedMain] INFO  org.apache.catalina.core.StandardService - Starting service [Tomcat]
23:39:06.683 [restartedMain] INFO  org.apache.catalina.core.StandardEngine - Starting Servlet Engine: Apache Tomcat/8.5.23
23:39:06.956 [localhost-startStop-1] INFO  org.apache.jasper.servlet.TldScanner - At least one JAR was scanned for TLDs yet contained no TLDs. Enable debug logging for this logger for a complete list of JARs that were scanned but no TLDs were found in them. Skipping unneeded JARs during scanning can improve startup time and JSP compilation time.
23:39:06.963 [localhost-startStop-1] INFO  o.a.c.c.C.[Tomcat].[localhost].[/] - Initializing Spring embedded WebApplicationContext
23:39:06.963 [localhost-startStop-1] INFO  o.s.web.context.ContextLoader - Root WebApplicationContext: initialization completed in 2200 ms
23:39:07.650 [localhost-startStop-1] INFO  o.s.o.j.LocalContainerEntityManagerFactoryBean - Building JPA container EntityManagerFactory for persistence unit 'default'
23:39:07.729 [localhost-startStop-1] INFO  o.hibernate.jpa.internal.util.LogHelper - HHH000204: Processing PersistenceUnitInfo [
	name: default
	...]
23:39:07.791 [localhost-startStop-1] INFO  org.hibernate.Version - HHH000412: Hibernate Core {5.0.12.Final}
23:39:07.793 [localhost-startStop-1] INFO  org.hibernate.cfg.Environment - HHH000206: hibernate.properties not found
23:39:07.795 [localhost-startStop-1] INFO  org.hibernate.cfg.Environment - HHH000021: Bytecode provider name : javassist
23:39:07.832 [localhost-startStop-1] INFO  org.hibernate.annotations.common.Version - HCANN000001: Hibernate Commons Annotations {5.0.1.Final}
23:39:08.535 [localhost-startStop-1] INFO  com.alibaba.druid.pool.DruidDataSource - {dataSource-1} inited
23:39:08.545 [localhost-startStop-1] INFO  org.hibernate.dialect.Dialect - HHH000400: Using dialect: org.hibernate.dialect.MySQL5InnoDBDialect
23:39:09.078 [localhost-startStop-1] INFO  org.hibernate.tool.hbm2ddl.SchemaUpdate - HHH000228: Running hbm2ddl schema update
23:39:13.212 [localhost-startStop-1] INFO  o.s.o.j.LocalContainerEntityManagerFactoryBean - Initialized JPA EntityManagerFactory for persistence unit 'default'
23:39:13.246 [localhost-startStop-1] WARN  e.g.i.s.s.CtFilterSecurityInterceptor - Could not validate configuration attributes as the SecurityMetadataSource did not return any attributes from getAllConfigAttributes()
23:39:13.317 [localhost-startStop-1] INFO  o.s.b.web.servlet.FilterRegistrationBean - Mapping filter: 'characterEncodingFilter' to: [/*]
23:39:13.318 [localhost-startStop-1] INFO  o.s.b.web.servlet.FilterRegistrationBean - Mapping filter: 'hiddenHttpMethodFilter' to: [/*]
23:39:13.318 [localhost-startStop-1] INFO  o.s.b.web.servlet.FilterRegistrationBean - Mapping filter: 'httpPutFormContentFilter' to: [/*]
23:39:13.318 [localhost-startStop-1] INFO  o.s.b.web.servlet.FilterRegistrationBean - Mapping filter: 'requestContextFilter' to: [/*]
23:39:13.319 [localhost-startStop-1] INFO  o.s.b.w.s.DelegatingFilterProxyRegistrationBean - Mapping filter: 'springSecurityFilterChain' to: [/*]
23:39:13.320 [localhost-startStop-1] INFO  o.s.b.web.servlet.FilterRegistrationBean - Mapping filter: 'ctFilterSecurityInterceptor' to: [/*]
23:39:13.320 [localhost-startStop-1] INFO  o.s.b.w.servlet.ServletRegistrationBean - Mapping servlet: 'dispatcherServlet' to [/]
23:39:13.352 [localhost-startStop-1] WARN  o.a.c.c.C.[Tomcat].[localhost].[/] - Cannot deserialize session attribute [currentUser] for session [68C23B182D551D277A9E22910C153532]
23:39:13.360 [localhost-startStop-1] ERROR o.a.catalina.session.StandardManager - Exception loading sessions from persistent storage
java.lang.ClassCastException: java.lang.String cannot be cast to java.io.ObjectStreamClass
	at java.io.ObjectInputStream.readClassDesc(ObjectInputStream.java:1515)
	at java.io.ObjectInputStream.readOrdinaryObject(ObjectInputStream.java:1781)
	at java.io.ObjectInputStream.readObject0(ObjectInputStream.java:1353)
	at java.io.ObjectInputStream.readObject(ObjectInputStream.java:373)
	at java.util.ArrayList.readObject(ArrayList.java:791)
	at sun.reflect.NativeMethodAccessorImpl.invoke0(Native Method)
	at sun.reflect.NativeMethodAccessorImpl.invoke(NativeMethodAccessorImpl.java:62)
	at sun.reflect.DelegatingMethodAccessorImpl.invoke(DelegatingMethodAccessorImpl.java:43)
	at java.lang.reflect.Method.invoke(Method.java:498)
	at java.io.ObjectStreamClass.invokeReadObject(ObjectStreamClass.java:1058)
	at java.io.ObjectInputStream.readSerialData(ObjectInputStream.java:1909)
	at java.io.ObjectInputStream.readOrdinaryObject(ObjectInputStream.java:1808)
	at java.io.ObjectInputStream.readObject0(ObjectInputStream.java:1353)
	at java.io.ObjectInputStream.defaultReadFields(ObjectInputStream.java:2018)
	at java.io.ObjectInputStream.readSerialData(ObjectInputStream.java:1942)
	at java.io.ObjectInputStream.readOrdinaryObject(ObjectInputStream.java:1808)
	at java.io.ObjectInputStream.readObject0(ObjectInputStream.java:1353)
	at java.io.ObjectInputStream.defaultReadFields(ObjectInputStream.java:2018)
	at java.io.ObjectInputStream.readSerialData(ObjectInputStream.java:1942)
	at java.io.ObjectInputStream.readOrdinaryObject(ObjectInputStream.java:1808)
	at java.io.ObjectInputStream.readObject0(ObjectInputStream.java:1353)
	at java.io.ObjectInputStream.defaultReadFields(ObjectInputStream.java:2018)
	at java.io.ObjectInputStream.readSerialData(ObjectInputStream.java:1942)
	at java.io.ObjectInputStream.readOrdinaryObject(ObjectInputStream.java:1808)
	at java.io.ObjectInputStream.readObject0(ObjectInputStream.java:1353)
	at java.io.ObjectInputStream.readObject(ObjectInputStream.java:373)
	at org.apache.catalina.session.StandardSession.doReadObject(StandardSession.java:1611)
	at org.apache.catalina.session.StandardSession.readObjectData(StandardSession.java:1077)
	at org.apache.catalina.session.StandardManager.doLoad(StandardManager.java:218)
	at org.apache.catalina.session.StandardManager.load(StandardManager.java:162)
	at org.apache.catalina.session.StandardManager.startInternal(StandardManager.java:356)
	at org.apache.catalina.util.LifecycleBase.start(LifecycleBase.java:150)
	at org.apache.catalina.core.StandardContext.startInternal(StandardContext.java:5224)
	at org.apache.catalina.util.LifecycleBase.start(LifecycleBase.java:150)
	at org.apache.catalina.core.ContainerBase$StartChild.call(ContainerBase.java:1419)
	at org.apache.catalina.core.ContainerBase$StartChild.call(ContainerBase.java:1409)
	at java.util.concurrent.FutureTask.run(FutureTask.java:266)
	at java.util.concurrent.ThreadPoolExecutor.runWorker(ThreadPoolExecutor.java:1142)
	at java.util.concurrent.ThreadPoolExecutor$Worker.run(ThreadPoolExecutor.java:617)
	at java.lang.Thread.run(Thread.java:745)
23:39:13.838 [restartedMain] INFO  o.s.c.ehcache.EhCacheManagerFactoryBean - Initializing EhCache CacheManager
23:39:14.171 [restartedMain] INFO  o.s.s.web.DefaultSecurityFilterChain - Creating filter chain: org.springframework.security.web.util.matcher.AnyRequestMatcher@1, [org.springframework.security.web.context.request.async.WebAsyncManagerIntegrationFilter@4f35028e, org.springframework.security.web.context.SecurityContextPersistenceFilter@3deaebe, org.springframework.security.web.header.HeaderWriterFilter@1f64ecad, org.springframework.security.web.csrf.CsrfFilter@2a6fbef2, org.springframework.security.web.authentication.logout.LogoutFilter@2da03b56, org.springframework.security.web.authentication.UsernamePasswordAuthenticationFilter@3a8172df, org.springframework.security.web.session.ConcurrentSessionFilter@53b75e3c, org.springframework.security.web.savedrequest.RequestCacheAwareFilter@5aaf2737, org.springframework.security.web.servletapi.SecurityContextHolderAwareRequestFilter@28b17eff, org.springframework.security.web.authentication.rememberme.RememberMeAuthenticationFilter@527f4cc4, org.springframework.security.web.authentication.AnonymousAuthenticationFilter@6c4f9c2e, org.springframework.security.web.session.SessionManagementFilter@71590871, org.springframework.security.web.access.ExceptionTranslationFilter@22d65aa3, org.springframework.security.web.access.intercept.FilterSecurityInterceptor@1d5fd66a]
23:39:14.627 [restartedMain] INFO  o.h.h.i.QueryTranslatorFactoryInitiator - HHH000397: Using ASTQueryTranslatorFactory
23:39:14.722 [restartedMain] INFO  o.s.w.s.m.m.a.RequestMappingHandlerAdapter - Looking for @ControllerAdvice: org.springframework.boot.context.embedded.AnnotationConfigEmbeddedWebApplicationContext@172ca74d: startup date [Tue Jun 04 23:39:04 CST 2019]; root of context hierarchy
23:39:15.001 [restartedMain] INFO  o.s.w.s.m.m.a.RequestMappingHandlerMapping - Mapped "{[/corpus/apply],methods=[GET]}" onto public java.lang.String edu.gzhu.its.corpus.web.UserCommentController.apply(org.springframework.ui.Model)
23:39:15.002 [restartedMain] INFO  o.s.w.s.m.m.a.RequestMappingHandlerMapping - Mapped "{[/corpus/create],methods=[GET]}" onto public java.lang.String edu.gzhu.its.corpus.web.UserCommentController.create(org.springframework.ui.Model) throws java.sql.SQLException
23:39:15.002 [restartedMain] INFO  o.s.w.s.m.m.a.RequestMappingHandlerMapping - Mapped "{[/corpus/list],methods=[GET]}" onto public java.lang.String edu.gzhu.its.corpus.web.UserCommentController.list(java.lang.Integer,java.lang.Integer,org.springframework.ui.Model)
23:39:15.002 [restartedMain] INFO  o.s.w.s.m.m.a.RequestMappingHandlerMapping - Mapped "{[/corpus/progress],methods=[GET]}" onto public java.lang.String edu.gzhu.its.corpus.web.UserCommentController.progress(org.springframework.ui.Model)
23:39:15.002 [restartedMain] INFO  o.s.w.s.m.m.a.RequestMappingHandlerMapping - Mapped "{[/corpus/detail/{userId}],methods=[GET]}" onto public java.lang.String edu.gzhu.its.corpus.web.UserCommentController.detail(org.springframework.ui.Model,long,java.lang.Integer,java.lang.Integer)
23:39:15.003 [restartedMain] INFO  o.s.w.s.m.m.a.RequestMappingHandlerMapping - Mapped "{[/corpus/myAnnotations],methods=[GET]}" onto public java.lang.String edu.gzhu.its.corpus.web.UserCommentController.myAnnotations()
23:39:15.003 [restartedMain] INFO  o.s.w.s.m.m.a.RequestMappingHandlerMapping - Mapped "{[/corpus/myRemark],methods=[GET]}" onto public java.lang.String edu.gzhu.its.corpus.web.UserCommentController.myRemark(java.lang.Integer,java.lang.Integer,org.springframework.ui.Model)
23:39:15.003 [restartedMain] INFO  o.s.w.s.m.m.a.RequestMappingHandlerMapping - Mapped "{[/corpus/saveApply],methods=[GET]}" onto public java.lang.String edu.gzhu.its.corpus.web.UserCommentController.saveApply(int)
23:39:15.003 [restartedMain] INFO  o.s.w.s.m.m.a.RequestMappingHandlerMapping - Mapped "{[/corpus/create2],methods=[GET]}" onto public java.lang.String edu.gzhu.its.corpus.web.UserCommentController.create2(org.springframework.ui.Model) throws java.sql.SQLException
23:39:15.003 [restartedMain] INFO  o.s.w.s.m.m.a.RequestMappingHandlerMapping - Mapped "{[/corpus/saveUserComment],methods=[GET]}" onto public java.lang.String edu.gzhu.its.corpus.web.UserCommentController.saveUserComment(java.lang.String,java.lang.Long,java.lang.Long,java.lang.String[],java.lang.String[],java.lang.String[])
23:39:15.003 [restartedMain] INFO  o.s.w.s.m.m.a.RequestMappingHandlerMapping - Mapped "{[/corpus/otherAnnotations],methods=[GET]}" onto public java.lang.String edu.gzhu.its.corpus.web.UserCommentController.otherAnnotations()
23:39:15.004 [restartedMain] INFO  o.s.w.s.m.m.a.RequestMappingHandlerMapping - Mapped "{[/corpus/userComment],methods=[GET]}" onto public java.lang.String edu.gzhu.its.corpus.web.UserCommentController.userComment()
23:39:15.004 [restartedMain] INFO  o.s.w.s.m.m.a.RequestMappingHandlerMapping - Mapped "{[/corpus/myJob],methods=[GET]}" onto public java.lang.String edu.gzhu.its.corpus.web.UserCommentController.myJob(org.springframework.ui.Model)
23:39:15.004 [restartedMain] INFO  o.s.w.s.m.m.a.RequestMappingHandlerMapping - Mapped "{[/tagView],methods=[GET]}" onto public java.lang.String edu.gzhu.its.experiment.web.TagViewController.tagView(org.springframework.ui.Model) throws java.sql.SQLException
23:39:15.006 [restartedMain] INFO  o.s.w.s.m.m.a.RequestMappingHandlerMapping - Mapped "{[/homeWork || /homeWork/ || /homeWork/index],methods=[GET]}" onto public java.lang.String edu.gzhu.its.homework.web.HomeWorkController.index(org.springframework.ui.Model)
23:39:15.006 [restartedMain] INFO  o.s.w.s.m.m.a.RequestMappingHandlerMapping - Mapped "{[/homeWork/add],methods=[GET]}" onto public java.lang.String edu.gzhu.its.homework.web.HomeWorkController.add(org.springframework.ui.Model)
23:39:15.006 [restartedMain] INFO  o.s.w.s.m.m.a.RequestMappingHandlerMapping - Mapped "{[/homeWork/home],methods=[GET]}" onto public java.lang.String edu.gzhu.its.homework.web.HomeWorkController.home(org.springframework.ui.Model)
23:39:15.007 [restartedMain] INFO  o.s.w.s.m.m.a.RequestMappingHandlerMapping - Mapped "{[/humanism/index],methods=[GET]}" onto public java.lang.String edu.gzhu.its.humanism.web.HumanismController.index()
23:39:15.007 [restartedMain] INFO  o.s.w.s.m.m.a.RequestMappingHandlerMapping - Mapped "{[/class/list],methods=[GET]}" onto public java.lang.String edu.gzhu.its.profile.web.ClassController.list(java.lang.Integer,java.lang.Integer,org.springframework.ui.Model)
23:39:15.008 [restartedMain] INFO  o.s.w.s.m.m.a.RequestMappingHandlerMapping - Mapped "{[/course/list],methods=[GET]}" onto public java.lang.String edu.gzhu.its.profile.web.CourseController.list(java.lang.Integer,java.lang.Integer,org.springframework.ui.Model)
23:39:15.008 [restartedMain] INFO  o.s.w.s.m.m.a.RequestMappingHandlerMapping - Mapped "{[/course/add],methods=[GET]}" onto public java.lang.String edu.gzhu.its.profile.web.CourseController.addCourse()
23:39:15.008 [restartedMain] INFO  o.s.w.s.m.m.a.RequestMappingHandlerMapping - Mapped "{[/institute/add],methods=[GET]}" onto public java.lang.String edu.gzhu.its.profile.web.InstituteController.add(org.springframework.ui.Model)
23:39:15.008 [restartedMain] INFO  o.s.w.s.m.m.a.RequestMappingHandlerMapping - Mapped "{[/institute/list],methods=[GET]}" onto public java.lang.String edu.gzhu.its.profile.web.InstituteController.list(java.lang.Integer,java.lang.Integer,org.springframework.ui.Model)
23:39:15.010 [restartedMain] INFO  o.s.w.s.m.m.a.RequestMappingHandlerMapping - Mapped "{[/school/add],methods=[GET]}" onto public java.lang.String edu.gzhu.its.profile.web.SchoolController.add()
23:39:15.010 [restartedMain] INFO  o.s.w.s.m.m.a.RequestMappingHandlerMapping - Mapped "{[/school/list],methods=[GET]}" onto public java.lang.String edu.gzhu.its.profile.web.SchoolController.list(java.lang.Integer,java.lang.Integer,org.springframework.ui.Model)
23:39:15.010 [restartedMain] INFO  o.s.w.s.m.m.a.RequestMappingHandlerMapping - Mapped "{[/school/save],methods=[POST]}" onto public java.lang.String edu.gzhu.its.profile.web.SchoolController.save(edu.gzhu.its.profile.entity.School)
23:39:15.011 [restartedMain] INFO  o.s.w.s.m.m.a.RequestMappingHandlerMapping - Mapped "{[/qa/group],methods=[GET]}" onto public java.lang.String edu.gzhu.its.qa.web.QaController.group()
23:39:15.011 [restartedMain] INFO  o.s.w.s.m.m.a.RequestMappingHandlerMapping - Mapped "{[/qa/groups],methods=[GET]}" onto public java.lang.String edu.gzhu.its.qa.web.QaController.groups()
23:39:15.011 [restartedMain] INFO  o.s.w.s.m.m.a.RequestMappingHandlerMapping - Mapped "{[/qa/chatlog],methods=[GET]}" onto public java.lang.String edu.gzhu.its.qa.web.QaController.chatlog()
23:39:15.011 [restartedMain] INFO  o.s.w.s.m.m.a.RequestMappingHandlerMapping - Mapped "{[/qa/init],methods=[GET]}" onto public java.util.Map edu.gzhu.its.qa.web.QaController.inti()
23:39:15.011 [restartedMain] INFO  o.s.w.s.m.m.a.RequestMappingHandlerMapping - Mapped "{[/qa/friend],methods=[GET]}" onto public java.lang.String edu.gzhu.its.qa.web.QaController.friend()
23:39:15.011 [restartedMain] INFO  o.s.w.s.m.m.a.RequestMappingHandlerMapping - Mapped "{[/qa],methods=[GET]}" onto public java.lang.String edu.gzhu.its.qa.web.QaController.qa()
23:39:15.012 [restartedMain] INFO  o.s.w.s.m.m.a.RequestMappingHandlerMapping - Mapped "{[/saveRollCall],methods=[GET]}" onto public java.lang.String edu.gzhu.its.study.web.RollCallController.saveRollCall(org.springframework.ui.Model)
23:39:15.012 [restartedMain] INFO  o.s.w.s.m.m.a.RequestMappingHandlerMapping - Mapped "{[/rollCall],methods=[GET]}" onto public java.lang.String edu.gzhu.its.study.web.RollCallController.rollCall(org.springframework.ui.Model,java.lang.String)
23:39:15.012 [restartedMain] INFO  o.s.w.s.m.m.a.RequestMappingHandlerMapping - Mapped "{[/submitRollCall],methods=[GET]}" onto public java.lang.String edu.gzhu.its.study.web.RollCallController.submitRollCall(org.springframework.ui.Model)
23:39:15.012 [restartedMain] INFO  o.s.w.s.m.m.a.RequestMappingHandlerMapping - Mapped "{[/rollCallList],methods=[GET]}" onto public java.lang.String edu.gzhu.its.study.web.RollCallController.rollCallList(java.lang.Integer,java.lang.Integer,org.springframework.ui.Model)
23:39:15.012 [restartedMain] INFO  o.s.w.s.m.m.a.RequestMappingHandlerMapping - Mapped "{[/showRollCall/{id}],methods=[GET]}" onto public java.lang.String edu.gzhu.its.study.web.RollCallController.showRollCall(int,org.springframework.ui.Model)
23:39:15.013 [restartedMain] INFO  o.s.w.s.m.m.a.RequestMappingHandlerMapping - Mapped "{[/admin/userList],methods=[GET]}" onto public java.lang.String edu.gzhu.its.system.web.AdminController.userList()
23:39:15.013 [restartedMain] INFO  o.s.w.s.m.m.a.RequestMappingHandlerMapping - Mapped "{[/admin],methods=[GET]}" onto public java.lang.String edu.gzhu.its.system.web.AdminController.admin(org.springframework.ui.Model)
23:39:15.013 [restartedMain] INFO  o.s.w.s.m.m.a.RequestMappingHandlerMapping - Mapped "{[ || / || /index]}" onto public java.lang.String edu.gzhu.its.system.web.IndexController.index()
23:39:15.014 [restartedMain] INFO  o.s.w.s.m.m.a.RequestMappingHandlerMapping - Mapped "{[/logout],methods=[GET]}" onto public java.lang.String edu.gzhu.its.system.web.LoginController.logout(javax.servlet.http.HttpServletRequest,javax.servlet.http.HttpServletResponse,org.springframework.security.core.Authentication)
23:39:15.014 [restartedMain] INFO  o.s.w.s.m.m.a.RequestMappingHandlerMapping - Mapped "{[/login],methods=[GET]}" onto public java.lang.String edu.gzhu.its.system.web.LoginController.longin()
23:39:15.014 [restartedMain] INFO  o.s.w.s.m.m.a.RequestMappingHandlerMapping - Mapped "{[/doLogin],methods=[POST]}" onto public java.lang.String edu.gzhu.its.system.web.LoginController.doLogin()
23:39:15.014 [restartedMain] INFO  o.s.w.s.m.m.a.RequestMappingHandlerMapping - Mapped "{[/userOnline],methods=[GET]}" onto public java.lang.String edu.gzhu.its.system.web.OnlineController.onLineUser(org.springframework.ui.Model)
23:39:15.014 [restartedMain] INFO  o.s.w.s.m.m.a.RequestMappingHandlerMapping - Mapped "{[/resource/list],methods=[GET]}" onto public java.lang.String edu.gzhu.its.system.web.ResourceController.list(java.lang.Integer,java.lang.Integer,org.springframework.ui.Model)
23:39:15.015 [restartedMain] INFO  o.s.w.s.m.m.a.RequestMappingHandlerMapping - Mapped "{[/resource/tree],methods=[GET]}" onto public java.lang.String edu.gzhu.its.system.web.ResourceController.tree()
23:39:15.015 [restartedMain] INFO  o.s.w.s.m.m.a.RequestMappingHandlerMapping - Mapped "{[/role/list],methods=[GET]}" onto public java.lang.String edu.gzhu.its.system.web.RoleController.list(java.lang.Integer,java.lang.Integer,org.springframework.ui.Model)
23:39:15.015 [restartedMain] INFO  o.s.w.s.m.m.a.RequestMappingHandlerMapping - Mapped "{[/user/list],methods=[GET]}" onto public java.lang.String edu.gzhu.its.system.web.UserController.list(java.lang.Integer,java.lang.Integer,org.springframework.ui.Model)
23:39:15.015 [restartedMain] INFO  o.s.w.s.m.m.a.RequestMappingHandlerMapping - Mapped "{[/user/user/userList1],methods=[GET]}" onto public edu.gzhu.its.base.model.TableSplitResult<edu.gzhu.its.system.entity.User> edu.gzhu.its.system.web.UserController.userList1(java.lang.Integer,java.lang.Integer)
23:39:15.016 [restartedMain] INFO  o.s.w.s.m.m.a.RequestMappingHandlerMapping - Mapped "{[/teacher/list],methods=[GET]}" onto public java.lang.String edu.gzhu.its.teacher.TeacherContoller.list(java.lang.Integer,java.lang.Integer,org.springframework.ui.Model)
23:39:15.017 [restartedMain] INFO  o.s.w.s.m.m.a.RequestMappingHandlerMapping - Mapped "{[/error]}" onto public org.springframework.http.ResponseEntity<java.util.Map<java.lang.String, java.lang.Object>> org.springframework.boot.autoconfigure.web.BasicErrorController.error(javax.servlet.http.HttpServletRequest)
23:39:15.018 [restartedMain] INFO  o.s.w.s.m.m.a.RequestMappingHandlerMapping - Mapped "{[/error],produces=[text/html]}" onto public org.springframework.web.servlet.ModelAndView org.springframework.boot.autoconfigure.web.BasicErrorController.errorHtml(javax.servlet.http.HttpServletRequest,javax.servlet.http.HttpServletResponse)
23:39:15.059 [restartedMain] INFO  o.s.w.s.handler.SimpleUrlHandlerMapping - Mapped URL path [/webjars/**] onto handler of type [class org.springframework.web.servlet.resource.ResourceHttpRequestHandler]
23:39:15.059 [restartedMain] INFO  o.s.w.s.handler.SimpleUrlHandlerMapping - Mapped URL path [/**] onto handler of type [class org.springframework.web.servlet.resource.ResourceHttpRequestHandler]
23:39:15.099 [restartedMain] INFO  o.s.w.s.handler.SimpleUrlHandlerMapping - Mapped URL path [/**/favicon.ico] onto handler of type [class org.springframework.web.servlet.resource.ResourceHttpRequestHandler]
23:39:16.241 [restartedMain] INFO  o.s.b.d.a.OptionalLiveReloadServer - LiveReload server is running on port 35729
23:39:16.283 [restartedMain] INFO  o.s.j.e.a.AnnotationMBeanExporter - Registering beans for JMX exposure on startup
23:39:16.284 [restartedMain] INFO  o.s.j.e.a.AnnotationMBeanExporter - Bean with name 'dataSource' has been autodetected for JMX exposure
23:39:16.287 [restartedMain] INFO  o.s.j.e.a.AnnotationMBeanExporter - Located MBean 'dataSource': registering with JMX server as MBean [com.alibaba.druid.pool:name=dataSource,type=DruidDataSource]
23:39:16.299 [restartedMain] INFO  o.apache.coyote.http11.Http11NioProtocol - Initializing ProtocolHandler ["http-nio-9090"]
23:39:16.309 [restartedMain] INFO  o.apache.coyote.http11.Http11NioProtocol - Starting ProtocolHandler ["http-nio-9090"]
23:39:16.317 [restartedMain] INFO  o.apache.tomcat.util.net.NioSelectorPool - Using a shared selector for servlet write/read
23:39:16.345 [restartedMain] INFO  o.s.b.c.e.t.TomcatEmbeddedServletContainer - Tomcat started on port(s): 9090 (http)
23:39:16.349 [restartedMain] INFO  edu.gzhu.its.ITSApplication - Started ITSApplication in 11.87 seconds (JVM running for 12.663)
23:39:18.997 [http-nio-9090-exec-1] INFO  o.apache.tomcat.util.http.parser.Cookie - A cookie header was received [1555838919,1557142947; JSESSIONID=68C23B182D551D277A9E22910C153532] that contained an invalid cookie. That cookie will be ignored.Note: further occurrences of this error will be logged at DEBUG level.
23:39:19.003 [http-nio-9090-exec-1] INFO  o.a.c.c.C.[Tomcat].[localhost].[/] - Initializing Spring FrameworkServlet 'dispatcherServlet'
23:39:19.003 [http-nio-9090-exec-1] INFO  o.s.web.servlet.DispatcherServlet - FrameworkServlet 'dispatcherServlet': initialization started
23:39:19.024 [http-nio-9090-exec-1] INFO  o.s.web.servlet.DispatcherServlet - FrameworkServlet 'dispatcherServlet': initialization completed in 21 ms
23:39:21.502 [http-nio-9090-exec-2] WARN  o.h.hql.internal.ast.HqlSqlWalker - [DEPRECATION] Encountered positional parameter near line 1, column 57 in HQL: [from edu.gzhu.its.system.entity.User u WHERE u.username=?].  Positional parameter are considered deprecated; use named parameters or JPA-style positional parameters instead.
23:41:43.758 [RMI TCP Connection(2)-192.168.3.179] INFO  o.s.b.a.SpringApplicationAdminMXBeanRegistrar$SpringApplicationAdmin - Application shutdown requested.
23:41:43.759 [RMI TCP Connection(2)-192.168.3.179] INFO  o.s.b.c.e.AnnotationConfigEmbeddedWebApplicationContext - Closing org.springframework.boot.context.embedded.AnnotationConfigEmbeddedWebApplicationContext@172ca74d: startup date [Tue Jun 04 23:39:04 CST 2019]; root of context hierarchy
23:41:43.762 [RMI TCP Connection(2)-192.168.3.179] INFO  o.s.j.e.a.AnnotationMBeanExporter - Unregistering JMX-exposed beans on shutdown
23:41:43.762 [RMI TCP Connection(2)-192.168.3.179] INFO  o.s.j.e.a.AnnotationMBeanExporter - Unregistering JMX-exposed beans
23:41:43.763 [RMI TCP Connection(2)-192.168.3.179] INFO  o.s.c.ehcache.EhCacheManagerFactoryBean - Shutting down EhCache CacheManager
23:41:43.768 [RMI TCP Connection(2)-192.168.3.179] INFO  o.s.o.j.LocalContainerEntityManagerFactoryBean - Closing JPA EntityManagerFactory for persistence unit 'default'
23:41:43.773 [RMI TCP Connection(2)-192.168.3.179] INFO  com.alibaba.druid.pool.DruidDataSource - {dataSource-1} closed
23:42:49.777 [restartedMain] INFO  edu.gzhu.its.ITSApplication - Starting ITSApplication on O4L55N85900JS3T with PID 14532 (started by dingguozhu in E:\Intelligent Tutoring System\Intelligent-Tutoring-System)
23:42:49.778 [restartedMain] INFO  edu.gzhu.its.ITSApplication - No active profile set, falling back to default profiles: default
23:42:49.812 [restartedMain] INFO  o.s.b.c.e.AnnotationConfigEmbeddedWebApplicationContext - Refreshing org.springframework.boot.context.embedded.AnnotationConfigEmbeddedWebApplicationContext@172ca74d: startup date [Tue Jun 04 23:42:49 CST 2019]; root of context hierarchy
23:42:49.978 [background-preinit] INFO  o.h.validator.internal.util.Version - HV000001: Hibernate Validator 5.3.6.Final
23:42:50.761 [restartedMain] INFO  o.s.d.r.c.RepositoryConfigurationDelegate - Multiple Spring Data modules found, entering strict repository configuration mode!
23:42:50.869 [restartedMain] INFO  o.s.d.r.c.RepositoryConfigurationDelegate - Multiple Spring Data modules found, entering strict repository configuration mode!
23:42:50.965 [restartedMain] INFO  o.s.d.r.c.RepositoryConfigurationExtensionSupport - Spring Data Redis - Could not safely identify store assignment for repository candidate interface edu.gzhu.its.emotion.dao.EmotionDao.
23:42:51.714 [restartedMain] INFO  o.s.b.c.e.t.TomcatEmbeddedServletContainer - Tomcat initialized with port(s): 9090 (http)
23:42:51.731 [restartedMain] INFO  org.apache.catalina.core.StandardService - Starting service [Tomcat]
23:42:51.732 [restartedMain] INFO  org.apache.catalina.core.StandardEngine - Starting Servlet Engine: Apache Tomcat/8.5.23
23:42:51.979 [localhost-startStop-1] INFO  org.apache.jasper.servlet.TldScanner - At least one JAR was scanned for TLDs yet contained no TLDs. Enable debug logging for this logger for a complete list of JARs that were scanned but no TLDs were found in them. Skipping unneeded JARs during scanning can improve startup time and JSP compilation time.
23:42:51.985 [localhost-startStop-1] INFO  o.a.c.c.C.[Tomcat].[localhost].[/] - Initializing Spring embedded WebApplicationContext
23:42:51.985 [localhost-startStop-1] INFO  o.s.web.context.ContextLoader - Root WebApplicationContext: initialization completed in 2173 ms
23:42:52.605 [localhost-startStop-1] INFO  o.s.o.j.LocalContainerEntityManagerFactoryBean - Building JPA container EntityManagerFactory for persistence unit 'default'
23:42:52.687 [localhost-startStop-1] INFO  o.hibernate.jpa.internal.util.LogHelper - HHH000204: Processing PersistenceUnitInfo [
	name: default
	...]
23:42:52.752 [localhost-startStop-1] INFO  org.hibernate.Version - HHH000412: Hibernate Core {5.0.12.Final}
23:42:52.754 [localhost-startStop-1] INFO  org.hibernate.cfg.Environment - HHH000206: hibernate.properties not found
23:42:52.755 [localhost-startStop-1] INFO  org.hibernate.cfg.Environment - HHH000021: Bytecode provider name : javassist
23:42:52.788 [localhost-startStop-1] INFO  org.hibernate.annotations.common.Version - HCANN000001: Hibernate Commons Annotations {5.0.1.Final}
23:42:53.493 [localhost-startStop-1] INFO  com.alibaba.druid.pool.DruidDataSource - {dataSource-1} inited
23:42:53.503 [localhost-startStop-1] INFO  org.hibernate.dialect.Dialect - HHH000400: Using dialect: org.hibernate.dialect.MySQL5InnoDBDialect
23:42:54.003 [localhost-startStop-1] INFO  org.hibernate.tool.hbm2ddl.SchemaUpdate - HHH000228: Running hbm2ddl schema update
23:42:58.181 [localhost-startStop-1] INFO  o.s.o.j.LocalContainerEntityManagerFactoryBean - Initialized JPA EntityManagerFactory for persistence unit 'default'
23:42:58.217 [localhost-startStop-1] WARN  e.g.i.s.s.CtFilterSecurityInterceptor - Could not validate configuration attributes as the SecurityMetadataSource did not return any attributes from getAllConfigAttributes()
23:42:58.287 [localhost-startStop-1] INFO  o.s.b.web.servlet.FilterRegistrationBean - Mapping filter: 'characterEncodingFilter' to: [/*]
23:42:58.288 [localhost-startStop-1] INFO  o.s.b.web.servlet.FilterRegistrationBean - Mapping filter: 'hiddenHttpMethodFilter' to: [/*]
23:42:58.288 [localhost-startStop-1] INFO  o.s.b.web.servlet.FilterRegistrationBean - Mapping filter: 'httpPutFormContentFilter' to: [/*]
23:42:58.288 [localhost-startStop-1] INFO  o.s.b.web.servlet.FilterRegistrationBean - Mapping filter: 'requestContextFilter' to: [/*]
23:42:58.289 [localhost-startStop-1] INFO  o.s.b.w.s.DelegatingFilterProxyRegistrationBean - Mapping filter: 'springSecurityFilterChain' to: [/*]
23:42:58.289 [localhost-startStop-1] INFO  o.s.b.web.servlet.FilterRegistrationBean - Mapping filter: 'ctFilterSecurityInterceptor' to: [/*]
23:42:58.289 [localhost-startStop-1] INFO  o.s.b.w.servlet.ServletRegistrationBean - Mapping servlet: 'dispatcherServlet' to [/]
23:42:58.325 [localhost-startStop-1] WARN  o.a.c.c.C.[Tomcat].[localhost].[/] - Cannot deserialize session attribute [currentUser] for session [71F5E6BC072336483441B6A95EC22273]
23:42:58.332 [localhost-startStop-1] ERROR o.a.catalina.session.StandardManager - Exception loading sessions from persistent storage
java.lang.ClassCastException: java.lang.String cannot be cast to java.io.ObjectStreamClass
	at java.io.ObjectInputStream.readClassDesc(ObjectInputStream.java:1515)
	at java.io.ObjectInputStream.readOrdinaryObject(ObjectInputStream.java:1781)
	at java.io.ObjectInputStream.readObject0(ObjectInputStream.java:1353)
	at java.io.ObjectInputStream.readObject(ObjectInputStream.java:373)
	at java.util.ArrayList.readObject(ArrayList.java:791)
	at sun.reflect.NativeMethodAccessorImpl.invoke0(Native Method)
	at sun.reflect.NativeMethodAccessorImpl.invoke(NativeMethodAccessorImpl.java:62)
	at sun.reflect.DelegatingMethodAccessorImpl.invoke(DelegatingMethodAccessorImpl.java:43)
	at java.lang.reflect.Method.invoke(Method.java:498)
	at java.io.ObjectStreamClass.invokeReadObject(ObjectStreamClass.java:1058)
	at java.io.ObjectInputStream.readSerialData(ObjectInputStream.java:1909)
	at java.io.ObjectInputStream.readOrdinaryObject(ObjectInputStream.java:1808)
	at java.io.ObjectInputStream.readObject0(ObjectInputStream.java:1353)
	at java.io.ObjectInputStream.defaultReadFields(ObjectInputStream.java:2018)
	at java.io.ObjectInputStream.readSerialData(ObjectInputStream.java:1942)
	at java.io.ObjectInputStream.readOrdinaryObject(ObjectInputStream.java:1808)
	at java.io.ObjectInputStream.readObject0(ObjectInputStream.java:1353)
	at java.io.ObjectInputStream.defaultReadFields(ObjectInputStream.java:2018)
	at java.io.ObjectInputStream.readSerialData(ObjectInputStream.java:1942)
	at java.io.ObjectInputStream.readOrdinaryObject(ObjectInputStream.java:1808)
	at java.io.ObjectInputStream.readObject0(ObjectInputStream.java:1353)
	at java.io.ObjectInputStream.defaultReadFields(ObjectInputStream.java:2018)
	at java.io.ObjectInputStream.readSerialData(ObjectInputStream.java:1942)
	at java.io.ObjectInputStream.readOrdinaryObject(ObjectInputStream.java:1808)
	at java.io.ObjectInputStream.readObject0(ObjectInputStream.java:1353)
	at java.io.ObjectInputStream.readObject(ObjectInputStream.java:373)
	at org.apache.catalina.session.StandardSession.doReadObject(StandardSession.java:1611)
	at org.apache.catalina.session.StandardSession.readObjectData(StandardSession.java:1077)
	at org.apache.catalina.session.StandardManager.doLoad(StandardManager.java:218)
	at org.apache.catalina.session.StandardManager.load(StandardManager.java:162)
	at org.apache.catalina.session.StandardManager.startInternal(StandardManager.java:356)
	at org.apache.catalina.util.LifecycleBase.start(LifecycleBase.java:150)
	at org.apache.catalina.core.StandardContext.startInternal(StandardContext.java:5224)
	at org.apache.catalina.util.LifecycleBase.start(LifecycleBase.java:150)
	at org.apache.catalina.core.ContainerBase$StartChild.call(ContainerBase.java:1419)
	at org.apache.catalina.core.ContainerBase$StartChild.call(ContainerBase.java:1409)
	at java.util.concurrent.FutureTask.run(FutureTask.java:266)
	at java.util.concurrent.ThreadPoolExecutor.runWorker(ThreadPoolExecutor.java:1142)
	at java.util.concurrent.ThreadPoolExecutor$Worker.run(ThreadPoolExecutor.java:617)
	at java.lang.Thread.run(Thread.java:745)
23:42:58.782 [restartedMain] INFO  o.s.c.ehcache.EhCacheManagerFactoryBean - Initializing EhCache CacheManager
23:42:59.146 [restartedMain] INFO  o.s.s.web.DefaultSecurityFilterChain - Creating filter chain: org.springframework.security.web.util.matcher.AnyRequestMatcher@1, [org.springframework.security.web.context.request.async.WebAsyncManagerIntegrationFilter@779db6f, org.springframework.security.web.context.SecurityContextPersistenceFilter@1f64ecad, org.springframework.security.web.header.HeaderWriterFilter@1d5abb28, org.springframework.security.web.csrf.CsrfFilter@2ff334e4, org.springframework.security.web.authentication.logout.LogoutFilter@5aaf2737, org.springframework.security.web.authentication.UsernamePasswordAuthenticationFilter@618d49d9, org.springframework.security.web.session.ConcurrentSessionFilter@22d65aa3, org.springframework.security.web.savedrequest.RequestCacheAwareFilter@71590871, org.springframework.security.web.servletapi.SecurityContextHolderAwareRequestFilter@53b75e3c, org.springframework.security.web.authentication.rememberme.RememberMeAuthenticationFilter@759209f2, org.springframework.security.web.authentication.AnonymousAuthenticationFilter@76dd9625, org.springframework.security.web.session.SessionManagementFilter@2ebb42a9, org.springframework.security.web.access.ExceptionTranslationFilter@75d2c3cf, org.springframework.security.web.access.intercept.FilterSecurityInterceptor@14014b77]
23:42:59.633 [restartedMain] INFO  o.h.h.i.QueryTranslatorFactoryInitiator - HHH000397: Using ASTQueryTranslatorFactory
23:42:59.742 [restartedMain] INFO  o.s.w.s.m.m.a.RequestMappingHandlerAdapter - Looking for @ControllerAdvice: org.springframework.boot.context.embedded.AnnotationConfigEmbeddedWebApplicationContext@172ca74d: startup date [Tue Jun 04 23:42:49 CST 2019]; root of context hierarchy
23:43:00.069 [restartedMain] INFO  o.s.w.s.m.m.a.RequestMappingHandlerMapping - Mapped "{[/corpus/apply],methods=[GET]}" onto public java.lang.String edu.gzhu.its.corpus.web.UserCommentController.apply(org.springframework.ui.Model)
23:43:00.070 [restartedMain] INFO  o.s.w.s.m.m.a.RequestMappingHandlerMapping - Mapped "{[/corpus/create],methods=[GET]}" onto public java.lang.String edu.gzhu.its.corpus.web.UserCommentController.create(org.springframework.ui.Model) throws java.sql.SQLException
23:43:00.070 [restartedMain] INFO  o.s.w.s.m.m.a.RequestMappingHandlerMapping - Mapped "{[/corpus/list],methods=[GET]}" onto public java.lang.String edu.gzhu.its.corpus.web.UserCommentController.list(java.lang.Integer,java.lang.Integer,org.springframework.ui.Model)
23:43:00.071 [restartedMain] INFO  o.s.w.s.m.m.a.RequestMappingHandlerMapping - Mapped "{[/corpus/detail/{userId}],methods=[GET]}" onto public java.lang.String edu.gzhu.its.corpus.web.UserCommentController.detail(org.springframework.ui.Model,long,java.lang.Integer,java.lang.Integer)
23:43:00.071 [restartedMain] INFO  o.s.w.s.m.m.a.RequestMappingHandlerMapping - Mapped "{[/corpus/progress],methods=[GET]}" onto public java.lang.String edu.gzhu.its.corpus.web.UserCommentController.progress(org.springframework.ui.Model)
23:43:00.071 [restartedMain] INFO  o.s.w.s.m.m.a.RequestMappingHandlerMapping - Mapped "{[/corpus/myJob],methods=[GET]}" onto public java.lang.String edu.gzhu.its.corpus.web.UserCommentController.myJob(org.springframework.ui.Model)
23:43:00.071 [restartedMain] INFO  o.s.w.s.m.m.a.RequestMappingHandlerMapping - Mapped "{[/corpus/myRemark],methods=[GET]}" onto public java.lang.String edu.gzhu.its.corpus.web.UserCommentController.myRemark(java.lang.Integer,java.lang.Integer,org.springframework.ui.Model)
23:43:00.071 [restartedMain] INFO  o.s.w.s.m.m.a.RequestMappingHandlerMapping - Mapped "{[/corpus/userComment],methods=[GET]}" onto public java.lang.String edu.gzhu.its.corpus.web.UserCommentController.userComment()
23:43:00.071 [restartedMain] INFO  o.s.w.s.m.m.a.RequestMappingHandlerMapping - Mapped "{[/corpus/create2],methods=[GET]}" onto public java.lang.String edu.gzhu.its.corpus.web.UserCommentController.create2(org.springframework.ui.Model) throws java.sql.SQLException
23:43:00.071 [restartedMain] INFO  o.s.w.s.m.m.a.RequestMappingHandlerMapping - Mapped "{[/corpus/saveUserComment],methods=[GET]}" onto public java.lang.String edu.gzhu.its.corpus.web.UserCommentController.saveUserComment(java.lang.String,java.lang.Long,java.lang.Long,java.lang.String[],java.lang.String[],java.lang.String[])
23:43:00.072 [restartedMain] INFO  o.s.w.s.m.m.a.RequestMappingHandlerMapping - Mapped "{[/corpus/saveApply],methods=[GET]}" onto public java.lang.String edu.gzhu.its.corpus.web.UserCommentController.saveApply(int)
23:43:00.072 [restartedMain] INFO  o.s.w.s.m.m.a.RequestMappingHandlerMapping - Mapped "{[/corpus/otherAnnotations],methods=[GET]}" onto public java.lang.String edu.gzhu.its.corpus.web.UserCommentController.otherAnnotations()
23:43:00.072 [restartedMain] INFO  o.s.w.s.m.m.a.RequestMappingHandlerMapping - Mapped "{[/corpus/myAnnotations],methods=[GET]}" onto public java.lang.String edu.gzhu.its.corpus.web.UserCommentController.myAnnotations()
23:43:00.072 [restartedMain] INFO  o.s.w.s.m.m.a.RequestMappingHandlerMapping - Mapped "{[/tagView],methods=[GET]}" onto public java.lang.String edu.gzhu.its.experiment.web.TagViewController.tagView(org.springframework.ui.Model) throws java.sql.SQLException
23:43:00.075 [restartedMain] INFO  o.s.w.s.m.m.a.RequestMappingHandlerMapping - Mapped "{[/homeWork || /homeWork/ || /homeWork/index],methods=[GET]}" onto public java.lang.String edu.gzhu.its.homework.web.HomeWorkController.index(org.springframework.ui.Model)
23:43:00.075 [restartedMain] INFO  o.s.w.s.m.m.a.RequestMappingHandlerMapping - Mapped "{[/homeWork/add],methods=[GET]}" onto public java.lang.String edu.gzhu.its.homework.web.HomeWorkController.add(org.springframework.ui.Model)
23:43:00.075 [restartedMain] INFO  o.s.w.s.m.m.a.RequestMappingHandlerMapping - Mapped "{[/homeWork/home],methods=[GET]}" onto public java.lang.String edu.gzhu.its.homework.web.HomeWorkController.home(org.springframework.ui.Model)
23:43:00.076 [restartedMain] INFO  o.s.w.s.m.m.a.RequestMappingHandlerMapping - Mapped "{[/humanism/index],methods=[GET]}" onto public java.lang.String edu.gzhu.its.humanism.web.HumanismController.index()
23:43:00.076 [restartedMain] INFO  o.s.w.s.m.m.a.RequestMappingHandlerMapping - Mapped "{[/class/list],methods=[GET]}" onto public java.lang.String edu.gzhu.its.profile.web.ClassController.list(java.lang.Integer,java.lang.Integer,org.springframework.ui.Model)
23:43:00.076 [restartedMain] INFO  o.s.w.s.m.m.a.RequestMappingHandlerMapping - Mapped "{[/course/list],methods=[GET]}" onto public java.lang.String edu.gzhu.its.profile.web.CourseController.list(java.lang.Integer,java.lang.Integer,org.springframework.ui.Model)
23:43:00.077 [restartedMain] INFO  o.s.w.s.m.m.a.RequestMappingHandlerMapping - Mapped "{[/course/add],methods=[GET]}" onto public java.lang.String edu.gzhu.its.profile.web.CourseController.addCourse()
23:43:00.078 [restartedMain] INFO  o.s.w.s.m.m.a.RequestMappingHandlerMapping - Mapped "{[/institute/add],methods=[GET]}" onto public java.lang.String edu.gzhu.its.profile.web.InstituteController.add(org.springframework.ui.Model)
23:43:00.078 [restartedMain] INFO  o.s.w.s.m.m.a.RequestMappingHandlerMapping - Mapped "{[/institute/list],methods=[GET]}" onto public java.lang.String edu.gzhu.its.profile.web.InstituteController.list(java.lang.Integer,java.lang.Integer,org.springframework.ui.Model)
23:43:00.080 [restartedMain] INFO  o.s.w.s.m.m.a.RequestMappingHandlerMapping - Mapped "{[/school/add],methods=[GET]}" onto public java.lang.String edu.gzhu.its.profile.web.SchoolController.add()
23:43:00.080 [restartedMain] INFO  o.s.w.s.m.m.a.RequestMappingHandlerMapping - Mapped "{[/school/list],methods=[GET]}" onto public java.lang.String edu.gzhu.its.profile.web.SchoolController.list(java.lang.Integer,java.lang.Integer,org.springframework.ui.Model)
23:43:00.080 [restartedMain] INFO  o.s.w.s.m.m.a.RequestMappingHandlerMapping - Mapped "{[/school/save],methods=[POST]}" onto public java.lang.String edu.gzhu.its.profile.web.SchoolController.save(edu.gzhu.its.profile.entity.School)
23:43:00.081 [restartedMain] INFO  o.s.w.s.m.m.a.RequestMappingHandlerMapping - Mapped "{[/qa/group],methods=[GET]}" onto public java.lang.String edu.gzhu.its.qa.web.QaController.group()
23:43:00.081 [restartedMain] INFO  o.s.w.s.m.m.a.RequestMappingHandlerMapping - Mapped "{[/qa/groups],methods=[GET]}" onto public java.lang.String edu.gzhu.its.qa.web.QaController.groups()
23:43:00.081 [restartedMain] INFO  o.s.w.s.m.m.a.RequestMappingHandlerMapping - Mapped "{[/qa/chatlog],methods=[GET]}" onto public java.lang.String edu.gzhu.its.qa.web.QaController.chatlog()
23:43:00.081 [restartedMain] INFO  o.s.w.s.m.m.a.RequestMappingHandlerMapping - Mapped "{[/qa],methods=[GET]}" onto public java.lang.String edu.gzhu.its.qa.web.QaController.qa()
23:43:00.082 [restartedMain] INFO  o.s.w.s.m.m.a.RequestMappingHandlerMapping - Mapped "{[/qa/friend],methods=[GET]}" onto public java.lang.String edu.gzhu.its.qa.web.QaController.friend()
23:43:00.082 [restartedMain] INFO  o.s.w.s.m.m.a.RequestMappingHandlerMapping - Mapped "{[/qa/init],methods=[GET]}" onto public java.util.Map edu.gzhu.its.qa.web.QaController.inti()
23:43:00.083 [restartedMain] INFO  o.s.w.s.m.m.a.RequestMappingHandlerMapping - Mapped "{[/saveRollCall],methods=[GET]}" onto public java.lang.String edu.gzhu.its.study.web.RollCallController.saveRollCall(org.springframework.ui.Model)
23:43:00.083 [restartedMain] INFO  o.s.w.s.m.m.a.RequestMappingHandlerMapping - Mapped "{[/rollCall],methods=[GET]}" onto public java.lang.String edu.gzhu.its.study.web.RollCallController.rollCall(org.springframework.ui.Model,java.lang.String)
23:43:00.083 [restartedMain] INFO  o.s.w.s.m.m.a.RequestMappingHandlerMapping - Mapped "{[/submitRollCall],methods=[GET]}" onto public java.lang.String edu.gzhu.its.study.web.RollCallController.submitRollCall(org.springframework.ui.Model)
23:43:00.083 [restartedMain] INFO  o.s.w.s.m.m.a.RequestMappingHandlerMapping - Mapped "{[/rollCallList],methods=[GET]}" onto public java.lang.String edu.gzhu.its.study.web.RollCallController.rollCallList(java.lang.Integer,java.lang.Integer,org.springframework.ui.Model)
23:43:00.083 [restartedMain] INFO  o.s.w.s.m.m.a.RequestMappingHandlerMapping - Mapped "{[/showRollCall/{id}],methods=[GET]}" onto public java.lang.String edu.gzhu.its.study.web.RollCallController.showRollCall(int,org.springframework.ui.Model)
23:43:00.084 [restartedMain] INFO  o.s.w.s.m.m.a.RequestMappingHandlerMapping - Mapped "{[/admin/userList],methods=[GET]}" onto public java.lang.String edu.gzhu.its.system.web.AdminController.userList()
23:43:00.084 [restartedMain] INFO  o.s.w.s.m.m.a.RequestMappingHandlerMapping - Mapped "{[/admin],methods=[GET]}" onto public java.lang.String edu.gzhu.its.system.web.AdminController.admin(org.springframework.ui.Model)
23:43:00.084 [restartedMain] INFO  o.s.w.s.m.m.a.RequestMappingHandlerMapping - Mapped "{[ || / || /index]}" onto public java.lang.String edu.gzhu.its.system.web.IndexController.index()
23:43:00.085 [restartedMain] INFO  o.s.w.s.m.m.a.RequestMappingHandlerMapping - Mapped "{[/logout],methods=[GET]}" onto public java.lang.String edu.gzhu.its.system.web.LoginController.logout(javax.servlet.http.HttpServletRequest,javax.servlet.http.HttpServletResponse,org.springframework.security.core.Authentication)
23:43:00.085 [restartedMain] INFO  o.s.w.s.m.m.a.RequestMappingHandlerMapping - Mapped "{[/login],methods=[GET]}" onto public java.lang.String edu.gzhu.its.system.web.LoginController.longin()
23:43:00.085 [restartedMain] INFO  o.s.w.s.m.m.a.RequestMappingHandlerMapping - Mapped "{[/doLogin],methods=[POST]}" onto public java.lang.String edu.gzhu.its.system.web.LoginController.doLogin()
23:43:00.085 [restartedMain] INFO  o.s.w.s.m.m.a.RequestMappingHandlerMapping - Mapped "{[/userOnline],methods=[GET]}" onto public java.lang.String edu.gzhu.its.system.web.OnlineController.onLineUser(org.springframework.ui.Model)
23:43:00.086 [restartedMain] INFO  o.s.w.s.m.m.a.RequestMappingHandlerMapping - Mapped "{[/resource/list],methods=[GET]}" onto public java.lang.String edu.gzhu.its.system.web.ResourceController.list(java.lang.Integer,java.lang.Integer,org.springframework.ui.Model)
23:43:00.086 [restartedMain] INFO  o.s.w.s.m.m.a.RequestMappingHandlerMapping - Mapped "{[/resource/tree],methods=[GET]}" onto public java.lang.String edu.gzhu.its.system.web.ResourceController.tree()
23:43:00.086 [restartedMain] INFO  o.s.w.s.m.m.a.RequestMappingHandlerMapping - Mapped "{[/role/list],methods=[GET]}" onto public java.lang.String edu.gzhu.its.system.web.RoleController.list(java.lang.Integer,java.lang.Integer,org.springframework.ui.Model)
23:43:00.087 [restartedMain] INFO  o.s.w.s.m.m.a.RequestMappingHandlerMapping - Mapped "{[/user/list],methods=[GET]}" onto public java.lang.String edu.gzhu.its.system.web.UserController.list(java.lang.Integer,java.lang.Integer,org.springframework.ui.Model)
23:43:00.087 [restartedMain] INFO  o.s.w.s.m.m.a.RequestMappingHandlerMapping - Mapped "{[/user/user/userList1],methods=[GET]}" onto public edu.gzhu.its.base.model.TableSplitResult<edu.gzhu.its.system.entity.User> edu.gzhu.its.system.web.UserController.userList1(java.lang.Integer,java.lang.Integer)
23:43:00.087 [restartedMain] INFO  o.s.w.s.m.m.a.RequestMappingHandlerMapping - Mapped "{[/teacher/list],methods=[GET]}" onto public java.lang.String edu.gzhu.its.teacher.TeacherContoller.list(java.lang.Integer,java.lang.Integer,org.springframework.ui.Model)
23:43:00.089 [restartedMain] INFO  o.s.w.s.m.m.a.RequestMappingHandlerMapping - Mapped "{[/error]}" onto public org.springframework.http.ResponseEntity<java.util.Map<java.lang.String, java.lang.Object>> org.springframework.boot.autoconfigure.web.BasicErrorController.error(javax.servlet.http.HttpServletRequest)
23:43:00.089 [restartedMain] INFO  o.s.w.s.m.m.a.RequestMappingHandlerMapping - Mapped "{[/error],produces=[text/html]}" onto public org.springframework.web.servlet.ModelAndView org.springframework.boot.autoconfigure.web.BasicErrorController.errorHtml(javax.servlet.http.HttpServletRequest,javax.servlet.http.HttpServletResponse)
23:43:00.138 [restartedMain] INFO  o.s.w.s.handler.SimpleUrlHandlerMapping - Mapped URL path [/webjars/**] onto handler of type [class org.springframework.web.servlet.resource.ResourceHttpRequestHandler]
23:43:00.138 [restartedMain] INFO  o.s.w.s.handler.SimpleUrlHandlerMapping - Mapped URL path [/**] onto handler of type [class org.springframework.web.servlet.resource.ResourceHttpRequestHandler]
23:43:00.190 [restartedMain] INFO  o.s.w.s.handler.SimpleUrlHandlerMapping - Mapped URL path [/**/favicon.ico] onto handler of type [class org.springframework.web.servlet.resource.ResourceHttpRequestHandler]
23:43:01.384 [restartedMain] INFO  o.s.b.d.a.OptionalLiveReloadServer - LiveReload server is running on port 35729
23:43:01.441 [restartedMain] INFO  o.s.j.e.a.AnnotationMBeanExporter - Registering beans for JMX exposure on startup
23:43:01.442 [restartedMain] INFO  o.s.j.e.a.AnnotationMBeanExporter - Bean with name 'dataSource' has been autodetected for JMX exposure
23:43:01.447 [restartedMain] INFO  o.s.j.e.a.AnnotationMBeanExporter - Located MBean 'dataSource': registering with JMX server as MBean [com.alibaba.druid.pool:name=dataSource,type=DruidDataSource]
23:43:01.459 [restartedMain] INFO  o.apache.coyote.http11.Http11NioProtocol - Initializing ProtocolHandler ["http-nio-9090"]
23:43:01.476 [restartedMain] INFO  o.apache.coyote.http11.Http11NioProtocol - Starting ProtocolHandler ["http-nio-9090"]
23:43:01.487 [restartedMain] INFO  o.apache.tomcat.util.net.NioSelectorPool - Using a shared selector for servlet write/read
23:43:01.520 [restartedMain] INFO  o.s.b.c.e.t.TomcatEmbeddedServletContainer - Tomcat started on port(s): 9090 (http)
23:43:01.525 [restartedMain] INFO  edu.gzhu.its.ITSApplication - Started ITSApplication in 11.99 seconds (JVM running for 12.738)
23:43:04.455 [http-nio-9090-exec-1] INFO  o.apache.tomcat.util.http.parser.Cookie - A cookie header was received [1555838919,1557142947; JSESSIONID=71F5E6BC072336483441B6A95EC22273] that contained an invalid cookie. That cookie will be ignored.Note: further occurrences of this error will be logged at DEBUG level.
23:43:04.462 [http-nio-9090-exec-1] INFO  o.a.c.c.C.[Tomcat].[localhost].[/] - Initializing Spring FrameworkServlet 'dispatcherServlet'
23:43:04.462 [http-nio-9090-exec-1] INFO  o.s.web.servlet.DispatcherServlet - FrameworkServlet 'dispatcherServlet': initialization started
23:43:04.481 [http-nio-9090-exec-1] INFO  o.s.web.servlet.DispatcherServlet - FrameworkServlet 'dispatcherServlet': initialization completed in 19 ms
23:43:09.197 [http-nio-9090-exec-10] WARN  o.h.hql.internal.ast.HqlSqlWalker - [DEPRECATION] Encountered positional parameter near line 1, column 57 in HQL: [from edu.gzhu.its.system.entity.User u WHERE u.username=?].  Positional parameter are considered deprecated; use named parameters or JPA-style positional parameters instead.
00:08:20.797 [Thread-8] INFO  o.s.b.c.e.AnnotationConfigEmbeddedWebApplicationContext - Closing org.springframework.boot.context.embedded.AnnotationConfigEmbeddedWebApplicationContext@172ca74d: startup date [Tue Jun 04 23:42:49 CST 2019]; root of context hierarchy
00:08:20.800 [Thread-8] INFO  o.s.j.e.a.AnnotationMBeanExporter - Unregistering JMX-exposed beans on shutdown
00:08:20.800 [Thread-8] INFO  o.s.j.e.a.AnnotationMBeanExporter - Unregistering JMX-exposed beans
00:08:20.801 [Thread-8] INFO  o.s.c.ehcache.EhCacheManagerFactoryBean - Shutting down EhCache CacheManager
00:08:20.804 [Thread-8] INFO  o.s.o.j.LocalContainerEntityManagerFactoryBean - Closing JPA EntityManagerFactory for persistence unit 'default'
00:08:20.809 [Thread-8] INFO  com.alibaba.druid.pool.DruidDataSource - {dataSource-1} closed
