09:52:14.881 [restartedMain] INFO  edu.gzhu.its.ITSApplication - Starting ITSApplication on DESKTOP-VMAEU60 with PID 19432 (D:\myproject\new\Intelligent-Tutoring-System\target\classes started by dinggz in D:\myproject\new\Intelligent-Tutoring-System)
09:52:14.882 [restartedMain] INFO  edu.gzhu.its.ITSApplication - No active profile set, falling back to default profiles: default
09:52:14.940 [restartedMain] INFO  o.s.b.c.e.AnnotationConfigEmbeddedWebApplicationContext - Refreshing org.springframework.boot.context.embedded.AnnotationConfigEmbeddedWebApplicationContext@22fc833: startup date [Fri Mar 08 09:52:14 CST 2019]; root of context hierarchy
09:52:15.261 [background-preinit] INFO  o.h.validator.internal.util.Version - HV000001: Hibernate Validator 5.3.6.Final
09:52:16.541 [restartedMain] INFO  o.s.d.r.c.RepositoryConfigurationDelegate - Multiple Spring Data modules found, entering strict repository configuration mode!
09:52:16.706 [restartedMain] INFO  o.s.d.r.c.RepositoryConfigurationDelegate - Multiple Spring Data modules found, entering strict repository configuration mode!
09:52:16.817 [restartedMain] INFO  o.s.d.r.c.RepositoryConfigurationExtensionSupport - Spring Data Redis - Could not safely identify store assignment for repository candidate interface edu.gzhu.its.emotion.dao.EmotionDao.
09:52:17.962 [restartedMain] INFO  o.s.b.c.e.t.TomcatEmbeddedServletContainer - Tomcat initialized with port(s): 9090 (http)
09:52:17.981 [restartedMain] INFO  org.apache.catalina.core.StandardService - Starting service [Tomcat]
09:52:17.982 [restartedMain] INFO  org.apache.catalina.core.StandardEngine - Starting Servlet Engine: Apache Tomcat/8.5.23
09:52:18.357 [localhost-startStop-1] INFO  org.apache.jasper.servlet.TldScanner - At least one JAR was scanned for TLDs yet contained no TLDs. Enable debug logging for this logger for a complete list of JARs that were scanned but no TLDs were found in them. Skipping unneeded JARs during scanning can improve startup time and JSP compilation time.
09:52:18.367 [localhost-startStop-1] INFO  o.a.c.c.C.[Tomcat].[localhost].[/] - Initializing Spring embedded WebApplicationContext
09:52:18.368 [localhost-startStop-1] INFO  o.s.web.context.ContextLoader - Root WebApplicationContext: initialization completed in 3429 ms
09:52:19.328 [localhost-startStop-1] INFO  o.s.o.j.LocalContainerEntityManagerFactoryBean - Building JPA container EntityManagerFactory for persistence unit 'default'
09:52:19.485 [localhost-startStop-1] INFO  o.hibernate.jpa.internal.util.LogHelper - HHH000204: Processing PersistenceUnitInfo [
	name: default
	...]
09:52:19.567 [localhost-startStop-1] INFO  org.hibernate.Version - HHH000412: Hibernate Core {5.0.12.Final}
09:52:19.569 [localhost-startStop-1] INFO  org.hibernate.cfg.Environment - HHH000206: hibernate.properties not found
09:52:19.570 [localhost-startStop-1] INFO  org.hibernate.cfg.Environment - HHH000021: Bytecode provider name : javassist
09:52:19.615 [localhost-startStop-1] INFO  org.hibernate.annotations.common.Version - HCANN000001: Hibernate Commons Annotations {5.0.1.Final}
09:52:20.723 [localhost-startStop-1] INFO  com.alibaba.druid.pool.DruidDataSource - {dataSource-1} inited
09:52:20.739 [localhost-startStop-1] INFO  org.hibernate.dialect.Dialect - HHH000400: Using dialect: org.hibernate.dialect.MySQL5InnoDBDialect
09:52:21.467 [localhost-startStop-1] INFO  org.hibernate.tool.hbm2ddl.SchemaUpdate - HHH000228: Running hbm2ddl schema update
09:52:21.719 [localhost-startStop-1] INFO  o.h.t.s.e.i.InformationExtractorJdbcDatabaseMetaDataImpl - HHH000262: Table not found: its_school
09:52:21.721 [localhost-startStop-1] INFO  o.h.t.s.e.i.InformationExtractorJdbcDatabaseMetaDataImpl - HHH000262: Table not found: its_school
09:52:22.018 [localhost-startStop-1] INFO  o.h.t.s.e.i.InformationExtractorJdbcDatabaseMetaDataImpl - HHH000262: Table not found: its_user_comment_emotion
09:52:22.020 [localhost-startStop-1] INFO  o.h.t.s.e.i.InformationExtractorJdbcDatabaseMetaDataImpl - HHH000262: Table not found: its_user_comment_emotion
09:52:22.417 [localhost-startStop-1] INFO  o.h.t.s.e.i.InformationExtractorJdbcDatabaseMetaDataImpl - HHH000262: Table not found: profile_course_classInfos
09:52:22.419 [localhost-startStop-1] INFO  o.h.t.s.e.i.InformationExtractorJdbcDatabaseMetaDataImpl - HHH000262: Table not found: profile_course_classInfos
09:52:22.456 [localhost-startStop-1] INFO  o.h.t.s.e.i.InformationExtractorJdbcDatabaseMetaDataImpl - HHH000262: Table not found: profile_institute
09:52:22.467 [localhost-startStop-1] INFO  o.h.t.s.e.i.InformationExtractorJdbcDatabaseMetaDataImpl - HHH000262: Table not found: profile_institute
09:52:22.500 [localhost-startStop-1] INFO  o.h.t.s.e.i.InformationExtractorJdbcDatabaseMetaDataImpl - HHH000262: Table not found: profile_major
09:52:22.501 [localhost-startStop-1] INFO  o.h.t.s.e.i.InformationExtractorJdbcDatabaseMetaDataImpl - HHH000262: Table not found: profile_major
09:52:23.053 [localhost-startStop-1] ERROR druid.sql.Statement - {conn-10005, stmt-20000} execute error. alter table its_school drop constraint UK_2fx69d9frs8f67euktaw6i0mo
com.mysql.jdbc.exceptions.jdbc4.MySQLSyntaxErrorException: You have an error in your SQL syntax; check the manual that corresponds to your MySQL server version for the right syntax to use near 'constraint UK_2fx69d9frs8f67euktaw6i0mo' at line 1
	at sun.reflect.NativeConstructorAccessorImpl.newInstance0(Native Method)
	at sun.reflect.NativeConstructorAccessorImpl.newInstance(NativeConstructorAccessorImpl.java:62)
	at sun.reflect.DelegatingConstructorAccessorImpl.newInstance(DelegatingConstructorAccessorImpl.java:45)
	at java.lang.reflect.Constructor.newInstance(Constructor.java:422)
	at com.mysql.jdbc.Util.handleNewInstance(Util.java:425)
	at com.mysql.jdbc.Util.getInstance(Util.java:408)
	at com.mysql.jdbc.SQLError.createSQLException(SQLError.java:943)
	at com.mysql.jdbc.MysqlIO.checkErrorPacket(MysqlIO.java:3973)
	at com.mysql.jdbc.MysqlIO.checkErrorPacket(MysqlIO.java:3909)
	at com.mysql.jdbc.MysqlIO.sendCommand(MysqlIO.java:2527)
	at com.mysql.jdbc.MysqlIO.sqlQueryDirect(MysqlIO.java:2680)
	at com.mysql.jdbc.ConnectionImpl.execSQL(ConnectionImpl.java:2483)
	at com.mysql.jdbc.StatementImpl.executeUpdateInternal(StatementImpl.java:1552)
	at com.mysql.jdbc.StatementImpl.executeLargeUpdate(StatementImpl.java:2607)
	at com.mysql.jdbc.StatementImpl.executeUpdate(StatementImpl.java:1480)
	at com.alibaba.druid.filter.FilterChainImpl.statement_executeUpdate(FilterChainImpl.java:2488)
	at com.alibaba.druid.filter.FilterAdapter.statement_executeUpdate(FilterAdapter.java:2508)
	at com.alibaba.druid.filter.FilterEventAdapter.statement_executeUpdate(FilterEventAdapter.java:327)
	at com.alibaba.druid.filter.FilterChainImpl.statement_executeUpdate(FilterChainImpl.java:2486)
	at com.alibaba.druid.wall.WallFilter.statement_executeUpdate(WallFilter.java:543)
	at com.alibaba.druid.filter.FilterChainImpl.statement_executeUpdate(FilterChainImpl.java:2486)
	at com.alibaba.druid.filter.FilterAdapter.statement_executeUpdate(FilterAdapter.java:2508)
	at com.alibaba.druid.filter.FilterEventAdapter.statement_executeUpdate(FilterEventAdapter.java:327)
	at com.alibaba.druid.filter.FilterChainImpl.statement_executeUpdate(FilterChainImpl.java:2486)
	at com.alibaba.druid.proxy.jdbc.StatementProxyImpl.executeUpdate(StatementProxyImpl.java:241)
	at com.alibaba.druid.pool.DruidPooledStatement.executeUpdate(DruidPooledStatement.java:243)
	at org.hibernate.tool.schema.internal.TargetDatabaseImpl.accept(TargetDatabaseImpl.java:56)
	at org.hibernate.tool.schema.internal.SchemaMigratorImpl.applySqlString(SchemaMigratorImpl.java:431)
	at org.hibernate.tool.schema.internal.SchemaMigratorImpl.applySqlStrings(SchemaMigratorImpl.java:420)
	at org.hibernate.tool.schema.internal.SchemaMigratorImpl.applyUniqueKeys(SchemaMigratorImpl.java:323)
	at org.hibernate.tool.schema.internal.SchemaMigratorImpl.doMigrationToTargets(SchemaMigratorImpl.java:185)
	at org.hibernate.tool.schema.internal.SchemaMigratorImpl.doMigration(SchemaMigratorImpl.java:60)
	at org.hibernate.tool.hbm2ddl.SchemaUpdate.execute(SchemaUpdate.java:134)
	at org.hibernate.tool.hbm2ddl.SchemaUpdate.execute(SchemaUpdate.java:101)
	at org.hibernate.internal.SessionFactoryImpl.<init>(SessionFactoryImpl.java:472)
	at org.hibernate.boot.internal.SessionFactoryBuilderImpl.build(SessionFactoryBuilderImpl.java:444)
	at org.hibernate.jpa.boot.internal.EntityManagerFactoryBuilderImpl.build(EntityManagerFactoryBuilderImpl.java:879)
	at org.springframework.orm.jpa.vendor.SpringHibernateJpaPersistenceProvider.createContainerEntityManagerFactory(SpringHibernateJpaPersistenceProvider.java:60)
	at org.springframework.orm.jpa.LocalContainerEntityManagerFactoryBean.createNativeEntityManagerFactory(LocalContainerEntityManagerFactoryBean.java:360)
	at org.springframework.orm.jpa.AbstractEntityManagerFactoryBean.buildNativeEntityManagerFactory(AbstractEntityManagerFactoryBean.java:382)
	at org.springframework.orm.jpa.AbstractEntityManagerFactoryBean.afterPropertiesSet(AbstractEntityManagerFactoryBean.java:371)
	at org.springframework.orm.jpa.LocalContainerEntityManagerFactoryBean.afterPropertiesSet(LocalContainerEntityManagerFactoryBean.java:336)
	at org.springframework.beans.factory.support.AbstractAutowireCapableBeanFactory.invokeInitMethods(AbstractAutowireCapableBeanFactory.java:1687)
	at org.springframework.beans.factory.support.AbstractAutowireCapableBeanFactory.initializeBean(AbstractAutowireCapableBeanFactory.java:1624)
	at org.springframework.beans.factory.support.AbstractAutowireCapableBeanFactory.doCreateBean(AbstractAutowireCapableBeanFactory.java:555)
	at org.springframework.beans.factory.support.AbstractAutowireCapableBeanFactory.createBean(AbstractAutowireCapableBeanFactory.java:483)
	at org.springframework.beans.factory.support.AbstractBeanFactory$1.getObject(AbstractBeanFactory.java:306)
	at org.springframework.beans.factory.support.DefaultSingletonBeanRegistry.getSingleton(DefaultSingletonBeanRegistry.java:230)
	at org.springframework.beans.factory.support.AbstractBeanFactory.doGetBean(AbstractBeanFactory.java:302)
	at org.springframework.beans.factory.support.AbstractBeanFactory.getBean(AbstractBeanFactory.java:220)
	at org.springframework.beans.factory.support.DefaultListableBeanFactory.resolveNamedBean(DefaultListableBeanFactory.java:1018)
	at org.springframework.beans.factory.support.DefaultListableBeanFactory.resolveNamedBean(DefaultListableBeanFactory.java:988)
	at org.springframework.orm.jpa.support.PersistenceAnnotationBeanPostProcessor.findDefaultEntityManagerFactory(PersistenceAnnotationBeanPostProcessor.java:579)
	at org.springframework.orm.jpa.support.PersistenceAnnotationBeanPostProcessor.findEntityManagerFactory(PersistenceAnnotationBeanPostProcessor.java:546)
	at org.springframework.orm.jpa.support.PersistenceAnnotationBeanPostProcessor$PersistenceElement.resolveEntityManager(PersistenceAnnotationBeanPostProcessor.java:707)
	at org.springframework.orm.jpa.support.PersistenceAnnotationBeanPostProcessor$PersistenceElement.getResourceToInject(PersistenceAnnotationBeanPostProcessor.java:680)
	at org.springframework.beans.factory.annotation.InjectionMetadata$InjectedElement.inject(InjectionMetadata.java:169)
	at org.springframework.beans.factory.annotation.InjectionMetadata.inject(InjectionMetadata.java:88)
	at org.springframework.orm.jpa.support.PersistenceAnnotationBeanPostProcessor.postProcessPropertyValues(PersistenceAnnotationBeanPostProcessor.java:354)
	at org.springframework.beans.factory.support.AbstractAutowireCapableBeanFactory.populateBean(AbstractAutowireCapableBeanFactory.java:1264)
	at org.springframework.beans.factory.support.AbstractAutowireCapableBeanFactory.doCreateBean(AbstractAutowireCapableBeanFactory.java:553)
	at org.springframework.beans.factory.support.AbstractAutowireCapableBeanFactory.createBean(AbstractAutowireCapableBeanFactory.java:483)
	at org.springframework.beans.factory.support.AbstractBeanFactory$1.getObject(AbstractBeanFactory.java:306)
	at org.springframework.beans.factory.support.DefaultSingletonBeanRegistry.getSingleton(DefaultSingletonBeanRegistry.java:230)
	at org.springframework.beans.factory.support.AbstractBeanFactory.doGetBean(AbstractBeanFactory.java:302)
	at org.springframework.beans.factory.support.AbstractBeanFactory.getBean(AbstractBeanFactory.java:202)
	at org.springframework.beans.factory.config.DependencyDescriptor.resolveCandidate(DependencyDescriptor.java:208)
	at org.springframework.beans.factory.support.DefaultListableBeanFactory.doResolveDependency(DefaultListableBeanFactory.java:1138)
	at org.springframework.beans.factory.support.DefaultListableBeanFactory.resolveDependency(DefaultListableBeanFactory.java:1066)
	at org.springframework.beans.factory.annotation.AutowiredAnnotationBeanPostProcessor$AutowiredFieldElement.inject(AutowiredAnnotationBeanPostProcessor.java:585)
	at org.springframework.beans.factory.annotation.InjectionMetadata.inject(InjectionMetadata.java:88)
	at org.springframework.beans.factory.annotation.AutowiredAnnotationBeanPostProcessor.postProcessPropertyValues(AutowiredAnnotationBeanPostProcessor.java:366)
	at org.springframework.beans.factory.support.AbstractAutowireCapableBeanFactory.populateBean(AbstractAutowireCapableBeanFactory.java:1264)
	at org.springframework.beans.factory.support.AbstractAutowireCapableBeanFactory.doCreateBean(AbstractAutowireCapableBeanFactory.java:553)
	at org.springframework.beans.factory.support.AbstractAutowireCapableBeanFactory.createBean(AbstractAutowireCapableBeanFactory.java:483)
	at org.springframework.beans.factory.support.AbstractBeanFactory$1.getObject(AbstractBeanFactory.java:306)
	at org.springframework.beans.factory.support.DefaultSingletonBeanRegistry.getSingleton(DefaultSingletonBeanRegistry.java:230)
	at org.springframework.beans.factory.support.AbstractBeanFactory.doGetBean(AbstractBeanFactory.java:302)
	at org.springframework.beans.factory.support.AbstractBeanFactory.getBean(AbstractBeanFactory.java:202)
	at org.springframework.beans.factory.config.DependencyDescriptor.resolveCandidate(DependencyDescriptor.java:208)
	at org.springframework.beans.factory.support.DefaultListableBeanFactory.doResolveDependency(DefaultListableBeanFactory.java:1138)
	at org.springframework.beans.factory.support.DefaultListableBeanFactory.resolveDependency(DefaultListableBeanFactory.java:1066)
	at org.springframework.beans.factory.annotation.AutowiredAnnotationBeanPostProcessor$AutowiredFieldElement.inject(AutowiredAnnotationBeanPostProcessor.java:585)
	at org.springframework.beans.factory.annotation.InjectionMetadata.inject(InjectionMetadata.java:88)
	at org.springframework.beans.factory.annotation.AutowiredAnnotationBeanPostProcessor.postProcessPropertyValues(AutowiredAnnotationBeanPostProcessor.java:366)
	at org.springframework.beans.factory.support.AbstractAutowireCapableBeanFactory.populateBean(AbstractAutowireCapableBeanFactory.java:1264)
	at org.springframework.beans.factory.support.AbstractAutowireCapableBeanFactory.doCreateBean(AbstractAutowireCapableBeanFactory.java:553)
	at org.springframework.beans.factory.support.AbstractAutowireCapableBeanFactory.createBean(AbstractAutowireCapableBeanFactory.java:483)
	at org.springframework.beans.factory.support.AbstractBeanFactory$1.getObject(AbstractBeanFactory.java:306)
	at org.springframework.beans.factory.support.DefaultSingletonBeanRegistry.getSingleton(DefaultSingletonBeanRegistry.java:230)
	at org.springframework.beans.factory.support.AbstractBeanFactory.doGetBean(AbstractBeanFactory.java:302)
	at org.springframework.beans.factory.support.AbstractBeanFactory.getBean(AbstractBeanFactory.java:202)
	at org.springframework.boot.web.servlet.ServletContextInitializerBeans.getOrderedBeansOfType(ServletContextInitializerBeans.java:234)
	at org.springframework.boot.web.servlet.ServletContextInitializerBeans.addAsRegistrationBean(ServletContextInitializerBeans.java:182)
	at org.springframework.boot.web.servlet.ServletContextInitializerBeans.addAsRegistrationBean(ServletContextInitializerBeans.java:177)
	at org.springframework.boot.web.servlet.ServletContextInitializerBeans.addAdaptableBeans(ServletContextInitializerBeans.java:159)
	at org.springframework.boot.web.servlet.ServletContextInitializerBeans.<init>(ServletContextInitializerBeans.java:80)
	at org.springframework.boot.context.embedded.EmbeddedWebApplicationContext.getServletContextInitializerBeans(EmbeddedWebApplicationContext.java:241)
	at org.springframework.boot.context.embedded.EmbeddedWebApplicationContext.selfInitialize(EmbeddedWebApplicationContext.java:228)
	at org.springframework.boot.context.embedded.EmbeddedWebApplicationContext.access$000(EmbeddedWebApplicationContext.java:89)
	at org.springframework.boot.context.embedded.EmbeddedWebApplicationContext$1.onStartup(EmbeddedWebApplicationContext.java:213)
	at org.springframework.boot.context.embedded.tomcat.TomcatStarter.onStartup(TomcatStarter.java:55)
	at org.apache.catalina.core.StandardContext.startInternal(StandardContext.java:5196)
	at org.apache.catalina.util.LifecycleBase.start(LifecycleBase.java:150)
	at org.apache.catalina.core.ContainerBase$StartChild.call(ContainerBase.java:1419)
	at org.apache.catalina.core.ContainerBase$StartChild.call(ContainerBase.java:1409)
	at java.util.concurrent.FutureTask.run(FutureTask.java:266)
	at java.util.concurrent.ThreadPoolExecutor.runWorker(ThreadPoolExecutor.java:1142)
	at java.util.concurrent.ThreadPoolExecutor$Worker.run(ThreadPoolExecutor.java:617)
	at java.lang.Thread.run(Thread.java:745)
09:52:24.193 [localhost-startStop-1] INFO  o.s.o.j.LocalContainerEntityManagerFactoryBean - Initialized JPA EntityManagerFactory for persistence unit 'default'
09:52:24.260 [localhost-startStop-1] WARN  e.g.i.s.s.CtFilterSecurityInterceptor - Could not validate configuration attributes as the SecurityMetadataSource did not return any attributes from getAllConfigAttributes()
09:52:24.346 [localhost-startStop-1] INFO  o.s.b.web.servlet.FilterRegistrationBean - Mapping filter: 'characterEncodingFilter' to: [/*]
09:52:24.346 [localhost-startStop-1] INFO  o.s.b.web.servlet.FilterRegistrationBean - Mapping filter: 'hiddenHttpMethodFilter' to: [/*]
09:52:24.346 [localhost-startStop-1] INFO  o.s.b.web.servlet.FilterRegistrationBean - Mapping filter: 'httpPutFormContentFilter' to: [/*]
09:52:24.346 [localhost-startStop-1] INFO  o.s.b.web.servlet.FilterRegistrationBean - Mapping filter: 'requestContextFilter' to: [/*]
09:52:24.348 [localhost-startStop-1] INFO  o.s.b.w.s.DelegatingFilterProxyRegistrationBean - Mapping filter: 'springSecurityFilterChain' to: [/*]
09:52:24.348 [localhost-startStop-1] INFO  o.s.b.web.servlet.FilterRegistrationBean - Mapping filter: 'ctFilterSecurityInterceptor' to: [/*]
09:52:24.348 [localhost-startStop-1] INFO  o.s.b.w.servlet.ServletRegistrationBean - Mapping servlet: 'dispatcherServlet' to [/]
09:52:24.960 [restartedMain] INFO  o.s.c.ehcache.EhCacheManagerFactoryBean - Initializing EhCache CacheManager
09:52:25.426 [restartedMain] INFO  o.s.s.web.DefaultSecurityFilterChain - Creating filter chain: org.springframework.security.web.util.matcher.AnyRequestMatcher@1, [org.springframework.security.web.context.request.async.WebAsyncManagerIntegrationFilter@5249a9db, org.springframework.security.web.context.SecurityContextPersistenceFilter@11757fd, org.springframework.security.web.header.HeaderWriterFilter@3166057f, org.springframework.security.web.csrf.CsrfFilter@1077a454, org.springframework.security.web.authentication.logout.LogoutFilter@20354b49, org.springframework.security.web.authentication.UsernamePasswordAuthenticationFilter@527f37d1, org.springframework.security.web.session.ConcurrentSessionFilter@5090de58, org.springframework.security.web.savedrequest.RequestCacheAwareFilter@396b1da3, org.springframework.security.web.servletapi.SecurityContextHolderAwareRequestFilter@6eeabd8a, org.springframework.security.web.authentication.rememberme.RememberMeAuthenticationFilter@7115a6c4, org.springframework.security.web.authentication.AnonymousAuthenticationFilter@6239eb32, org.springframework.security.web.session.SessionManagementFilter@4c47b596, org.springframework.security.web.access.ExceptionTranslationFilter@204cca5b, org.springframework.security.web.access.intercept.FilterSecurityInterceptor@b03ddfc]
09:52:26.254 [restartedMain] INFO  o.h.h.i.QueryTranslatorFactoryInitiator - HHH000397: Using ASTQueryTranslatorFactory
09:52:26.384 [restartedMain] INFO  o.s.w.s.m.m.a.RequestMappingHandlerAdapter - Looking for @ControllerAdvice: org.springframework.boot.context.embedded.AnnotationConfigEmbeddedWebApplicationContext@22fc833: startup date [Fri Mar 08 09:52:14 CST 2019]; root of context hierarchy
09:52:26.466 [restartedMain] INFO  o.s.w.s.m.m.a.RequestMappingHandlerMapping - Mapped "{[/corpus/apply],methods=[GET]}" onto public java.lang.String edu.gzhu.its.corpus.web.UserCommentController.apply(org.springframework.ui.Model)
09:52:26.467 [restartedMain] INFO  o.s.w.s.m.m.a.RequestMappingHandlerMapping - Mapped "{[/corpus/create],methods=[GET]}" onto public java.lang.String edu.gzhu.its.corpus.web.UserCommentController.create(org.springframework.ui.Model) throws java.sql.SQLException
09:52:26.467 [restartedMain] INFO  o.s.w.s.m.m.a.RequestMappingHandlerMapping - Mapped "{[/corpus/progress],methods=[GET]}" onto public java.lang.String edu.gzhu.its.corpus.web.UserCommentController.progress(org.springframework.ui.Model)
09:52:26.467 [restartedMain] INFO  o.s.w.s.m.m.a.RequestMappingHandlerMapping - Mapped "{[/corpus/detail/{userId}],methods=[GET]}" onto public java.lang.String edu.gzhu.its.corpus.web.UserCommentController.detail(org.springframework.ui.Model,long,java.lang.Integer,java.lang.Integer)
09:52:26.468 [restartedMain] INFO  o.s.w.s.m.m.a.RequestMappingHandlerMapping - Mapped "{[/corpus/otherAnnotations],methods=[GET]}" onto public java.lang.String edu.gzhu.its.corpus.web.UserCommentController.otherAnnotations()
09:52:26.468 [restartedMain] INFO  o.s.w.s.m.m.a.RequestMappingHandlerMapping - Mapped "{[/corpus/myRemark],methods=[GET]}" onto public java.lang.String edu.gzhu.its.corpus.web.UserCommentController.myRemark(java.lang.Integer,java.lang.Integer,org.springframework.ui.Model)
09:52:26.468 [restartedMain] INFO  o.s.w.s.m.m.a.RequestMappingHandlerMapping - Mapped "{[/corpus/saveApply],methods=[GET]}" onto public java.lang.String edu.gzhu.its.corpus.web.UserCommentController.saveApply(int)
09:52:26.468 [restartedMain] INFO  o.s.w.s.m.m.a.RequestMappingHandlerMapping - Mapped "{[/corpus/userComment],methods=[GET]}" onto public java.lang.String edu.gzhu.its.corpus.web.UserCommentController.userComment()
09:52:26.468 [restartedMain] INFO  o.s.w.s.m.m.a.RequestMappingHandlerMapping - Mapped "{[/corpus/myAnnotations],methods=[GET]}" onto public java.lang.String edu.gzhu.its.corpus.web.UserCommentController.myAnnotations()
09:52:26.469 [restartedMain] INFO  o.s.w.s.m.m.a.RequestMappingHandlerMapping - Mapped "{[/corpus/myJob],methods=[GET]}" onto public java.lang.String edu.gzhu.its.corpus.web.UserCommentController.myJob(org.springframework.ui.Model)
09:52:26.469 [restartedMain] INFO  o.s.w.s.m.m.a.RequestMappingHandlerMapping - Mapped "{[/corpus/create2],methods=[GET]}" onto public java.lang.String edu.gzhu.its.corpus.web.UserCommentController.create2(org.springframework.ui.Model) throws java.sql.SQLException
09:52:26.469 [restartedMain] INFO  o.s.w.s.m.m.a.RequestMappingHandlerMapping - Mapped "{[/corpus/saveUserComment],methods=[GET]}" onto public java.lang.String edu.gzhu.its.corpus.web.UserCommentController.saveUserComment(java.lang.String,java.lang.Long,java.lang.Long,java.lang.String[],java.lang.String[],java.lang.String[])
09:52:26.471 [restartedMain] INFO  o.s.w.s.m.m.a.RequestMappingHandlerMapping - Mapped "{[/homeWork || /homeWork/ || /homeWork/index],methods=[GET]}" onto public java.lang.String edu.gzhu.its.homework.web.HomeWorkController.index(org.springframework.ui.Model)
09:52:26.471 [restartedMain] INFO  o.s.w.s.m.m.a.RequestMappingHandlerMapping - Mapped "{[/homeWork/add],methods=[GET]}" onto public java.lang.String edu.gzhu.its.homework.web.HomeWorkController.add(org.springframework.ui.Model)
09:52:26.471 [restartedMain] INFO  o.s.w.s.m.m.a.RequestMappingHandlerMapping - Mapped "{[/homeWork/home],methods=[GET]}" onto public java.lang.String edu.gzhu.its.homework.web.HomeWorkController.home(org.springframework.ui.Model)
09:52:26.475 [restartedMain] INFO  o.s.w.s.m.m.a.RequestMappingHandlerMapping - Mapped "{[/humanism/index],methods=[GET]}" onto public java.lang.String edu.gzhu.its.humanism.web.HumanismController.index()
09:52:26.476 [restartedMain] INFO  o.s.w.s.m.m.a.RequestMappingHandlerMapping - Mapped "{[/class/list],methods=[GET]}" onto public java.lang.String edu.gzhu.its.profile.web.ClassController.list(java.lang.Integer,java.lang.Integer,org.springframework.ui.Model)
09:52:26.478 [restartedMain] INFO  o.s.w.s.m.m.a.RequestMappingHandlerMapping - Mapped "{[/course/list],methods=[GET]}" onto public java.lang.String edu.gzhu.its.profile.web.CourseController.list(java.lang.Integer,java.lang.Integer,org.springframework.ui.Model)
09:52:26.480 [restartedMain] INFO  o.s.w.s.m.m.a.RequestMappingHandlerMapping - Mapped "{[/submitRollCall],methods=[GET]}" onto public java.lang.String edu.gzhu.its.study.web.RollCallController.submitRollCall(org.springframework.ui.Model)
09:52:26.480 [restartedMain] INFO  o.s.w.s.m.m.a.RequestMappingHandlerMapping - Mapped "{[/showRollCall/{id}],methods=[GET]}" onto public java.lang.String edu.gzhu.its.study.web.RollCallController.showRollCall(int,org.springframework.ui.Model)
09:52:26.481 [restartedMain] INFO  o.s.w.s.m.m.a.RequestMappingHandlerMapping - Mapped "{[/rollCall],methods=[GET]}" onto public java.lang.String edu.gzhu.its.study.web.RollCallController.rollCall(org.springframework.ui.Model,java.lang.String)
09:52:26.481 [restartedMain] INFO  o.s.w.s.m.m.a.RequestMappingHandlerMapping - Mapped "{[/rollCallList],methods=[GET]}" onto public java.lang.String edu.gzhu.its.study.web.RollCallController.rollCallList(java.lang.Integer,java.lang.Integer,org.springframework.ui.Model)
09:52:26.481 [restartedMain] INFO  o.s.w.s.m.m.a.RequestMappingHandlerMapping - Mapped "{[/saveRollCall],methods=[GET]}" onto public java.lang.String edu.gzhu.its.study.web.RollCallController.saveRollCall(org.springframework.ui.Model)
09:52:26.483 [restartedMain] INFO  o.s.w.s.m.m.a.RequestMappingHandlerMapping - Mapped "{[/admin/userList],methods=[GET]}" onto public java.lang.String edu.gzhu.its.system.web.AdminController.userList()
09:52:26.483 [restartedMain] INFO  o.s.w.s.m.m.a.RequestMappingHandlerMapping - Mapped "{[/admin],methods=[GET]}" onto public java.lang.String edu.gzhu.its.system.web.AdminController.admin(org.springframework.ui.Model)
09:52:26.484 [restartedMain] INFO  o.s.w.s.m.m.a.RequestMappingHandlerMapping - Mapped "{[ || / || /index]}" onto public java.lang.String edu.gzhu.its.system.web.IndexController.index()
09:52:26.486 [restartedMain] INFO  o.s.w.s.m.m.a.RequestMappingHandlerMapping - Mapped "{[/logout],methods=[GET]}" onto public java.lang.String edu.gzhu.its.system.web.LoginController.logout(javax.servlet.http.HttpServletRequest,javax.servlet.http.HttpServletResponse,org.springframework.security.core.Authentication)
09:52:26.487 [restartedMain] INFO  o.s.w.s.m.m.a.RequestMappingHandlerMapping - Mapped "{[/login],methods=[GET]}" onto public java.lang.String edu.gzhu.its.system.web.LoginController.longin()
09:52:26.487 [restartedMain] INFO  o.s.w.s.m.m.a.RequestMappingHandlerMapping - Mapped "{[/doLogin],methods=[POST]}" onto public java.lang.String edu.gzhu.its.system.web.LoginController.doLogin()
09:52:26.487 [restartedMain] INFO  o.s.w.s.m.m.a.RequestMappingHandlerMapping - Mapped "{[/userOnline],methods=[GET]}" onto public java.lang.String edu.gzhu.its.system.web.OnlineController.onLineUser(org.springframework.ui.Model)
09:52:26.488 [restartedMain] INFO  o.s.w.s.m.m.a.RequestMappingHandlerMapping - Mapped "{[/resource/list],methods=[GET]}" onto public java.lang.String edu.gzhu.its.system.web.ResourceController.list(java.lang.Integer,java.lang.Integer,org.springframework.ui.Model)
09:52:26.489 [restartedMain] INFO  o.s.w.s.m.m.a.RequestMappingHandlerMapping - Mapped "{[/resource/tree],methods=[GET]}" onto public java.lang.String edu.gzhu.its.system.web.ResourceController.tree()
09:52:26.490 [restartedMain] INFO  o.s.w.s.m.m.a.RequestMappingHandlerMapping - Mapped "{[/role/list],methods=[GET]}" onto public java.lang.String edu.gzhu.its.system.web.RoleController.list(java.lang.Integer,java.lang.Integer,org.springframework.ui.Model)
09:52:26.491 [restartedMain] INFO  o.s.w.s.m.m.a.RequestMappingHandlerMapping - Mapped "{[/user/list],methods=[GET]}" onto public java.lang.String edu.gzhu.its.system.web.UserController.list(java.lang.Integer,java.lang.Integer,org.springframework.ui.Model)
09:52:26.492 [restartedMain] INFO  o.s.w.s.m.m.a.RequestMappingHandlerMapping - Mapped "{[/user/user/userList1],methods=[GET]}" onto public edu.gzhu.its.base.model.TableSplitResult<edu.gzhu.its.system.entity.User> edu.gzhu.its.system.web.UserController.userList1(java.lang.Integer,java.lang.Integer)
09:52:26.496 [restartedMain] INFO  o.s.w.s.m.m.a.RequestMappingHandlerMapping - Mapped "{[/error]}" onto public org.springframework.http.ResponseEntity<java.util.Map<java.lang.String, java.lang.Object>> org.springframework.boot.autoconfigure.web.BasicErrorController.error(javax.servlet.http.HttpServletRequest)
09:52:26.496 [restartedMain] INFO  o.s.w.s.m.m.a.RequestMappingHandlerMapping - Mapped "{[/error],produces=[text/html]}" onto public org.springframework.web.servlet.ModelAndView org.springframework.boot.autoconfigure.web.BasicErrorController.errorHtml(javax.servlet.http.HttpServletRequest,javax.servlet.http.HttpServletResponse)
09:52:26.571 [restartedMain] INFO  o.s.w.s.handler.SimpleUrlHandlerMapping - Mapped URL path [/webjars/**] onto handler of type [class org.springframework.web.servlet.resource.ResourceHttpRequestHandler]
09:52:26.571 [restartedMain] INFO  o.s.w.s.handler.SimpleUrlHandlerMapping - Mapped URL path [/**] onto handler of type [class org.springframework.web.servlet.resource.ResourceHttpRequestHandler]
09:52:26.642 [restartedMain] INFO  o.s.w.s.handler.SimpleUrlHandlerMapping - Mapped URL path [/**/favicon.ico] onto handler of type [class org.springframework.web.servlet.resource.ResourceHttpRequestHandler]
09:52:28.020 [restartedMain] INFO  o.s.b.d.a.OptionalLiveReloadServer - LiveReload server is running on port 35729
09:52:28.082 [restartedMain] INFO  o.s.j.e.a.AnnotationMBeanExporter - Registering beans for JMX exposure on startup
09:52:28.084 [restartedMain] INFO  o.s.j.e.a.AnnotationMBeanExporter - Bean with name 'dataSource' has been autodetected for JMX exposure
09:52:28.089 [restartedMain] INFO  o.s.j.e.a.AnnotationMBeanExporter - Located MBean 'dataSource': registering with JMX server as MBean [com.alibaba.druid.pool:name=dataSource,type=DruidDataSource]
09:52:28.105 [restartedMain] INFO  o.apache.coyote.http11.Http11NioProtocol - Initializing ProtocolHandler ["http-nio-9090"]
09:52:28.121 [restartedMain] INFO  o.apache.coyote.http11.Http11NioProtocol - Starting ProtocolHandler ["http-nio-9090"]
09:52:28.153 [restartedMain] INFO  o.apache.tomcat.util.net.NioSelectorPool - Using a shared selector for servlet write/read
09:52:28.185 [restartedMain] INFO  o.s.b.c.e.t.TomcatEmbeddedServletContainer - Tomcat started on port(s): 9090 (http)
09:52:28.196 [restartedMain] INFO  edu.gzhu.its.ITSApplication - Started ITSApplication in 13.657 seconds (JVM running for 14.882)
